"calor-total-porta-rfile"
"Time Step" "calor-total-porta etc.."
("Time Step" "calor-total-porta" "flow-time")
0 141.6424045925477 0
1 0 0.1
2 0 0.2
3 0 0.3
4 0 0.4
5 0 0.5
6 0 0.6000000000000001
7 0 0.7000000000000001
8 0 0.8
9 0 0.9
10 0 1
11 0 1.1
12 0 1.2
13 0 1.3
14 0 1.4
15 0 1.5
16 0 1.6
17 0 1.7
18 0 1.8
19 0 1.9
20 0 2
21 0 2.1
22 0 2.2
23 0 2.3
24 0 2.4
25 0 2.5
26 0 2.6
27 0 2.7
28 0 2.8
29 0 2.9
30 0 3
31 0 3.1
32 0 3.2
33 0 3.3
34 0 3.4
35 0 3.5
36 0 3.6
37 0 3.7
38 0 3.8
39 0 3.9
40 0 4
41 0 4.100000000000001
42 0 4.2
43 0 4.3
44 0 4.4
45 0 4.5
46 0 4.600000000000001
47 0 4.7
48 0 4.800000000000001
49 0 4.9
50 0 5
51 0 5.100000000000001
52 0 5.2
53 0 5.300000000000001
54 0 5.4
55 0 5.5
56 0 5.600000000000001
57 0 5.7
58 0 5.800000000000001
59 0 5.9
60 0 6
61 0 6.100000000000001
62 0 6.2
63 0 6.300000000000001
64 0 6.4
65 0 6.5
66 0 6.600000000000001
67 0 6.7
68 0 6.800000000000001
69 0 6.9
70 0 7
71 0 7.100000000000001
72 0 7.2
73 0 7.300000000000001
74 0 7.4
75 0 7.5
76 0 7.600000000000001
77 0 7.7
78 0 7.800000000000001
79 0 7.9
80 0 8
81 0 8.1
82 0 8.200000000000001
83 0 8.300000000000001
84 0 8.4
85 0 8.5
86 0 8.6
87 0 8.700000000000001
88 0 8.800000000000001
89 0 8.9
90 0 9
91 0 9.1
92 0 9.200000000000001
93 0 9.300000000000001
94 0 9.4
95 0 9.5
96 0 9.600000000000001
97 0 9.700000000000001
98 0 9.800000000000001
99 0 9.9
100 0 10
101 0 10.1
102 0 10.2
103 0 10.3
104 0 10.4
105 0 10.5
106 0 10.6
107 0 10.7
108 0 10.8
109 0 10.9
110 0 11
111 0 11.1
112 0 11.2
113 0 11.3
114 0 11.4
115 0 11.5
116 0 11.6
117 0 11.7
118 0 11.8
119 0 11.9
120 0 12
121 0 12.1
122 0 12.2
123 0 12.3
124 0 12.4
125 0 12.5
126 0 12.6
127 0 12.7
128 0 12.8
129 0 12.9
130 0 13
131 0 13.1
132 0 13.2
133 0 13.3
134 0 13.4
135 0 13.5
136 0 13.6
137 0 13.7
138 0 13.8
139 0 13.9
140 0 14
141 0 14.1
142 0 14.2
143 0 14.3
144 0 14.4
145 0 14.5
146 0 14.6
147 0 14.7
148 0 14.8
149 0 14.9
150 0 15
151 0 15.1
152 0 15.2
153 0 15.3
154 0 15.4
155 0 15.5
156 0 15.6
157 0 15.7
158 0 15.8
159 0 15.9
160 0 16
161 0 16.1
162 0 16.2
163 0 16.3
164 0 16.4
165 0 16.5
166 0 16.6
167 0 16.7
168 0 16.8
169 0 16.9
170 0 17
171 0 17.1
172 0 17.2
173 0 17.3
174 0 17.4
175 0 17.5
176 0 17.6
177 0 17.7
178 0 17.8
179 0 17.9
180 0 18
181 0 18.1
182 0 18.2
183 0 18.3
184 0 18.4
185 0 18.5
186 0 18.6
187 0 18.7
188 0 18.8
189 0 18.9
190 0 19
191 0 19.1
192 0 19.2
193 0 19.3
194 0 19.4
195 0 19.5
196 0 19.6
197 0 19.7
198 0 19.8
199 0 19.9
200 0 20
201 0 20.1
202 0 20.2
203 0 20.3
204 0 20.4
205 0 20.5
206 0 20.6
207 0 20.7
208 0 20.8
209 0 20.9
210 0 21
211 0 21.1
212 0 21.2
213 0 21.3
214 0 21.4
215 0 21.5
216 0 21.6
217 0 21.7
218 0 21.8
219 0 21.9
220 0 22
221 0 22.1
222 0 22.2
223 0 22.3
224 0 22.4
225 0 22.5
226 0 22.6
227 0 22.7
228 0 22.8
229 0 22.9
230 0 23
231 0 23.1
232 0 23.2
233 0 23.3
234 0 23.4
235 0 23.5
236 0 23.6
237 0 23.7
238 0 23.8
239 0 23.9
240 0 24
241 0 24.1
242 0 24.2
243 0 24.3
244 0 24.4
245 0 24.5
246 0 24.6
247 0 24.7
248 0 24.8
249 0 24.9
250 0 25
251 0 25.1
252 0 25.2
253 0 25.3
254 0 25.4
255 0 25.5
256 0 25.6
257 0 25.7
258 0 25.8
259 0 25.9
260 0 26
261 0 26.1
262 0 26.2
263 0 26.3
264 0 26.4
265 0 26.5
266 0 26.6
267 0 26.7
268 0 26.8
269 0 26.9
270 0 27
271 0 27.1
272 0 27.2
273 0 27.3
274 0 27.4
275 0 27.5
276 0 27.6
277 0 27.7
278 0 27.8
279 0 27.9
280 0 28
281 0 28.1
282 0 28.2
283 0 28.3
284 0 28.4
285 0 28.5
286 0 28.6
287 0 28.7
288 0 28.8
289 0 28.9
290 0 29
291 0 29.1
292 0 29.2
293 0 29.3
294 0 29.4
295 0 29.5
296 0 29.6
297 0 29.7
298 0 29.8
299 0 29.9
300 0 30
301 0 30.1
302 0 30.2
303 0 30.3
304 0 30.4
305 0 30.5
306 0 30.6
307 0 30.7
308 0 30.8
309 0 30.9
310 0 31
311 0 31.1
312 0 31.2
313 0 31.3
314 0 31.4
315 0 31.5
316 0 31.6
317 0 31.7
318 0 31.8
319 0 31.9
320 0 32
321 0 32.1
322 0 32.2
323 0 32.3
324 0 32.4
325 0 32.5
326 0 32.6
327 0 32.7
328 0 32.8
329 0 32.9
330 0 33
331 0 33.1
332 0 33.2
333 0 33.3
334 0 33.4
335 0 33.5
336 0 33.6
337 0 33.7
338 0 33.8
339 0 33.9
340 0 34
341 0 34.1
342 0 34.2
343 0 34.3
344 0 34.4
345 0 34.5
346 0 34.6
347 0 34.7
348 0 34.8
349 0 34.9
350 0 35
351 0 35.1
352 0 35.2
353 0 35.3
354 0 35.4
355 0 35.5
356 0 35.6
357 0 35.7
358 0 35.8
359 0 35.9
360 0 36
361 0 36.1
362 0 36.2
363 0 36.3
364 0 36.4
365 0 36.5
366 0 36.6
367 0 36.7
368 0 36.8
369 0 36.9
370 0 37
371 0 37.1
372 0 37.2
373 0 37.3
374 0 37.4
375 0 37.5
376 0 37.6
377 0 37.7
378 0 37.8
379 0 37.9
380 0 38
381 0 38.1
382 0 38.2
383 0 38.3
384 0 38.40000000000001
385 0 38.5
386 0 38.6
387 0 38.7
388 0 38.8
389 0 38.90000000000001
390 0 39
391 0 39.1
392 0 39.2
393 0 39.3
394 0 39.40000000000001
395 0 39.5
396 0 39.6
397 0 39.7
398 0 39.8
399 0 39.90000000000001
400 0 40
401 0 40.1
402 0 40.2
403 0 40.3
404 0 40.40000000000001
405 0 40.5
406 0 40.6
407 0 40.7
408 0 40.8
409 0 40.90000000000001
410 0 41
411 0 41.1
412 0 41.2
413 0 41.3
414 0 41.40000000000001
415 0 41.5
416 0 41.6
417 0 41.7
418 0 41.8
419 0 41.90000000000001
420 0 42
421 0 42.1
422 0 42.2
423 0 42.3
424 0 42.40000000000001
425 0 42.5
426 0 42.6
427 0 42.7
428 0 42.8
429 0 42.90000000000001
430 0 43
431 0 43.1
432 0 43.2
433 0 43.3
434 0 43.40000000000001
435 0 43.5
436 0 43.6
437 0 43.7
438 0 43.8
439 0 43.90000000000001
440 0 44
441 0 44.1
442 0 44.2
443 0 44.3
444 0 44.40000000000001
445 0 44.5
446 0 44.6
447 0 44.7
448 0 44.8
449 0 44.90000000000001
450 0 45
451 0 45.1
452 0 45.2
453 0 45.3
454 0 45.40000000000001
455 0 45.5
456 0 45.6
457 0 45.7
458 0 45.8
459 0 45.90000000000001
460 0 46
461 0 46.1
462 0 46.2
463 0 46.3
464 0 46.40000000000001
465 0 46.5
466 0 46.6
467 0 46.7
468 0 46.8
469 0 46.90000000000001
470 0 47
471 0 47.1
472 0 47.2
473 0 47.3
474 0 47.40000000000001
475 0 47.5
476 0 47.6
477 0 47.7
478 0 47.8
479 0 47.90000000000001
480 0 48
481 0 48.1
482 0 48.2
483 0 48.3
484 0 48.40000000000001
485 0 48.5
486 0 48.6
487 0 48.7
488 0 48.8
489 0 48.90000000000001
490 0 49
491 0 49.1
492 0 49.2
493 0 49.3
494 0 49.40000000000001
495 0 49.5
496 0 49.6
497 0 49.7
498 0 49.8
499 0 49.90000000000001
500 0 50
501 72934.41716962786 50.01
502 83749.94335597075 50.02
503 102214.0931938717 50.03
504 108595.291856145 50.04
505 126995.2887066966 50.05
506 148803.0227714622 50.06
507 170647.0946616056 50.07
508 192182.0912454338 50.08
509 213212.6814344955 50.09
510 233581.5981341329 50.1
511 253173.3756888167 50.11
512 271748.399217754 50.12
513 286135.9996140732 50.13
514 294365.8398418527 50.14
515 295699.5640303634 50.15
516 292490.3399201354 50.16
517 290752.6999938926 50.17
518 286833.6747156881 50.18
519 285067.2348064853 50.19
520 283787.5775576882 50.2
521 282113.4864016954 50.21
522 279942.6390127809 50.22
523 277295.1963250129 50.23
524 274208.7351772494 50.24
525 270662.3144258918 50.25
526 266928.3892438969 50.26
527 262431.834928905 50.27
528 257396.4514108771 50.28
529 252190.4574979562 50.29
530 246507.9494314671 50.3
531 240510.0613868422 50.31
532 234294.6500158931 50.32
533 227950.3788438289 50.33
534 221514.6297387243 50.34
535 215029.0923898374 50.35
536 208551.7531629897 50.36
537 202049.2612078546 50.37
538 195574.2693536196 50.38
539 189144.1354029133 50.39
540 182757.7370663454 50.4
541 176425.3241819939 50.41
542 170146.7937441571 50.42
543 163944.7052310405 50.43
544 157815.944366934 50.44
545 151768.6902482475 50.45
546 145793.8527636125 50.46
547 139902.7771371072 50.47
548 134073.6902108897 50.48
549 128343.5777615036 50.49
550 122659.1777220107 50.5
551 117077.6372467301 50.51
552 111560.5682246491 50.52
553 106103.9278929349 50.53
554 100712.9687714913 50.54
555 95370.79242891815 50.55
556 76896.9282945359 50.56
557 60745.9884272936 50.57
558 43225.74146015351 50.58
559 29086.34319332212 50.59
560 18377.17548023526 50.6
561 12250.63166728711 50.61
562 9040.616407736232 50.62
563 5512.618212459249 50.63
564 1956.170624228344 50.64
565 286.7052086759202 50.65
566 1011.357428653248 50.66
567 1981.321287390343 50.67
568 2712.177749650001 50.68
569 3041.791626857685 50.69
570 3306.676044546419 50.7
571 3421.566095717647 50.71
572 3059.224118436557 50.72
573 3140.895252299452 50.73
574 2780.917233916478 50.74
575 2797.511823875976 50.75
576 2702.226721428726 50.76
577 2276.744005298859 50.77
578 2034.863776073974 50.78
579 1804.988895114874 50.79
580 1720.302461820687 50.8
581 1638.380413288531 50.81
582 1666.282263748782 50.82
583 1700.927788763619 50.83
584 1743.20006780788 50.84
585 1741.422694742621 50.85
586 1677.387105613227 50.86
587 1522.514690987885 50.87
588 1266.6954862913 50.88
589 867.3333982269712 50.89
590 247.3409484520029 50.9
591 -611.04301932721 50.91
592 -1160.415097348894 50.92
593 -1399.094565174726 50.93
594 -1602.544829326386 50.94
595 -1820.513132767955 50.95
596 -1935.334188254906 50.96
597 -2119.764389132542 50.97
598 -2110.33031594368 50.98
599 -2070.133795987324 50.99
600 -1912.600799254628 51
601 -1671.001235779723 51.01
602 -1371.594394251092 51.02
603 -1018.297105963007 51.03
604 -658.1564005953084 51.04
605 -190.5953108093505 51.05
606 279.5419521753713 51.06
607 834.0858258715577 51.07
608 1448.137554353555 51.08
609 2179.906905094148 51.09
610 2888.911916970831 51.1
611 3548.704047955581 51.11
612 4271.456263307114 51.12
613 5228.091023583005 51.13
614 6001.101918358874 51.14
615 6906.008227433906 51.15
616 8116.305585361832 51.16
617 8958.703493444629 51.17
618 10195.36883932084 51.18
619 11354.33969575138 51.19
620 12483.67472349458 51.2
621 13871.42920884206 51.21
622 15046.03214227349 51.22
623 16595.74110230078 51.23
624 18103.75410241464 51.24
625 19774.01805231234 51.25
626 21328.63800038023 51.26
627 23059.35599207954 51.27
628 24624.10145084 51.28
629 26217.0518055179 51.29
630 27927.71517235123 51.3
631 29592.58764245026 51.31
632 30950.33650954184 51.32
633 32263.1436005964 51.33
634 33453.86746171227 51.34
635 34609.77570718706 51.35
636 35570.62302993883 51.36
637 36427.42634683836 51.37
638 37137.70827647168 51.38
639 37681.34056251867 51.39
640 38027.47415873017 51.4
641 38163.99542368385 51.41
642 38160.61638066808 51.42
643 37993.98216234717 51.43
644 37599.96347837798 51.44
645 37243.57244522242 51.45
646 36553.85451889431 51.46
647 35676.74796778837 51.47
648 35207.00420875159 51.48
649 34425.43421817405 51.49
650 33456.37828254662 51.5
651 32363.70859534763 51.51
652 31380.50978539364 51.52
653 30264.1715524195 51.53
654 29153.96888319369 51.54
655 27722.14536175454 51.55
656 26675.01564291139 51.56
657 25477.36698694551 51.57
658 23667.59078289188 51.58
659 21590.27960088785 51.59
660 20016.84294953469 51.6
661 16910.30497743152 51.61
662 15409.21789075429 51.62
663 13375.27709200005 51.63
664 11950.02352365287 51.64
665 10171.79471310432 51.65
666 9077.156532032333 51.66
667 7875.368575430742 51.67
668 6424.951306932382 51.68
669 5353.683978969491 51.69
670 4136.844626574121 51.7
671 3242.637935003242 51.71
672 2374.344870351047 51.72
673 1707.375411887159 51.73
674 1101.354939676893 51.74
675 602.9977540781574 51.75
676 149.552064190879 51.76
677 -155.8353953663779 51.77
678 -438.9511235071735 51.78
679 -619.402906023957 51.79
680 -742.4688437181254 51.8
681 -837.6827122606568 51.81
682 -930.57974394793 51.82
683 -1011.237280255826 51.83
684 -1020.603495340741 51.84
685 -1052.938046843433 51.85
686 -1063.626032208213 51.86
687 -1056.66872855945 51.87
688 -1056.472199257246 51.88
689 -1053.18227080735 51.89
690 -1043.705364777587 51.9
691 -1043.536843040205 51.91
692 -1033.944318720804 51.92
693 -1027.011788350242 51.93
694 -1025.50741169372 51.94
695 -1029.76989817368 51.95
696 -1035.989030180526 51.96
697 -1045.967736589528 51.97
698 -1055.319599445902 51.98
699 -1070.493732914366 51.99
700 -1083.051301885502 52
701 -1102.004297369947 52.01
702 -1119.231745629206 52.02
703 -1127.775561027961 52.03
704 -1153.315390259227 52.04
705 -1181.579963691806 52.05
706 -1205.82734272535 52.06
707 -1240.284479877437 52.07
708 -1260.089226647887 52.08
709 -1291.302563220316 52.09
710 -1327.413221299661 52.1
711 -1350.547818676986 52.11
712 -1388.21246527972 52.12
713 -1436.023577193815 52.13
714 -1474.053976016912 52.14
715 -1522.84785473 52.15
716 -1558.644804655838 52.16
717 -1610.139168500947 52.17
718 -1655.85776677535 52.18
719 -1706.149318512256 52.19
720 -1753.650412093644 52.2
721 -1803.886514104767 52.21
722 -1832.329236537354 52.22
723 -1846.721573221132 52.23
724 -1895.414293623208 52.24
725 -1931.794597140745 52.25
726 -1954.841419835646 52.26
727 -2003.780719116937 52.27
728 -2035.785315529399 52.28
729 -2055.355486470259 52.29
730 -2051.92516515653 52.3
731 -2047.500825377246 52.31
732 -2065.83966478806 52.32
733 -2028.146229553562 52.33
734 -1988.567204416812 52.34
735 -1925.908084126238 52.35
736 -1824.123431978949 52.36
737 -1759.904410367682 52.37
738 -1559.012256129485 52.38
739 -1427.410420799906 52.39
740 -1349.948780024048 52.4
741 -1156.70008494203 52.41
742 -927.27667953323 52.42
743 -684.3459999017559 52.43
744 -332.8905472416985 52.44
745 -4.61675827519246 52.45
746 328.4372578380102 52.46
747 628.5787404344812 52.47
748 1067.430308052182 52.48
749 1385.978263049097 52.49
750 1794.435288774782 52.5
751 2273.295644655916 52.51
752 2703.325551129928 52.52
753 3242.492127940701 52.53
754 3724.403794225142 52.54
755 4212.48833861532 52.55
756 4701.207461979295 52.56
757 5192.367174491346 52.57
758 5665.48706670997 52.58
759 6126.151985651866 52.59
760 6565.230299032937 52.6
761 6972.211431986128 52.61
762 7338.46959881344 52.62
763 7655.830000719498 52.63
764 7920.628466804867 52.64
765 8128.212368936915 52.65
766 8299.61324315092 52.66
767 8371.522016702505 52.67
768 8455.722448249813 52.68
769 8446.858489091232 52.69
770 8521.522546781947 52.7
771 8466.482723673404 52.71
772 8389.228902280902 52.72
773 8269.897060703204 52.73
774 8087.029814894155 52.74
775 7814.567180802125 52.75
776 7649.203881324259 52.76
777 7345.592018900024 52.77
778 7043.699832933113 52.78
779 6701.235067711788 52.79
780 6487.899936769039 52.8
781 5751.074925656254 52.81
782 4950.859431495222 52.82
783 4107.927823585018 52.83
784 3682.008494327135 52.84
785 3205.511061472477 52.85
786 2687.551243513979 52.86
787 2273.892113691099 52.87
788 1853.357803524256 52.88
789 1381.829394350001 52.89
790 1060.733451175253 52.9
791 782.2807276204351 52.91
792 480.0173543877397 52.92
793 241.7300545993196 52.93
794 30.65868352236257 52.94
795 -137.5876023796374 52.95
796 -259.5460190540192 52.96
797 -352.9179900744607 52.97
798 -426.0596750555543 52.98
799 -486.020237282194 52.99
800 -523.0699450813763 53
801 -549.2492767354623 53.01
802 -564.8281827309577 53.02
803 -568.6246853064288 53.03
804 -568.2755715334404 53.04
805 -570.1088225937492 53.05
806 -582.7479255413247 53.06
807 -584.8673320247176 53.07
808 -583.8943453885784 53.08
809 -587.4405680581181 53.09
810 -595.1094637373293 53.1
811 -602.3994524697016 53.11
812 -605.0902197911686 53.12
813 -616.4248187708813 53.13
814 -624.8600848509654 53.14
815 -636.5027657786472 53.15
816 -647.403815145401 53.16
817 -663.6284479843043 53.17
818 -676.08305765853 53.18
819 -684.2667595915702 53.19
820 -707.5770617541316 53.2
821 -723.2470621604056 53.21
822 -746.2673583231577 53.22
823 -765.3678421278207 53.23
824 -794.0034913730269 53.24
825 -823.0397446652694 53.25
826 -849.0224288231896 53.26
827 -875.6940156963536 53.27
828 -913.3573069109507 53.28
829 -940.8625286286574 53.29
830 -981.5763202292007 53.3
831 -1022.573507391083 53.31
832 -1064.821150616624 53.32
833 -1107.313231516981 53.33
834 -1157.383878221883 53.34
835 -1191.312041483544 53.35
836 -1239.927662805974 53.36
837 -1297.524850092452 53.37
838 -1347.621825086481 53.38
839 -1409.472611820908 53.39
840 -1442.6915653927 53.4
841 -1504.321542147636 53.41
842 -1550.928391223049 53.42
843 -1623.480840288781 53.43
844 -1703.095064184461 53.44
845 -1761.107133433627 53.45
846 -1797.073587122008 53.46
847 -1847.462555359974 53.47
848 -1922.980136074299 53.48
849 -1992.11385306017 53.49
850 -2036.319180157642 53.5
851 -2104.334094305017 53.51
852 -2148.03285144053 53.52
853 -2144.754615680199 53.53
854 -2176.861216577723 53.54
855 -2193.096047152362 53.55
856 -2196.193702659019 53.56
857 -2175.406958868045 53.57
858 -2129.108267257426 53.58
859 -2096.870624399461 53.59
860 -2035.075334592638 53.6
861 -1945.011141099645 53.61
862 -1806.233984939095 53.62
863 -1666.004957938234 53.63
864 -1524.203076684621 53.64
865 -1368.896123815496 53.65
866 -1183.626125091237 53.66
867 -939.7039896535924 53.67
868 -719.7479118757553 53.68
869 -499.3914826170114 53.69
870 -222.9630377003607 53.7
871 77.88973793228345 53.71
872 366.1883657241524 53.72
873 632.5001974411125 53.73
874 924.4145513889951 53.74
875 1200.965938295646 53.75
876 1469.579624524239 53.76
877 1733.782697037606 53.77
878 1971.071932966615 53.78
879 2204.644951782314 53.79
880 2408.796552433294 53.8
881 2603.724200810543 53.81
882 2769.817590325887 53.82
883 2879.58898947538 53.83
884 2998.197725477259 53.84
885 3108.1514260905 53.85
886 3163.739452594247 53.86
887 3185.002054877877 53.87
888 3167.639684137638 53.88
889 3123.260549703555 53.89
890 3121.773970207473 53.9
891 3076.359533900458 53.91
892 3022.556789475769 53.92
893 2796.141557407171 53.93
894 2715.715526003782 53.94
895 2461.87236416106 53.95
896 2199.796190070712 53.96
897 1842.549981048981 53.97
898 1622.700501669165 53.98
899 1357.712687639883 53.99
900 1063.23725096338 54
901 783.0385942647918 54.01
902 523.3099202361088 54.02
903 251.7247214562682 54.03
904 112.7987182308209 54.04
905 -15.07173684037225 54.05
906 -101.3043943972356 54.06
907 -166.9299588822102 54.07
908 -211.5576258651627 54.08
909 -245.3557585737316 54.09
910 -274.3199760118556 54.1
911 -282.5898224748446 54.11
912 -286.6009824096109 54.12
913 -291.5216790971575 54.13
914 -292.3858660361377 54.14
915 -300.8969412724657 54.15
916 -300.8464893543917 54.16
917 -305.2127432423555 54.17
918 -312.7084716175176 54.18
919 -320.8522288874681 54.19
920 -328.2833247786189 54.2
921 -336.8852937183506 54.21
922 -345.985470776006 54.22
923 -355.8950943741846 54.23
924 -363.6642494080614 54.24
925 -377.1447531579336 54.25
926 -391.0479674198056 54.26
927 -406.1419480245663 54.27
928 -415.114976791207 54.28
929 -435.7250219932674 54.29
930 -452.1379790985497 54.3
931 -474.8278028137994 54.31
932 -498.3670948107095 54.32
933 -517.5671147729531 54.33
934 -538.9165149909592 54.34
935 -564.1340627544189 54.35
936 -589.5554068109885 54.36
937 -621.7938334052017 54.37
938 -654.161999001662 54.38
939 -688.5752233047672 54.39
940 -724.4933179497318 54.4
941 -758.77176584318 54.41
942 -788.4831866972524 54.42
943 -832.9982443894526 54.43
944 -875.4985841331187 54.44
945 -919.3415679140094 54.45
946 -965.7950179192449 54.46
947 -1018.475396250589 54.47
948 -1068.63209355953 54.48
949 -1125.937638837642 54.49
950 -1183.988186766181 54.5
951 -1240.019449194988 54.51
952 -1304.721751557338 54.52
953 -1364.746090012474 54.53
954 -1427.52175482278 54.54
955 -1492.11020091966 54.55
956 -1556.847272573533 54.56
957 -1625.81641786246 54.57
958 -1682.540059869061 54.58
959 -1751.88144706683 54.59
960 -1800.277590702062 54.6
961 -1848.270468030962 54.61
962 -1896.777233445444 54.62
963 -1957.505032435879 54.63
964 -1990.718146664762 54.64
965 -2009.135509087489 54.65
966 -2009.983068506489 54.66
967 -2010.253484317811 54.67
968 -1994.605009126712 54.68
969 -1960.016659191419 54.69
970 -1910.325256109225 54.7
971 -1824.841170171876 54.71
972 -1757.29090155514 54.72
973 -1645.667721699083 54.73
974 -1531.179868973306 54.74
975 -1389.995434961629 54.75
976 -1224.61316529799 54.76
977 -1030.762713848103 54.77
978 -841.4376708018682 54.78
979 -618.322458345428 54.79
980 -402.4137924544846 54.8
981 -172.0825062891531 54.81
982 72.71832244265875 54.82
983 311.2747786115925 54.83
984 551.4940089240753 54.84
985 790.7670651912813 54.85
986 1015.432605785327 54.86
987 1243.750387053366 54.87
988 1446.982413747175 54.88
989 1647.194668926159 54.89
990 1828.223455606503 54.9
991 1966.135888270594 54.91
992 2129.065970477278 54.92
993 2251.369669121126 54.93
994 2331.638045720415 54.94
995 2404.475706408477 54.95
996 2465.587174422018 54.96
997 2517.431057167129 54.97
998 2526.251690506158 54.98
999 2473.833518789608 54.99
1000 2435.433237882547 55
1001 2289.43782007545 55.01
1002 2138.021620860226 55.02
1003 1785.632194703819 55.03
1004 1525.317521857961 55.04
1005 1279.958943162402 55.05
1006 993.6588421963761 55.06
1007 775.6330895820184 55.07
1008 583.9370714609905 55.08
1009 409.1881207086016 55.09
1010 240.8659417928407 55.1
1011 141.1473641273441 55.11
1012 56.3612676620164 55.12
1013 -4.488781804761565 55.13
1014 -51.59563601076323 55.14
1015 -82.91295820229345 55.15
1016 -102.1537291623344 55.16
1017 -123.2457399175135 55.17
1018 -131.4358429014791 55.18
1019 -136.7462267046968 55.19
1020 -140.4920748570451 55.2
1021 -150.6941338382517 55.21
1022 -150.5348057847946 55.22
1023 -157.2530624988039 55.23
1024 -165.1138011191177 55.24
1025 -175.118320930557 55.25
1026 -183.5809030700269 55.26
1027 -194.3864656520935 55.27
1028 -208.235418481027 55.28
1029 -221.4756433118747 55.29
1030 -232.8832046746767 55.3
1031 -244.5802356293589 55.31
1032 -254.6831210257707 55.32
1033 -272.1446322804824 55.33
1034 -289.5992747170026 55.34
1035 -306.4764032527986 55.35
1036 -327.2531338565768 55.36
1037 -349.6937981586942 55.37
1038 -372.7195831356581 55.38
1039 -395.7906404752868 55.39
1040 -422.4777711801825 55.4
1041 -451.6543320506266 55.41
1042 -481.6153715299822 55.42
1043 -512.3916010239085 55.43
1044 -544.9236837042844 55.44
1045 -573.3010104421634 55.45
1046 -603.3697482682774 55.46
1047 -639.6409625056989 55.47
1048 -674.3915604317649 55.48
1049 -708.6355998681142 55.49
1050 -751.0066584849872 55.5
1051 -794.3267324949472 55.51
1052 -836.7509730314143 55.52
1053 -881.3468687202378 55.53
1054 -929.1608964844922 55.54
1055 -977.2060279316153 55.55
1056 -1021.979480567235 55.56
1057 -1074.201993990786 55.57
1058 -1121.216170278497 55.58
1059 -1170.24148733157 55.59
1060 -1223.061297576872 55.6
1061 -1272.992055406786 55.61
1062 -1325.329341348183 55.62
1063 -1367.068985644934 55.63
1064 -1418.487460170888 55.64
1065 -1462.003942058033 55.65
1066 -1490.199507681515 55.66
1067 -1538.531505912747 55.67
1068 -1564.310160711153 55.68
1069 -1577.972939053932 55.69
1070 -1580.828772040606 55.7
1071 -1572.753872711389 55.71
1072 -1576.764724833131 55.72
1073 -1550.983286331159 55.73
1074 -1516.884017078292 55.74
1075 -1463.999632497012 55.75
1076 -1387.89492634412 55.76
1077 -1302.448748130174 55.77
1078 -1205.216308356901 55.78
1079 -1084.96211412824 55.79
1080 -955.7409268653805 55.8
1081 -807.2107378062426 55.81
1082 -629.6443952378464 55.82
1083 -457.8735595842992 55.83
1084 -273.3524539746259 55.84
1085 -57.76550643891282 55.85
1086 144.8737904779963 55.86
1087 356.5674181888088 55.87
1088 568.5036904146394 55.88
1089 782.4194678090836 55.89
1090 994.320210019664 55.9
1091 1189.396276296867 55.91
1092 1385.262475014169 55.92
1093 1576.927912442934 55.93
1094 1752.341756250024 55.94
1095 1893.527503166015 55.95
1096 2043.153752536543 55.96
1097 2166.372614674246 55.97
1098 2268.947233467764 55.98
1099 2339.03674731663 55.99
1100 2366.208790565953 56
1101 2394.45669429934 56.01
1102 2401.021331508808 56.02
1103 2387.006470529729 56.03
1104 2296.608908851889 56.04
1105 2074.403469736007 56.05
1106 1844.128586680615 56.06
1107 1578.343057643844 56.07
1108 1317.084684144741 56.08
1109 1070.129269084758 56.09
1110 871.0100518151398 56.1
1111 693.1055082790164 56.11
1112 535.1695465757753 56.12
1113 392.269352215403 56.13
1114 280.9029694456802 56.14
1115 191.0229308299002 56.15
1116 121.921185358518 56.16
1117 61.73235982909203 56.17
1118 30.37916142336134 56.18
1119 -0.4704632946533565 56.19
1120 -13.556836479999 56.2
1121 -26.05529244662911 56.21
1122 -37.00897021458413 56.22
1123 -38.50779508853537 56.23
1124 -46.95474850461737 56.24
1125 -56.41043008380557 56.25
1126 -67.36801979738124 56.26
1127 -77.61516448146284 56.27
1128 -90.12201728137273 56.28
1129 -103.0505684392978 56.29
1130 -116.8298461060857 56.3
1131 -132.6248115669663 56.31
1132 -150.3755450259296 56.32
1133 -165.4232720511722 56.33
1134 -186.4877835133807 56.34
1135 -207.6919058565577 56.35
1136 -233.3186368226995 56.36
1137 -253.5946656828902 56.37
1138 -276.172473619738 56.38
1139 -299.7070820453274 56.39
1140 -331.1484244745899 56.4
1141 -358.2222349488463 56.41
1142 -379.9395067106746 56.42
1143 -409.5306885451411 56.43
1144 -436.4635219475871 56.44
1145 -468.0805078055362 56.45
1146 -496.8300150779392 56.46
1147 -528.8368767079164 56.47
1148 -560.2117321916035 56.48
1149 -589.4809206197264 56.49
1150 -622.311145042673 56.5
1151 -655.3498079556315 56.51
1152 -689.7659526037887 56.52
1153 -724.5003584427336 56.53
1154 -758.9881528165321 56.54
1155 -792.2016993545507 56.55
1156 -826.0712753110499 56.56
1157 -861.8589182194914 56.57
1158 -892.7032542396274 56.58
1159 -923.0068657696382 56.59
1160 -960.9894584700165 56.6
1161 -978.5158937192878 56.61
1162 -1014.321427549831 56.62
1163 -1043.888881335463 56.63
1164 -1076.821646538498 56.64
1165 -1099.298603947918 56.65
1166 -1121.472990544859 56.66
1167 -1136.45082688375 56.67
1168 -1153.961873544409 56.68
1169 -1161.844754972267 56.69
1170 -1155.570553161983 56.7
1171 -1138.584402328506 56.71
1172 -1122.217139839204 56.72
1173 -1092.096120029186 56.73
1174 -1057.00559311612 56.74
1175 -1005.92344618982 56.75
1176 -941.0884494697266 56.76
1177 -864.1287724818693 56.77
1178 -774.32576603812 56.78
1179 -657.7854584132162 56.79
1180 -547.4769211723113 56.8
1181 -420.1389871240517 56.81
1182 -278.3751719771765 56.82
1183 -115.7421477445736 56.83
1184 39.92421590828014 56.84
1185 210.3233926492856 56.85
1186 389.0005760616844 56.86
1187 574.5586997776477 56.87
1188 765.1323620818989 56.88
1189 945.3979343559324 56.89
1190 1127.273514985922 56.9
1191 1304.28867084213 56.91
1192 1472.696978236211 56.92
1193 1630.492605379609 56.93
1194 1773.312818409634 56.94
1195 1900.461122711 56.95
1196 2009.245969886406 56.96
1197 2100.032756069648 56.97
1198 2179.259442230004 56.98
1199 2227.810402256687 56.99
1200 2233.908629522349 57
1201 2240.676635741353 57.01
1202 2184.108535136801 57.02
1203 2095.811666089629 57.03
1204 1919.456767158416 57.04
1205 1713.467890854234 57.05
1206 1482.656798063397 57.06
1207 1253.729652811974 57.07
1208 1042.322174806263 57.08
1209 861.4324170127551 57.09
1210 705.7283220814334 57.1
1211 579.4230773472007 57.11
1212 456.5521146208536 57.12
1213 358.9853415410917 57.13
1214 277.309956986046 57.14
1215 215.617606621456 57.15
1216 161.9198661619418 57.16
1217 120.6202539392956 57.17
1218 87.40217143096014 57.18
1219 61.73254465605819 57.19
1220 42.97294430015053 57.2
1221 24.25507926107514 57.21
1222 15.69339616338844 57.22
1223 3.700334593240648 57.23
1224 -9.643989277258317 57.24
1225 -25.20553741493859 57.25
1226 -42.15191917097047 57.26
1227 -60.15785572553982 57.27
1228 -80.93304354884896 57.28
1229 -101.51901872755 57.29
1230 -125.9732087167463 57.3
1231 -150.5033684497187 57.31
1232 -174.0931069852164 57.32
1233 -200.0359759860401 57.33
1234 -217.7424983648353 57.34
1235 -237.2686115235271 57.35
1236 -258.7148336829713 57.36
1237 -290.2184290817687 57.37
1238 -317.6895966314363 57.38
1239 -339.2744958734658 57.39
1240 -357.7817250359351 57.4
1241 -372.3392994172979 57.41
1242 -382.083031494482 57.42
1243 -393.3311732766011 57.43
1244 -403.7856002141031 57.44
1245 -416.5112360046141 57.45
1246 -413.9728487565034 57.46
1247 -418.300343729737 57.47
1248 -414.2275551978599 57.48
1249 -424.8911510675028 57.49
1250 -407.3377807133261 57.5
1251 -398.3379054369291 57.51
1252 -378.2562546292141 57.52
1253 -357.8810012966217 57.53
1254 -331.0321005171725 57.54
1255 -299.6276865582371 57.55
1256 -257.745085841153 57.56
1257 -216.6909163601791 57.57
1258 -165.6133426472778 57.58
1259 -114.963866827552 57.59
1260 -57.2451598852921 57.6
1261 6.57537834677823 57.61
1262 75.8613089099991 57.62
1263 149.9115711856713 57.63
1264 228.1726701695407 57.64
1265 316.7887927740184 57.65
1266 399.1005284611504 57.66
1267 483.110726038891 57.67
1268 568.2204230951244 57.68
1269 650.184956020399 57.69
1270 734.7668807894349 57.7
1271 815.2769640376689 57.71
1272 889.7737190767381 57.72
1273 949.2957705070914 57.73
1274 1008.53461235386 57.74
1275 1062.140676241843 57.75
1276 1100.060787102895 57.76
1277 1136.670270979696 57.77
1278 1145.458591510677 57.78
1279 1174.997463137249 57.79
1280 1178.687925796415 57.8
1281 1175.414196729528 57.81
1282 1151.489133610619 57.82
1283 1127.717220387675 57.83
1284 1052.108053956619 57.84
1285 960.199444222152 57.85
1286 856.3535653283243 57.86
1287 757.7129682879149 57.87
1288 676.0848235063011 57.88
1289 593.568836628916 57.89
1290 513.5922434125796 57.9
1291 444.1467818730009 57.91
1292 385.7635105318432 57.92
1293 331.951320301606 57.93
1294 283.6834213975334 57.94
1295 242.4326045452335 57.95
1296 207.4080324519826 57.96
1297 176.7747120022006 57.97
1298 149.7964849809855 57.98
1299 127.3009321937788 57.99
1300 109.6177998610297 58
1301 92.91339169037654 58.01
1302 77.61834042048316 58.02
1303 63.96276950520987 58.03
1304 50.30994687177518 58.04
1305 39.50492951117351 58.05
1306 28.48650365503351 58.06
1307 20.18935471931906 58.07
1308 13.15136887849152 58.08
1309 7.366102934795304 58.09
1310 4.936573225384404 58.1
1311 3.140001449100517 58.11
1312 5.857671036915452 58.12
1313 7.953459868384051 58.13
1314 13.4488975690404 58.14
1315 26.8710918724965 58.15
1316 35.92026174967343 58.16
1317 48.5805502545312 58.17
1318 69.81971211946815 58.18
1319 94.52275646481883 58.19
1320 131.4059998223624 58.2
1321 151.1002487633133 58.21
1322 190.5075291714808 58.22
1323 219.0602333953943 58.23
1324 259.8726485457345 58.24
1325 293.2313036927786 58.25
1326 338.9824779065912 58.26
1327 380.4696230847068 58.27
1328 433.5115652172956 58.28
1329 476.8369122361564 58.29
1330 529.4506243623304 58.3
1331 579.752070199342 58.31
1332 628.4151376151329 58.32
1333 674.8652938563721 58.33
1334 722.5385109344178 58.34
1335 761.3890903008282 58.35
1336 795.883379929894 58.36
1337 815.068200801472 58.37
1338 846.8820378715209 58.38
1339 872.2269297903645 58.39
1340 879.4221370697594 58.4
1341 890.4379729241062 58.41
1342 895.1555965413675 58.42
1343 882.7240618946489 58.43
1344 867.0434952401731 58.44
1345 817.368944758059 58.45
1346 780.3203874113931 58.46
1347 736.4818779714316 58.47
1348 686.9718222462877 58.48
1349 637.8942874594927 58.49
1350 579.0231323168293 58.5
1351 535.237575323991 58.51
1352 488.6825240696049 58.52
1353 447.4608950031527 58.53
1354 409.8151297991541 58.54
1355 369.735650902052 58.55
1356 338.7927543839185 58.56
1357 310.5478841995538 58.57
1358 285.7706066162001 58.58
1359 266.1639602747443 58.59
1360 250.2530529625681 58.6
1361 236.5240814526827 58.61
1362 224.7859248345295 58.62
1363 216.5063443084472 58.63
1364 212.723190207928 58.64
1365 209.7707493793826 58.65
1366 209.9209811455313 58.66
1367 213.6198354206581 58.67
1368 218.7295100123471 58.68
1369 225.1741490906707 58.69
1370 238.6427491041517 58.7
1371 250.0155904674429 58.71
1372 265.4309166003596 58.72
1373 284.4643048653905 58.73
1374 304.96591065735 58.74
1375 332.8084855200399 58.75
1376 363.9743006467193 58.76
1377 391.9600058504225 58.77
1378 420.766353802921 58.78
1379 446.6968458937378 58.79
1380 473.5207597829352 58.8
1381 500.7208613028268 58.81
1382 531.3237623470909 58.82
1383 558.3082705182152 58.83
1384 589.3089786058956 58.84
1385 618.6446556586009 58.85
1386 647.2459036097001 58.86
1387 675.0512933198083 58.87
1388 698.6585276694738 58.88
1389 724.7094883093695 58.89
1390 744.7591672316714 58.9
1391 764.8817841699613 58.91
1392 779.9307368757248 58.92
1393 793.4395413723532 58.93
1394 807.7596487617725 58.94
1395 814.3262925172438 58.95
1396 813.9071671842551 58.96
1397 820.3181261100046 58.97
1398 824.8035408654264 58.98
1399 817.3500491546611 58.99
1400 815.3686912777841 59
1401 807.9487848133703 59.01
1402 780.2660483998341 59.02
1403 733.3242069839063 59.03
1404 708.7965950603474 59.04
1405 659.1172036954653 59.05
1406 624.3863424218486 59.06
1407 581.1756992635045 59.07
1408 551.139454896943 59.08
1409 517.1086585734654 59.09
1410 484.4717269574461 59.1
1411 454.8069875646163 59.11
1412 425.028700663632 59.12
1413 402.0127736294843 59.13
1414 383.5731765742402 59.14
1415 368.6517585224495 59.15
1416 358.3563066364606 59.16
1417 349.985439437543 59.17
1418 344.7379858884962 59.18
1419 342.1483218416168 59.19
1420 343.5262673487066 59.2
1421 346.7053609853988 59.21
1422 351.5580491036816 59.22
1423 359.0974701044408 59.23
1424 373.9768804522642 59.24
1425 388.3261422685802 59.25
1426 404.2657027215777 59.26
1427 421.357429000478 59.27
1428 444.1174030922623 59.28
1429 467.4750362854959 59.29
1430 493.7953781944584 59.3
1431 523.7114165200543 59.31
1432 557.9638053986627 59.32
1433 590.3198588117175 59.33
1434 622.0265490405811 59.34
1435 649.2250510065941 59.35
1436 673.6190687686683 59.36
1437 696.2727281408831 59.37
1438 719.4399571534619 59.38
1439 742.0941580724297 59.39
1440 765.1685650425314 59.4
1441 780.0065557009676 59.41
1442 801.6764128617467 59.42
1443 805.9299288347823 59.43
1444 822.1874117591872 59.44
1445 832.2319533868753 59.45
1446 828.5268889766035 59.46
1447 828.1290965139152 59.47
1448 815.4509119616096 59.48
1449 793.4134636391981 59.49
1450 762.602268587077 59.5
1451 730.6934645038009 59.51
1452 701.9353886374394 59.52
1453 669.2203666201056 59.53
1454 633.6484290715384 59.54
1455 600.0054671415164 59.55
1456 571.6855836593347 59.56
1457 544.7654291425769 59.57
1458 520.3092558485764 59.58
1459 495.2273847937454 59.59
1460 473.7316012169957 59.6
1461 456.3887725832989 59.61
1462 442.8345659025911 59.62
1463 432.7237822016849 59.63
1464 425.5173495926425 59.64
1465 420.4937064609255 59.65
1466 417.5662759446805 59.66
1467 418.2999437170109 59.67
1468 429.5399650322921 59.68
1469 436.4511622084642 59.69
1470 445.2240224955078 59.7
1471 455.7872547535294 59.71
1472 468.488393058912 59.72
1473 483.1291390261076 59.73
1474 500.9207891128888 59.74
1475 520.3977090125954 59.75
1476 541.6771211319576 59.76
1477 566.8849227622932 59.77
1478 591.9792962530802 59.78
1479 618.1129461875953 59.79
1480 642.2807587785825 59.8
1481 664.7009142947844 59.81
1482 680.4349634882502 59.82
1483 695.4274069679834 59.83
1484 714.4128515949831 59.84
1485 726.7769811311393 59.85
1486 734.6839851998897 59.86
1487 743.9863885394232 59.87
1488 753.5462530686937 59.88
1489 758.3414442717526 59.89
1490 758.1399788083454 59.9
1491 752.0143291082703 59.91
1492 740.0940062901584 59.92
1493 722.8976179487854 59.93
1494 703.6226470989773 59.94
1495 682.7091044272912 59.95
1496 658.2766644826263 59.96
1497 635.0222308725745 59.97
1498 610.9516305866548 59.98
1499 588.0104973419006 59.99
1500 563.9825214242937 60
