"frac-mass-o2-rfile"
"Time Step" "frac-mass-o2 etc.."
("Time Step" "frac-mass-o2" "flow-time")
0 0.2269384211934126 0
1 0.2263507138166247 0.1
2 0.2256919645010653 0.2
3 0.2249737352860868 0.3
4 0.2241133989243343 0.4
5 0.2231755745120805 0.5
6 0.2221891491425187 0.6000000000000001
7 0.2212317761092218 0.7000000000000001
8 0.2203035041038053 0.8
9 0.219419775300682 0.9
10 0.2185403882308152 1
11 0.2176829284727951 1.1
12 0.2168502014047769 1.2
13 0.216039871073908 1.3
14 0.2152771571901417 1.4
15 0.2145092831010105 1.5
16 0.2137995099936138 1.6
17 0.2130558854381819 1.7
18 0.2123144913902672 1.8
19 0.2116267727015692 1.9
20 0.2109013279055755 2
21 0.2101747366380735 2.1
22 0.2094701309131537 2.2
23 0.2087558243810145 2.3
24 0.2080349572605615 2.4
25 0.2073019997730522 2.5
26 0.2065686164729381 2.6
27 0.205825509879663 2.7
28 0.2050783270981291 2.8
29 0.2043259107347483 2.9
30 0.2035687556165998 3
31 0.2028067049005444 3.1
32 0.2020395392421002 3.2
33 0.2012673373486751 3.3
34 0.200490285053289 3.4
35 0.1997081866095771 3.5
36 0.1989217584204951 3.6
37 0.19813933584233 3.7
38 0.1973530696528735 3.8
39 0.1965591291437002 3.9
40 0.1957640175139997 4
41 0.1949682320343789 4.100000000000001
42 0.1941723403476916 4.2
43 0.1933769360071901 4.3
44 0.1925823579634675 4.4
45 0.1917893859750325 4.5
46 0.1909984459621042 4.600000000000001
47 0.1902101098298108 4.7
48 0.1894242986601644 4.800000000000001
49 0.1886414356224524 4.9
50 0.1878613072094747 5
51 0.1870838038157283 5.100000000000001
52 0.186308798382658 5.2
53 0.1855361366696401 5.300000000000001
54 0.1847672784242297 5.4
55 0.1840001349127544 5.5
56 0.1832341770025642 5.600000000000001
57 0.1824692064334092 5.7
58 0.181704028737535 5.800000000000001
59 0.1809407641828379 5.9
60 0.1801766672222052 6
61 0.1794126871207398 6.100000000000001
62 0.1786506189961199 6.2
63 0.177886885652969 6.300000000000001
64 0.1771229593902505 6.4
65 0.1763587888330388 6.5
66 0.1755983893204448 6.600000000000001
67 0.1748336554197289 6.7
68 0.1740714522569074 6.800000000000001
69 0.1733088706423719 6.9
70 0.1725473735790962 7
71 0.1717857661986698 7.100000000000001
72 0.1710224074511684 7.2
73 0.17025874822552 7.300000000000001
74 0.1694907816893657 7.4
75 0.1687266394143837 7.5
76 0.1679573545783867 7.600000000000001
77 0.1671923180873954 7.7
78 0.1664225097636066 7.800000000000001
79 0.1656569341017751 7.9
80 0.164886570517041 8
81 0.1641161012059486 8.1
82 0.1633457198726545 8.200000000000001
83 0.1625800928457407 8.300000000000001
84 0.161809976954293 8.4
85 0.1610401557132595 8.5
86 0.1602752212436771 8.6
87 0.1595062692378313 8.700000000000001
88 0.1587379831905899 8.800000000000001
89 0.1579743996278447 8.9
90 0.1572075814710537 9
91 0.1564453946303074 9.1
92 0.1556801382921156 9.200000000000001
93 0.154919371816317 9.300000000000001
94 0.154155112050261 9.4
95 0.153391529562527 9.5
96 0.1526321590810599 9.600000000000001
97 0.1518683584011357 9.700000000000001
98 0.1511052373198363 9.800000000000001
99 0.1503464449142766 9.9
100 0.1495834949767786 10
101 0.1488248244606219 10.1
102 0.1480675584622429 10.2
103 0.1473108229975496 10.3
104 0.1465475324639471 10.4
105 0.1458575198404958 10.5
106 0.1450999341316707 10.6
107 0.1443410871914046 10.7
108 0.1435834060892221 10.8
109 0.1428259414211586 10.9
110 0.1420679311597416 11
111 0.1413100173270043 11.1
112 0.1405518005495453 11.2
113 0.1397937584001776 11.3
114 0.1390352708065477 11.4
115 0.1382753526363416 11.5
116 0.1375167995508126 11.6
117 0.1367583799481579 11.7
118 0.1359996859602056 11.8
119 0.1352409893055163 11.9
120 0.1344822100660065 12
121 0.1337233430260521 12.1
122 0.1329644651489633 12.2
123 0.1322053946185187 12.3
124 0.131446324084747 12.4
125 0.1306871309197041 12.5
126 0.1299280302155884 12.6
127 0.1291687234843591 12.7
128 0.1284095136894104 12.8
129 0.1276501398147363 12.9
130 0.126892746277804 13
131 0.1261331500059364 13.1
132 0.1253757851608449 13.2
133 0.1246162632177186 13.3
134 0.1238570294305754 13.4
135 0.1230974444973288 13.5
136 0.1223381810514994 13.6
137 0.1215785327003277 13.7
138 0.1208213878355358 13.8
139 0.1200616960238555 13.9
140 0.1193043300238381 14
141 0.1185446033765221 14.1
142 0.1177875667182178 14.2
143 0.117027859643555 14.3
144 0.1162706958947012 14.4
145 0.1155109980401457 14.5
146 0.1147539726669887 14.6
147 0.1139944343206649 14.7
148 0.113237403423354 14.8
149 0.1124778775608229 14.9
150 0.1117208831949841 15
151 0.1109614456002218 15.1
152 0.1102044638516501 15.2
153 0.1094451198847227 15.3
154 0.1086882696197302 15.4
155 0.1079321918560588 15.5
156 0.1071791526501255 15.6
157 0.1064201708048284 15.7
158 0.1056638320571902 15.8
159 0.1049051723787343 15.9
160 0.1041489101540325 16
161 0.1033904590214238 16.1
162 0.1026320751067296 16.2
163 0.1018773790990434 16.3
164 0.1011214139532408 16.4
165 0.1003633124843104 16.5
166 0.09961056365978173 16.6
167 0.09885694684341283 16.7
168 0.09810142066844764 16.8
169 0.0973474208242343 16.9
170 0.09659509483197294 17
171 0.09584095317289132 17.1
172 0.09508957526168607 17.2
173 0.09433559516243659 17.3
174 0.09358367465252102 17.4
175 0.09283000041202591 17.5
176 0.09207556133497528 17.6
177 0.09132689041828677 17.7
178 0.09057550400787007 17.8
179 0.0898230076409121 17.9
180 0.08907309252212971 18
181 0.08832511585610563 18.1
182 0.08757468882059978 18.2
183 0.08682382441895893 18.3
184 0.08607885035085451 18.4
185 0.08533128328327985 18.5
186 0.08458187897644021 18.6
187 0.08383989720819887 18.7
188 0.08309559371359758 18.8
189 0.0823490955158728 18.9
190 0.08160440211354514 19
191 0.08086187991494455 19.1
192 0.080117736918597 19.2
193 0.07938056547955449 19.3
194 0.07863364186504189 19.4
195 0.07789363223051249 19.5
196 0.07715622994763281 19.6
197 0.07641111109725671 19.7
198 0.07566899400514324 19.8
199 0.07493056736400561 19.9
200 0.07419897606033915 20
201 0.07345938265553439 20.1
202 0.0727236384572395 20.2
203 0.07198491607590239 20.3
204 0.07124611730055472 20.4
205 0.07050853285254376 20.5
206 0.0697734340490649 20.6
207 0.06903169227411014 20.7
208 0.06829862884492972 20.8
209 0.06756273227228961 20.9
210 0.06679730230967416 21
211 0.06605670502380059 21.1
212 0.0653263389577111 21.2
213 0.06459214749137951 21.3
214 0.0638274528942286 21.4
215 0.06310560824812113 21.5
216 0.06237535497591913 21.6
217 0.06164949827636547 21.7
218 0.0608854951916226 21.8
219 0.06015837304600369 21.9
220 0.05943598259186903 22
221 0.05871139325791738 22.1
222 0.05794835434485998 22.2
223 0.05720159627988938 22.3
224 0.05647430554552468 22.4
225 0.0557726030450512 22.5
226 0.05501046257368683 22.6
227 0.05428322889689588 22.7
228 0.05352120895479207 22.8
229 0.05280011168687471 22.9
230 0.05205573516847271 23
231 0.05134876550866317 23.1
232 0.05058785042757752 23.2
233 0.04984083641538672 23.3
234 0.04908065453843639 23.4
235 0.04835605120745631 23.5
236 0.0475959427602206 23.6
237 0.04690423443230932 23.7
238 0.04614495061829065 23.8
239 0.04545836533592541 23.9
240 0.04471953654324853 24
241 0.04397910000052195 24.1
242 0.04328979546085503 24.2
243 0.04253458344329496 24.3
244 0.04181637308029268 24.4
245 0.04108284589153437 24.5
246 0.04034698755480715 24.6
247 0.03965967038489541 24.7
248 0.03891702382215532 24.8
249 0.03819590609907015 24.9
250 0.03746803588036859 25
251 0.03674527352271671 25.1
252 0.03602263828114737 25.2
253 0.03530606637495706 25.3
254 0.03459988673058713 25.4
255 0.03388162920798857 25.5
256 0.03316938811066892 25.6
257 0.0324629758438825 25.7
258 0.03175769554137577 25.8
259 0.03105751258436646 25.9
260 0.0303752954942055 26
261 0.02966729509620684 26.1
262 0.02897390894930333 26.2
263 0.02828573601422853 26.3
264 0.02758355212741682 26.4
265 0.02688870957467041 26.5
266 0.0261692311388572 26.6
267 0.02549453730957299 26.7
268 0.024825034243555 26.8
269 0.02413409290532132 26.9
270 0.02343667078029948 27
271 0.02276680788060743 27.1
272 0.02208783972868712 27.2
273 0.02143220004575355 27.3
274 0.02076230798177024 27.4
275 0.02009996545659638 27.5
276 0.0194234394633664 27.6
277 0.01876772831725558 27.7
278 0.01807805510055614 27.8
279 0.01743860459906042 27.9
280 0.01681003660109269 28
281 0.01616750665257115 28.1
282 0.01552052747133063 28.2
283 0.01491352930238094 28.3
284 0.01425173229650208 28.4
285 0.01362966595863919 28.5
286 0.01302467159287377 28.6
287 0.01238896307584492 28.7
288 0.0118055840388147 28.8
289 0.01123897548064571 28.9
290 0.01060220177974098 29
291 0.01004432334255106 29.1
292 0.00952080585191618 29.2
293 0.008926019210748657 29.3
294 0.008418795608835758 29.4
295 0.007933163998989596 29.5
296 0.007395583908384584 29.6
297 0.006942349166871653 29.7
298 0.006509878077801071 29.8
299 0.006034610872014357 29.9
300 0.005634822327981422 30
301 0.005256160924564607 30.1
302 0.004837747109615736 30.2
303 0.004488626668531676 30.3
304 0.004159061942175714 30.4
305 0.0037918607054424 30.5
306 0.003485263448229872 30.6
307 0.003196525395005545 30.7
308 0.00287428097192251 30.8
309 0.002615452981121075 30.9
310 0.002371612339375962 31
311 0.002067256817409907 31.1
312 0.001837375981938995 31.2
313 0.001621122574498312 31.3
314 0.001327825947484812 31.4
315 0.001128039063691472 31.5
316 0.0009459868203976646 31.6
317 0.0006891055381608027 31.7
318 0.0005355431176221539 31.8
319 0.0004160794061243324 31.9
320 0.0002532999254801254 32
321 0.0001252547108287685 32.1
322 1.334377453394335e-05 32.2
323 5.993008187985092e-08 32.3
324 3.122943413851943e-10 32.4
325 1.785960946729947e-12 32.5
326 1.085561194754129e-14 32.6
327 6.893766477589948e-17 32.7
328 4.549479360981415e-19 32.8
329 3.065933069550715e-21 32.9
330 2.125682460461661e-23 33
331 1.532357637467393e-25 33.1
332 1.143647242616479e-27 33.2
333 1.006696960833196e-29 33.3
334 7.7236262881258e-31 33.4
335 3.57563273483689e-31 33.5
336 2.753804248167723e-31 33.6
337 2.695770982440759e-31 33.7
338 2.640214159671133e-31 33.8
339 2.586944132398466e-31 33.9
340 2.535702576062871e-31 34
341 2.486452134840102e-31 34.1
342 2.438987742118805e-31 34.2
343 2.393289613014065e-31 34.3
344 2.349181253181179e-31 34.4
345 2.306652285457792e-31 34.5
346 2.265546857294408e-31 34.6
347 2.225862002255915e-31 34.7
348 2.187457630491339e-31 34.8
349 2.150337204918201e-31 34.9
350 2.114373083709958e-31 35
351 2.079574344031346e-31 35.1
352 2.045823448660378e-31 35.2
353 2.013134325116894e-31 35.3
354 1.981397746794251e-31 35.4
355 1.950631819965849e-31 35.5
356 1.920734358771976e-31 35.6
357 1.891727094956618e-31 35.7
358 1.86351378063396e-31 35.8
359 1.836119230427478e-31 35.9
360 1.809452367579036e-31 36
361 1.783540561752627e-31 36.1
362 1.758297266136013e-31 36.2
363 1.733752041402788e-31 36.3
364 1.709822332011911e-31 36.4
365 1.686539511248622e-31 36.5
366 1.663824568153545e-31 36.6
367 1.641710379529222e-31 36.7
368 1.62012113153045e-31 36.8
369 1.599090962732254e-31 36.9
370 1.578546929323617e-31 37
371 1.558524188725792e-31 37.1
372 1.538952407809498e-31 37.2
373 1.519867570936622e-31 37.3
374 1.501201725214594e-31 37.4
375 1.482991543737677e-31 37.5
376 1.465171240468127e-31 37.6
377 1.447778026839496e-31 37.7
378 1.430748105716673e-31 37.8
379 1.414119111504283e-31 37.9
380 1.397829088342554e-31 38
381 1.381916003038371e-31 38.1
382 1.366319600725628e-31 38.2
383 1.351078075073449e-31 38.3
384 1.336132761340912e-31 38.40000000000001
385 1.321522004016797e-31 38.5
386 1.307188616477335e-31 38.6
387 1.293171055820541e-31 38.7
388 1.27941350842871e-31 38.8
389 1.265954462517334e-31 38.90000000000001
390 1.252739403036246e-31 39
391 1.239806806301062e-31 39.1
392 1.227103379425583e-31 39.2
393 1.214667554512487e-31 39.3
394 1.202447184055514e-31 39.40000000000001
395 1.190480613689153e-31 39.5
396 1.178716777144954e-31 39.6
397 1.167193904131483e-31 39.7
398 1.155861953127647e-31 39.8
399 1.144759019679988e-31 39.90000000000001
400 1.13383603515316e-31 40
401 1.12313092734802e-31 40.1
402 1.112595553044347e-31 40.2
403 1.102267652134411e-31 40.3
404 1.092099964508611e-31 40.40000000000001
405 1.08213003673989e-31 40.5
406 1.072311447915948e-31 40.6
407 1.062681528282435e-31 40.7
408 1.053194660955584e-31 40.8
409 1.043887943274014e-31 40.90000000000001
410 1.034716525177944e-31 41
411 1.025717279860054e-31 41.1
412 1.016846087546114e-31 41.2
413 1.008139575257154e-31 41.3
414 9.995543299113643e-32 41.40000000000001
415 9.911267188653752e-32 41.5
416 9.828140120690298e-32 41.6
417 9.746523224056548e-32 41.7
418 9.665995660583241e-32 41.8
419 9.58691597353267e-32 41.90000000000001
420 9.508869612391257e-32 42
421 9.432212406626823e-32 42.1
422 9.356535844946622e-32 42.2
423 9.282193113534344e-32 42.3
424 9.20878151864917e-32 42.40000000000001
425 9.136651497932648e-32 42.5
426 9.065405997562738e-32 42.6
427 8.995392705878889e-32 42.7
428 8.926220025025394e-32 42.8
429 8.858232930536658e-32 42.90000000000001
430 8.791045094001355e-32 43
431 8.724998725519811e-32 43.1
432 8.659712579608477e-32 43.2
433 8.595526090200243e-32 43.3
434 8.532062964859506e-32 43.40000000000001
435 8.469659925392016e-32 43.5
436 8.407945459088259e-32 43.6
437 8.347253532137887e-32 43.7
438 8.28721729345637e-32 43.8
439 8.228167917807137e-32 43.90000000000001
440 8.169743119863579e-32 44
441 8.112271381318552e-32 44.1
442 8.055394781133314e-32 44.2
443 7.999439116871025e-32 44.3
444 7.944050714391779e-32 44.40000000000001
445 7.889552644956768e-32 44.5
446 7.835595390889976e-32 44.6
447 7.782499411581564e-32 44.7
448 7.729919229842247e-32 44.8
449 7.678172626150308e-32 44.90000000000001
450 7.626918051011422e-32 45
451 7.576470642494001e-32 45.1
452 7.52649268944074e-32 45.2
453 7.477296758277163e-32 45.3
454 7.428548881626489e-32 45.40000000000001
455 7.380559029223083e-32 45.5
456 7.332996874496661e-32 45.6
457 7.28616980632399e-32 45.7
458 7.239751064908584e-32 45.8
459 7.19404555629399e-32 45.90000000000001
460 7.148729968601491e-32 46
461 7.104106705696211e-32 46.1
462 7.059855845380264e-32 46.2
463 7.01627729846017e-32 46.3
464 6.973054466767478e-32 46.40000000000001
465 6.930484833789695e-32 46.5
466 6.88825503497824e-32 46.6
467 6.846660141132038e-32 46.7
468 6.805389936101303e-32 46.8
469 6.764737063587799e-32 46.90000000000001
470 6.724394432189896e-32 47
471 6.684652348237166e-32 47.1
472 6.645206748052451e-32 47.2
473 6.606345607370232e-32 47.3
474 6.567768001003803e-32 47.40000000000001
475 6.529760019472855e-32 47.5
476 6.492022900629917e-32 47.6
477 6.454840195405761e-32 47.7
478 6.417916245429068e-32 47.8
479 6.381532420688699e-32 47.90000000000001
480 6.345395855552883e-32 48
481 6.309785700966532e-32 48.1
482 6.27441183727262e-32 48.2
483 6.239551246585882e-32 48.3
484 6.204916475834549e-32 48.40000000000001
485 6.170782343553164e-32 48.5
486 6.136864011678016e-32 48.6
487 6.103434136809244e-32 48.7
488 6.070210463197358e-32 48.8
489 6.037463555070604e-32 48.90000000000001
490 6.004913678892241e-32 49
491 5.972829307428011e-32 49.1
492 5.940933176344456e-32 49.2
493 5.909491674732124e-32 49.3
494 5.878229980937889e-32 49.40000000000001
495 5.84741264313047e-32 49.5
496 5.816767597210278e-32 49.6
497 5.786556835721685e-32 49.7
498 5.756510278480308e-32 49.8
499 5.726888271931965e-32 49.90000000000001
500 5.697422926081353e-32 50
501 1.48138081638826e-17 50.01
502 6.085393983814898e-19 50.02
503 3.111214893006163e-20 50.03
504 1.769864336864024e-21 50.04
505 1.053549579739321e-22 50.05
506 6.584217022593497e-24 50.06
507 4.192054538994228e-25 50.07
508 2.719948106375547e-26 50.08
509 1.80102858178837e-27 50.09
510 1.22292118743058e-28 50.1
511 9.079996604089234e-30 50.11
512 1.27537850183543e-30 50.12
513 5.502296947835048e-31 50.13
514 3.78187929709597e-31 50.14
515 3.215053083136717e-31 50.15
516 3.050286199727164e-31 50.16
517 2.782778064233845e-31 50.17
518 2.661508951240517e-31 50.18
519 2.416985444031342e-31 50.19
520 2.181319440515199e-31 50.2
521 1.986504714395131e-31 50.21
522 1.822665953661585e-31 50.22
523 1.682876729263548e-31 50.23
524 1.56217267825768e-31 50.24
525 1.45689594443356e-31 50.25
526 1.352252566980685e-31 50.26
527 1.282577508554921e-31 50.27
528 1.199800647725274e-31 50.28
529 1.1348767501269e-31 50.29
530 1.07632978802627e-31 50.3
531 1.023251298118449e-31 50.31
532 9.749169973252862e-32 50.32
533 9.307278743994225e-32 50.33
534 8.901818630037113e-32 50.34
535 8.52854627917574e-32 50.35
536 8.183851651382941e-32 50.36
537 7.864641989823274e-32 50.37
538 7.568232544181994e-32 50.38
539 7.292313696056629e-32 50.39
540 7.034889051142207e-32 50.4
541 6.794211038008133e-32 50.41
542 6.568744762395319e-32 50.42
543 6.357133539855129e-32 50.43
544 6.158175830601415e-32 50.44
545 5.970805262301741e-32 50.45
546 5.794071450059076e-32 50.46
547 5.627112360304431e-32 50.47
548 5.469167290921975e-32 50.48
549 5.319554326192806e-32 50.49
550 5.177665122390077e-32 50.5
551 5.042941671079079e-32 50.51
552 4.914874347156897e-32 50.52
553 4.792999644871739e-32 50.53
554 4.676897744323599e-32 50.54
555 4.566184744337326e-32 50.55
556 2.381170041756176e-07 50.56
557 6.276075428786908e-07 50.57
558 3.054027645135775e-06 50.58
559 2.334879402574467e-05 50.59
560 0.0001018021281503213 50.6
561 0.0002767973369424498 50.61
562 0.0005930746480197805 50.62
563 0.001089790209727474 50.63
564 0.001863198239779103 50.64
565 0.003316442417982513 50.65
566 0.00572632601989226 50.66
567 0.008881038689913814 50.67
568 0.01257473808609842 50.68
569 0.01678282604195324 50.69
570 0.02159759905713858 50.7
571 0.02713013497745952 50.71
572 0.03341925946643561 50.72
573 0.04009020858553832 50.73
574 0.0465891376406923 50.74
575 0.05253376229316179 50.75
576 0.05781249776170139 50.76
577 0.0624068799238985 50.77
578 0.06642165772603328 50.78
579 0.07010524609058387 50.79
580 0.07372483391361745 50.8
581 0.0773937046158916 50.81
582 0.08107373017072753 50.82
583 0.08469817850846384 50.83
584 0.08816008379624947 50.84
585 0.09138043675180307 50.85
586 0.09431206086287448 50.86
587 0.09692506519807595 50.87
588 0.09926466767510427 50.88
589 0.101334000781658 50.89
590 0.103151436452956 50.9
591 0.1048017199637309 50.91
592 0.1063837702098823 50.92
593 0.1079878865239195 50.93
594 0.1096532039729789 50.94
595 0.1113471045739926 50.95
596 0.113044766010376 50.96
597 0.1147417353967735 50.97
598 0.1164483292254191 50.98
599 0.1181485874244862 50.99
600 0.1197854513522693 51
601 0.1213257353502691 51.01
602 0.1227412853404291 51.02
603 0.1239904938029321 51.03
604 0.1250970098773566 51.04
605 0.1260595927879837 51.05
606 0.1268833487832236 51.06
607 0.1275732138892197 51.07
608 0.1281356040920069 51.08
609 0.1285549751824853 51.09
610 0.1288619541110059 51.1
611 0.1290635227500968 51.11
612 0.1291686796427023 51.12
613 0.1291856865029762 51.13
614 0.1291229493702929 51.14
615 0.1290178369587368 51.15
616 0.1288300938377121 51.16
617 0.1285849467943053 51.17
618 0.128290433396554 51.18
619 0.1279530709209707 51.19
620 0.1275803442845169 51.2
621 0.1271754844003583 51.21
622 0.12673214970278 51.22
623 0.1262652312653263 51.23
624 0.1257818330554391 51.24
625 0.1252874486004891 51.25
626 0.1247868172719543 51.26
627 0.1242839302261945 51.27
628 0.1237821001692915 51.28
629 0.1232840669403168 51.29
630 0.1227976959637908 51.3
631 0.1223104426885149 51.31
632 0.121828993740145 51.32
633 0.1213617482469663 51.33
634 0.1209010825249754 51.34
635 0.1204469493573678 51.35
636 0.1199989793411414 51.36
637 0.1195568430487574 51.37
638 0.1191199963285402 51.38
639 0.1186882523925164 51.39
640 0.1182612663501471 51.4
641 0.1178390304120629 51.41
642 0.1174178876631715 51.42
643 0.1170002423309605 51.43
644 0.1165864227989376 51.44
645 0.1161761865843601 51.45
646 0.1157697421224636 51.46
647 0.1153674394268301 51.47
648 0.1149704843799756 51.48
649 0.1145788619926036 51.49
650 0.1141932192104337 51.5
651 0.1138148790474076 51.51
652 0.1134443391869327 51.52
653 0.1130817965111464 51.53
654 0.1127314353607914 51.54
655 0.1123926518037717 51.55
656 0.1120614761008396 51.56
657 0.1117473541895809 51.57
658 0.1114622456992109 51.58
659 0.1112203674887788 51.59
660 0.1110026805899539 51.6
661 0.1109033354701217 51.61
662 0.1108334242145617 51.62
663 0.1108459718190102 51.63
664 0.1109040595163752 51.64
665 0.1110674156388038 51.65
666 0.1112801524160028 51.66
667 0.1115645891188759 51.67
668 0.1119854051422279 51.68
669 0.1124920552332395 51.69
670 0.1131523324017955 51.7
671 0.1139244273065084 51.71
672 0.1148440300940989 51.72
673 0.1158807536567708 51.73
674 0.1170671288712838 51.74
675 0.1183685496194218 51.75
676 0.1198135835239973 51.76
677 0.121364311794855 51.77
678 0.1230451144263471 51.78
679 0.1247904053767318 51.79
680 0.1266009516257367 51.8
681 0.1284489274851658 51.81
682 0.1303641985605648 51.82
683 0.1323531224348908 51.83
684 0.1343614525094051 51.84
685 0.1363846555167383 51.85
686 0.1384236107835725 51.86
687 0.1404630005058108 51.87
688 0.142495875687546 51.88
689 0.1445151742646688 51.89
690 0.1465148807200663 51.9
691 0.1484722004539629 51.91
692 0.1503999657310226 51.92
693 0.1522911219104597 51.93
694 0.1541418588534402 51.94
695 0.1559492034035837 51.95
696 0.157705755152429 51.96
697 0.1594063660523957 51.97
698 0.1610466876346763 51.98
699 0.1626240116676164 51.99
700 0.1641360076662937 52
701 0.1655817939523762 52.01
702 0.1669603310338623 52.02
703 0.1682721084365037 52.03
704 0.1695179480055771 52.04
705 0.1706988327891704 52.05
706 0.1718164605397713 52.06
707 0.1728723462542559 52.07
708 0.173868768379753 52.08
709 0.174807389418319 52.09
710 0.1756902187782279 52.1
711 0.1765192474855787 52.11
712 0.1772966496669324 52.12
713 0.1780244307991139 52.13
714 0.1787061188124694 52.14
715 0.1793420256549967 52.15
716 0.1799337518515733 52.16
717 0.1804828250590099 52.17
718 0.1809907679675937 52.18
719 0.1814516650213741 52.19
720 0.1818739873242651 52.2
721 0.1822587511606003 52.21
722 0.1826072902853053 52.22
723 0.182927688326844 52.23
724 0.1832065665115642 52.24
725 0.1834519848896368 52.25
726 0.1836647397558965 52.26
727 0.1838455720699515 52.27
728 0.1839952161456464 52.28
729 0.1841143029514827 52.29
730 0.1842036230943606 52.3
731 0.1842744755875162 52.31
732 0.1843104649636459 52.32
733 0.1843189707819763 52.33
734 0.1843007628961342 52.34
735 0.1842572447609483 52.35
736 0.1841892874882948 52.36
737 0.1840979279053604 52.37
738 0.1839847183397314 52.38
739 0.1838556576975866 52.39
740 0.1837023563998608 52.4
741 0.1835315150536099 52.41
742 0.183344420621094 52.42
743 0.1831425219673657 52.43
744 0.182927451607391 52.44
745 0.1827005415476016 52.45
746 0.1824632668545329 52.46
747 0.1822219197554705 52.47
748 0.1819720300469879 52.48
749 0.1817152200070514 52.49
750 0.1814525933331463 52.5
751 0.1811852346731432 52.51
752 0.1809134387558553 52.52
753 0.1806389591722009 52.53
754 0.1803625178061821 52.54
755 0.1800847420951542 52.55
756 0.1798060944682983 52.56
757 0.1795270076139276 52.57
758 0.179248042549052 52.58
759 0.1789695897329851 52.59
760 0.1786920647722785 52.6
761 0.1784157649948704 52.61
762 0.1781411974402933 52.62
763 0.1778687003190341 52.63
764 0.177598624432277 52.64
765 0.1773308331501234 52.65
766 0.1770650991724295 52.66
767 0.1768016741328288 52.67
768 0.1765404123636473 52.68
769 0.1762812542213303 52.69
770 0.1760244922994557 52.7
771 0.1757699368153747 52.71
772 0.1755175884554421 52.72
773 0.1752673646634522 52.73
774 0.1750193832559507 52.74
775 0.1747772085534662 52.75
776 0.174534772713738 52.76
777 0.1742944672926783 52.77
778 0.1740627114991579 52.78
779 0.1738355359803093 52.79
780 0.1736153064806427 52.8
781 0.1734212204691829 52.81
782 0.1732702634254214 52.82
783 0.1731774299015257 52.83
784 0.1730903956874945 52.84
785 0.1730336135800973 52.85
786 0.173026185461121 52.86
787 0.1730465471116505 52.87
788 0.1731113326503304 52.88
789 0.1732386899063048 52.89
790 0.173423303001567 52.9
791 0.1736533676858859 52.91
792 0.1739421877302363 52.92
793 0.1743054983859208 52.93
794 0.174741093572357 52.94
795 0.1752494006902316 52.95
796 0.1758140418181454 52.96
797 0.1764366253299012 52.97
798 0.1771199088532409 52.98
799 0.1778365168827963 52.99
800 0.178599500361607 53
801 0.1793862997678895 53.01
802 0.1802052478383363 53.02
803 0.1810490684921398 53.03
804 0.1819133110504291 53.04
805 0.1827809081277403 53.05
806 0.1836488670130357 53.06
807 0.1845100233737913 53.07
808 0.1853660804524977 53.08
809 0.1862137944029269 53.09
810 0.1870501030165429 53.1
811 0.1878712847762658 53.11
812 0.1886744727285609 53.12
813 0.1894562011028151 53.13
814 0.1902126118353659 53.14
815 0.1909419085409593 53.15
816 0.1916427220588566 53.16
817 0.1923144032053823 53.17
818 0.1929550015261205 53.18
819 0.1935673546252335 53.19
820 0.1941487154544292 53.2
821 0.1947000806703878 53.21
822 0.1952228612562619 53.22
823 0.1957175681692918 53.23
824 0.1961847851288843 53.24
825 0.1966251570094931 53.25
826 0.1970392779131713 53.26
827 0.1974279324004705 53.27
828 0.197791904101422 53.28
829 0.1981319105984084 53.29
830 0.1984485766078697 53.3
831 0.1987426140921437 53.31
832 0.1990146571998634 53.32
833 0.1992652148160983 53.33
834 0.1994949687073611 53.34
835 0.1997043776612203 53.35
836 0.1998938486667553 53.36
837 0.2000639492201869 53.37
838 0.2002150849403725 53.38
839 0.2003470010537256 53.39
840 0.2004615444094066 53.4
841 0.2005564693071281 53.41
842 0.2006365124270934 53.42
843 0.2006990751398907 53.43
844 0.2007415350628207 53.44
845 0.2007672853063261 53.45
846 0.2007783502056106 53.46
847 0.2007733779981842 53.47
848 0.2007527237914773 53.48
849 0.200718105874009 53.49
850 0.2006686583853773 53.5
851 0.200604871437034 53.51
852 0.2005272636473549 53.52
853 0.2004364010737877 53.53
854 0.2003328753492944 53.54
855 0.2002173251092056 53.55
856 0.2000892211377066 53.56
857 0.1999505869449048 53.57
858 0.1998021214178456 53.58
859 0.199644540127079 53.59
860 0.1994796840333996 53.6
861 0.1993071209532433 53.61
862 0.1991274947726293 53.62
863 0.1989416002564165 53.63
864 0.1987502650282249 53.64
865 0.1985540936176073 53.65
866 0.198353735262747 53.66
867 0.1981499454412643 53.67
868 0.1979431680654263 53.68
869 0.197732210985356 53.69
870 0.1975196522976322 53.7
871 0.1973087349569896 53.71
872 0.1970961182114511 53.72
873 0.1968810463611063 53.73
874 0.1966654946009454 53.74
875 0.196451850756793 53.75
876 0.1962381884152417 53.76
877 0.1960249895471252 53.77
878 0.1958126386064075 53.78
879 0.1956013077503567 53.79
880 0.1953907694076909 53.8
881 0.1951809156791141 53.81
882 0.1949716722094321 53.82
883 0.1947633804322423 53.83
884 0.1945541282714627 53.84
885 0.194345252876192 53.85
886 0.1941366899792318 53.86
887 0.1939293825101198 53.87
888 0.1937215016113369 53.88
889 0.1935147444707301 53.89
890 0.1933088827108763 53.9
891 0.1931048526490572 53.91
892 0.1929036524250365 53.92
893 0.1927145760673902 53.93
894 0.1925301830114726 53.94
895 0.1923574946167589 53.95
896 0.1922013695823237 53.96
897 0.1920875037775684 53.97
898 0.1919908542068715 53.98
899 0.1919184546756384 53.99
900 0.1919031228685017 54
901 0.191946017746636 54.01
902 0.1920503794497962 54.02
903 0.1922190646886212 54.03
904 0.1924361769899546 54.04
905 0.1927078563389396 54.05
906 0.193020424396706 54.06
907 0.1933706006789249 54.07
908 0.1937504593213255 54.08
909 0.1941663657766062 54.09
910 0.1946233989343278 54.1
911 0.1951228886864716 54.11
912 0.1956415375440452 54.12
913 0.1961700717566224 54.13
914 0.1967115686029913 54.14
915 0.1972576051909437 54.15
916 0.1978101036547229 54.16
917 0.1983597808937828 54.17
918 0.1989051810676691 54.18
919 0.1994463347215448 54.19
920 0.199975251429263 54.2
921 0.200489889736786 54.21
922 0.2009891632669336 54.22
923 0.2014716200743182 54.23
924 0.2019361259045855 54.24
925 0.202382203186681 54.25
926 0.2028092824833034 54.26
927 0.2032170063983586 54.27
928 0.2036055167635627 54.28
929 0.203974793724488 54.29
930 0.204325087614934 54.3
931 0.2046567460235759 54.31
932 0.2049687664136796 54.32
933 0.2052631740752621 54.33
934 0.2055413822713062 54.34
935 0.2058018206625783 54.35
936 0.2060454145765555 54.36
937 0.2062725899426328 54.37
938 0.2064837562892111 54.38
939 0.2066793208858017 54.39
940 0.2068598312263061 54.4
941 0.2070253479878426 54.41
942 0.2071761001286528 54.42
943 0.2073127757031102 54.43
944 0.2074355671917579 54.44
945 0.2075447954233682 54.45
946 0.2076407754046436 54.46
947 0.2077236209760839 54.47
948 0.2077935468786118 54.48
949 0.2078509064280196 54.49
950 0.207895844252895 54.5
951 0.2079284554181206 54.51
952 0.2079490856550274 54.52
953 0.2079578704268382 54.53
954 0.2079549012100957 54.54
955 0.2079405879421674 54.55
956 0.2079151759769658 54.56
957 0.2078789109944037 54.57
958 0.2078319590057493 54.58
959 0.2077744878049791 54.59
960 0.2077068996343674 54.6
961 0.2076295700649906 54.61
962 0.2075427532490215 54.62
963 0.2074468113759063 54.63
964 0.2073421145656976 54.64
965 0.2072290589444932 54.65
966 0.2071080538539291 54.66
967 0.2069795421708917 54.67
968 0.2068440429368781 54.68
969 0.2067020217884737 54.69
970 0.2065539677883632 54.7
971 0.206400356978022 54.71
972 0.2062417360112901 54.72
973 0.2060785961769382 54.73
974 0.2059114381257726 54.74
975 0.2057408134193884 54.75
976 0.2055668865957909 54.76
977 0.2053903531696731 54.77
978 0.2052114989443456 54.78
979 0.2050305310781683 54.79
980 0.2048478699964836 54.8
981 0.2046637784926247 54.81
982 0.2044787625015618 54.82
983 0.2042928296889758 54.83
984 0.2041065886467355 54.84
985 0.2039201658679856 54.85
986 0.2037336087886368 54.86
987 0.2035472530390486 54.87
988 0.2033610596685413 54.88
989 0.2031744541109849 54.89
990 0.2029875596089771 54.9
991 0.2028002126199372 54.91
992 0.2026120775057936 54.92
993 0.2024232470429899 54.93
994 0.2022334116009453 54.94
995 0.2020431973361065 54.95
996 0.2018519662282587 54.96
997 0.2016598654991344 54.97
998 0.2014675485543311 54.98
999 0.20127811042984 54.99
1000 0.2010898566764674 55
1001 0.2009075800113815 55.01
1002 0.2007370362500506 55.02
1003 0.2005878338776395 55.03
1004 0.2004642480000606 55.04
1005 0.2003696623081712 55.05
1006 0.2003091214797809 55.06
1007 0.2002862321504496 55.07
1008 0.20030448018 55.08
1009 0.2003656418657557 55.09
1010 0.2004745861449385 55.1
1011 0.2006311343882119 55.11
1012 0.2008336937762457 55.12
1013 0.2010826929640567 55.13
1014 0.2013759376817267 55.14
1015 0.2017103949628442 55.15
1016 0.2020715183034471 55.16
1017 0.2024444376081927 55.17
1018 0.2028284600993356 55.18
1019 0.2032252892115669 55.19
1020 0.2036305485108882 55.2
1021 0.2040406628311772 55.21
1022 0.2044514959759287 55.22
1023 0.2048612555092777 55.23
1024 0.2052652178152521 55.24
1025 0.2056622081083451 55.25
1026 0.2060478809052005 55.26
1027 0.2064209217619631 55.27
1028 0.2067805325342973 55.28
1029 0.2071240748625963 55.29
1030 0.2074529123555778 55.3
1031 0.2077670377980168 55.31
1032 0.2080667041395479 55.32
1033 0.2083516528736031 55.33
1034 0.2086219270019187 55.34
1035 0.2088777255467908 55.35
1036 0.2091191476128508 55.36
1037 0.2093463853363629 55.37
1038 0.2095597014835517 55.38
1039 0.2097594209356901 55.39
1040 0.2099459764967063 55.4
1041 0.2101198196705437 55.41
1042 0.2102810362845826 55.42
1043 0.2104300128055073 55.43
1044 0.2105669164680233 55.44
1045 0.2106920347802066 55.45
1046 0.2108063185034613 55.46
1047 0.2109099913403781 55.47
1048 0.2110026552898123 55.48
1049 0.211084563036043 55.49
1050 0.2111559012301209 55.5
1051 0.2112168425092477 55.51
1052 0.2112675397094159 55.52
1053 0.2113082907166625 55.53
1054 0.2113392269847852 55.54
1055 0.2113605113780842 55.55
1056 0.2113722702833562 55.56
1057 0.2113743423996432 55.57
1058 0.2113672609352394 55.58
1059 0.2113511349375704 55.59
1060 0.2113260933650852 55.6
1061 0.2112922747345347 55.61
1062 0.2112498443787611 55.62
1063 0.211198977982941 55.63
1064 0.2111398442655832 55.64
1065 0.2110723843941895 55.65
1066 0.2109971899197841 55.66
1067 0.2109140138325816 55.67
1068 0.2108233324464673 55.68
1069 0.2107253821378171 55.69
1070 0.2106204484422354 55.7
1071 0.2105088723210108 55.71
1072 0.2103910052426152 55.72
1073 0.2102671469153371 55.73
1074 0.2101374014299036 55.74
1075 0.2100023753335719 55.75
1076 0.2098623928718592 55.76
1077 0.2097178815611188 55.77
1078 0.2095691805628637 55.78
1079 0.2094166364732074 55.79
1080 0.2092605956593779 55.8
1081 0.2091014562724318 55.81
1082 0.2089399336575114 55.82
1083 0.2087758754350472 55.83
1084 0.2086095127056828 55.84
1085 0.208441245198619 55.85
1086 0.2082717590087214 55.86
1087 0.2081006870861078 55.87
1088 0.2079287971888955 55.88
1089 0.207755817159044 55.89
1090 0.2075820004573536 55.9
1091 0.2074077686942224 55.91
1092 0.2072329428502575 55.92
1093 0.2070575958322604 55.93
1094 0.2068814885260805 55.94
1095 0.2067045198421152 55.95
1096 0.2065265706782008 55.96
1097 0.2063475109351249 55.97
1098 0.206167168434169 55.98
1099 0.2059851103562189 55.99
1100 0.2058020286123143 56
1101 0.2056191065058093 56.01
1102 0.2054357195799884 56.02
1103 0.2052516733727611 56.03
1104 0.205071673290867 56.04
1105 0.2049065488055864 56.05
1106 0.2047571975210847 56.06
1107 0.2046260783177741 56.07
1108 0.2045164566723194 56.08
1109 0.204432291258042 56.09
1110 0.2043768436636675 56.1
1111 0.204353728445867 56.11
1112 0.2043656295587727 56.12
1113 0.2044146593418083 56.13
1114 0.2045023232871348 56.14
1115 0.2046284256040138 56.15
1116 0.2047926512970729 56.16
1117 0.2049932723959264 56.17
1118 0.2052277407228145 56.18
1119 0.2054938479480439 56.19
1120 0.2057884884432555 56.2
1121 0.206108572124203 56.21
1122 0.2064494100557966 56.22
1123 0.2068058804883798 56.23
1124 0.2071645976529043 56.24
1125 0.2075221167565989 56.25
1126 0.2078759519039897 56.26
1127 0.2082222931709825 56.27
1128 0.2085581939675067 56.28
1129 0.2088824826680402 56.29
1130 0.2091937859047105 56.3
1131 0.2094911089876787 56.31
1132 0.2097730146208403 56.32
1133 0.2100408533964964 56.33
1134 0.2102936126456935 56.34
1135 0.2105322543328909 56.35
1136 0.210755254609042 56.36
1137 0.2109648479707872 56.37
1138 0.2111618671296007 56.38
1139 0.2113462479240855 56.39
1140 0.2115160983507437 56.4
1141 0.2116730237932288 56.41
1142 0.2118185420082049 56.42
1143 0.2119529422174851 56.43
1144 0.2120767218043886 56.44
1145 0.2121893841962553 56.45
1146 0.2122913458818185 56.46
1147 0.2123833393199747 56.47
1148 0.2124657582874142 56.48
1149 0.2125386706697621 56.49
1150 0.2126021860686184 56.5
1151 0.2126565807376678 56.51
1152 0.2127020736955657 56.52
1153 0.2127387917484355 56.53
1154 0.2127668626767276 56.54
1155 0.212786401137165 56.55
1156 0.2127976056628841 56.56
1157 0.2128006300915872 56.57
1158 0.2127955124691377 56.58
1159 0.2127824579818644 56.59
1160 0.2127615434712953 56.6
1161 0.2127337487891711 56.61
1162 0.2126985573810659 56.62
1163 0.2126557294887063 56.63
1164 0.212605409982441 56.64
1165 0.2125477922328602 56.65
1166 0.2124828904185273 56.66
1167 0.2124108977310484 56.67
1168 0.2123319134651817 56.68
1169 0.2122461060967379 56.69
1170 0.2121536929711721 56.7
1171 0.2120548263961535 56.71
1172 0.2119497220671729 56.72
1173 0.2118386129839466 56.73
1174 0.2117213403312919 56.74
1175 0.2115985947321841 56.75
1176 0.2114706822009587 56.76
1177 0.2113377995690641 56.77
1178 0.2112001997713302 56.78
1179 0.211058231604598 56.79
1180 0.2109121978955524 56.8
1181 0.2107623769803552 56.81
1182 0.2106090395712054 56.82
1183 0.2104529303743568 56.83
1184 0.2102938476597805 56.84
1185 0.2101321260050736 56.85
1186 0.2099679802789475 56.86
1187 0.2098016183532452 56.87
1188 0.2096333447939979 56.88
1189 0.2094634949848167 56.89
1190 0.2092925113848927 56.9
1191 0.209120797148441 56.91
1192 0.208948537820144 56.92
1193 0.2087756226435386 56.93
1194 0.208602009756878 56.94
1195 0.2084274830433775 56.95
1196 0.2082521470907887 56.96
1197 0.2080758048569649 56.97
1198 0.2078979158617535 56.98
1199 0.2077192606597361 56.99
1200 0.2075407086134577 57
1201 0.2073623794023777 57.01
1202 0.2071862542883067 57.02
1203 0.2070146137452235 57.03
1204 0.2068565450145431 57.04
1205 0.2067130241444699 57.05
1206 0.20658579944356 57.06
1207 0.206478671751855 57.07
1208 0.2063940335637794 57.08
1209 0.2063354570036596 57.09
1210 0.2063044269108504 57.1
1211 0.2063040892795993 57.11
1212 0.2063355968394302 57.12
1213 0.2064001052429282 57.13
1214 0.2064977500394092 57.14
1215 0.206627166826678 57.15
1216 0.2067874767304957 57.16
1217 0.2069769058945838 57.17
1218 0.2071935330489246 57.18
1219 0.2074347490032462 57.19
1220 0.2076973180690167 57.2
1221 0.2079772894451942 57.21
1222 0.2082699005291421 57.22
1223 0.2085689832911251 57.23
1224 0.208866967236271 57.24
1225 0.2091569597197708 57.25
1226 0.2094346689663532 57.26
1227 0.2096975472568335 57.27
1228 0.2099439962828722 57.28
1229 0.2101729028107182 57.29
1230 0.210383497861298 57.3
1231 0.210575263743415 57.31
1232 0.2107475265482281 57.32
1233 0.2109035522335 57.33
1234 0.211046688949891 57.34
1235 0.2111765765231727 57.35
1236 0.2112928421090809 57.36
1237 0.211389451581047 57.37
1238 0.2114672442456615 57.38
1239 0.2115315421546783 57.39
1240 0.2115825204369757 57.4
1241 0.2116210146266823 57.41
1242 0.2116496028312098 57.42
1243 0.2116667546709029 57.43
1244 0.2116739108824108 57.44
1245 0.2116695573116118 57.45
1246 0.2116562304060368 57.46
1247 0.2116342942119514 57.47
1248 0.2116037329813465 57.48
1249 0.2115628194336977 57.49
1250 0.2115134503049398 57.5
1251 0.2114559468496467 57.51
1252 0.2113904581877832 57.52
1253 0.2113180490692237 57.53
1254 0.2112389534853538 57.54
1255 0.2111533355067842 57.55
1256 0.2110611612918572 57.56
1257 0.2109626886377523 57.57
1258 0.2108581217395775 57.58
1259 0.2107476952970849 57.59
1260 0.210631611344085 57.6
1261 0.2105101509871249 57.61
1262 0.2103836401708788 57.62
1263 0.2102522666020051 57.63
1264 0.2101163181281395 57.64
1265 0.2099761027022467 57.65
1266 0.2098320109799326 57.66
1267 0.2096844021532134 57.67
1268 0.2095338013739852 57.68
1269 0.2093809300723443 57.69
1270 0.2092264911131312 57.7
1271 0.2090710535449332 57.71
1272 0.2089149238856775 57.72
1273 0.208758636101026 57.73
1274 0.2086029897339691 57.74
1275 0.2084475893003352 57.75
1276 0.2082931774601929 57.76
1277 0.2081401041831972 57.77
1278 0.2079889837388911 57.78
1279 0.2078399745368705 57.79
1280 0.2076936389499825 57.8
1281 0.2075509085246375 57.81
1282 0.2074133016850503 57.82
1283 0.2072817192348298 57.83
1284 0.2071681539344359 57.84
1285 0.2070734961916199 57.85
1286 0.2069987507282466 57.86
1287 0.2069451176909521 57.87
1288 0.2069134894303016 57.88
1289 0.2069042897177275 57.89
1290 0.2069179710900886 57.9
1291 0.2069545717169389 57.91
1292 0.2070137961496836 57.92
1293 0.2070949082903106 57.93
1294 0.2071969410995383 57.94
1295 0.2073188840883126 57.95
1296 0.2074590984068276 57.96
1297 0.2076158860942227 57.97
1298 0.2077866109118194 57.98
1299 0.207967674324664 57.99
1300 0.2081542842614022 58
1301 0.2083411203851516 58.01
1302 0.2085240880869444 58.02
1303 0.2087003218313763 58.03
1304 0.2088678159000357 58.04
1305 0.2090251115732298 58.05
1306 0.209171077720722 58.06
1307 0.2093047682176783 58.07
1308 0.2094254129903609 58.08
1309 0.2095321535321306 58.09
1310 0.2096243343951509 58.1
1311 0.209701381401684 58.11
1312 0.2097629282581835 58.12
1313 0.2098085369371765 58.13
1314 0.2098381617836383 58.14
1315 0.2098517842343296 58.15
1316 0.2098494198488728 58.16
1317 0.2098310365880142 58.17
1318 0.2098025280552651 58.18
1319 0.2097651617621559 58.19
1320 0.2097193740025764 58.2
1321 0.2096651825366218 58.21
1322 0.209603778611138 58.22
1323 0.209535340588498 58.23
1324 0.2094598503305776 58.24
1325 0.2093777791642549 58.25
1326 0.2092901090656942 58.26
1327 0.2091958910413651 58.27
1328 0.2090963380323314 58.28
1329 0.208991897339655 58.29
1330 0.2088838421756301 58.3
1331 0.2087728075876055 58.31
1332 0.2086595192965817 58.32
1333 0.2085445752939324 58.33
1334 0.208428368921586 58.34
1335 0.2083116365100902 58.35
1336 0.2081946275966393 58.36
1337 0.2080778225346761 58.37
1338 0.2079618892228683 58.38
1339 0.2078474139720652 58.39
1340 0.2077355627958759 58.4
1341 0.2076268125782318 58.41
1342 0.2075216915267203 58.42
1343 0.2074213808819398 58.43
1344 0.2073294283461572 58.44
1345 0.2072529175550374 58.45
1346 0.2071878779259561 58.46
1347 0.2071395629472162 58.47
1348 0.2071086509676516 58.48
1349 0.2070954543368615 58.49
1350 0.2071001926368715 58.5
1351 0.2071230579928139 58.51
1352 0.2071635417743128 58.52
1353 0.2072209347350421 58.53
1354 0.2072943951080939 58.54
1355 0.2073828848199455 58.55
1356 0.2074849750966774 58.56
1357 0.2075990085231462 58.57
1358 0.2077225868090183 58.58
1359 0.2078522076469585 58.59
1360 0.2079837288475402 58.6
1361 0.2081138797692629 58.61
1362 0.2082403319188453 58.62
1363 0.2083613882968536 58.63
1364 0.2084757863254903 58.64
1365 0.2085824934450631 58.65
1366 0.2086805542527584 58.66
1367 0.2087690405162252 58.67
1368 0.208847116600251 58.68
1369 0.2089141328603532 58.69
1370 0.2089695564001652 58.7
1371 0.2090128651371287 58.71
1372 0.2090436872105124 58.72
1373 0.209061867282621 58.73
1374 0.2090673418938509 58.74
1375 0.209060162932458 58.75
1376 0.2090405047112059 58.76
1377 0.2090135146433927 58.77
1378 0.2089803799842613 58.78
1379 0.208940756656276 58.79
1380 0.2088951291138113 58.8
1381 0.2088436804879145 58.81
1382 0.2087871438811225 58.82
1383 0.2087255848690527 58.83
1384 0.2086599649622034 58.84
1385 0.2085907718568745 58.85
1386 0.2085185951224999 58.86
1387 0.2084439759573961 58.87
1388 0.2083675363234155 58.88
1389 0.2082901947638048 58.89
1390 0.2082123321736542 58.9
1391 0.2081346672111073 58.91
1392 0.2080574032831688 58.92
1393 0.207981015780444 58.93
1394 0.2079059006024717 58.94
1395 0.2078323272156497 58.95
1396 0.2077605571265343 58.96
1397 0.2076911271676705 58.97
1398 0.2076246103233577 58.98
1399 0.2075613456118789 58.99
1400 0.2075019646156993 59
1401 0.20744846044873 59.01
1402 0.2074087908420351 59.02
1403 0.207383267168362 59.03
1404 0.2073720369703303 59.04
1405 0.2073750895295954 59.05
1406 0.2073923984337708 59.06
1407 0.2074236485790336 59.07
1408 0.2074685387489713 59.08
1409 0.2075263517293192 59.09
1410 0.2075962252775241 59.1
1411 0.2076771873014068 59.11
1412 0.2077679481911062 59.12
1413 0.2078664796613144 59.13
1414 0.2079701281987375 59.14
1415 0.2080756409223591 59.15
1416 0.2081801731872022 59.16
1417 0.20828174994848 59.17
1418 0.2083789933311265 59.18
1419 0.2084707669123228 59.19
1420 0.2085561406458479 59.2
1421 0.2086343155870987 59.21
1422 0.208704477044017 59.22
1423 0.2087659303157587 59.23
1424 0.208818123356857 59.24
1425 0.2088606104957051 59.25
1426 0.208893010402758 59.26
1427 0.2089151219297211 59.27
1428 0.2089268854899178 59.28
1429 0.2089282558670731 59.29
1430 0.2089193972470927 59.3
1431 0.2089005134252132 59.31
1432 0.2088720134120493 59.32
1433 0.2088344621281538 59.33
1434 0.2087915391536292 59.34
1435 0.208744517986625 59.35
1436 0.208693674017363 59.36
1437 0.2086394077642759 59.37
1438 0.2085824565053909 59.38
1439 0.2085237089155295 59.39
1440 0.2084636331833589 59.4
1441 0.2084029477902785 59.41
1442 0.2083419674504299 59.42
1443 0.2082812938765971 59.43
1444 0.2082215164735118 59.44
1445 0.2081633825819184 59.45
1446 0.2081083505780188 59.46
1447 0.2080573603974472 59.47
1448 0.2080150568138889 59.48
1449 0.2079820119256567 59.49
1450 0.2079587765132384 59.5
1451 0.2079460094096514 59.51
1452 0.2079440316284732 59.52
1453 0.2079532205250207 59.53
1454 0.207973700477042 59.54
1455 0.2080052731561667 59.55
1456 0.20804757784724 59.56
1457 0.2081000075613463 59.57
1458 0.2081616177378651 59.58
1459 0.2082311759595478 59.59
1460 0.2083070441769886 59.6
1461 0.2083869659402856 59.61
1462 0.2084682365730673 59.62
1463 0.2085486012014557 59.63
1464 0.208626459550299 59.64
1465 0.2087006206076926 59.65
1466 0.2087701553241075 59.66
1467 0.2088343450717026 59.67
1468 0.2088925361136161 59.68
1469 0.2089441875846811 59.69
1470 0.2089887576242867 59.7
1471 0.2090257885168613 59.71
1472 0.2090549405906764 59.72
1473 0.2090759890638535 59.73
1474 0.2090888293237751 59.74
1475 0.2090934428889237 59.75
1476 0.209089904955973 59.76
1477 0.2090784306319461 59.77
1478 0.2090593928995327 59.78
1479 0.2090332610143184 59.79
1480 0.2090028332881436 59.8
1481 0.2089688880772839 59.81
1482 0.2089318987694106 59.82
1483 0.2088926177737899 59.83
1484 0.2088517279936478 59.84
1485 0.2088096658968024 59.85
1486 0.2087670581945181 59.86
1487 0.208724735128477 59.87
1488 0.2086840178266705 59.88
1489 0.2086446080719896 59.89
1490 0.2086083053173425 59.9
1491 0.2085778028235036 59.91
1492 0.2085536743138436 59.92
1493 0.2085363928972493 59.93
1494 0.2085264263437078 59.94
1495 0.2085241743760614 59.95
1496 0.2085298609015457 59.96
1497 0.2085435484512131 59.97
1498 0.2085652085587999 59.98
1499 0.2085944670104668 59.99
1500 0.2086308122213715 60
