"frac-mass-ch4-rfile"
"Time Step" "frac-mass-ch4 etc.."
("Time Step" "frac-mass-ch4" "flow-time")
0 4.191361237574281e-05 0
1 4.485314016927071e-05 0.1
2 4.141578127397763e-05 0.2
3 2.745946271430897e-05 0.3
4 2.065217704743647e-05 0.4
5 1.903367871399408e-05 0.5
6 1.874264759890099e-05 0.6000000000000001
7 2.066487981832557e-05 0.7000000000000001
8 2.223036643569709e-05 0.8
9 2.357707885011368e-05 0.9
10 2.502266980796787e-05 1
11 2.581741219046034e-05 1.1
12 2.638332867875818e-05 1.2
13 2.68489740359015e-05 1.3
14 2.607029853731628e-05 1.4
15 2.523944473811352e-05 1.5
16 2.268668337298515e-05 1.6
17 2.11922631635302e-05 1.7
18 1.972147398799498e-05 1.8
19 1.688802972945135e-05 1.9
20 1.592976832404389e-05 2
21 1.466595864575118e-05 2.1
22 1.298665083497544e-05 2.2
23 1.240477408469674e-05 2.3
24 1.181417003810099e-05 2.4
25 1.125268332549109e-05 2.5
26 1.080057171773696e-05 2.6
27 1.037003386850663e-05 2.7
28 1.00219264295366e-05 2.8
29 9.725132703995605e-06 2.9
30 9.472677708472413e-06 3
31 9.251045940751461e-06 3.1
32 9.057394195159894e-06 3.2
33 8.888578231028961e-06 3.3
34 8.743046862115763e-06 3.4
35 8.623644649639193e-06 3.5
36 8.521472854602762e-06 3.6
37 8.446570203207909e-06 3.7
38 8.38901564196667e-06 3.8
39 8.349077811943472e-06 3.9
40 8.321745230892491e-06 4
41 8.311798846832124e-06 4.100000000000001
42 8.313487100145295e-06 4.2
43 8.319561774245382e-06 4.3
44 8.329350336984374e-06 4.4
45 8.337398324011177e-06 4.5
46 8.340769135107742e-06 4.600000000000001
47 8.335255588063466e-06 4.7
48 8.319266283846047e-06 4.800000000000001
49 8.290783935116482e-06 4.9
50 8.24771500651638e-06 5
51 8.189266422090524e-06 5.100000000000001
52 8.114932299553674e-06 5.2
53 8.025220815223262e-06 5.300000000000001
54 7.922901453320601e-06 5.4
55 7.807987143457178e-06 5.5
56 7.681692464075736e-06 5.600000000000001
57 7.546086406481911e-06 5.7
58 7.403698314586089e-06 5.800000000000001
59 7.254441869044205e-06 5.9
60 7.105236668475066e-06 6
61 6.954549972169302e-06 6.100000000000001
62 6.804945062790758e-06 6.2
63 6.660983312053906e-06 6.300000000000001
64 6.521073779051836e-06 6.4
65 6.388042511267914e-06 6.5
66 6.263030870901642e-06 6.600000000000001
67 6.147684339122858e-06 6.7
68 6.040305640664855e-06 6.800000000000001
69 5.943574346456028e-06 6.9
70 5.85665892039201e-06 7
71 5.778861243982165e-06 7.100000000000001
72 5.710210017372598e-06 7.2
73 5.650058645187402e-06 7.300000000000001
74 5.596772029716006e-06 7.4
75 5.554591624171015e-06 7.5
76 5.516028780023215e-06 7.600000000000001
77 5.483478101083932e-06 7.7
78 5.453247163196059e-06 7.800000000000001
79 5.429352613436308e-06 7.9
80 5.408441856868962e-06 8
81 5.389824368266502e-06 8.1
82 5.372915116077919e-06 8.200000000000001
83 5.357395576394707e-06 8.300000000000001
84 5.342047743388911e-06 8.4
85 5.32619966787829e-06 8.5
86 5.309569991557843e-06 8.6
87 5.291185198334947e-06 8.700000000000001
88 5.270379394369124e-06 8.800000000000001
89 5.247726513798294e-06 8.9
90 5.221795196432397e-06 9
91 5.193848990884181e-06 9.1
92 5.167456514037595e-06 9.200000000000001
93 5.161370104222058e-06 9.300000000000001
94 5.135493287503246e-06 9.4
95 5.106157655005998e-06 9.5
96 5.099656293393839e-06 9.600000000000001
97 5.066411926325561e-06 9.700000000000001
98 5.034017134485787e-06 9.800000000000001
99 5.026735542239833e-06 9.9
100 4.992261076804343e-06 10
101 4.985371336662572e-06 10.1
102 4.95059360737935e-06 10.2
103 4.943806992609422e-06 10.3
104 4.909650474129702e-06 10.4
105 4.903346600282876e-06 10.5
106 4.871523488000204e-06 10.6
107 4.865222748929867e-06 10.7
108 4.83313962547371e-06 10.8
109 4.827039437442816e-06 10.9
110 4.796551578940755e-06 11
111 4.790713295680163e-06 11.1
112 4.76200467837264e-06 11.2
113 4.756505118145814e-06 11.3
114 4.729982069583295e-06 11.4
115 4.724841162490061e-06 11.5
116 4.700604777156079e-06 11.6
117 4.695804621013141e-06 11.7
118 4.674093361065728e-06 11.8
119 4.669676766596946e-06 11.9
120 4.650414501905629e-06 12
121 4.646408815526935e-06 12.1
122 4.629662614815215e-06 12.2
123 4.626036239883434e-06 12.3
124 4.611400988187415e-06 12.4
125 4.608296421993688e-06 12.5
126 4.596264632232838e-06 12.6
127 4.593578431636979e-06 12.7
128 4.58418932471452e-06 12.8
129 4.581896354890303e-06 12.9
130 4.57484626942824e-06 13
131 4.57291270118431e-06 13.1
132 4.568130999507067e-06 13.2
133 4.566278466819806e-06 13.3
134 4.563243643549423e-06 13.4
135 4.561647935641545e-06 13.5
136 4.559248712803536e-06 13.6
137 4.557830955630375e-06 13.7
138 4.557697970552656e-06 13.8
139 4.556870362199687e-06 13.9
140 4.557921629590305e-06 14
141 4.556740347843792e-06 14.1
142 4.558816472853146e-06 14.2
143 4.557748768231285e-06 14.3
144 4.560348862845875e-06 14.4
145 4.559682759130277e-06 14.5
146 4.562043807358257e-06 14.6
147 4.561393224998535e-06 14.7
148 4.563840568339463e-06 14.8
149 4.563151061758052e-06 14.9
150 4.565571681437893e-06 15
151 4.564375614894566e-06 15.1
152 4.566583055628511e-06 15.2
153 4.565309432835456e-06 15.3
154 4.567394195421137e-06 15.4
155 4.566052831622922e-06 15.5
156 4.567313702175375e-06 15.6
157 4.565806565359409e-06 15.7
158 4.566215670150945e-06 15.8
159 4.564654093607117e-06 15.9
160 4.564593696192517e-06 16
161 4.562901911802764e-06 16.1
162 4.562220748926727e-06 16.2
163 4.560474990663707e-06 16.3
164 4.559130714533424e-06 16.4
165 4.557291470843103e-06 16.5
166 4.555436599491367e-06 16.6
167 4.553566202872579e-06 16.7
168 4.551400571343589e-06 16.8
169 4.549527298798264e-06 16.9
170 4.547654767289229e-06 17
171 4.545760612772667e-06 17.1
172 4.544393250723379e-06 17.2
173 4.542551035839592e-06 17.3
174 4.54208855180285e-06 17.4
175 4.540289877957273e-06 17.5
176 4.541258178076382e-06 17.6
177 4.539706303948845e-06 17.7
178 4.540579255196197e-06 17.8
179 4.538995248916829e-06 17.9
180 4.541512039810916e-06 18
181 4.54002618264597e-06 18.1
182 4.543839658218463e-06 18.2
183 4.542515482896084e-06 18.3
184 4.547761553563342e-06 18.4
185 4.54655745046748e-06 18.5
186 4.552988359379817e-06 18.6
187 4.552056544969162e-06 18.7
188 4.560119041682774e-06 18.8
189 4.55932165912057e-06 18.9
190 4.568925838952405e-06 19
191 4.568386783743675e-06 19.1
192 4.579550577633005e-06 19.2
193 4.579202230506453e-06 19.3
194 4.592210627750914e-06 19.4
195 4.592521227066305e-06 19.5
196 4.606367036041665e-06 19.6
197 4.606772910158884e-06 19.7
198 4.62213191464986e-06 19.8
199 4.622824956964716e-06 19.9
200 4.639623596775526e-06 20
201 4.640449919164486e-06 20.1
202 4.659002904719177e-06 20.2
203 4.65993640706977e-06 20.3
204 4.680021246478888e-06 20.4
205 4.681094718580226e-06 20.5
206 4.702429573498894e-06 20.6
207 4.703575257985755e-06 20.7
208 4.725776200604515e-06 20.8
209 4.727075546551722e-06 20.9
210 4.75053772459061e-06 21
211 4.757304896795022e-06 21.1
212 4.779497042758888e-06 21.2
213 4.780875580137628e-06 21.3
214 4.805666917345379e-06 21.4
215 4.812760019758141e-06 21.5
216 4.836367337847741e-06 21.6
217 4.837838377730779e-06 21.7
218 4.865032327233919e-06 21.8
219 4.872611542869591e-06 21.9
220 4.898702747624866e-06 22
221 4.900350134088999e-06 22.1
222 4.930968124175738e-06 22.2
223 4.939423372086023e-06 22.3
224 4.97072910129964e-06 22.4
225 4.972560226404462e-06 22.5
226 5.005571041108324e-06 22.6
227 5.014657092027223e-06 22.7
228 5.048719293686755e-06 22.8
229 5.05808713628153e-06 22.9
230 5.094420719654753e-06 23
231 5.09718192546389e-06 23.1
232 5.138005482343291e-06 23.2
233 5.1483441490858e-06 23.3
234 5.191499577364854e-06 23.4
235 5.202584244941168e-06 23.5
236 5.246915426562676e-06 23.6
237 5.258153400921474e-06 23.7
238 5.304138658054551e-06 23.8
239 5.316245678046278e-06 23.9
240 5.358367191818511e-06 24
241 5.366217098046555e-06 24.1
242 5.391288923139296e-06 24.2
243 5.457883929962754e-06 24.3
244 5.4742799717593e-06 24.4
245 5.531859279343893e-06 24.5
246 5.541639600496138e-06 24.6
247 5.572279239117989e-06 24.7
248 5.652725441138729e-06 24.8
249 5.66769424005364e-06 24.9
250 5.703081205941182e-06 25
251 5.7874549172713e-06 25.1
252 5.802797437833704e-06 25.2
253 5.842842092024672e-06 25.3
254 5.93758264592317e-06 25.4
255 5.95412779794161e-06 25.5
256 5.998174034088503e-06 25.6
257 6.106351931171212e-06 25.7
258 6.126418158414473e-06 25.8
259 6.17748513391509e-06 25.9
260 6.300198025481692e-06 26
261 6.322012890667369e-06 26.1
262 6.380123987815439e-06 26.2
263 6.525482229702224e-06 26.3
264 6.550134386284189e-06 26.4
265 6.616567146195047e-06 26.5
266 6.809721419842099e-06 26.6
267 6.843976512296053e-06 26.7
268 6.915424164138614e-06 26.8
269 7.115019859956589e-06 26.9
270 7.147389225050006e-06 27
271 7.231484264229115e-06 27.1
272 7.4675507905461e-06 27.2
273 7.505649912454397e-06 27.3
274 7.595887660102374e-06 27.4
275 7.870930227291239e-06 27.5
276 7.920145624773835e-06 27.6
277 8.031929659699081e-06 27.7
278 8.424910952782406e-06 27.8
279 8.487535600507498e-06 27.9
280 8.616744259868308e-06 28
281 9.053730573373395e-06 28.1
282 9.121878568617845e-06 28.2
283 9.284372558875104e-06 28.3
284 9.903608005835401e-06 28.4
285 9.99413173229484e-06 28.5
286 1.020500537299566e-05 28.6
287 1.104934883633722e-05 28.7
288 1.117101242702287e-05 28.8
289 1.143098176348932e-05 28.9
290 1.252239192497711e-05 29
291 1.281305740939788e-05 29.1
292 1.31848689953701e-05 29.2
293 1.482501891282017e-05 29.3
294 1.526710129439617e-05 29.4
295 1.581715022809022e-05 29.5
296 1.826073677668969e-05 29.6
297 1.899522148424498e-05 29.7
298 1.985932793024764e-05 29.8
299 2.434367574035789e-05 29.9
300 2.604928429524419e-05 30
301 2.763913210492019e-05 30.1
302 3.622747160692017e-05 30.2
303 3.995930113504489e-05 30.3
304 4.382126022427364e-05 30.4
305 6.009932851004513e-05 30.5
306 6.785527138429875e-05 30.6
307 7.365760597654927e-05 30.7
308 0.0001015997564295153 30.8
309 0.0001175589780695275 30.9
310 0.0001288723019400938 31
311 0.0001641287238190536 31.1
312 0.0001847527604785365 31.2
313 0.0002003783871069381 31.3
314 0.0002427985263928194 31.4
315 0.0002696385260375004 31.5
316 0.0002917370551145853 31.6
317 0.0003433426959855408 31.7
318 0.0003777683430497999 31.8
319 0.0004051459110371581 31.9
320 0.0004545363429691911 32
321 0.0005466578269346791 32.1
322 0.000700578815486828 32.2
323 0.0008875650567417752 32.3
324 0.001078548563614987 32.4
325 0.001269539232374213 32.5
326 0.001460656646532733 32.6
327 0.001651917982333284 32.7
328 0.001843436949121271 32.8
329 0.002035083012931155 32.9
330 0.002226731423680606 33
331 0.002418240711704032 33.1
332 0.002609505186191749 33.2
333 0.002800453830695425 33.3
334 0.002991090469381234 33.4
335 0.003181600097057559 33.5
336 0.003371992199509121 33.6
337 0.003549349243819437 33.7
338 0.003726687505890363 33.8
339 0.00390363831051057 33.9
340 0.004080751516368553 34
341 0.004257713548913933 34.1
342 0.004435020351898079 34.2
343 0.004611640841532667 34.3
344 0.004788469021091147 34.4
345 0.004965052844289507 34.5
346 0.005141707838881993 34.6
347 0.005318618661653286 34.7
348 0.005495304077784328 34.8
349 0.005672155097406368 34.9
350 0.005849178636965598 35
351 0.006025919687859232 35.1
352 0.006202348876848299 35.2
353 0.006378813551271156 35.3
354 0.006555027680295352 35.4
355 0.006731330325157398 35.5
356 0.006907647387901346 35.6
357 0.007084388422703541 35.7
358 0.007260544122361121 35.8
359 0.007436732322253091 35.9
360 0.007613092276862792 36
361 0.007789191999659153 36.1
362 0.007965125369175308 36.2
363 0.008141070894508703 36.3
364 0.008317383405074872 36.4
365 0.008493152427923959 36.5
366 0.008669145823674248 36.6
367 0.008845096576969379 36.7
368 0.009020782621718447 36.8
369 0.009196250214152366 36.9
370 0.009371573466186049 37
371 0.009547211313128775 37.1
372 0.009722751848882553 37.2
373 0.009898389783104816 37.3
374 0.01007382800280351 37.4
375 0.01024937139027985 37.5
376 0.01042503890625083 37.6
377 0.01060010191095468 37.7
378 0.01077512722573505 37.8
379 0.01095064922045319 37.9
380 0.01112596380331073 38
381 0.0113011073302084 38.1
382 0.01147619942695085 38.2
383 0.01165161407552799 38.3
384 0.01182666612668007 38.40000000000001
385 0.01200164298615518 38.5
386 0.01217669257836398 38.6
387 0.0123518552099764 38.7
388 0.01252650887315767 38.8
389 0.01270108548388502 38.90000000000001
390 0.01287604427380866 39
391 0.01305085434686203 39.1
392 0.01322560652163265 39.2
393 0.01339999438157829 39.3
394 0.0135747479447399 39.40000000000001
395 0.01374916121997509 39.5
396 0.01392368364974759 39.6
397 0.01409774768891429 39.7
398 0.01427235185342947 39.8
399 0.01444668395687956 39.90000000000001
400 0.01462090950669175 40
401 0.01479489171222265 40.1
402 0.01496852707295303 40.2
403 0.01514233159465871 40.3
404 0.01531606687533397 40.40000000000001
405 0.01548987119490743 40.5
406 0.01566337281975619 40.6
407 0.01583754349059172 40.7
408 0.01601113356556963 40.8
409 0.01618482342714863 40.90000000000001
410 0.01635875102674922 41
411 0.01653252968110434 41.1
412 0.01670623699988403 41.2
413 0.01687966192714157 41.3
414 0.01705291611443309 41.40000000000001
415 0.01722666726188102 41.5
416 0.01740014655435944 41.6
417 0.01757342656794604 41.7
418 0.01774673266803317 41.8
419 0.01791988665597061 41.90000000000001
420 0.01809341574410035 42
421 0.01826659074154969 42.1
422 0.01843973195398085 42.2
423 0.01861323984887636 42.3
424 0.01878611947097323 42.40000000000001
425 0.01895877184129062 42.5
426 0.01913169781738685 42.6
427 0.01930445782280707 42.7
428 0.01947753098888402 42.8
429 0.01965042343749117 42.90000000000001
430 0.01982325676782454 43
431 0.01999557034999907 43.1
432 0.02016808592322732 43.2
433 0.02034083330947691 43.3
434 0.02051348079749839 43.40000000000001
435 0.02068607391608543 43.5
436 0.02085849034695126 43.6
437 0.02103096873451412 43.7
438 0.02120294123555945 43.8
439 0.02137544300404782 43.90000000000001
440 0.0215473566559726 44
441 0.0217197671637455 44.1
442 0.02189223778483332 44.2
443 0.02206442793353816 44.3
444 0.02223643947588098 44.40000000000001
445 0.02240807083174035 44.5
446 0.02257987861171085 44.6
447 0.02275213440294814 44.7
448 0.02292409161294464 44.8
449 0.02309570784263082 44.90000000000001
450 0.02326784920725544 45
451 0.02343922255423857 45.1
452 0.02361037920661188 45.2
453 0.02378194694710962 45.3
454 0.02395337937853731 45.40000000000001
455 0.02412507702547034 45.5
456 0.02429639107148581 45.6
457 0.02446756954579154 45.7
458 0.02463860748116004 45.8
459 0.02480958130619796 45.90000000000001
460 0.02498035305121798 46
461 0.02515121336706191 46.1
462 0.02532266777896678 46.2
463 0.02549367358970549 46.3
464 0.02566522249099237 46.40000000000001
465 0.02583583352297448 46.5
466 0.02600674163722794 46.6
467 0.02617716678633365 46.7
468 0.02634789724821078 46.8
469 0.02651844642182608 46.90000000000001
470 0.02668859871212517 47
471 0.02685916843938462 47.1
472 0.02703002414800216 47.2
473 0.02720029761340161 47.3
474 0.02737106918035791 47.40000000000001
475 0.02754161430321793 47.5
476 0.02771173700193801 47.6
477 0.02788231858524099 47.7
478 0.02805225562062604 47.8
479 0.02822209611106558 47.90000000000001
480 0.02839232458279587 48
481 0.02856238936745529 48.1
482 0.02873219081871596 48.2
483 0.02890197209379965 48.3
484 0.02907202960367581 48.40000000000001
485 0.02924243654162695 48.5
486 0.02941266398802741 48.6
487 0.0295827888827247 48.7
488 0.02975266693466011 48.8
489 0.0299226437246695 48.90000000000001
490 0.03009235054428201 49
491 0.03026195655460655 49.1
492 0.03043128233415003 49.2
493 0.0306008330450027 49.3
494 0.03077047071513302 49.40000000000001
495 0.03093981278019122 49.5
496 0.03110946874692895 49.6
497 0.03127925481902274 49.7
498 0.03144821273512154 49.8
499 0.03161736902613983 49.90000000000001
500 0.03178621829875928 50
501 0.03180438881194409 50.01
502 0.03182287333256902 50.02
503 0.03184177532344743 50.03
504 0.03186103100234734 50.04
505 0.03188099365890079 50.05
506 0.03190167049892308 50.06
507 0.03192309129126387 50.07
508 0.0319452515603819 50.08
509 0.03196812695943312 50.09
510 0.03199172622110002 50.1
511 0.03201604795461565 50.11
512 0.03204110064069975 50.12
513 0.03206683453663008 50.13
514 0.03209317366244548 50.14
515 0.03212002984903417 50.15
516 0.03214734439795287 50.16
517 0.03217516526051923 50.17
518 0.03220361489113704 50.18
519 0.03223268975259013 50.19
520 0.03226267597639767 50.2
521 0.03229358269602743 50.21
522 0.03232550373167684 50.22
523 0.03235851817049297 50.23
524 0.03239270268456889 50.24
525 0.03242812745907519 50.25
526 0.03246487152408863 50.26
527 0.032503034755208 50.27
528 0.03254264834133817 50.28
529 0.03258384641004312 50.29
530 0.03262668437758508 50.3
531 0.0326712376071925 50.31
532 0.03271758200801602 50.32
533 0.03276579733931327 50.33
534 0.03281595705852126 50.34
535 0.0328681165611657 50.35
536 0.03292239439120612 50.36
537 0.0329788772795415 50.37
538 0.03303765742023267 50.38
539 0.03309883765807191 50.39
540 0.03316251319641113 50.4
541 0.03322879111138075 50.41
542 0.03329778195523933 50.42
543 0.03336960441859828 50.43
544 0.03344437190848592 50.44
545 0.03352221025057652 50.45
546 0.0336032497164869 50.46
547 0.03368760924333981 50.47
548 0.03377541678307906 50.48
549 0.03386681327364682 50.49
550 0.03396191818528928 50.5
551 0.03406085332906729 50.51
552 0.03416373525129515 50.52
553 0.03427068251704236 50.53
554 0.03438180015605428 50.54
555 0.03449716864064407 50.55
556 0.03461074978582213 50.56
557 0.03471818631377031 50.57
558 0.0348037116154482 50.58
559 0.03483461402441691 50.59
560 0.03476314401480729 50.6
561 0.03455801049130276 50.61
562 0.03417590986640855 50.62
563 0.03355134093023947 50.63
564 0.03260864085415627 50.64
565 0.03134941663942796 50.65
566 0.02984140922154061 50.66
567 0.02811556881000922 50.67
568 0.0261844009501214 50.68
569 0.0240928339573061 50.69
570 0.02192734555335861 50.7
571 0.01980859116255285 50.71
572 0.01786019904758391 50.72
573 0.01614502189569208 50.73
574 0.01467123829786491 50.74
575 0.01341523300633378 50.75
576 0.01236942602648625 50.76
577 0.01146104534018665 50.77
578 0.01060463742317727 50.78
579 0.009742913347237297 50.79
580 0.008860528743515056 50.8
581 0.007979352926937 50.81
582 0.007115478235296633 50.82
583 0.006287223277771433 50.83
584 0.00550855275612014 50.84
585 0.004784900384274988 50.85
586 0.004114952524602671 50.86
587 0.003495575895129835 50.87
588 0.002925140170516286 50.88
589 0.002401333286273653 50.89
590 0.001926608066169791 50.9
591 0.001506533172215796 50.91
592 0.001145828146621648 50.92
593 0.0008448754812431903 50.93
594 0.0006009784345844894 50.94
595 0.0004057956160181932 50.95
596 0.0002510765788666161 50.96
597 0.0001377713556070339 50.97
598 6.680248059805277e-05 50.98
599 3.040915789930879e-05 50.99
600 1.57021238083629e-05 51
601 1.187567238712777e-05 51.01
602 1.097815694586098e-05 51.02
603 1.040425473087785e-05 51.03
604 9.919232277464154e-06 51.04
605 9.502270754828051e-06 51.05
606 9.125714120730215e-06 51.06
607 8.792888747461721e-06 51.07
608 8.517277676890934e-06 51.08
609 8.278132850780184e-06 51.09
610 8.081937264790677e-06 51.1
611 7.919471680796902e-06 51.11
612 7.783979421316078e-06 51.12
613 7.677552963337973e-06 51.13
614 7.606271924652191e-06 51.14
615 7.560314611389815e-06 51.15
616 7.539384309702085e-06 51.16
617 7.544767109410593e-06 51.17
618 7.576463284527337e-06 51.18
619 7.631891268409319e-06 51.19
620 7.71326236488256e-06 51.2
621 7.832480631015067e-06 51.21
622 7.981730548060267e-06 51.22
623 8.161311613935468e-06 51.23
624 8.372267807848199e-06 51.24
625 8.613497843849503e-06 51.25
626 8.893795187377538e-06 51.26
627 9.210124168778686e-06 51.27
628 9.562384270369305e-06 51.28
629 9.956870761593844e-06 51.29
630 1.039854405239119e-05 51.3
631 1.090348686973751e-05 51.31
632 1.144454163425411e-05 51.32
633 1.204206774227591e-05 51.33
634 1.270210497161035e-05 51.34
635 1.343142778871604e-05 51.35
636 1.422125138170082e-05 51.36
637 1.509727794541847e-05 51.37
638 1.605770104422603e-05 51.38
639 1.712112777033106e-05 51.39
640 1.83093622690142e-05 51.4
641 1.960529695776985e-05 51.41
642 2.101581637755676e-05 51.42
643 2.252822055419413e-05 51.43
644 2.418881433275732e-05 51.44
645 2.595747719641328e-05 51.45
646 2.782151696615619e-05 51.46
647 2.978637031505062e-05 51.47
648 3.183125305558712e-05 51.48
649 3.392719060125038e-05 51.49
650 3.604709872057202e-05 51.5
651 3.821043180484859e-05 51.51
652 4.038181424206684e-05 51.52
653 4.257921735864521e-05 51.53
654 4.479526951743167e-05 51.54
655 4.707608331157028e-05 51.55
656 4.921899963283829e-05 51.56
657 5.145420206936609e-05 51.57
658 5.376372117408306e-05 51.58
659 5.602688320571848e-05 51.59
660 5.800578275584451e-05 51.6
661 5.99596107373782e-05 51.61
662 6.144349421439071e-05 51.62
663 6.277080216851152e-05 51.63
664 6.381735093111288e-05 51.64
665 6.472600293910124e-05 51.65
666 6.539109855075677e-05 51.66
667 6.587879759084639e-05 51.67
668 6.625285043245439e-05 51.68
669 6.642111179407819e-05 51.69
670 6.640838285844172e-05 51.7
671 6.619635787866743e-05 51.71
672 6.579921486096252e-05 51.72
673 6.52461241067044e-05 51.73
674 6.453834902465451e-05 51.74
675 6.369678168297073e-05 51.75
676 6.272079994509181e-05 51.76
677 6.163215890198946e-05 51.77
678 6.042675203950261e-05 51.78
679 5.913964008635731e-05 51.79
680 5.777070757983841e-05 51.8
681 5.632664420789473e-05 51.81
682 5.481884655606098e-05 51.82
683 5.322865043004256e-05 51.83
684 5.164276401325115e-05 51.84
685 5.000106096368801e-05 51.85
686 4.828881257514499e-05 51.86
687 4.654241269894815e-05 51.87
688 4.476949037105417e-05 51.88
689 4.297717115352085e-05 51.89
690 4.120831634551704e-05 51.9
691 3.947295556970333e-05 51.91
692 3.778865476512976e-05 51.92
693 3.612720463258131e-05 51.93
694 3.44914119712956e-05 51.94
695 3.287891602131446e-05 51.95
696 3.135976258879145e-05 51.96
697 2.992286599116228e-05 51.97
698 2.853996092647234e-05 51.98
699 2.722710282227778e-05 51.99
700 2.595762854292425e-05 52
701 2.473963131855079e-05 52.01
702 2.358301305836853e-05 52.02
703 2.248419942277187e-05 52.03
704 2.143141594557389e-05 52.04
705 2.042076445865735e-05 52.05
706 1.948017008964059e-05 52.06
707 1.86205354200111e-05 52.07
708 1.784817030702421e-05 52.08
709 1.711903267895721e-05 52.09
710 1.643138820025052e-05 52.1
711 1.579852212337226e-05 52.11
712 1.521679032538781e-05 52.12
713 1.468565926027611e-05 52.13
714 1.419866380275062e-05 52.14
715 1.376762022149355e-05 52.15
716 1.338224774326662e-05 52.16
717 1.302671300816985e-05 52.17
718 1.270682273802071e-05 52.18
719 1.24164157305646e-05 52.19
720 1.215045680271247e-05 52.2
721 1.190922519230572e-05 52.21
722 1.169302365256262e-05 52.22
723 1.149944436293934e-05 52.23
724 1.132968020127451e-05 52.24
725 1.118149763229342e-05 52.25
726 1.10564446040784e-05 52.26
727 1.095179849507951e-05 52.27
728 1.086690637167987e-05 52.28
729 1.080017507949425e-05 52.29
730 1.075265852045002e-05 52.3
731 1.071751945142255e-05 52.31
732 1.070560459548821e-05 52.32
733 1.070886426583034e-05 52.33
734 1.07307787835508e-05 52.34
735 1.077308155738146e-05 52.35
736 1.083414368211773e-05 52.36
737 1.091405166501234e-05 52.37
738 1.101182184835984e-05 52.38
739 1.112747765038663e-05 52.39
740 1.126449391960406e-05 52.4
741 1.142422443836195e-05 52.41
742 1.160499285312265e-05 52.42
743 1.180744965202921e-05 52.43
744 1.203204911870756e-05 52.44
745 1.228071808391746e-05 52.45
746 1.255295002287392e-05 52.46
747 1.285356678018066e-05 52.47
748 1.318807031602802e-05 52.48
749 1.354949415631131e-05 52.49
750 1.394305671510843e-05 52.5
751 1.437073028581312e-05 52.51
752 1.483463430106022e-05 52.52
753 1.534675245127098e-05 52.53
754 1.590325932602144e-05 52.54
755 1.649678144415243e-05 52.55
756 1.713580741092117e-05 52.56
757 1.781478862386372e-05 52.57
758 1.855728666175604e-05 52.58
759 1.936983581776797e-05 52.59
760 2.026425717113765e-05 52.6
761 2.122948459937628e-05 52.61
762 2.227558895380248e-05 52.62
763 2.339035328586078e-05 52.63
764 2.457241986264411e-05 52.64
765 2.581829769203316e-05 52.65
766 2.712081467161581e-05 52.66
767 2.851424892391207e-05 52.67
768 2.99827737755673e-05 52.68
769 3.149421514432417e-05 52.69
770 3.306408790957116e-05 52.7
771 3.467361710803032e-05 52.71
772 3.630035003844815e-05 52.72
773 3.794289721650818e-05 52.73
774 3.960318541954047e-05 52.74
775 4.128964246511882e-05 52.75
776 4.288400960705708e-05 52.76
777 4.452615302442918e-05 52.77
778 4.620274800145302e-05 52.78
779 4.78633476438095e-05 52.79
780 4.943488440861116e-05 52.8
781 5.107440151634736e-05 52.81
782 5.262662604505729e-05 52.82
783 5.395411266620768e-05 52.83
784 5.495220286898034e-05 52.84
785 5.581472738829111e-05 52.85
786 5.652618050058068e-05 52.86
787 5.701533871688471e-05 52.87
788 5.737220838617516e-05 52.88
789 5.759967265377813e-05 52.89
790 5.761997277231699e-05 52.9
791 5.745605978090564e-05 52.91
792 5.717084779909969e-05 52.92
793 5.672953548090499e-05 52.93
794 5.613677394025506e-05 52.94
795 5.539133153126369e-05 52.95
796 5.449798528055279e-05 52.96
797 5.348738209031101e-05 52.97
798 5.239781452616949e-05 52.98
799 5.1229945782591e-05 52.99
800 4.999780457616038e-05 53
801 4.873083251057851e-05 53.01
802 4.742186359043226e-05 53.02
803 4.609581227480648e-05 53.03
804 4.471791841016533e-05 53.04
805 4.333011349697523e-05 53.05
806 4.191771756309379e-05 53.06
807 4.049444380180822e-05 53.07
808 3.907868582019859e-05 53.08
809 3.76485309478115e-05 53.09
810 3.623060427410247e-05 53.1
811 3.484866534837687e-05 53.11
812 3.348541890377804e-05 53.12
813 3.214963380227549e-05 53.13
814 3.085451758919185e-05 53.14
815 2.961154046970962e-05 53.15
816 2.841558888645683e-05 53.16
817 2.726155809548444e-05 53.17
818 2.614900747425797e-05 53.18
819 2.510492124871274e-05 53.19
820 2.410613537243758e-05 53.2
821 2.318327783495842e-05 53.21
822 2.234136188217546e-05 53.22
823 2.155870132116561e-05 53.23
824 2.082523335941384e-05 53.24
825 2.012406163355668e-05 53.25
826 1.946624140499755e-05 53.26
827 1.885802629507748e-05 53.27
828 1.829179895133065e-05 53.28
829 1.77707998473128e-05 53.29
830 1.729062478662964e-05 53.3
831 1.684852768168926e-05 53.31
832 1.643974171291062e-05 53.32
833 1.607126667234799e-05 53.33
834 1.573934678407355e-05 53.34
835 1.543973172583741e-05 53.35
836 1.51647012747918e-05 53.36
837 1.491608090823008e-05 53.37
838 1.469250210684057e-05 53.38
839 1.449384342289493e-05 53.39
840 1.4314819225595e-05 53.4
841 1.416207473266452e-05 53.41
842 1.402994411116936e-05 53.42
843 1.392764656283846e-05 53.43
844 1.385094874416199e-05 53.44
845 1.380033007183492e-05 53.45
846 1.377309754602327e-05 53.46
847 1.376595343308668e-05 53.47
848 1.37810252099013e-05 53.48
849 1.381527981149887e-05 53.49
850 1.386950530861397e-05 53.5
851 1.394623025043988e-05 53.51
852 1.404629227748701e-05 53.52
853 1.416887902785922e-05 53.53
854 1.431354184068124e-05 53.54
855 1.448055467491928e-05 53.55
856 1.466990806250006e-05 53.56
857 1.488284960474337e-05 53.57
858 1.512015230669961e-05 53.58
859 1.538048814770864e-05 53.59
860 1.567276605938975e-05 53.6
861 1.600721420995447e-05 53.61
862 1.637904740485699e-05 53.62
863 1.678144141475491e-05 53.63
864 1.722221597792607e-05 53.64
865 1.770346029512079e-05 53.65
866 1.822613608931017e-05 53.66
867 1.878837811129833e-05 53.67
868 1.939471158565962e-05 53.68
869 2.005639534730716e-05 53.69
870 2.077861082347701e-05 53.7
871 2.15524759589017e-05 53.71
872 2.237016883333047e-05 53.72
873 2.323180966633427e-05 53.73
874 2.414805827732336e-05 53.74
875 2.514164825163902e-05 53.75
876 2.620310886989388e-05 53.76
877 2.732308195328599e-05 53.77
878 2.849790744878523e-05 53.78
879 2.974034221525888e-05 53.79
880 3.103958863286084e-05 53.8
881 3.239533629175478e-05 53.81
882 3.379289636808988e-05 53.82
883 3.524680247593487e-05 53.83
884 3.676354978521616e-05 53.84
885 3.830562440249228e-05 53.85
886 3.984477975555511e-05 53.86
887 4.13863710229831e-05 53.87
888 4.294516071120727e-05 53.88
889 4.448656871834099e-05 53.89
890 4.602566458037227e-05 53.9
891 4.757480121271353e-05 53.91
892 4.908293782087183e-05 53.92
893 5.062192758905614e-05 53.93
894 5.203443984327551e-05 53.94
895 5.338755374703194e-05 53.95
896 5.464247070883744e-05 53.96
897 5.573523078588806e-05 53.97
898 5.654098112050234e-05 53.98
899 5.712942286750658e-05 53.99
900 5.753657876607876e-05 54
901 5.765899733540432e-05 54.01
902 5.742590235186566e-05 54.02
903 5.69248627386071e-05 54.03
904 5.624525765146468e-05 54.04
905 5.541599512595853e-05 54.05
906 5.446286806891319e-05 54.06
907 5.342637248411158e-05 54.07
908 5.233997311523211e-05 54.08
909 5.122073400387178e-05 54.09
910 5.004752316486582e-05 54.1
911 4.879009204785161e-05 54.11
912 4.745239480457851e-05 54.12
913 4.609895278118691e-05 54.13
914 4.470697280951749e-05 54.14
915 4.330240764544367e-05 54.15
916 4.187893237582111e-05 54.16
917 4.046557726334588e-05 54.17
918 3.905545988757867e-05 54.18
919 3.762175088766053e-05 54.19
920 3.622893169481823e-05 54.2
921 3.487977898399744e-05 54.21
922 3.356888105936807e-05 54.22
923 3.22921185044353e-05 54.23
924 3.103767773681875e-05 54.24
925 2.98182851255198e-05 54.25
926 2.864101695749461e-05 54.26
927 2.75150080996291e-05 54.27
928 2.644233106771742e-05 54.28
929 2.542816754706287e-05 54.29
930 2.44727663355884e-05 54.3
931 2.35743820552226e-05 54.31
932 2.274138384795687e-05 54.32
933 2.195626006983748e-05 54.33
934 2.122260972153487e-05 54.34
935 2.053701222386675e-05 54.35
936 1.990414416086038e-05 54.36
937 1.931986664929384e-05 54.37
938 1.879191450100795e-05 54.38
939 1.83027307608549e-05 54.39
940 1.784966762044101e-05 54.4
941 1.742661991219513e-05 54.41
942 1.704196085147006e-05 54.42
943 1.669893442256093e-05 54.43
944 1.638504299932369e-05 54.44
945 1.609369858126904e-05 54.45
946 1.584300504098673e-05 54.46
947 1.562546098305323e-05 54.47
948 1.543261586060899e-05 54.48
949 1.526050581539373e-05 54.49
950 1.511344828908284e-05 54.5
951 1.499238467986601e-05 54.51
952 1.489466949024702e-05 54.52
953 1.482531521716828e-05 54.53
954 1.477855102271275e-05 54.54
955 1.47584115042529e-05 54.55
956 1.477100970940349e-05 54.56
957 1.480624613528131e-05 54.57
958 1.486503103488163e-05 54.58
959 1.494574865690966e-05 54.59
960 1.505023835240397e-05 54.6
961 1.518297309724666e-05 54.61
962 1.534026653391199e-05 54.62
963 1.552485895922217e-05 54.63
964 1.573711601530472e-05 54.64
965 1.597610567743363e-05 54.65
966 1.62432325769335e-05 54.66
967 1.653547811162472e-05 54.67
968 1.685174604195036e-05 54.68
969 1.719591098304938e-05 54.69
970 1.757596557047716e-05 54.7
971 1.798471952846622e-05 54.71
972 1.842846665571775e-05 54.72
973 1.891161459643827e-05 54.73
974 1.944249068074608e-05 54.74
975 2.001551592941329e-05 54.75
976 2.062770744012664e-05 54.76
977 2.127171833936158e-05 54.77
978 2.195663161083777e-05 54.78
979 2.268984385833853e-05 54.79
980 2.346960115152292e-05 54.8
981 2.429724050034493e-05 54.81
982 2.517425575264173e-05 54.82
983 2.611274674810398e-05 54.83
984 2.711987747313733e-05 54.84
985 2.819047593937558e-05 54.85
986 2.93170243924013e-05 54.86
987 3.051183931967167e-05 54.87
988 3.177814655030092e-05 54.88
989 3.311267439922653e-05 54.89
990 3.451571582836696e-05 54.9
991 3.597099318886595e-05 54.91
992 3.745929029168828e-05 54.92
993 3.899669161230456e-05 54.93
994 4.059195801719013e-05 54.94
995 4.211556223705555e-05 54.95
996 4.364297997570139e-05 54.96
997 4.516707073018986e-05 54.97
998 4.674764821887355e-05 54.98
999 4.838386965318109e-05 54.99
1000 4.989208472442736e-05 55
1001 5.143202069162276e-05 55.01
1002 5.295530817058661e-05 55.02
1003 5.438579157000194e-05 55.03
1004 5.561849943966636e-05 55.04
1005 5.658348059317047e-05 55.05
1006 5.721093476740638e-05 55.06
1007 5.747697464553225e-05 55.07
1008 5.741005206453554e-05 55.08
1009 5.703805166517185e-05 55.09
1010 5.644019368618587e-05 55.1
1011 5.55844708110248e-05 55.11
1012 5.45534311681687e-05 55.12
1013 5.34122351766666e-05 55.13
1014 5.21625245404176e-05 55.14
1015 5.080968344393433e-05 55.15
1016 4.936664974897129e-05 55.16
1017 4.791610754679906e-05 55.17
1018 4.649297720660145e-05 55.18
1019 4.510974762452338e-05 55.19
1020 4.373189984817016e-05 55.2
1021 4.233671526435168e-05 55.21
1022 4.094115770746787e-05 55.22
1023 3.952750242863431e-05 55.23
1024 3.811203974426208e-05 55.24
1025 3.666075729585141e-05 55.25
1026 3.525131018426774e-05 55.26
1027 3.390375209639438e-05 55.27
1028 3.254749961256283e-05 55.28
1029 3.12665458471119e-05 55.29
1030 3.006407877279386e-05 55.3
1031 2.891578287792005e-05 55.31
1032 2.779780125588964e-05 55.32
1033 2.672218643941856e-05 55.33
1034 2.569370623135877e-05 55.34
1035 2.475111068534708e-05 55.35
1036 2.384958096327216e-05 55.36
1037 2.298905712491089e-05 55.37
1038 2.216882620384934e-05 55.38
1039 2.139716503053563e-05 55.39
1040 2.068643354830254e-05 55.4
1041 2.002901048741766e-05 55.41
1042 1.942889503648997e-05 55.42
1043 1.889020624727187e-05 55.43
1044 1.839344963940082e-05 55.44
1045 1.793558529342287e-05 55.45
1046 1.751340467826353e-05 55.46
1047 1.711953252448559e-05 55.47
1048 1.676290575984011e-05 55.48
1049 1.645382808144147e-05 55.49
1050 1.618270645017643e-05 55.5
1051 1.594067025448291e-05 55.51
1052 1.57250238888774e-05 55.52
1053 1.55403766203721e-05 55.53
1054 1.538456746625047e-05 55.54
1055 1.525558031117684e-05 55.55
1056 1.515425721580059e-05 55.56
1057 1.507725413877941e-05 55.57
1058 1.503289327895593e-05 55.58
1059 1.501761337830013e-05 55.59
1060 1.502740984921326e-05 55.6
1061 1.50609881872688e-05 55.61
1062 1.511964673691088e-05 55.62
1063 1.520456002165321e-05 55.63
1064 1.531862607986898e-05 55.64
1065 1.54665566541115e-05 55.65
1066 1.564090326612664e-05 55.66
1067 1.583557032746111e-05 55.67
1068 1.604867768717316e-05 55.68
1069 1.628272067264588e-05 55.69
1070 1.654037923182456e-05 55.7
1071 1.682344379594989e-05 55.71
1072 1.713478410340233e-05 55.72
1073 1.746976662818568e-05 55.73
1074 1.78292908945493e-05 55.74
1075 1.821929167614239e-05 55.75
1076 1.864957851281528e-05 55.76
1077 1.912277598279903e-05 55.77
1078 1.963282049425451e-05 55.78
1079 2.017821386785571e-05 55.79
1080 2.075489590197958e-05 55.8
1081 2.136722055327348e-05 55.81
1082 2.200860896973378e-05 55.82
1083 2.269010221265089e-05 55.83
1084 2.341269658978942e-05 55.84
1085 2.418255694404946e-05 55.85
1086 2.501155632178178e-05 55.86
1087 2.588602667930563e-05 55.87
1088 2.683166178675832e-05 55.88
1089 2.784062200553319e-05 55.89
1090 2.890238619239109e-05 55.9
1091 3.001528338366677e-05 55.91
1092 3.119219304409417e-05 55.92
1093 3.243203098361464e-05 55.93
1094 3.372453345216271e-05 55.94
1095 3.507758866192941e-05 55.95
1096 3.648811538205075e-05 55.96
1097 3.794681015650802e-05 55.97
1098 3.943292092674546e-05 55.98
1099 4.099051614682184e-05 55.99
1100 4.254838222892101e-05 56
1101 4.415223587050412e-05 56.01
1102 4.565221988527521e-05 56.02
1103 4.712502103487266e-05 56.03
1104 4.867159915403849e-05 56.04
1105 5.024453880966631e-05 56.05
1106 5.169322566129294e-05 56.06
1107 5.293182946129536e-05 56.07
1108 5.393563811458062e-05 56.08
1109 5.467036633884526e-05 56.09
1110 5.505348444361163e-05 56.1
1111 5.50970828386801e-05 56.11
1112 5.489795983223194e-05 56.12
1113 5.442539288823487e-05 56.13
1114 5.375394284721163e-05 56.14
1115 5.291263734799475e-05 56.15
1116 5.196973437340073e-05 56.16
1117 5.090699689154581e-05 56.17
1118 4.970059259197584e-05 56.18
1119 4.836907196617566e-05 56.19
1120 4.696292403593288e-05 56.2
1121 4.554504941184111e-05 56.21
1122 4.405453183417468e-05 56.22
1123 4.249716732112648e-05 56.23
1124 4.093010789513662e-05 56.24
1125 3.940176118989646e-05 56.25
1126 3.788575085804545e-05 56.26
1127 3.642092593899224e-05 56.27
1128 3.500657896432507e-05 56.28
1129 3.366296901970481e-05 56.29
1130 3.235273597796304e-05 56.3
1131 3.112273312263261e-05 56.31
1132 2.993935310917775e-05 56.32
1133 2.882535259132093e-05 56.33
1134 2.772246901677996e-05 56.34
1135 2.670120216011873e-05 56.35
1136 2.571102557532614e-05 56.36
1137 2.480398214363041e-05 56.37
1138 2.396563048500815e-05 56.38
1139 2.316870050970005e-05 56.39
1140 2.2394684859191e-05 56.4
1141 2.166675983422285e-05 56.41
1142 2.098404284051158e-05 56.42
1143 2.037558657322741e-05 56.43
1144 1.980660744919888e-05 56.44
1145 1.928282167416708e-05 56.45
1146 1.878450115843914e-05 56.46
1147 1.832228215808902e-05 56.47
1148 1.789451700964385e-05 56.48
1149 1.751178795657729e-05 56.49
1150 1.71666087621352e-05 56.5
1151 1.68723873481025e-05 56.51
1152 1.66240578348979e-05 56.52
1153 1.640831466707688e-05 56.53
1154 1.622081649187709e-05 56.54
1155 1.606275390872402e-05 56.55
1156 1.593056596571398e-05 56.56
1157 1.58251462056946e-05 56.57
1158 1.574395104879669e-05 56.58
1159 1.570046472125414e-05 56.59
1160 1.569033971742797e-05 56.6
1161 1.569530996188961e-05 56.61
1162 1.5730574723702e-05 56.62
1163 1.578439533016449e-05 56.63
1164 1.586805877231549e-05 56.64
1165 1.598558408875451e-05 56.65
1166 1.613116868397528e-05 56.66
1167 1.62998861350778e-05 56.67
1168 1.649216659271291e-05 56.68
1169 1.671429395535552e-05 56.69
1170 1.697268020624333e-05 56.7
1171 1.726181238865501e-05 56.71
1172 1.757922326947344e-05 56.72
1173 1.792746031435025e-05 56.73
1174 1.829944620666565e-05 56.74
1175 1.870580510669648e-05 56.75
1176 1.915005857878062e-05 56.76
1177 1.963022581999849e-05 56.77
1178 2.015120502001036e-05 56.78
1179 2.069556123197169e-05 56.79
1180 2.127479434857993e-05 56.8
1181 2.188715698074007e-05 56.81
1182 2.253289889854456e-05 56.82
1183 2.322116228719954e-05 56.83
1184 2.394282863626771e-05 56.84
1185 2.471689835445924e-05 56.85
1186 2.553581671955699e-05 56.86
1187 2.639639232822246e-05 56.87
1188 2.729943412660236e-05 56.88
1189 2.824080281655172e-05 56.89
1190 2.923094598975229e-05 56.9
1191 3.02751705193077e-05 56.91
1192 3.137473208485834e-05 56.92
1193 3.254228280753682e-05 56.93
1194 3.377567291612756e-05 56.94
1195 3.504981875137161e-05 56.95
1196 3.638878909449755e-05 56.96
1197 3.776500999904022e-05 56.97
1198 3.918805868161546e-05 56.98
1199 4.061069226107651e-05 56.99
1200 4.206139509691069e-05 57
1201 4.342658350218696e-05 57.01
1202 4.481929110263754e-05 57.02
1203 4.62219128567338e-05 57.03
1204 4.767215341849741e-05 57.04
1205 4.892250418358726e-05 57.05
1206 5.000368566664014e-05 57.06
1207 5.08775230055775e-05 57.07
1208 5.151152388642014e-05 57.08
1209 5.189693426143644e-05 57.09
1210 5.195195745036128e-05 57.1
1211 5.177617907370096e-05 57.11
1212 5.141363513009061e-05 57.12
1213 5.0907098382853e-05 57.13
1214 5.027336702659138e-05 57.14
1215 4.949461828217146e-05 57.15
1216 4.851958905550218e-05 57.16
1217 4.736723709136519e-05 57.17
1218 4.611620533206309e-05 57.18
1219 4.483267826250931e-05 57.19
1220 4.352020449151459e-05 57.2
1221 4.214851323623073e-05 57.21
1222 4.071628162489328e-05 57.22
1223 3.928726202476011e-05 57.23
1224 3.784012372000872e-05 57.24
1225 3.641694651047495e-05 57.25
1226 3.505119010870664e-05 57.26
1227 3.376533239723087e-05 57.27
1228 3.256873000578614e-05 57.28
1229 3.145248165610986e-05 57.29
1230 3.041923376734729e-05 57.3
1231 2.947765914412435e-05 57.31
1232 2.860249422747974e-05 57.32
1233 2.779646534032084e-05 57.33
1234 2.708389114759807e-05 57.34
1235 2.642505934999872e-05 57.35
1236 2.580912493151195e-05 57.36
1237 2.522969123246271e-05 57.37
1238 2.472533748104491e-05 57.38
1239 2.431062562131933e-05 57.39
1240 2.396530631452706e-05 57.4
1241 2.367353305972922e-05 57.41
1242 2.342131608102008e-05 57.42
1243 2.320762846660805e-05 57.43
1244 2.301287003151646e-05 57.44
1245 2.285489717156707e-05 57.45
1246 2.27403381963143e-05 57.46
1247 2.266862709498192e-05 57.47
1248 2.262878714183162e-05 57.48
1249 2.262107482836348e-05 57.49
1250 2.265603800739368e-05 57.5
1251 2.273187049222816e-05 57.51
1252 2.284226800192479e-05 57.52
1253 2.298561025569275e-05 57.53
1254 2.317585391965866e-05 57.54
1255 2.340589015916598e-05 57.55
1256 2.366444081618034e-05 57.56
1257 2.395282508220598e-05 57.57
1258 2.427591935627581e-05 57.58
1259 2.463773383559044e-05 57.59
1260 2.503613612641199e-05 57.6
1261 2.547298570813123e-05 57.61
1262 2.594270614431595e-05 57.62
1263 2.644759169303849e-05 57.63
1264 2.699179433566436e-05 57.64
1265 2.757544339611696e-05 57.65
1266 2.82063614756693e-05 57.66
1267 2.887130756022741e-05 57.67
1268 2.957463178858472e-05 57.68
1269 3.029862333517042e-05 57.69
1270 3.10815531573139e-05 57.7
1271 3.190094511938944e-05 57.71
1272 3.274662400005727e-05 57.72
1273 3.36309167820434e-05 57.73
1274 3.452050005192589e-05 57.74
1275 3.544969438290558e-05 57.75
1276 3.637979273361892e-05 57.76
1277 3.728895792734105e-05 57.77
1278 3.820666984007657e-05 57.78
1279 3.913031138519856e-05 57.79
1280 4.002788795307397e-05 57.8
1281 4.091727158550172e-05 57.81
1282 4.176362012828066e-05 57.82
1283 4.256421409245764e-05 57.83
1284 4.338664345039533e-05 57.84
1285 4.408113285954506e-05 57.85
1286 4.458261978412049e-05 57.86
1287 4.485364838071334e-05 57.87
1288 4.493502037897657e-05 57.88
1289 4.482895828018707e-05 57.89
1290 4.455515533779831e-05 57.9
1291 4.414369072048739e-05 57.91
1292 4.363696874718565e-05 57.92
1293 4.304948133046737e-05 57.93
1294 4.238328595121066e-05 57.94
1295 4.167811408192347e-05 57.95
1296 4.093185524132778e-05 57.96
1297 4.016237738524636e-05 57.97
1298 3.934529152759586e-05 57.98
1299 3.847735158085578e-05 57.99
1300 3.760878377492942e-05 58
1301 3.674211659152449e-05 58.01
1302 3.586539141170089e-05 58.02
1303 3.499574686133402e-05 58.03
1304 3.415253986544314e-05 58.04
1305 3.334994493885454e-05 58.05
1306 3.259344247010137e-05 58.06
1307 3.189299115756303e-05 58.07
1308 3.1274509441197e-05 58.08
1309 3.071931696156618e-05 58.09
1310 3.022559878120417e-05 58.1
1311 2.978879211189245e-05 58.11
1312 2.941346869661125e-05 58.12
1313 2.909187875282672e-05 58.13
1314 2.88304663274578e-05 58.14
1315 2.864387637441153e-05 58.15
1316 2.853415976715766e-05 58.16
1317 2.847882415773637e-05 58.17
1318 2.848364225928005e-05 58.18
1319 2.853242913888048e-05 58.19
1320 2.861044839458369e-05 58.2
1321 2.87179045324529e-05 58.21
1322 2.885945537028022e-05 58.22
1323 2.903375803196e-05 58.23
1324 2.923604791691943e-05 58.24
1325 2.948408353669837e-05 58.25
1326 2.976563506799301e-05 58.26
1327 3.010085224469354e-05 58.27
1328 3.046342964133311e-05 58.28
1329 3.085493063603235e-05 58.29
1330 3.127608861955895e-05 58.3
1331 3.173171824615738e-05 58.31
1332 3.22211076388066e-05 58.32
1333 3.273884350584718e-05 58.33
1334 3.329404250906366e-05 58.34
1335 3.386228358325732e-05 58.35
1336 3.445503811293552e-05 58.36
1337 3.508267719989279e-05 58.37
1338 3.574148605565925e-05 58.38
1339 3.640115002299563e-05 58.39
1340 3.708544460346254e-05 58.4
1341 3.776027202392767e-05 58.41
1342 3.840608038651251e-05 58.42
1343 3.904031542282549e-05 58.43
1344 3.964870245733757e-05 58.44
1345 4.018312877851528e-05 58.45
1346 4.058742127100543e-05 58.46
1347 4.083615896177944e-05 58.47
1348 4.094113818978575e-05 58.48
1349 4.090030879740517e-05 58.49
1350 4.072459182535542e-05 58.5
1351 4.047307750217632e-05 58.51
1352 4.014330956493841e-05 58.52
1353 3.974670603009661e-05 58.53
1354 3.930127221784285e-05 58.54
1355 3.881907626101935e-05 58.55
1356 3.82854798362661e-05 58.56
1357 3.770876971710768e-05 58.57
1358 3.709932477454625e-05 58.58
1359 3.646220847228744e-05 58.59
1360 3.580942991920284e-05 58.6
1361 3.51680104652959e-05 58.61
1362 3.455002643149096e-05 58.62
1363 3.396083659323983e-05 58.63
1364 3.339984862062466e-05 58.64
1365 3.28735909024841e-05 58.65
1366 3.238926652336386e-05 58.66
1367 3.194328834938559e-05 58.67
1368 3.153577800422035e-05 58.68
1369 3.117952560005972e-05 58.69
1370 3.087555579632301e-05 58.7
1371 3.062206807512828e-05 58.71
1372 3.041896905195059e-05 58.72
1373 3.025855156596105e-05 58.73
1374 3.014107266974353e-05 58.74
1375 3.007257455420378e-05 58.75
1376 3.005861895898488e-05 58.76
1377 3.010709039519441e-05 58.77
1378 3.020016901201102e-05 58.78
1379 3.032002190420206e-05 58.79
1380 3.045933302250207e-05 58.8
1381 3.061739610533892e-05 58.81
1382 3.079802306695486e-05 58.82
1383 3.099920773206508e-05 58.83
1384 3.122625029739289e-05 58.84
1385 3.147318529891466e-05 58.85
1386 3.175123429790609e-05 58.86
1387 3.205849532920849e-05 58.87
1388 3.239124082442934e-05 58.88
1389 3.27428993948694e-05 58.89
1390 3.311934745776595e-05 58.9
1391 3.351675705312e-05 58.91
1392 3.393403073657305e-05 58.92
1393 3.434698638634508e-05 58.93
1394 3.477774857359686e-05 58.94
1395 3.52074096099692e-05 58.95
1396 3.563890054484556e-05 58.96
1397 3.604046514494404e-05 58.97
1398 3.643597333810973e-05 58.98
1399 3.682360976981788e-05 58.99
1400 3.717762210534564e-05 59
1401 3.752801198050292e-05 59.01
1402 3.78499631334027e-05 59.02
1403 3.808686086035067e-05 59.03
1404 3.820927554618826e-05 59.04
1405 3.820028249076752e-05 59.05
1406 3.807606863369682e-05 59.06
1407 3.785947801641399e-05 59.07
1408 3.756870035565347e-05 59.08
1409 3.721350389110245e-05 59.09
1410 3.680261001672122e-05 59.1
1411 3.635413277702782e-05 59.11
1412 3.589096497577428e-05 59.12
1413 3.540065462317462e-05 59.13
1414 3.489960631070369e-05 59.14
1415 3.439499805993983e-05 59.15
1416 3.389273224551784e-05 59.16
1417 3.340426169542806e-05 59.17
1418 3.2935530639674e-05 59.18
1419 3.248969096312821e-05 59.19
1420 3.207947369347076e-05 59.2
1421 3.170622213324453e-05 59.21
1422 3.136695175876604e-05 59.22
1423 3.106643039069204e-05 59.23
1424 3.080773241011176e-05 59.24
1425 3.059366315238463e-05 59.25
1426 3.042319018240043e-05 59.26
1427 3.029286818143358e-05 59.27
1428 3.020386121004079e-05 59.28
1429 3.016059634229031e-05 59.29
1430 3.015869641461605e-05 59.3
1431 3.020067265903204e-05 59.31
1432 3.027917978853205e-05 59.32
1433 3.040466658233286e-05 59.33
1434 3.057624064097451e-05 59.34
1435 3.077442668146306e-05 59.35
1436 3.100003760057073e-05 59.36
1437 3.124208374852911e-05 59.37
1438 3.149699353731629e-05 59.38
1439 3.176256755381486e-05 59.39
1440 3.204502563677428e-05 59.4
1441 3.234137552701265e-05 59.41
1442 3.26516848990562e-05 59.42
1443 3.297405010547343e-05 59.43
1444 3.330441821694823e-05 59.44
1445 3.364020950758352e-05 59.45
1446 3.397561416997833e-05 59.46
1447 3.429987346448731e-05 59.47
1448 3.460725869316821e-05 59.48
1449 3.486549064091385e-05 59.49
1450 3.506687951148563e-05 59.5
1451 3.521819454376016e-05 59.51
1452 3.530241541677369e-05 59.52
1453 3.532809728382096e-05 59.53
1454 3.528775638334358e-05 59.54
1455 3.517719277190525e-05 59.55
1456 3.500839486052672e-05 59.56
1457 3.478880936965794e-05 59.57
1458 3.451038764256734e-05 59.58
1459 3.417864487090492e-05 59.59
1460 3.379417568126843e-05 59.6
1461 3.338727190764052e-05 59.61
1462 3.296582919976777e-05 59.62
1463 3.255222463002899e-05 59.63
1464 3.216480693291844e-05 59.64
1465 3.180503315226928e-05 59.65
1466 3.147392801891684e-05 59.66
1467 3.1173319376196e-05 59.67
1468 3.089996696969876e-05 59.68
1469 3.065524264627114e-05 59.69
1470 3.044109361276783e-05 59.7
1471 3.025815045782064e-05 59.71
1472 3.010520692592217e-05 59.72
1473 2.998220130494775e-05 59.73
1474 2.988980128966189e-05 59.74
1475 2.982895639559835e-05 59.75
1476 2.979700862477611e-05 59.76
1477 2.979807267763581e-05 59.77
1478 2.98365978959104e-05 59.78
1479 2.991079068252588e-05 59.79
1480 3.002573563999583e-05 59.8
1481 3.016987333360002e-05 59.81
1482 3.033423213453392e-05 59.82
1483 3.051252294509544e-05 59.83
1484 3.070248152708667e-05 59.84
1485 3.090219509551245e-05 59.85
1486 3.111314966739824e-05 59.86
1487 3.133737390602775e-05 59.87
1488 3.156469554838517e-05 59.88
1489 3.179310338548795e-05 59.89
1490 3.203424539099299e-05 59.9
1491 3.227812750149046e-05 59.91
1492 3.250127619056755e-05 59.92
1493 3.268371590826339e-05 59.93
1494 3.281871578629041e-05 59.94
1495 3.290390359951512e-05 59.95
1496 3.293245641723522e-05 59.96
1497 3.290028439130276e-05 59.97
1498 3.282858056494898e-05 59.98
1499 3.270796091332806e-05 59.99
1500 3.254438748654919e-05 60
