"frac-mass-co2-rfile"
"Time Step" "frac-mass-co2 etc.."
("Time Step" "frac-mass-co2" "flow-time")
0 0.001985244539697494 0
1 0.002366323176087091 0.1
2 0.00279383979233021 0.2
3 0.003260162617702943 0.3
4 0.003818388878417368 0.4
5 0.004427179709006157 0.5
6 0.005069414973603336 0.6000000000000001
7 0.005692043094856657 0.7000000000000001
8 0.006295658597866657 0.8
9 0.006873986385418041 0.9
10 0.007445061647448205 1
11 0.008002145219347664 1.1
12 0.008543215488255285 1.2
13 0.009071175447102904 1.3
14 0.009565639953931804 1.4
15 0.01006328990572754 1.5
16 0.01052421242449171 1.6
17 0.01099696680767849 1.7
18 0.01148054437962447 1.8
19 0.01192786308718789 1.9
20 0.01239433910777971 2
21 0.01286468264934051 2.1
22 0.01332365011301828 2.2
23 0.01378665524980127 2.3
24 0.01425519753644404 2.4
25 0.0147248502580622 2.5
26 0.01520149330169129 2.6
27 0.01568262540479201 2.7
28 0.01616694285562405 2.8
29 0.01665469569613856 2.9
30 0.01714572261150597 3
31 0.01764011986091864 3.1
32 0.01813797258094771 3.2
33 0.01863930344763592 3.3
34 0.01914395296082215 3.4
35 0.01965197880714758 3.5
36 0.02015990102377032 3.6
37 0.02067299445261649 3.7
38 0.02118806481536764 3.8
39 0.02170466914719092 3.9
40 0.02222203756687185 4
41 0.02273999645878151 4.100000000000001
42 0.02325811457872128 4.2
43 0.0237759580434373 4.3
44 0.02429326088359697 4.4
45 0.02480951805878472 4.5
46 0.02532443784503407 4.600000000000001
47 0.02583759435624985 4.7
48 0.02634897216776293 4.800000000000001
49 0.02685837687459495 4.9
50 0.02736587735258355 5
51 0.02787150613516334 5.100000000000001
52 0.02837537714796845 5.2
53 0.02887759520759635 5.300000000000001
54 0.02937773098088223 5.4
55 0.02987654109152654 5.5
56 0.0303743028284966 5.600000000000001
57 0.03087120485215334 5.7
58 0.03136739413941227 5.800000000000001
59 0.03186307378570667 5.9
60 0.03235839457763447 6
61 0.03285350407700384 6.100000000000001
62 0.03334847468261063 6.2
63 0.03384346626215233 6.300000000000001
64 0.03433858701016809 6.4
65 0.03483389373229172 6.5
66 0.03532946308723948 6.600000000000001
67 0.03582538856203934 6.7
68 0.03632167639829023 6.800000000000001
69 0.03681839585632519 6.9
70 0.03731554490382878 7
71 0.03781312814418724 7.100000000000001
72 0.03831118030981125 7.2
73 0.0388096638150052 7.300000000000001
74 0.03930896858563394 7.4
75 0.03980861994612869 7.5
76 0.04030896786078829 7.600000000000001
77 0.04080942314770735 7.7
78 0.04131005503729209 7.800000000000001
79 0.04181072017045651 7.9
80 0.04231179450213746 8
81 0.04281298263755398 8.1
82 0.04331416429708362 8.200000000000001
83 0.04381514927656058 8.300000000000001
84 0.04431617788788154 8.4
85 0.04481701328972492 8.5
86 0.04531736579798384 8.6
87 0.04581756486480401 8.700000000000001
88 0.04631734382970708 8.800000000000001
89 0.0468163752501022 8.9
90 0.04731510138402945 9
91 0.04781298995786103 9.1
92 0.04831059449764239 9.200000000000001
93 0.04877126842844553 9.300000000000001
94 0.04926833099954096 9.4
95 0.04976490043714648 9.5
96 0.05022393892021802 9.600000000000001
97 0.05072032042210629 9.700000000000001
98 0.05121635641328183 9.800000000000001
99 0.05167605179496056 9.9
100 0.05217213233036273 10
101 0.05263125062874015 10.1
102 0.05312743518611591 10.2
103 0.05358541668041258 10.3
104 0.05408167283937228 10.4
105 0.05454130438042393 10.5
106 0.05503807258796661 10.6
107 0.05549716729999849 10.7
108 0.05599417614713783 10.8
109 0.05645310332909858 10.9
110 0.05695039194777724 11
111 0.05740977618732701 11.1
112 0.05790734144720163 11.2
113 0.05836662544725536 11.3
114 0.05886446794845854 11.4
115 0.05932436018935452 11.5
116 0.059822486453568 11.6
117 0.06028210168565616 11.7
118 0.06078052280478412 11.8
119 0.06124042978091047 11.9
120 0.06173910927499934 12
121 0.06219887017783451 12.1
122 0.06269784194831744 12.2
123 0.06315937203426594 12.3
124 0.06365857568174839 12.4
125 0.06411865984314449 12.5
126 0.06461811060384583 12.6
127 0.06507867627141785 12.7
128 0.06557833496108618 12.8
129 0.06603872427912834 12.9
130 0.06653865117497557 13
131 0.06699929975603537 13.1
132 0.06749948375851754 13.2
133 0.06796113502888806 13.3
134 0.06846148938899542 13.4
135 0.06892242969388827 13.5
136 0.06942289366957893 13.6
137 0.06988476774278672 13.7
138 0.07038541164602999 13.8
139 0.0708477123419414 13.9
140 0.07134850642024709 14
141 0.07180986500042827 14.1
142 0.07231075994553718 14.2
143 0.07277393512014617 14.3
144 0.07327493130443394 14.4
145 0.07373651619250629 14.5
146 0.07423757168841268 14.6
147 0.07470065752731259 14.7
148 0.07520174968892972 14.8
149 0.07566305313957719 14.9
150 0.07616416581650513 15
151 0.07662612918205157 15.1
152 0.07712722992589835 15.2
153 0.0775885085121242 15.3
154 0.07808961904190152 15.4
155 0.07855249919250747 15.5
156 0.07905366629152737 15.6
157 0.07951530001558195 15.7
158 0.08001641754375229 15.8
159 0.08047987370029987 15.9
160 0.08098097979359874 16
161 0.08144242380235318 16.1
162 0.08194346019942536 16.2
163 0.08240550088042121 16.3
164 0.08290661785541005 16.4
165 0.08336843148019726 16.5
166 0.08386958090712961 16.6
167 0.08433105487650003 16.7
168 0.08483218537932509 16.8
169 0.08529362826693296 16.9
170 0.08579479181445698 17
171 0.08625598233161259 17.1
172 0.08675713078622564 17.2
173 0.08721941829237995 17.3
174 0.08772061627807706 17.4
175 0.08818186626980415 17.5
176 0.08868305511297964 17.6
177 0.08914453899430819 17.7
178 0.08964584269238121 17.8
179 0.0901080694178321 17.9
180 0.09060941437823407 18
181 0.09107156505420862 18.1
182 0.09157296229349099 18.2
183 0.09203324266201131 18.3
184 0.09253471794859723 18.4
185 0.09299621824576147 18.5
186 0.09349775646922447 18.6
187 0.09395913512444119 18.7
188 0.09446075240482694 18.8
189 0.09492217975332932 18.9
190 0.09542385073699122 19
191 0.09588540080354481 19.1
192 0.09638709575000012 19.2
193 0.0968485179173485 19.3
194 0.09735025393309074 19.4
195 0.09781192207453117 19.5
196 0.09831374325004913 19.6
197 0.09877603049325613 19.7
198 0.09927778880494169 19.8
199 0.09974020295970551 19.9
200 0.1002419673530826 20
201 0.1007034005201616 20.1
202 0.1012051886675309 20.2
203 0.1016672242392863 20.3
204 0.1021689928795314 20.4
205 0.1026309533348744 20.5
206 0.1031327285166993 20.6
207 0.1035946211244299 20.7
208 0.1040963287513363 20.8
209 0.1045576905909956 20.9
210 0.1050573822472375 21
211 0.1055189746651685 21.1
212 0.1060206852301236 21.2
213 0.1064812415047835 21.3
214 0.1069808128132335 21.4
215 0.1074410229329044 21.5
216 0.1079426416321626 21.6
217 0.1084035447094539 21.7
218 0.1089028760965794 21.8
219 0.1093630985364701 21.9
220 0.1098645133989751 22
221 0.110324244264939 22.1
222 0.1108229879464615 22.2
223 0.111282451316981 22.3
224 0.1117835625580224 22.4
225 0.1122441042722633 22.5
226 0.1127425767629959 22.6
227 0.1132019401597045 22.7
228 0.1137003432521071 22.8
229 0.114159222543434 22.9
230 0.1146598478075187 23
231 0.1151188410570443 23.1
232 0.1156167715260818 23.2
233 0.1160756380809483 23.3
234 0.1165732435026491 23.4
235 0.1170313236733381 23.5
236 0.1175289567309429 23.6
237 0.1179869052772811 23.7
238 0.1184842139148602 23.8
239 0.1189434350411722 23.9
240 0.1194004530842493 24
241 0.1198922183634594 24.1
242 0.1203476273233791 24.2
243 0.1208432266739725 24.3
244 0.121298931522298 24.4
245 0.1217531392323494 24.5
246 0.1222431992222264 24.6
247 0.1226962524791326 24.7
248 0.1231480998627546 24.8
249 0.1236370053545216 24.9
250 0.1240906340507045 25
251 0.1245751249833019 25.1
252 0.125062526513424 25.2
253 0.1255135267207464 25.3
254 0.1259640283550789 25.4
255 0.1264501167280586 25.5
256 0.126899283955457 25.6
257 0.1273807078177363 25.7
258 0.1278654048505476 25.8
259 0.1283131798401158 25.9
260 0.1287595315115168 26
261 0.129242032132714 26.1
262 0.1296869005114674 26.2
263 0.1301638412762878 26.3
264 0.1306441792683061 26.4
265 0.1310867580946169 26.5
266 0.1315662764470637 26.6
267 0.1320461340394752 26.7
268 0.1324896107240823 26.8
269 0.1329615557072212 26.9
270 0.1334382273198825 27
271 0.1338771155224033 27.1
272 0.1343455404554193 27.2
273 0.1348213029606044 27.3
274 0.135257342349404 27.4
275 0.135722887354043 27.5
276 0.1361927260791035 27.6
277 0.136623956790348 27.7
278 0.1370834116256543 27.8
279 0.1375508037468913 27.9
280 0.1380124203036837 28
281 0.1384667452272576 28.1
282 0.1389272543943862 28.2
283 0.1393821758335402 28.3
284 0.1398288123550449 28.4
285 0.1402803619206597 28.5
286 0.1407226413233631 28.6
287 0.1411607014174344 28.7
288 0.1416061917920637 28.8
289 0.1420413513475973 28.9
290 0.1424738366337919 29
291 0.142896025790687 29.1
292 0.1433100494772694 29.2
293 0.1437203425048765 29.3
294 0.1441220393585184 29.4
295 0.1445103781050457 29.5
296 0.1448922435905724 29.6
297 0.1452635986581456 29.7
298 0.1456207895398252 29.8
299 0.1459785561104703 29.9
300 0.1463141214420197 30
301 0.1466347805015882 30.1
302 0.1469515890036176 30.2
303 0.14724979080916 30.3
304 0.1475355085803432 30.4
305 0.1478171394833946 30.5
306 0.1480803505030728 30.6
307 0.1483316267372528 30.7
308 0.1485781560324272 30.8
309 0.1488123160423993 30.9
310 0.1490375679280588 31
311 0.1492649226697955 31.1
312 0.1494842764864678 31.2
313 0.1496951350236645 31.3
314 0.149913230498115 31.4
315 0.1501184230638702 31.5
316 0.1503122374303756 31.6
317 0.1505077913498237 31.7
318 0.1506788522328036 31.8
319 0.1508298969732558 31.9
320 0.1509576265510497 32
321 0.1510415707463481 32.1
322 0.1510953927646949 32.2
323 0.1510756553903992 32.3
324 0.1510468244315748 32.4
325 0.1510179283451251 32.5
326 0.150989011464342 32.6
327 0.1509600750534248 32.7
328 0.1509311137525251 32.8
329 0.1509021341548566 32.9
330 0.1508731558444484 33
331 0.150844195039302 33.1
332 0.1508152731409582 33.2
333 0.1507863962945151 33.3
334 0.1507575692132217 33.4
335 0.1507287616227685 33.5
336 0.1506999721638795 33.6
337 0.1506731536411409 33.7
338 0.1506463379072887 33.8
339 0.1506195807569257 33.9
340 0.1505927991147373 34
341 0.1505660403863675 34.1
342 0.150539229618833 34.2
343 0.1505125226292188 34.3
344 0.1504857842489096 34.4
345 0.1504590828787586 34.5
346 0.1504323707668553 34.6
347 0.1504056200117353 34.7
348 0.1503789033243966 34.8
349 0.1503521616038025 34.9
350 0.1503253938188659 35
351 0.1502986687489564 35.1
352 0.1502719908509852 35.2
353 0.1502453075940924 35.3
354 0.150218662239878 35.4
355 0.1501920034868059 35.5
356 0.1501653455301124 35.6
357 0.1501386206779463 35.7
358 0.1501119842800211 35.8
359 0.1500853429023354 35.9
360 0.1500586755371084 36
361 0.1500320475172967 36.1
362 0.150005444642599 36.2
363 0.1499788399325573 36.3
364 0.149952179729171 36.4
365 0.1499256017182894 36.5
366 0.1498989897669478 36.6
367 0.1498723842828783 36.7
368 0.1498458217625412 36.8
369 0.1498192895167179 36.9
370 0.1497927790023429 37
371 0.1497662208734724 37.1
372 0.1497396774153355 37.2
373 0.1497131192451819 37.3
374 0.1496865912455051 37.4
375 0.1496600473674837 37.5
376 0.1496334846952711 37.6
377 0.1496070134557586 37.7
378 0.1495805478918333 37.8
379 0.1495540072482957 37.9
380 0.1495274979443182 38
381 0.1495010145284469 38.1
382 0.1494745388693229 38.2
383 0.1494480144567314 38.3
384 0.1494215448552589 38.40000000000001
385 0.1493950866428234 38.5
386 0.1493686174114675 38.6
387 0.1493421311068693 38.7
388 0.1493157217443416 38.8
389 0.1492893240520325 38.90000000000001
390 0.1492628685501594 39
391 0.1492364355578895 39.1
392 0.1492100112985939 39.2
393 0.1491836421499534 39.3
394 0.1491572176784889 39.40000000000001
395 0.1491308446885755 39.5
396 0.1491044551666024 39.6
397 0.149078134986034 39.7
398 0.1490517331013045 39.8
399 0.1490253723876903 39.90000000000001
400 0.1489990307308217 40
401 0.1489727177839152 40.1
402 0.1489464616311952 40.2
403 0.1489201803941107 40.3
404 0.1488939097371965 40.40000000000001
405 0.1488676287773708 40.5
406 0.1488413935895761 40.6
407 0.1488150572824194 40.7
408 0.1487888087395994 40.8
409 0.1487625451401699 40.90000000000001
410 0.1487362455592666 41
411 0.1487099685337083 41.1
412 0.1486837051642316 41.2
413 0.1486574794462311 41.3
414 0.1486312873530654 41.40000000000001
415 0.1486050153189896 41.5
416 0.1485787838930064 41.6
417 0.148552582433555 41.7
418 0.1485263768853145 41.8
419 0.148500194325221 41.90000000000001
420 0.1484739550044845 42
421 0.148447769251951 42.1
422 0.1484215885805461 42.2
423 0.1483953524946299 42.3
424 0.1483692113714285 42.40000000000001
425 0.1483431046536 42.5
426 0.1483169565231204 42.6
427 0.1482908335286471 42.7
428 0.1482646631415402 42.8
429 0.1482385201235965 42.90000000000001
430 0.1482123859976508 43
431 0.1481863305131481 43.1
432 0.1481602444356399 43.2
433 0.1481341233531139 43.3
434 0.1481080173307954 43.40000000000001
435 0.148081919576366 43.5
436 0.1480558484895589 43.6
437 0.1480297680843143 43.7
438 0.1480037641259448 43.8
439 0.1479776801822001 43.90000000000001
440 0.1479516851249833 44
441 0.1479256149795634 44.1
442 0.1478995357022758 44.2
443 0.1478734988788262 44.3
444 0.1478474890200289 44.40000000000001
445 0.1478215366906361 44.5
446 0.147795557642592 44.6
447 0.1477695108900252 44.7
448 0.1477435092473806 44.8
449 0.1477175592045084 44.90000000000001
450 0.1476915297138473 45
451 0.1476656196079328 45.1
452 0.1476397335738079 45.2
453 0.1476137901887662 45.3
454 0.1475878675827227 45.40000000000001
455 0.1475619050924797 45.5
456 0.1475360006404317 45.6
457 0.1475101198848451 45.7
458 0.1474842549665801 45.8
459 0.1474584047940033 45.90000000000001
460 0.1474325767401452 46
461 0.1474067402268986 46.1
462 0.1473808142536323 46.2
463 0.1473549563662822 46.3
464 0.1473290164000715 46.40000000000001
465 0.1473032213252952 46.5
466 0.1472773784966168 46.6
467 0.1472516086632513 46.7
468 0.1472257925457749 46.8
469 0.1472000038734122 46.90000000000001
470 0.1471742751471511 47
471 0.1471484833545698 47.1
472 0.1471226482635134 47.2
473 0.147096901267269 47.3
474 0.1470710789004036 47.40000000000001
475 0.1470452908261134 47.5
476 0.1470195697878462 47.6
477 0.1469937770683512 47.7
478 0.1469680812619668 47.8
479 0.1469423999021968 47.90000000000001
480 0.146916659700153 48
481 0.1468909442607991 48.1
482 0.1468652685807209 48.2
483 0.1468395991983016 48.3
484 0.1468138856697973 48.40000000000001
485 0.1467881188542043 48.5
486 0.1467623789106389 48.6
487 0.1467366544266662 48.7
488 0.1467109671706782 48.8
489 0.1466852650293415 48.90000000000001
490 0.1466596036505026 49
491 0.1466339575765156 49.1
492 0.1466083538206249 49.2
493 0.1465827161068656 49.3
494 0.1465570651906907 49.40000000000001
495 0.1465314590284856 49.5
496 0.1465058053472676 49.6
497 0.1464801320445262 49.7
498 0.1464545839186615 49.8
499 0.1464290058453493 49.90000000000001
500 0.1464034741475709 50
501 0.1464007263121377 50.01
502 0.1463979315878896 50.02
503 0.1463950737804282 50.03
504 0.1463921624120906 50.04
505 0.1463891440773376 50.05
506 0.146386017746664 50.06
507 0.1463827788927209 50.07
508 0.1463794277472104 50.08
509 0.1463759662981432 50.09
510 0.1463723981350445 50.1
511 0.1463687122295359 50.11
512 0.1463649248243038 50.12
513 0.1463610343502141 50.13
514 0.1463570523042281 50.14
515 0.1463529886290181 50.15
516 0.1463488593482258 50.16
517 0.1463446533914713 50.17
518 0.1463403523374697 50.18
519 0.1463359569177554 50.19
520 0.1463314234193688 50.2
521 0.1463267506674937 50.21
522 0.1463219244730924 50.22
523 0.1463169328814592 50.23
524 0.1463117643085294 50.24
525 0.1463064081482769 50.25
526 0.1463008524047494 50.26
527 0.146295082071089 50.27
528 0.14628909237715 50.28
529 0.1462828630302943 50.29
530 0.1462763857052142 50.3
531 0.1462696490218977 50.31
532 0.1462626414386952 50.32
533 0.1462553509423352 50.33
534 0.1462477664536523 50.34
535 0.1462398744575623 50.35
536 0.1462316627836041 50.36
537 0.1462231176405735 50.37
538 0.1462142296937895 50.38
539 0.1462049787784474 50.39
540 0.1461953505293232 50.4
541 0.1461853287692872 50.41
542 0.1461748968025687 50.42
543 0.1461640366848721 50.43
544 0.1461527312758457 50.44
545 0.1461409584181818 50.45
546 0.1461287018982307 50.46
547 0.1461159429401301 50.47
548 0.146102662559553 50.48
549 0.146088841706167 50.49
550 0.1460744602748358 50.5
551 0.1460594997285754 50.51
552 0.1460439426161844 50.52
553 0.1460277708295238 50.53
554 0.1460109686631299 50.54
555 0.1459935237673318 50.55
556 0.1459795735853008 50.56
557 0.1459676940346355 50.57
558 0.145976283176826 50.58
559 0.1459739954883491 50.59
560 0.1459357201730561 50.6
561 0.1458404934719648 50.61
562 0.1456715411762272 50.62
563 0.1454162004057152 50.63
564 0.1450166624339464 50.64
565 0.1442070813418736 50.65
566 0.1428068634258997 50.66
567 0.1409522166686484 50.67
568 0.1387746592697626 50.68
569 0.1362807786017039 50.69
570 0.1334011898349434 50.7
571 0.1300471866305943 50.71
572 0.1261804545944117 50.72
573 0.1220394776320614 50.73
574 0.1179850950568534 50.74
575 0.1142673002426387 50.75
576 0.1109594125604615 50.76
577 0.1080799911649854 50.77
578 0.1055708817683701 50.78
579 0.1032715249837639 50.79
580 0.1010192633085249 50.8
581 0.09874447874883148 50.81
582 0.0964448068114314 50.82
583 0.09417979948865407 50.83
584 0.09201992769976521 50.84
585 0.09001082873385118 50.85
586 0.0881811948620316 50.86
587 0.08654751628841188 50.87
588 0.08510841065576578 50.88
589 0.0838402903956177 50.89
590 0.08271535157408773 50.9
591 0.08168045965058897 50.91
592 0.080687639524747 50.92
593 0.07967148852223298 50.93
594 0.07861617870109155 50.94
595 0.07753302534644284 50.95
596 0.07644023558656562 50.96
597 0.07533974754758326 50.97
598 0.07422659506154236 50.98
599 0.07311881038874064 50.99
600 0.07204892547488263 51
601 0.07104024521089701 51.01
602 0.07011346606416262 51.02
603 0.06929649813017137 51.03
604 0.06857207687892737 51.04
605 0.06794193293547121 51.05
606 0.0674025786007621 51.06
607 0.06695084488253522 51.07
608 0.06658244204109394 51.08
609 0.06630788589569203 51.09
610 0.0661068019599559 51.1
611 0.06597465300878945 51.11
612 0.0659055464118905 51.12
613 0.06589406968711622 51.13
614 0.06593472049155533 51.14
615 0.06600285803181781 51.15
616 0.06612524394512127 51.16
617 0.06628515288054453 51.17
618 0.06647732952084137 51.18
619 0.06669751582417467 51.19
620 0.06694081697129749 51.2
621 0.06720510149656238 51.21
622 0.0674945326580608 51.22
623 0.06779936871023146 51.23
624 0.06811496432184427 51.24
625 0.06843771238226322 51.25
626 0.0687645237633609 51.26
627 0.06909279119923221 51.27
628 0.06942034693440989 51.28
629 0.06974538808252796 51.29
630 0.07006682206596039 51.3
631 0.07038565741391846 51.31
632 0.07069920191600108 51.32
633 0.07100375333624299 51.33
634 0.07130412168397919 51.34
635 0.07160027924656474 51.35
636 0.07189248222225803 51.36
637 0.07218084551307229 51.37
638 0.07246579279037893 51.38
639 0.07274737570181079 51.39
640 0.07302578914014078 51.4
641 0.0733011056185731 51.41
642 0.07357556713302832 51.42
643 0.07384765528474892 51.43
644 0.07411719866360884 51.44
645 0.07438443441627701 51.45
646 0.07464915865136805 51.46
647 0.07491114820337351 51.47
648 0.07516970674635157 51.48
649 0.07542468913808684 51.49
650 0.07567574741034916 51.5
651 0.07592202018105199 51.51
652 0.07616325389951435 51.52
653 0.07639918371660344 51.53
654 0.07662704618134646 51.54
655 0.07684730401245869 51.55
656 0.07706280716196597 51.56
657 0.07726684206421154 51.57
658 0.07745182077349601 51.58
659 0.07760852255804326 51.59
660 0.07775313105084644 51.6
661 0.07781617287169702 51.61
662 0.07786484820377365 51.62
663 0.07785455051264356 51.63
664 0.07781485742050792 51.64
665 0.07770658654682143 51.65
666 0.07756625850482057 51.66
667 0.07737916110783609 51.67
668 0.07710303715338582 51.68
669 0.07677088429886272 51.69
670 0.07633847227202277 51.7
671 0.07583305489409173 51.71
672 0.075231290753978 51.72
673 0.07455303073244082 51.73
674 0.07377705246266997 51.74
675 0.07292594112915009 51.75
676 0.07198105878479813 51.76
677 0.07096714816477744 51.77
678 0.06986832298743181 51.78
679 0.06872735661289138 51.79
680 0.06755084577505842 51.8
681 0.06634278593023238 51.81
682 0.06509093313075569 51.82
683 0.06379103181662904 51.83
684 0.06247825293104604 51.84
685 0.06115015846082425 51.85
686 0.05981762433321915 51.86
687 0.0584848222221361 51.87
688 0.05715632845319216 51.88
689 0.05583668136855732 51.89
690 0.05454168546023697 51.9
691 0.0532621757980473 51.91
692 0.05200198615765161 51.92
693 0.0507656969141821 51.93
694 0.04955589179714884 51.94
695 0.04837461193858476 51.95
696 0.04722646344758456 51.96
697 0.04611480102046032 51.97
698 0.04504263658372131 51.98
699 0.04401162681274442 51.99
700 0.0430233953028013 52
701 0.04207848529505352 52.01
702 0.04117767963947754 52.02
703 0.04032051153710556 52.03
704 0.03950646122735731 52.04
705 0.03873487294108306 52.05
706 0.03800456711260378 52.06
707 0.03731436799530958 52.07
708 0.03666320525275582 52.08
709 0.03604983931801316 52.09
710 0.03547292972494562 52.1
711 0.03493115951512379 52.11
712 0.03442309876980017 52.12
713 0.03394631777209012 52.13
714 0.03350073584276397 52.14
715 0.03308502167525221 52.15
716 0.03269815894736361 52.16
717 0.03233918273870624 52.17
718 0.03200706639258189 52.18
719 0.03170092829169401 52.19
720 0.03142007900194149 52.2
721 0.03116860897210148 52.21
722 0.03094076782125545 52.22
723 0.03073121673361171 52.23
724 0.03054883405808144 52.24
725 0.03038829084841899 52.25
726 0.03024906685113178 52.26
727 0.03013068234757869 52.27
728 0.03003266413540509 52.28
729 0.02995460237137021 52.29
730 0.02989597823662363 52.3
731 0.02984936160369904 52.31
732 0.02982556389711392 52.32
733 0.02981971115429346 52.33
734 0.02983130020853103 52.34
735 0.02985941556994027 52.35
736 0.02990349010146747 52.36
737 0.02996284152198649 52.37
738 0.03003646148782362 52.38
739 0.03012043776266276 52.39
740 0.03022022684781221 52.4
741 0.03033146841619772 52.41
742 0.03045332376783985 52.42
743 0.03058484374571819 52.43
744 0.03072496427149054 52.44
745 0.03087281402548184 52.45
746 0.03102743375112009 52.46
747 0.03118785070584069 52.47
748 0.03135028476776442 52.48
749 0.03151741067640254 52.49
750 0.03168844170141415 52.5
751 0.03186262499837372 52.51
752 0.03203928080522289 52.52
753 0.03221820430753616 52.53
754 0.03239839491828488 52.54
755 0.03257945396902181 52.55
756 0.03276107625942078 52.56
757 0.03294298110513755 52.57
758 0.03312479503701517 52.58
759 0.0333062523642764 52.59
760 0.03348710046006847 52.6
761 0.033667111710535 52.61
762 0.03384595769456504 52.62
763 0.03402344287155628 52.63
764 0.03419933272974451 52.64
765 0.03437371937157829 52.65
766 0.03454681332781354 52.66
767 0.03471825470969633 52.67
768 0.03488830095328294 52.68
769 0.03505697309910091 52.69
770 0.03522402685166669 52.7
771 0.03538954291102346 52.71
772 0.03555369540866277 52.72
773 0.03571642066724775 52.73
774 0.03587766099451183 52.74
775 0.03603499518133021 52.75
776 0.03619265105553451 52.76
777 0.03634750834952727 52.77
778 0.03649972399100266 52.78
779 0.03664719478990165 52.79
780 0.03679011203698136 52.8
781 0.03691588111941175 52.81
782 0.03701350182253318 52.82
783 0.03707324255418966 52.83
784 0.03712926392619049 52.84
785 0.03716555861776269 52.85
786 0.03716967652496475 52.86
787 0.0371556981582425 52.87
788 0.03711276537649295 52.88
789 0.03702902442402215 52.89
790 0.03690797895136862 52.9
791 0.03675729590599352 52.91
792 0.03656831703550597 52.92
793 0.03633078531718998 52.93
794 0.03604613051662003 52.94
795 0.03571407214716806 52.95
796 0.03534529778844214 52.96
797 0.03493878423121685 52.97
798 0.03449267767976102 52.98
799 0.0340248694641537 52.99
800 0.03352939752051359 53
801 0.03301584615948479 53.01
802 0.03247779473964833 53.02
803 0.03192711138830184 53.03
804 0.03136313383084822 53.04
805 0.03079694426853093 53.05
806 0.03023051879648184 53.06
807 0.02966848241925195 53.07
808 0.02910977388107361 53.08
809 0.02855655184749368 53.09
810 0.02801078363874891 53.1
811 0.02747479536270392 53.11
812 0.02695069009675781 53.12
813 0.02644071632270672 53.13
814 0.0259471987024689 53.14
815 0.02547009163580061 53.15
816 0.02501288270166396 53.16
817 0.02457469399862315 53.17
818 0.02415669927767204 53.18
819 0.0237573151492167 53.19
820 0.02337801002260137 53.2
821 0.02301779300813207 53.21
822 0.02267667693453633 53.22
823 0.02235385079670453 53.23
824 0.02204896110117476 53.24
825 0.02176159525659467 53.25
826 0.02149136245160308 53.26
827 0.02123776071654288 53.27
828 0.02100024095741358 53.28
829 0.02077834520834392 53.29
830 0.02057167296242673 53.3
831 0.02037976075797364 53.31
832 0.02020218818231989 53.32
833 0.02003861943520092 53.33
834 0.01988861719425386 53.34
835 0.01975188641318322 53.35
836 0.01962811786150097 53.36
837 0.01951702345422365 53.37
838 0.01941829683259805 53.38
839 0.01933401138973665 53.39
840 0.01925911417068671 53.4
841 0.01919704657954682 53.41
842 0.01914466836281995 53.42
843 0.01910368991092694 53.43
844 0.01907582929663865 53.44
845 0.01905884829325175 53.45
846 0.0190514369388559 53.46
847 0.01905448644561832 53.47
848 0.01906776157945204 53.48
849 0.01909013544065904 53.49
850 0.01912218001219624 53.5
851 0.01916357154606834 53.51
852 0.01921396928298388 53.52
853 0.01927300520521292 53.53
854 0.01934029658607777 53.54
855 0.01941543545983378 53.55
856 0.01949875030571304 53.56
857 0.01958893000029732 53.57
858 0.01968551940395305 53.58
859 0.01978731708515407 53.59
860 0.01989466060925123 53.6
861 0.0200069821171069 53.61
862 0.02012388640218058 53.62
863 0.02024486636982642 53.63
864 0.02036937290633685 53.64
865 0.02049702040502568 53.65
866 0.02062740374302509 53.66
867 0.020760019421988 53.67
868 0.02089457185265246 53.68
869 0.02103182960129446 53.69
870 0.02117011894388201 53.7
871 0.02130930199665166 53.71
872 0.02144736524363283 53.72
873 0.02158631502539787 53.73
874 0.02172654952694631 53.74
875 0.02186551050825569 53.75
876 0.02200448960094728 53.76
877 0.02214317160249582 53.77
878 0.02228129218180834 53.78
879 0.02241873176507229 53.79
880 0.02255564887939409 53.8
881 0.02269210414395871 53.81
882 0.02282816358164252 53.82
883 0.02296374340325976 53.83
884 0.0230997135638423 53.84
885 0.02323461298004749 53.85
886 0.02336958088308694 53.86
887 0.02350442365057088 53.87
888 0.02363896186384912 53.88
889 0.02377359544113731 53.89
890 0.023907497957156 53.9
891 0.02404008998434095 53.91
892 0.02416947221807022 53.92
893 0.02429255573145986 53.93
894 0.02441243297542955 53.94
895 0.02452457098635171 53.95
896 0.02462586680733047 53.96
897 0.02469955997976205 53.97
898 0.02476203910213328 53.98
899 0.02480874571163387 53.99
900 0.02481832009232402 54
901 0.02479000175419041 54.01
902 0.02472170515044571 54.02
903 0.02461329794239584 54.03
904 0.02447159730702035 54.04
905 0.02429439288525573 54.05
906 0.02409059095539875 54.06
907 0.02386484747465852 54.07
908 0.02361720895351684 54.08
909 0.02334610598849137 54.09
910 0.02304898031687573 54.1
911 0.02272343149732447 54.11
912 0.02238540590430935 54.12
913 0.02204093527049132 54.13
914 0.02168804879297275 54.14
915 0.02133219171593345 54.15
916 0.02097228620364885 54.16
917 0.02061406841201338 54.17
918 0.02025864197123274 54.18
919 0.01990604539277977 54.19
920 0.01956137205900118 54.2
921 0.01922597955002099 54.21
922 0.01890058621694639 54.22
923 0.01858615849120648 54.23
924 0.01828344904890666 54.24
925 0.01799275900277596 54.25
926 0.01771445565904549 54.26
927 0.01744877010319375 54.27
928 0.01719560801753231 54.28
929 0.01695495347562498 54.29
930 0.01672664160682834 54.3
931 0.01651050050567017 54.31
932 0.01630629415128629 54.32
933 0.01611438265673187 54.33
934 0.01593307164435911 54.34
935 0.01576331862511699 54.35
936 0.01560441144123706 54.36
937 0.01545632672185172 54.37
938 0.01531866257137196 54.38
939 0.01519117121142364 54.39
940 0.0150736122652448 54.4
941 0.01496572377424283 54.41
942 0.01486744113658621 54.42
943 0.01477838126259554 54.43
944 0.01469830922769996 54.44
945 0.01462706505233338 54.45
946 0.0145644323880106 54.46
947 0.01451035509255457 54.47
948 0.0144647013904554 54.48
949 0.01442729607181327 54.49
950 0.01439792706564737 54.5
951 0.01437658196299118 54.51
952 0.0143630610033401 54.52
953 0.01435723066423651 54.53
954 0.01435905946603677 54.54
955 0.0143682635069292 54.55
956 0.0143846899200506 54.56
957 0.01440818041575316 54.57
958 0.0144386308032828 54.58
959 0.01447592964563747 54.59
960 0.01451982053583412 54.6
961 0.01457004528738295 54.61
962 0.01462645348633754 54.62
963 0.01468879277866765 54.63
964 0.01475683426514974 54.64
965 0.01483030979057107 54.65
966 0.01490896491015146 54.66
967 0.01499250942213851 54.67
968 0.01508060818963891 54.68
969 0.01517294609795783 54.69
970 0.0152692112317785 54.7
971 0.01536909466948928 54.71
972 0.01547223615750678 54.72
973 0.01557830991070627 54.73
974 0.01568691312532094 54.74
975 0.01579785728689065 54.75
976 0.01591086588272812 54.76
977 0.01602566928752672 54.77
978 0.0161419799479841 54.78
979 0.01625965810193266 54.79
980 0.01637842887681157 54.8
981 0.01649813674082786 54.81
982 0.01661844910572484 54.82
983 0.01673934786272667 54.83
984 0.01686065497374111 54.84
985 0.01698200473546635 54.85
986 0.01710326529015354 54.86
987 0.01722437744864691 54.87
988 0.01734551406865954 54.88
989 0.01746673533673024 54.89
990 0.01758812848670864 54.9
991 0.01770994888608484 54.91
992 0.01783219241904033 54.92
993 0.01795486895641868 54.93
994 0.01807815711141882 54.94
995 0.01820172060971072 54.95
996 0.01832593852584032 54.96
997 0.01845072605888511 54.97
998 0.01857558039608589 54.98
999 0.01869852860978493 54.99
1000 0.0188207712775764 55
1001 0.01893926843008521 55.01
1002 0.01904979087097438 55.02
1003 0.01914517370436584 55.03
1004 0.01922535706255434 55.04
1005 0.01928700178345812 55.05
1006 0.01932605132335319 55.06
1007 0.01934054369971341 55.07
1008 0.01932894300590857 55.08
1009 0.0192892218067074 55.09
1010 0.01921816718801574 55.1
1011 0.01911703058860819 55.11
1012 0.01898510860629033 55.12
1013 0.01882297841923495 55.13
1014 0.01863208071280664 55.14
1015 0.01841440093298721 55.15
1016 0.01817938131720736 55.16
1017 0.01793666870222993 55.17
1018 0.01768630520898785 55.18
1019 0.01742802403048934 55.19
1020 0.01716387991743265 55.2
1021 0.01689690597938273 55.21
1022 0.01662946852734543 55.22
1023 0.01636278050385304 55.23
1024 0.01609985932159239 55.24
1025 0.01584152215278136 55.25
1026 0.01559038847719918 55.26
1027 0.01534758635461777 55.27
1028 0.01511358245644514 55.28
1029 0.01488999537257635 55.29
1030 0.01467593789037026 55.3
1031 0.01447145177393787 55.31
1032 0.0142763801529904 55.32
1033 0.0140908752850002 55.33
1034 0.01391490775568058 55.34
1035 0.01374838438986313 55.35
1036 0.0135912451293431 55.36
1037 0.0134433514668381 55.37
1038 0.01330452302863463 55.38
1039 0.01317454475847502 55.39
1040 0.01305312094591341 55.4
1041 0.01294004083927634 55.41
1042 0.01283509120974041 55.42
1043 0.01273810159285447 55.43
1044 0.01264897398077144 55.44
1045 0.01256751057934467 55.45
1046 0.01249307825585949 55.46
1047 0.0124255604458779 55.47
1048 0.0123651862184752 55.48
1049 0.01231178723444448 55.49
1050 0.01226526024719767 55.5
1051 0.0122255130570223 55.51
1052 0.01219244091345177 55.52
1053 0.01216584332201831 55.53
1054 0.01214564270090848 55.54
1055 0.012131728374846 55.55
1056 0.01212401643378676 55.56
1057 0.01212260997458317 55.57
1058 0.01212715290645777 55.58
1059 0.01213758644673755 55.59
1060 0.01215381953288163 55.6
1061 0.01217576247372575 55.61
1062 0.01220330313484768 55.62
1063 0.01223632567234136 55.63
1064 0.01227473135391409 55.64
1065 0.01231853937584528 55.65
1066 0.01236737932592882 55.66
1067 0.01242141228276989 55.67
1068 0.01248032783092802 55.68
1069 0.01254397103023564 55.69
1070 0.0126121577754242 55.7
1071 0.0126846552054628 55.71
1072 0.0127612477075437 55.72
1073 0.01284174225278382 55.73
1074 0.01292606707337682 55.74
1075 0.01301382568924038 55.75
1076 0.01310479653613141 55.76
1077 0.01319871538603339 55.77
1078 0.01329536223068081 55.78
1079 0.0133945123203109 55.79
1080 0.01349593820930874 55.8
1081 0.01359938045809764 55.81
1082 0.01370463410253911 55.82
1083 0.01381124658320045 55.83
1084 0.01391936561841376 55.84
1085 0.01402872037113267 55.85
1086 0.0141391226636732 55.86
1087 0.01425023569495757 55.87
1088 0.01436191779441089 55.88
1089 0.0144743125394841 55.89
1090 0.01458725379012274 55.9
1091 0.01470044891032229 55.91
1092 0.01481392795344223 55.92
1093 0.0149278407209759 55.93
1094 0.01504224103936598 55.94
1095 0.01515717677104015 55.95
1096 0.0152727330152619 55.96
1097 0.01538900330153161 55.97
1098 0.015506092644667 55.98
1099 0.01562426925153932 55.99
1100 0.01574308591833296 56
1101 0.01586181863419892 56.01
1102 0.01598085741525881 56.02
1103 0.01610037178359707 56.03
1104 0.01621716711166834 56.04
1105 0.01632426685827231 56.05
1106 0.01642110053087191 56.06
1107 0.01650606000866994 56.07
1108 0.01657703716660348 56.08
1109 0.01663144994328018 56.09
1110 0.01666730357008079 56.1
1111 0.01668210414850957 56.11
1112 0.01667422897994981 56.12
1113 0.01664230058089776 56.13
1114 0.01658528473747504 56.14
1115 0.01650306165966071 56.15
1116 0.01639626623893558 56.16
1117 0.01626585819809864 56.17
1118 0.01611306328810063 56.18
1119 0.01593984373334003 56.19
1120 0.01574830474436676 56.2
1121 0.01554019032491643 56.21
1122 0.01531857429936281 56.22
1123 0.01508678804922151 56.23
1124 0.01485352919947172 56.24
1125 0.01462106419632753 56.25
1126 0.01439100340463352 56.26
1127 0.0141658154931698 56.27
1128 0.01394741721204827 56.28
1129 0.01373651366526515 56.29
1130 0.01353406109248058 56.3
1131 0.01334069106093764 56.31
1132 0.01315737468593441 56.32
1133 0.01298318807507286 56.33
1134 0.01281882879529808 56.34
1135 0.01266362775592101 56.35
1136 0.01251863508919545 56.36
1137 0.01238234334017669 56.37
1138 0.01225421843461584 56.38
1139 0.01213434375695446 56.39
1140 0.0120239111063252 56.4
1141 0.01192187825282927 56.41
1142 0.01182722991094611 56.42
1143 0.0117395205518217 56.43
1144 0.01165875238885206 56.44
1145 0.01158548960191449 56.45
1146 0.01151900519198077 56.46
1147 0.01145905613356999 56.47
1148 0.01140547277519078 56.48
1149 0.01135804314048945 56.49
1150 0.01131671433025729 56.5
1151 0.0112813100623541 56.51
1152 0.01125168630633318 56.52
1153 0.01122777018056292 56.53
1154 0.01120948314084713 56.54
1155 0.01119674611253701 56.55
1156 0.01118943250544426 56.56
1157 0.01118744042950161 56.57
1158 0.01119073142637116 56.58
1159 0.01119916893040811 56.59
1160 0.01121271889814816 56.6
1161 0.01123074433646581 56.61
1162 0.01125358195794501 56.62
1163 0.01128137049527597 56.63
1164 0.01131401723900644 56.64
1165 0.0113514701877819 56.65
1166 0.0113936156680357 56.66
1167 0.01144037614089146 56.67
1168 0.01149168017875929 56.68
1169 0.01154741948919077 56.69
1170 0.01160744662919518 56.7
1171 0.01167167187112927 56.71
1172 0.01173995079893238 56.72
1173 0.01181213342018797 56.73
1174 0.01188832277658378 56.74
1175 0.01196805582330781 56.75
1176 0.01205114525716541 56.76
1177 0.01213746512062672 56.77
1178 0.01222685336030045 56.78
1179 0.01231907914966864 56.79
1180 0.0124139502607143 56.8
1181 0.01251128321575523 56.81
1182 0.01261089514304502 56.82
1183 0.01271257586753851 56.83
1184 0.01281588990344395 56.84
1185 0.01292092568457511 56.85
1186 0.01302755351216173 56.86
1187 0.01313563492405414 56.87
1188 0.01324494952252036 56.88
1189 0.01335526894100103 56.89
1190 0.01346631314434803 56.9
1191 0.0135778229327472 56.91
1192 0.01368968477740022 56.92
1193 0.01380194724370506 56.93
1194 0.01391465463953937 56.94
1195 0.01402795633889252 56.95
1196 0.01414176533965597 56.96
1197 0.01425624915664761 56.97
1198 0.0143717260732482 56.98
1199 0.0144876987504965 56.99
1200 0.01460356868123888 57
1201 0.01471931983696492 57.01
1202 0.01483353767034128 57.02
1203 0.01494495717465876 57.03
1204 0.01504753342303057 57.04
1205 0.01514084824084084 57.05
1206 0.01522333090460711 57.06
1207 0.01529303700790716 57.07
1208 0.01534774235771381 57.08
1209 0.01538565722472054 57.09
1210 0.0154054444414959 57.1
1211 0.01540567735952991 57.11
1212 0.0153852768191864 57.12
1213 0.01534315705332148 57.13
1214 0.0152795616195839 57.14
1215 0.01519549432243183 57.15
1216 0.01509136856244288 57.16
1217 0.01496832044429713 57.17
1218 0.01482757689562236 57.18
1219 0.01467081286674196 57.19
1220 0.01450014394085837 57.2
1221 0.01431819146952727 57.21
1222 0.01412805600388284 57.22
1223 0.01393371667545962 57.23
1224 0.01374005177246096 57.24
1225 0.01355154053373228 57.25
1226 0.01337104410651632 57.26
1227 0.01320021224696558 57.27
1228 0.01304007044553595 57.28
1229 0.0128913262266285 57.29
1230 0.01275448078572279 57.3
1231 0.01262987279318443 57.31
1232 0.01251793778046534 57.32
1233 0.01241653698151365 57.33
1234 0.01232350541035559 57.34
1235 0.01223908809954488 57.35
1236 0.0121635399311247 57.36
1237 0.01210076897659083 57.37
1238 0.01205024573274028 57.38
1239 0.01200846174774377 57.39
1240 0.01197533579416949 57.4
1241 0.01195032835499017 57.41
1242 0.01193174527760494 57.42
1243 0.01192059973462987 57.43
1244 0.01191593469777243 57.44
1245 0.01191875225793054 57.45
1246 0.01192739992115838 57.46
1247 0.01194165390523526 57.47
1248 0.01196162488228318 57.48
1249 0.01198822584814814 57.49
1250 0.01202030701548652 57.5
1251 0.01205765193090644 57.51
1252 0.01210021446689009 57.52
1253 0.01214726459616015 57.53
1254 0.01219864866132148 57.54
1255 0.0122542658284981 57.55
1256 0.01231414187778446 57.56
1257 0.01237811302817643 57.57
1258 0.01244603763582592 57.58
1259 0.01251776652354733 57.59
1260 0.01259316534703627 57.6
1261 0.01267205024341353 57.61
1262 0.01275421641693775 57.62
1263 0.0128395390253901 57.63
1264 0.01292783489161243 57.64
1265 0.01301890583494206 57.65
1266 0.01311249991709586 57.66
1267 0.01320838531522883 57.67
1268 0.01330621474146004 57.68
1269 0.01340551495712008 57.69
1270 0.01350583645274593 57.7
1271 0.01360680375152511 57.71
1272 0.01370815241971235 57.72
1273 0.01380964059316657 57.73
1274 0.01391073643549546 57.74
1275 0.01401164344405544 57.75
1276 0.01411192800712995 57.76
1277 0.01421132330121827 57.77
1278 0.01430944151307166 57.78
1279 0.01440617059094517 57.79
1280 0.01450121397507782 57.8
1281 0.01459397034309962 57.81
1282 0.0146833715530088 57.82
1283 0.01476888627041889 57.83
1284 0.0148426536360413 57.84
1285 0.01490411591562373 57.85
1286 0.01495262396576265 57.86
1287 0.0149874056418154 57.87
1288 0.01500781961391701 57.88
1289 0.01501372435493842 57.89
1290 0.01500480961791786 57.9
1291 0.01498102587804209 57.91
1292 0.01494255779240439 57.92
1293 0.01488987684825183 57.93
1294 0.0148235946837884 57.94
1295 0.01474437358662669 57.95
1296 0.01465327351020257 57.96
1297 0.01455140201401038 57.97
1298 0.01444048189974181 57.98
1299 0.01432286514896669 57.99
1300 0.01420165714907246 58
1301 0.01408031497902004 58.01
1302 0.01396147519953719 58.02
1303 0.01384699524376648 58.03
1304 0.01373818968007764 58.04
1305 0.0136360103948096 58.05
1306 0.01354119300739897 58.06
1307 0.01345435177789974 58.07
1308 0.0133759811330628 58.08
1309 0.01330662795102996 58.09
1310 0.01324673449658608 58.1
1311 0.01319665290474718 58.11
1312 0.01315664763009679 58.12
1313 0.01312701597887161 58.13
1314 0.01310778956132784 58.14
1315 0.01309895619846283 58.15
1316 0.01310052368435743 58.16
1317 0.01311251124245991 58.17
1318 0.01313107598924716 58.18
1319 0.01315539187752206 58.19
1320 0.01318517582784908 58.2
1321 0.01322041225900475 58.21
1322 0.01326032671314171 58.22
1323 0.01330481847933716 58.23
1324 0.01335386763252937 58.24
1325 0.01340718994900604 58.25
1326 0.0134641562056979 58.26
1327 0.01352537324404822 58.27
1328 0.01359020092220204 58.28
1329 0.01365806296575811 58.29
1330 0.01372827742808481 58.3
1331 0.01380041738056274 58.31
1332 0.01387402057124533 58.32
1333 0.01394869538388464 58.33
1334 0.01402417530685967 58.34
1335 0.01410000381714956 58.35
1336 0.01417601813933136 58.36
1337 0.01425189487262427 58.37
1338 0.01432718795848324 58.38
1339 0.01440152693321701 58.39
1340 0.01447414455825969 58.4
1341 0.01454475186225226 58.41
1342 0.01461300361803676 58.42
1343 0.01467812048926925 58.43
1344 0.01473781112440313 58.44
1345 0.01478746180678624 58.45
1346 0.0148296163627063 58.46
1347 0.01486091584185578 58.47
1348 0.01488091574955672 58.48
1349 0.01488942337768162 58.49
1350 0.01488629968140483 58.5
1351 0.01487140576590089 58.51
1352 0.01484508007528699 58.52
1353 0.01480779930965466 58.53
1354 0.01476009177949293 58.54
1355 0.01470268795068913 58.55
1356 0.01463645744694658 58.56
1357 0.01456244127764121 58.57
1358 0.01448219169847046 58.58
1359 0.01439800192480551 58.59
1360 0.01431257895150639 58.6
1361 0.01422804293637908 58.61
1362 0.01414590487330974 58.62
1363 0.01406726367604578 58.63
1364 0.01399293471569284 58.64
1365 0.01392360463670165 58.65
1366 0.01385989412988333 58.66
1367 0.01380240997460048 58.67
1368 0.01375168784271303 58.68
1369 0.01370814351908185 58.69
1370 0.01367214404787461 58.7
1371 0.01364400182807621 58.71
1372 0.01362395089013662 58.72
1373 0.01361212094059863 58.73
1374 0.01360854786525945 58.74
1375 0.01361321186758768 58.75
1376 0.01362599658878882 58.76
1377 0.01364351133064986 58.77
1378 0.01366506910397528 58.78
1379 0.01369080148313442 58.79
1380 0.01372045254507746 58.8
1381 0.01375389207981299 58.81
1382 0.01379067496403054 58.82
1383 0.01383066790623163 58.83
1384 0.01387329962214526 58.84
1385 0.01391825346813512 58.85
1386 0.01396515459157623 58.86
1387 0.01401368602455701 58.87
1388 0.01406334726092161 58.88
1389 0.01411363618863014 58.89
1390 0.01416420476521963 58.9
1391 0.01421469181117113 58.91
1392 0.01426486506965807 58.92
1393 0.01431447991923099 58.93
1394 0.01436332222219481 58.94
1395 0.01441115592588741 58.95
1396 0.01445775288811782 58.96
1397 0.01450283907476678 58.97
1398 0.01454607955180804 58.98
1399 0.01458714114783748 58.99
1400 0.01462572717525376 59
1401 0.01466047721585571 59.01
1402 0.0146862075338551 59.02
1403 0.01470276507292339 59.03
1404 0.01471006680386278 59.04
1405 0.01470810328624619 59.05
1406 0.01469689577759428 59.06
1407 0.0146766364752633 59.07
1408 0.01464749875584696 59.08
1409 0.01460996461372135 59.09
1410 0.01456459533570551 59.1
1411 0.0145120139492433 59.11
1412 0.01445306051131263 59.12
1413 0.0143890554767439 59.13
1414 0.0143217250577014 59.14
1415 0.01425318151594031 59.15
1416 0.01418527658170234 59.16
1417 0.01411929181415223 59.17
1418 0.01405611990764937 59.18
1419 0.01399649813432464 59.19
1420 0.01394103109321875 59.2
1421 0.01389024523951626 59.21
1422 0.01384467819283809 59.22
1423 0.01380477552373349 59.23
1424 0.01377088772796621 59.24
1425 0.01374330030405966 59.25
1426 0.01372227131516104 59.26
1427 0.01370792540710651 59.27
1428 0.01370031111995571 59.28
1429 0.01369944028796939 59.29
1430 0.01370520636005363 59.3
1431 0.01371749669627925 59.31
1432 0.01373603137746059 59.32
1433 0.01376044438339942 59.33
1434 0.0137882701940826 59.34
1435 0.01381879263556618 59.35
1436 0.0138518179173421 59.36
1437 0.01388707281333783 59.37
1438 0.01392407314257988 59.38
1439 0.01396231387823013 59.39
1440 0.01400131914897292 59.4
1441 0.01404078738205673 59.41
1442 0.01408036024970501 59.42
1443 0.01411981522557225 59.43
1444 0.01415867122241699 59.44
1445 0.01419635925601221 59.45
1446 0.01423213467789055 59.46
1447 0.01426526343359397 59.47
1448 0.01429273056861956 59.48
1449 0.01431418158971733 59.49
1450 0.01432924641254839 59.5
1451 0.01433750968660594 59.51
1452 0.01433877286958245 59.52
1453 0.01433275949354235 59.53
1454 0.01431940729291697 59.54
1455 0.01429885855405192 59.55
1456 0.01427134065334682 59.56
1457 0.01423728098552065 59.57
1458 0.01419726402815143 59.58
1459 0.0141520820071897 59.59
1460 0.01410279759642968 59.6
1461 0.01405087915983574 59.61
1462 0.01399809468877682 59.62
1463 0.01394590464355779 59.63
1464 0.01389535228498683 59.64
1465 0.01384719948606708 59.65
1466 0.01380206944156185 59.66
1467 0.0137604237040304 59.67
1468 0.01372266889267442 59.68
1469 0.01368914883299123 59.69
1470 0.01366022719451716 59.7
1471 0.01363620547155177 59.71
1472 0.01361730279261277 59.72
1473 0.01360366447200162 59.73
1474 0.01359535964124337 59.74
1475 0.01359239665389072 59.75
1476 0.01359473101434001 59.76
1477 0.01360222426466461 59.77
1478 0.01361463064050578 59.78
1479 0.01363163384842699 59.79
1480 0.01365142674633136 59.8
1481 0.01367350400170132 59.81
1482 0.01369746650685828 59.82
1483 0.01372294891816094 59.83
1484 0.01374957829953366 59.84
1485 0.01377686660500536 59.85
1486 0.01380451857481296 59.86
1487 0.01383199560229479 59.87
1488 0.01385851161716772 59.88
1489 0.01388414498373941 59.89
1490 0.01390773248173735 59.9
1491 0.01392753202062898 59.91
1492 0.01394317005240842 59.92
1493 0.01395435110552696 59.93
1494 0.01396077877441274 59.94
1495 0.01396218975340008 59.95
1496 0.01395845042162364 59.96
1497 0.01394952313774288 59.97
1498 0.01393542145023687 59.98
1499 0.01391642590889457 59.99
1500 0.01389287300565081 60
