"frac-mass-n2-rfile"
"Time Step" "frac-mass-n2 etc.."
("Time Step" "frac-mass-n2" "flow-time")
0 0.7694089947734687 0
1 0.7693007256371478 0.1
2 0.7691854315974636 0.2
3 0.769069554088645 0.3
4 0.7689214813891633 0.4
5 0.7687537404375586 0.5
6 0.7685724154965282 0.6000000000000001
7 0.7683954889214901 0.7000000000000001
8 0.7682243992634494 0.8
9 0.7680549359225556 0.9
10 0.7678942718007122 1
11 0.7677377762516158 1.1
12 0.7675858999742053 1.2
13 0.7674355631795394 1.3
14 0.7672997937365637 1.4
15 0.76716345525941 1.5
16 0.7670375145191543 1.6
17 0.7669228921207525 1.7
18 0.7667863531296486 1.8
19 0.766663360889558 1.9
20 0.7665414286481189 2
21 0.7664139337479197 2.1
22 0.7662849698814805 2.2
23 0.7661578565041216 2.3
24 0.7660284720065667 2.4
25 0.7659039405684344 2.5
26 0.765772126555143 2.6
27 0.7656404493096827 2.7
28 0.7655071197751083 2.8
29 0.7653727644614169 2.9
30 0.7652371527850134 3
31 0.7651002791112399 3.1
32 0.7649622082816577 3.2
33 0.7648228138468828 3.3
34 0.7646822063861921 3.4
35 0.7645404802366587 3.5
36 0.7644032262174161 3.6
37 0.7642525656566188 3.7
38 0.7641021350273213 3.8
39 0.7639565684486052 3.9
40 0.7638107698725791 4
41 0.7636645666701721 4.100000000000001
42 0.7635181533233214 4.2
43 0.7633717482543193 4.3
44 0.7632254962551285 4.4
45 0.7630795418861709 4.5
46 0.7629339933758635 4.600000000000001
47 0.7627890581635101 4.7
48 0.7626448459912709 4.800000000000001
49 0.7625012897121191 4.9
50 0.762358477248906 5
51 0.7622164613256144 5.100000000000001
52 0.7620751621456111 5.2
53 0.7619345428603835 5.300000000000001
54 0.7617939279151413 5.4
55 0.7616540202439608 5.5
56 0.7615148461645401 5.600000000000001
57 0.7613762592269826 5.7
58 0.7612391820281669 5.800000000000001
59 0.7611011266559623 5.9
60 0.7609645565613565 6
61 0.7608282554866855 6.100000000000001
62 0.7606902940699853 6.2
63 0.7605539535931293 6.300000000000001
64 0.7604175651265216 6.4
65 0.7602810750316716 6.5
66 0.7601403280018254 6.600000000000001
67 0.7600032561351735 6.7
68 0.7598629869194449 6.800000000000001
69 0.759722299455011 6.9
70 0.7595797342127238 7
71 0.7594364793606717 7.100000000000001
72 0.759294113175491 7.2
73 0.7591512505567791 7.300000000000001
74 0.7590111939785994 7.4
75 0.7588666740747625 7.5
76 0.7587260208293878 7.600000000000001
77 0.7585809194805525 7.7
78 0.7584402652278179 7.800000000000001
79 0.7582953152744616 7.9
80 0.7581544009223863 8
81 0.7580133844611252 8.1
82 0.7578722898636367 8.200000000000001
83 0.7577268005489549 8.300000000000001
84 0.75758572686152 8.4
85 0.7574446994353803 8.5
86 0.7572996709135422 8.6
87 0.7571589350520389 8.700000000000001
88 0.7570183010145133 8.800000000000001
89 0.7568743308111469 8.9
90 0.7567341480326396 9
91 0.7565908656466767 9.1
92 0.7564511632438958 9.200000000000001
93 0.7563740741456516 9.300000000000001
94 0.7562343609798543 9.4
95 0.7560948712482182 9.5
96 0.7560193659668729 9.600000000000001
97 0.755880442531802 9.700000000000001
98 0.7557414644304501 9.800000000000001
99 0.7556651803546978 9.9
100 0.7555259552835694 10
101 0.7554504421306145 10.1
102 0.7553053422018507 10.2
103 0.7552295468781384 10.3
104 0.755090331609816 10.4
105 0.7549443889254053 10.5
106 0.7547985399868746 10.6
107 0.7547218444751651 10.7
108 0.7545756527870727 10.8
109 0.7544984465594879 10.9
110 0.7543520766073616 11
111 0.7542743984552017 11.1
112 0.754127729973543 11.2
113 0.7540504546374871 11.3
114 0.7539035421302306 11.4
115 0.7538270346741661 11.5
116 0.7536796759987645 11.6
117 0.7536015375691213 11.7
118 0.753453778931308 11.8
119 0.7533760176796963 11.9
120 0.7532278708855197 12
121 0.753149816590809 12.1
122 0.7530012328007943 12.2
123 0.7529208579404733 12.3
124 0.7527720478669125 12.4
125 0.7526944679292107 12.5
126 0.7525452351374835 12.6
127 0.7524668905925138 12.7
128 0.7523173864872753 12.8
129 0.7522394291942798 12.9
130 0.7520876179038014 13
131 0.7520094116890642 13.1
132 0.7518571004345809 13.2
133 0.7517769963265069 13.3
134 0.7516262439241648 13.4
135 0.7515474951815145 13.5
136 0.7513965725522461 13.6
137 0.751316774130522 13.7
138 0.7511633987454762 13.8
139 0.7510822813252412 13.9
140 0.7509288568995638 14
141 0.7508488519569485 14.1
142 0.7506949089738011 14.2
143 0.7506122209165611 14.3
144 0.7504582231263317 14.4
145 0.7503774079614338 14.5
146 0.7502231649793416 14.6
147 0.7501404660755046 14.7
148 0.7499861631628504 14.8
149 0.7499066945402274 14.9
150 0.7497523178772785 15
151 0.7496715605233991 15.1
152 0.7495171931815969 15.2
153 0.7494375882011062 15.3
154 0.7492830712518835 15.4
155 0.7491980676823298 15.5
156 0.7490396384466562 15.6
157 0.7489590261428951 15.7
158 0.7488039871539225 15.8
159 0.7487197379276841 15.9
160 0.748564643529213 16
161 0.7484838453302002 16.1
162 0.7483310005461242 16.2
163 0.7482451980881191 16.3
164 0.7480897878250772 16.4
165 0.7480079678041953 16.5
166 0.7478492827565276 16.6
167 0.7477634700940562 16.7
168 0.7476075986382166 16.8
169 0.747522359053717 16.9
170 0.7473632265997149 17
171 0.7472786408078289 17.1
172 0.7471185822829272 17.2
173 0.747031779513134 17.3
174 0.7468721746131506 17.4
175 0.7467857877443659 17.5
176 0.7466287166688388 17.6
177 0.7465380658348595 17.7
178 0.7463777382928204 17.8
179 0.7462895624181358 17.9
180 0.7461276780469148 18
181 0.7460358804455903 18.1
182 0.745874409870263 18.2
183 0.7457881428665182 18.3
184 0.7456210827256166 18.4
185 0.7455284674969455 18.5
186 0.7453657348430927 18.6
187 0.7452685881078666 18.7
188 0.7451005967023895 18.8
189 0.7450078764367328 18.9
190 0.7448401750829028 19
191 0.7447433976451778 19.1
192 0.7445751085920712 19.2
193 0.7444724181805541 19.3
194 0.7443068329182865 19.4
195 0.7442071865452904 19.5
196 0.7440319178928224 19.6
197 0.7439362512866753 19.7
198 0.7437658093407643 19.8
199 0.7436632206228033 19.9
200 0.7434822396113456 20
201 0.7433831195158523 20.1
202 0.7432062391178107 20.2
203 0.7431046321829772 20.3
204 0.7429308456839089 20.4
205 0.7428282390387541 20.5
206 0.7426507397833119 20.6
207 0.7425524138961062 20.7
208 0.7423730009659334 20.8
209 0.742269795135762 20.9
210 0.742126423245985 21
211 0.7420274904715229 21.1
212 0.7418453749281887 21.2
213 0.7417419291234145 21.3
214 0.7415980395941371 21.4
215 0.7414828682871283 21.5
216 0.7413008049755521 21.6
217 0.7411883929578108 21.7
218 0.7410442471866494 21.8
219 0.7409343297707575 21.9
220 0.740744769953421 22
221 0.7406332228638854 22.1
222 0.7404891769219472 22.2
223 0.740400031176092 22.3
224 0.7402159203605968 22.4
225 0.7400800101542007 22.5
226 0.7399355574598666 22.6
227 0.7398273493070281 22.7
228 0.7396828930488087 22.8
229 0.7395693900876048 22.9
230 0.739403242551782 23
231 0.7392754162442626 23.1
232 0.7391307153228762 23.2
233 0.7390425276788595 23.3
234 0.7388976823912932 23.4
235 0.7387879324759956 23.5
236 0.7386429531804286 23.6
237 0.7385017553117803 23.7
238 0.7383565501588762 23.8
239 0.7382082824409881 23.9
240 0.7381158681898652 24
241 0.7379619107049171 24.1
242 0.7378229136139979 24.2
243 0.7376767250842665 24.3
244 0.7375652238149385 24.4
245 0.7374726161621197 24.5
246 0.7373171755688732 24.6
247 0.7371804712318082 24.7
248 0.737100764364926 24.8
249 0.7369326704342956 24.9
250 0.7368355409251846 25
251 0.7366770525684944 25.1
252 0.7365132112454004 25.2
253 0.736409485994226 25.3
254 0.7362962204963823 25.4
255 0.7361303886147567 25.5
256 0.7360257079615815 25.6
257 0.7358564244836221 25.7
258 0.7356801429359553 25.8
259 0.7355658839082673 25.9
260 0.7354361205701985 26
261 0.7352665533291958 26.1
262 0.7351507789860924 26.2
263 0.7349713741140314 26.3
264 0.7347999216751006 26.4
265 0.734689758446104 26.5
266 0.7345369556338271 26.6
267 0.7343388710040102 26.7
268 0.734201727759039 26.8
269 0.7340341213690555 26.9
270 0.7338645663043329 27
271 0.7337361164883129 27.1
272 0.7335629039550807 27.2
273 0.7333532097778409 27.3
274 0.7332293536442265 27.4
275 0.7330447129150696 27.5
276 0.732866671574275 27.6
277 0.7327379700296134 27.7
278 0.7325916193715488 27.8
279 0.732380935942042 27.9
280 0.7321698072238583 28
281 0.7319855989587551 28.1
282 0.7317949563493699 28.2
283 0.731574402608133 28.3
284 0.7314232626967558 28.4
285 0.7312239834675496 28.5
286 0.7310243719966071 28.6
287 0.7308625143969543 28.7
288 0.7306355322027155 28.8
289 0.7304104342435062 28.9
290 0.7302595654502837 29
291 0.7300492972578365 29.1
292 0.7298194337157778 29.2
293 0.7296663891195194 29.3
294 0.7294425870690012 29.4
295 0.7292213814608125 29.5
296 0.7290620275634548 29.6
297 0.7288391286235836 29.7
298 0.7286211005579164 29.8
299 0.7284412159343533 29.9
300 0.7282289952351224 30
301 0.7280228758062744 30.1
302 0.7278565244542209 30.2
303 0.7276595658822593 30.3
304 0.7274656275153543 30.4
305 0.7273043508364799 30.5
306 0.7271244851390545 30.6
307 0.7269504205240902 30.7
308 0.7267963618190412 30.8
309 0.726613359513286 30.9
310 0.7264362173787103 31
311 0.7262918284572137 31.1
312 0.7261021414897473 31.2
313 0.7259192764985845 31.3
314 0.7257735045545782 31.4
315 0.7255732621386508 31.5
316 0.7253807210926063 31.6
317 0.7252303453529707 31.7
318 0.7250383699893247 31.8
319 0.7248557487550077 31.9
320 0.724736838501625 32
321 0.7246200950921392 32.1
322 0.7244802011860492 32.2
323 0.7243423968753058 32.3
324 0.7242039095237004 32.4
325 0.7240654741440734 32.5
326 0.7239269495231577 32.6
327 0.7237883165038781 32.7
328 0.7236494711195055 32.8
329 0.7235105319156393 32.9
330 0.7233715880231522 33
331 0.7232327514167799 33.1
332 0.7230940888619645 33.2
333 0.7229556601978165 33.3
334 0.7228174530288533 33.4
335 0.7226793374213796 33.5
336 0.7225413063622527 33.6
337 0.7224127257077166 33.7
338 0.7222841587596632 33.8
339 0.7221558727242238 33.9
340 0.7220274688306314 34
341 0.721899174432039 34.1
342 0.7217706299168559 34.2
343 0.7216425829622941 34.3
344 0.7215143854118067 34.4
345 0.7213863649063043 34.5
346 0.7212582927645688 34.6
347 0.7211300350774715 34.7
348 0.7210019408363845 34.8
349 0.7208737265218046 34.9
350 0.7207453870901708 35
351 0.7206172524615393 35.1
352 0.7204893438979504 35.2
353 0.720361409595925 35.3
354 0.7202336569052594 35.4
355 0.72010584006645 35.5
356 0.7199780073614743 35.6
357 0.7198498723527699 35.7
358 0.7197221617995477 35.8
359 0.7195944278051052 35.9
360 0.7194665693206183 36
361 0.7193388995073475 36.1
362 0.7192113503157742 36.2
363 0.7190837923060657 36.3
364 0.7189559682393748 36.4
365 0.7188285381712174 36.5
366 0.7187009454629116 36.6
367 0.7185733836324211 36.7
368 0.7184460083686194 36.8
369 0.7183187965002477 36.9
370 0.7181916894413726 37
371 0.7180643543896664 37.1
372 0.7179370899693128 37.2
373 0.7178097549037842 37.3
374 0.717682564681952 37.4
375 0.7175552981728036 37.5
376 0.717427941714642 37.6
377 0.717301023473123 37.7
378 0.7171741326036462 37.8
379 0.717046881599707 37.9
380 0.7169197810136956 38
381 0.7167928043979171 38.1
382 0.7166658651033437 38.2
383 0.7165386919274288 38.3
384 0.716411781664103 38.40000000000001
385 0.7162849258751625 38.5
386 0.7161580173957246 38.6
387 0.7160310269286803 38.7
388 0.7159044054912912 38.8
389 0.7157778398801927 38.90000000000001
390 0.715650997232797 39
391 0.7155242623617917 39.1
392 0.7153975695061598 39.2
393 0.7152711407338791 39.3
394 0.7151444468743628 39.40000000000001
395 0.7150179996716151 39.5
396 0.714891473383138 39.6
397 0.7147652793690723 39.7
398 0.7146386938293157 39.8
399 0.7145123054715897 39.90000000000001
400 0.714385989006985 40
401 0.714259863669742 40.1
402 0.7141339818839388 40.2
403 0.7140079765579725 40.3
404 0.7138820212316581 40.40000000000001
405 0.7137560156044368 40.5
406 0.7136302294234562 40.6
407 0.7135039581071216 40.7
408 0.7133781077673086 40.8
409 0.7132521850234951 40.90000000000001
410 0.7131260899823458 41
411 0.7130001028652665 41.1
412 0.712874162246969 41.2
413 0.7127484355396433 41.3
414 0.7126228184170652 41.40000000000001
415 0.7124968497298341 41.5
416 0.7123710790378905 41.6
417 0.7122454531259221 41.7
418 0.7121198085618616 41.8
419 0.7119942743009378 41.90000000000001
420 0.7118684681742727 42
421 0.7117429187089849 42.1
422 0.7116173937891633 42.2
423 0.7114916029718191 42.3
424 0.7113662677124523 42.40000000000001
425 0.7112410971317322 42.5
426 0.7111157282624387 42.6
427 0.7109904796484872 42.7
428 0.7108650040700899 42.8
429 0.7107396594307722 42.90000000000001
430 0.7106143577371216 43
431 0.7104894327635143 43.1
432 0.7103643614376004 43.2
433 0.7102391219648302 43.3
434 0.7101139550018892 43.40000000000001
435 0.7099888273691887 43.5
436 0.7098638279210715 43.6
437 0.7097387834663388 43.7
438 0.7096141058600298 43.8
439 0.7094890444572277 43.90000000000001
440 0.7093644095117067 44
441 0.7092394142753226 44.1
442 0.7091143755345374 44.2
443 0.7089895400539027 44.3
444 0.7088648341363921 44.40000000000001
445 0.7087404037743151 44.5
446 0.7086158455814512 44.6
447 0.7084909625163395 44.7
448 0.7083662959886428 44.8
449 0.708241876594235 44.90000000000001
450 0.708117076559228 45
451 0.7079928274116365 45.1
452 0.7078687511776747 45.2
453 0.7077443681619606 45.3
454 0.7076200826645946 45.40000000000001
455 0.7074956044917747 45.5
456 0.7073714043605281 45.6
457 0.7072472967037486 45.7
458 0.7071233007833023 45.8
459 0.706999342152009 45.90000000000001
460 0.7068755453732167 46
461 0.7067516754088565 46.1
462 0.7066273740554836 46.2
463 0.7065033974701522 46.3
464 0.706379027076611 46.40000000000001
465 0.706255331029464 46.5
466 0.7061314247539556 46.6
467 0.706007868681901 46.7
468 0.7058840914755362 46.8
469 0.705760445644895 46.90000000000001
470 0.7056370876653347 47
471 0.705513426956476 47.1
472 0.705389559010658 47.2
473 0.7052661130879644 47.3
474 0.7051423061446247 47.40000000000001
475 0.7050186632721654 47.5
476 0.7048953209067349 47.6
477 0.7047716500243794 47.7
478 0.7046484474280721 47.8
479 0.704525315103439 47.90000000000001
480 0.7044019018174074 48
481 0.7042786071786579 48.1
482 0.7041555035639478 48.2
483 0.7040324086702973 48.3
484 0.7039091178320066 48.40000000000001
485 0.7037855744826245 48.5
486 0.7036621617514524 48.6
487 0.7035388234544419 48.7
488 0.7034156642904851 48.8
489 0.7032924334635696 48.90000000000001
490 0.7031693984678701 49
491 0.7030464364465452 49.1
492 0.7029236776897436 49.2
493 0.7028007557616215 49.3
494 0.7026777708885805 49.40000000000001
495 0.7025550002208294 49.5
496 0.7024320020805793 49.6
497 0.7023089095181754 49.7
498 0.7021864174478308 49.8
499 0.7020637814693986 49.90000000000001
500 0.7019413681623866 50
501 0.7019281952905837 50.01
502 0.7019147936954953 50.02
503 0.7019010893648466 50.03
504 0.701887128759023 50.04
505 0.7018726557211917 50.05
506 0.7018576649192823 50.06
507 0.7018421348167044 50.07
508 0.701826069469824 50.08
509 0.7018094896080009 50.09
510 0.7017923799741606 50.1
511 0.7017747550602325 50.11
512 0.7017565911956267 50.12
513 0.7017379335482071 50.13
514 0.7017188372063885 50.14
515 0.7016993722595189 50.15
516 0.7016795682500334 50.16
517 0.7016593973578052 50.17
518 0.7016387706287536 50.18
519 0.7016176902678886 50.19
520 0.7015959496511118 50.2
521 0.7015735417809058 50.21
522 0.7015503986444139 50.22
523 0.7015264629003588 50.23
524 0.7015016789460199 50.24
525 0.7014759958895407 50.25
526 0.7014493565175688 50.26
527 0.701421688256233 50.27
528 0.701392968591357 50.28
529 0.701363100304583 50.29
530 0.7013320431194094 50.3
531 0.7012997423760443 50.31
532 0.7012661431564415 50.32
533 0.7012311875517429 50.33
534 0.7011948222545625 50.34
535 0.70115701644968 50.35
536 0.7011176737342807 50.36
537 0.7010767324560112 50.37
538 0.7010341173988095 50.38
539 0.7009897623918883 50.39
540 0.7009435983598689 50.4
541 0.7008955476448773 50.41
542 0.7008455300659729 50.42
543 0.7007934595710293 50.43
544 0.7007392539276737 50.44
545 0.7006828276116716 50.45
546 0.7006240798349375 50.46
547 0.7005629258094906 50.47
548 0.7004992721123029 50.48
549 0.7004330124546956 50.49
550 0.7003640639061446 50.5
551 0.7002923383949629 50.51
552 0.7002177511392159 50.52
553 0.700140216460717 50.53
554 0.7000596579082861 50.54
555 0.6999760174856084 50.55
556 0.6998875742424012 50.56
557 0.6998013582966202 50.57
558 0.6996977787648008 50.58
559 0.6996507620569836 50.59
560 0.6997134650571017 50.6
561 0.6999169087697286 50.61
562 0.7002901167717805 50.62
563 0.7008825305996509 50.63
564 0.7017786739939813 50.64
565 0.7030573095727544 50.65
566 0.7047023140871583 50.66
567 0.7066468126017268 50.67
568 0.7088449450648847 50.68
569 0.7112644016728341 50.69
570 0.7138525899579503 50.7
571 0.7165390948010051 50.71
572 0.7192311234656531 50.72
573 0.7218068337365657 50.73
574 0.7241556411760298 50.74
575 0.7262287825556918 50.75
576 0.7280120800803382 50.76
577 0.7295630291228425 50.77
578 0.7309681178611832 50.78
579 0.7323282434902197 50.79
580 0.7336873776514525 50.8
581 0.7350369866766338 50.81
582 0.7364033995069864 50.82
583 0.7377267194200295 50.83
584 0.7389717728413824 50.84
585 0.7401291391537911 50.85
586 0.7411951275210328 50.86
587 0.7421727699066438 50.87
588 0.743020993095776 50.88
589 0.7437818782837397 50.89
590 0.7444851689222289 50.9
591 0.7451371863652578 50.91
592 0.7457215446599874 50.92
593 0.7462665119461928 50.93
594 0.7467644373532855 50.94
595 0.7472357000293025 50.95
596 0.7476802603741353 50.96
597 0.7480980965169708 50.97
598 0.7484870013221151 50.98
599 0.748837899958507 50.99
600 0.7491615771786471 51
601 0.7494596369343527 51.01
602 0.7497305447560315 51.02
603 0.74996775340832 51.03
604 0.7501792491173547 51.04
605 0.7503631449308745 51.05
606 0.7505207061739874 51.06
607 0.7506527560380704 51.07
608 0.7507606678913191 51.08
609 0.7508408804908215 51.09
610 0.7508998160290611 51.1
611 0.7509387548441238 51.11
612 0.7509594207164818 51.12
613 0.7509633957668516 51.13
614 0.7509522727154495 51.14
615 0.7509335094941878 51.15
616 0.7508986897453019 51.16
617 0.750853001840464 51.17
618 0.7507979696621064 51.18
619 0.7507348190375182 51.19
620 0.7506649693181998 51.2
621 0.7505890500500285 51.21
622 0.7505058429303565 51.22
623 0.7504181717693181 51.23
624 0.7503273803660228 51.24
625 0.7502345366584467 51.25
626 0.7501405109374903 51.26
627 0.7500460569005288 51.27
628 0.7499518045380292 51.28
629 0.7498582867159387 51.29
630 0.7497596198142638 51.3
631 0.7496664951558419 51.31
632 0.7495771529299751 51.32
633 0.7494899077246431 51.33
634 0.7494036280310328 51.34
635 0.7493184046516125 51.35
636 0.7492341496617889 51.36
637 0.7491509582277855 51.37
638 0.7490686053639869 51.38
639 0.7489871657863146 51.39
640 0.7489066082806373 51.4
641 0.7488268254303243 51.41
642 0.7487473887417206 51.42
643 0.7486686696443769 51.43
644 0.7485906047708072 51.44
645 0.7485130454327834 51.45
646 0.7484361666055083 51.46
647 0.748360023116984 51.47
648 0.748284691411669 51.48
649 0.7482104801233771 51.49
650 0.7481374023551838 51.5
651 0.7480656823758056 51.51
652 0.7479953187505344 51.52
653 0.747926578286298 51.53
654 0.7478603059651762 51.54
655 0.7477962229278695 51.55
656 0.7477333208121286 51.56
657 0.7476741270913653 51.57
658 0.7476205047804508 51.58
659 0.7475751270661778 51.59
660 0.7475278363248102 51.6
661 0.7475105771832199 51.61
662 0.7474904823323367 51.62
663 0.7474953416084217 51.63
664 0.7475084044307564 51.64
665 0.7475410604807574 51.65
666 0.7475828822895676 51.66
667 0.7476382425189552 51.67
668 0.7477192513698532 51.68
669 0.7478165331413592 51.69
670 0.7479427121348056 51.7
671 0.7480900491305298 51.71
672 0.7482652913784784 51.72
673 0.7484626935531659 51.73
674 0.7486883209956899 51.74
675 0.7489356831770551 51.75
676 0.7492101098952895 51.76
677 0.7495044982693568 51.77
678 0.7498233641395247 51.78
679 0.7501544668113195 51.79
680 0.7504850419667053 51.8
681 0.7508356412655366 51.81
682 0.7511986552523613 51.82
683 0.7515754858739951 51.83
684 0.7519563276213649 51.84
685 0.7523502057680745 51.85
686 0.7527364764955796 51.86
687 0.7531228340185958 51.87
688 0.7535078967586072 51.88
689 0.753890465861209 51.89
690 0.7542477691385523 51.9
691 0.7546192603548811 51.91
692 0.7549851169683685 51.92
693 0.7553440909892944 51.93
694 0.7556952909414709 51.94
695 0.7560379804957668 51.95
696 0.7563711147386304 51.96
697 0.756693749588235 51.97
698 0.7570047836339935 51.98
699 0.7573038958427672 51.99
700 0.7575904904425081 52
701 0.7578644529537415 52.01
702 0.758125389756103 52.02
703 0.7583736632140025 52.03
704 0.7586094092755317 52.04
705 0.7588328413954445 52.05
706 0.759044379236629 52.06
707 0.7592446354750821 52.07
708 0.7594332717832885 52.08
709 0.7596109236646807 52.09
710 0.7597780217780494 52.1
711 0.7599349566430535 52.11
712 0.7600821589267721 52.12
713 0.7602220428349216 52.13
714 0.7603512328733135 52.14
715 0.7604718272012814 52.15
716 0.7605840839870054 52.16
717 0.7606882458970013 52.17
718 0.7607846521993861 52.18
719 0.7608808275035246 52.19
720 0.7609695594368376 52.2
721 0.7610423924679894 52.21
722 0.7611084511900821 52.22
723 0.7611693632373208 52.23
724 0.7612223602675739 52.24
725 0.7612690757725504 52.25
726 0.7613096576910564 52.26
727 0.7613442408845801 52.27
728 0.7613729520227183 52.28
729 0.7613959070188867 52.29
730 0.7614132575391929 52.3
731 0.7614272268503293 52.31
732 0.7614345289739889 52.32
733 0.7614366635527081 52.33
734 0.7614337721958592 52.34
735 0.7614261139263439 52.35
736 0.7614138510228564 52.36
737 0.7613971886142766 52.37
738 0.761376407574528 52.38
739 0.7613526225688085 52.39
740 0.7613243002995448 52.4
741 0.761292666496552 52.41
742 0.7612579607251672 52.42
743 0.7612204604826716 52.43
744 0.7611804676518041 52.44
745 0.7611382331778704 52.45
746 0.7610940270777268 52.46
747 0.761043321465856 52.47
748 0.760997456305043 52.48
749 0.7609499513884878 52.49
750 0.7609011285306538 52.5
751 0.7608512699405183 52.51
752 0.760801316143034 52.52
753 0.7607498729664606 52.53
754 0.7606980424928573 52.54
755 0.7606459301248566 52.55
756 0.7605936197519151 52.56
757 0.7605411947632454 52.57
758 0.760488749964337 52.58
759 0.7604363711422172 52.59
760 0.760384090492663 52.6
761 0.7603320356599041 52.61
762 0.760280278032236 52.62
763 0.7602288653250805 52.63
764 0.7601778643151613 52.64
765 0.760127248464703 52.65
766 0.7600768697258408 52.66
767 0.7600270962805462 52.67
768 0.7599776220589691 52.68
769 0.7599284997830303 52.69
770 0.7598798669745018 52.7
771 0.7598317842086691 52.71
772 0.7597839570982524 52.72
773 0.7597365852407416 52.73
774 0.7596896542683453 52.74
775 0.7596439941959849 52.75
776 0.7595981016142038 52.76
777 0.7595551226486607 52.77
778 0.7595083629948809 52.78
779 0.7594656687324222 52.79
780 0.759424401270395 52.8
781 0.7593881096875349 52.81
782 0.7593599726189518 52.82
783 0.7593428279859309 52.83
784 0.7593269765538088 52.84
785 0.7593168762296509 52.85
786 0.7593161082837864 52.86
787 0.7593206831453884 52.87
788 0.7593336254772722 52.88
789 0.7593583407710226 52.89
790 0.7593938598822173 52.9
791 0.7594380091835264 52.91
792 0.7594931691970872 52.92
793 0.7595623063001293 52.93
794 0.7596450179264278 52.94
795 0.7597413763252115 52.95
796 0.7598483205685335 52.96
797 0.7599660885220255 52.97
798 0.7600952433466077 52.98
799 0.7602306223770831 52.99
800 0.7603700028080688 53
801 0.7605184826590243 53.01
802 0.7606794056243215 53.02
803 0.7608384469066632 53.03
804 0.7610013055153382 53.04
805 0.7611648331740635 53.05
806 0.7613284590859949 53.06
807 0.7614909145662102 53.07
808 0.7616524105404693 53.08
809 0.7618122859149697 53.09
810 0.7619699980696962 53.1
811 0.7621250148093042 53.11
812 0.7622763947502175 53.12
813 0.7624235058372386 53.13
814 0.7625659671727457 53.14
815 0.7627056415701176 53.15
816 0.7628375623830799 53.16
817 0.7629639773425253 53.17
818 0.7630847129499289 53.18
819 0.7631997711417898 53.19
820 0.7633092612160842 53.2
821 0.7634139562507084 53.21
822 0.7635124164590645 53.22
823 0.7636056266036514 53.23
824 0.7636936556930863 53.24
825 0.7637766257935287 53.25
826 0.763854643461597 53.26
827 0.7639278313065536 53.27
828 0.763996410325826 53.28
829 0.7640604938603515 53.29
830 0.764120189390445 53.3
831 0.7641756312082759 53.31
832 0.7642269540966324 53.32
833 0.7642742534514024 53.33
834 0.7643176454897148 53.34
835 0.7643572134039793 53.35
836 0.7643931198284174 53.36
837 0.764425320113153 53.37
838 0.7644539665027645 53.38
839 0.7644755395392768 53.39
840 0.7644973918587952 53.4
841 0.7645155024415731 53.41
842 0.7645308522295112 53.42
843 0.7645429200060216 53.43
844 0.7645512072563329 53.44
845 0.7645563912701268 53.45
846 0.7645588325687663 53.46
847 0.7645582640671471 53.47
848 0.7645547585341257 53.48
849 0.7645486509323737 53.49
850 0.7645397642955352 53.5
851 0.7645281949757816 53.51
852 0.7645140432637466 53.52
853 0.7644974128848062 53.53
854 0.7644784090983378 53.54
855 0.7644571354522791 53.55
856 0.7644335229326837 53.56
857 0.7644079315524893 53.57
858 0.7643804896458435 53.58
859 0.7643526676354825 53.59
860 0.7643220028810699 53.6
861 0.7642899492572202 53.61
862 0.7642565862495949 53.62
863 0.7642220490563965 53.63
864 0.764186500452152 53.64
865 0.7641500349503612 53.65
866 0.7641127396605131 53.66
867 0.7640747766229254 53.67
868 0.7640362342355836 53.68
869 0.7639968969782284 53.69
870 0.7639572245123241 53.7
871 0.7639142338208482 53.71
872 0.7638749317200971 53.72
873 0.7638364287023636 53.73
874 0.7637960171683282 53.74
875 0.7637548865611152 53.75
876 0.7637147775210708 53.76
877 0.7636746603479876 53.77
878 0.7636346514886106 53.78
879 0.7635947893395979 53.79
880 0.7635550256241903 53.8
881 0.7635153596222841 53.81
882 0.7634757618511638 53.82
883 0.7634360281011029 53.83
884 0.7633971979850004 53.84
885 0.7633592881771394 53.85
886 0.7633208836802697 53.86
887 0.7632814305171084 53.87
888 0.7632427483323192 53.88
889 0.7632032303672306 53.89
890 0.7631640999647498 53.9
891 0.7631254810170811 53.91
892 0.7630898900102419 53.92
893 0.7630535901803344 53.93
894 0.763018559621458 53.94
895 0.7629859580205499 53.95
896 0.7629566039361639 53.96
897 0.7629353574062154 53.97
898 0.7629175721609371 53.98
899 0.762904439539364 53.99
900 0.7629019547620063 54
901 0.7629104440342623 54.01
902 0.762930530198722 54.02
903 0.7629609383919934 54.03
904 0.7630036377576662 54.04
905 0.7630550273244934 54.05
906 0.7631140397402241 54.06
907 0.7631754378011509 54.07
908 0.7632470304388979 54.08
909 0.7633252822738529 54.09
910 0.7634097858989461 54.1
911 0.7635035901467442 54.11
912 0.7636010202447299 54.12
913 0.7637003024582421 54.13
914 0.7638019633904251 54.14
915 0.7639044977538674 54.15
916 0.7640080462114148 54.16
917 0.7641112345872596 54.17
918 0.7642136233797464 54.18
919 0.7643151336529481 54.19
920 0.7644144322725567 54.2
921 0.7645110878165758 54.21
922 0.7646048849606595 54.22
923 0.7646955218844927 54.23
924 0.7647827761671561 54.24
925 0.7648665651307137 54.25
926 0.7649467832932875 54.26
927 0.7650233587512696 54.27
928 0.7650963195501314 54.28
929 0.7651657088424775 54.29
930 0.7652315766781477 54.3
931 0.7652938891714514 54.31
932 0.7653540701738432 54.32
933 0.7654094549899884 54.33
934 0.7654617097581933 54.34
935 0.7655106670476818 54.35
936 0.7655566914358191 54.36
937 0.7655994041159335 54.37
938 0.7656391185146819 54.38
939 0.7656758962040676 54.39
940 0.7657096286211992 54.4
941 0.7657407379898183 54.41
942 0.7657691035376206 54.42
943 0.7657947315823 54.43
944 0.7658178697856247 54.44
945 0.7658384938816838 54.45
946 0.7658566646537973 54.46
947 0.7658723771372249 54.47
948 0.7658856652088158 54.48
949 0.7658964988381217 54.49
950 0.7659051143856513 54.5
951 0.7659114378589056 54.51
952 0.7659154897724174 54.52
953 0.7659173725410019 54.53
954 0.7659170568992039 54.54
955 0.7659146460555141 54.55
956 0.7659101663504214 54.56
957 0.7659036704935521 54.57
958 0.7658951810471888 54.58
959 0.7658847335685309 54.59
960 0.7658723909506764 54.6
961 0.7658582420704645 54.61
962 0.7658423104238115 54.62
963 0.765824689854427 54.63
964 0.7658054260644975 54.64
965 0.7657846118100854 54.65
966 0.7657622982853062 54.66
967 0.7657385745728812 54.67
968 0.7657135315754546 54.68
969 0.7656872728200022 54.69
970 0.765659868989028 54.7
971 0.7656314122796052 54.71
972 0.7656020052754466 54.72
973 0.7655717444031155 54.73
974 0.7655408539300314 54.74
975 0.7655091301323768 54.75
976 0.765476914699771 54.76
977 0.7654440089008597 54.77
978 0.7654106423991216 54.78
979 0.7653768536658355 54.79
980 0.7653427250102729 54.8
981 0.7653082748395622 54.81
982 0.7652735996031962 54.82
983 0.7652387131832535 54.83
984 0.7652033234798383 54.84
985 0.7651679738450214 54.85
986 0.7651328637757886 54.86
987 0.7650977528480435 54.87
988 0.7650623636490721 54.88
989 0.7650271642450484 54.89
990 0.7649918726994549 54.9
991 0.7649562042539565 54.91
992 0.7649205211272216 54.92
993 0.76488469691768 54.93
994 0.7648487087734057 54.94
995 0.7648126694239862 54.95
996 0.764776451999884 54.96
997 0.7647400713655758 54.97
998 0.7647037299256905 54.98
999 0.7646679235453172 54.99
1000 0.7646323429259271 55
1001 0.7645975669022306 55.01
1002 0.7645655773737016 55.02
1003 0.7645398733895609 55.03
1004 0.7645163924023527 55.04
1005 0.7644978936612147 55.05
1006 0.7644867814684251 55.06
1007 0.7644830383312172 55.07
1008 0.7644859451907061 55.08
1009 0.7644973852217173 55.09
1010 0.7645182512637573 55.1
1011 0.7645464808432327 55.11
1012 0.7645848608690092 55.12
1013 0.7646318497440406 55.13
1014 0.7646870194294464 55.14
1015 0.7647497872289192 55.15
1016 0.7648175138630555 55.16
1017 0.7648874434978085 55.17
1018 0.7649601574811425 55.18
1019 0.7650344248570627 55.19
1020 0.7651109193556673 55.2
1021 0.765187723346586 55.21
1022 0.7652646525627134 55.22
1023 0.7653413102632372 55.23
1024 0.7654169176316474 55.24
1025 0.7654911954674395 55.25
1026 0.7655636498605772 55.26
1027 0.7656336659785919 55.27
1028 0.7657009730301617 55.28
1029 0.7657653339813999 55.29
1030 0.7658269914029968 55.3
1031 0.7658858994877099 55.31
1032 0.7659421136553269 55.32
1033 0.7659956051670355 55.33
1034 0.7660463787251015 55.34
1035 0.766094365821165 55.35
1036 0.7661396221058917 55.36
1037 0.7661822074397602 55.37
1038 0.7662221876688253 55.38
1039 0.7662596210125168 55.39
1040 0.7662945999767026 55.4
1041 0.7663270642368383 55.41
1042 0.7663573107237779 55.42
1043 0.7663852592943697 55.43
1044 0.7664109416200007 55.44
1045 0.7664344312560913 55.45
1046 0.766455931918311 55.46
1047 0.7664754414310643 55.47
1048 0.7664929307785616 55.48
1049 0.7665084432459131 55.49
1050 0.7665219895199411 55.5
1051 0.7665335738016905 55.51
1052 0.7665432362876358 55.52
1053 0.7665510387548811 55.53
1054 0.7665569929362563 55.54
1055 0.7665611397113153 55.55
1056 0.766563504273444 55.56
1057 0.7665640633507997 55.57
1058 0.7665629239739176 55.58
1059 0.7665600867104707 55.59
1060 0.7665555924910448 55.6
1061 0.7665494673796825 55.61
1062 0.7665417485503848 55.62
1063 0.7665324700008982 55.63
1064 0.7665216397778659 55.64
1065 0.7665092761710306 55.65
1066 0.7664954699050172 55.66
1067 0.7664801797733849 55.67
1068 0.7664634968428929 55.68
1069 0.7664454639376972 55.69
1070 0.7664261275673852 55.7
1071 0.7664055686152879 55.71
1072 0.7663838254395487 55.72
1073 0.7663609528765885 55.73
1074 0.7663369765255701 55.74
1075 0.7663120058671068 55.75
1076 0.766286108963239 55.76
1077 0.7662593364255956 55.77
1078 0.7662317548921098 55.78
1079 0.7662034289987527 55.79
1080 0.7661744292610062 55.8
1081 0.7661448253004186 55.81
1082 0.7661142806450078 55.82
1083 0.7660837594926428 55.83
1084 0.7660527626939393 55.84
1085 0.7660213763714382 55.85
1086 0.7659892448018589 55.86
1087 0.7659573598832151 55.87
1088 0.7659251851843343 55.88
1089 0.7658927409251559 55.89
1090 0.7658600873376143 55.9
1091 0.765827334779843 55.91
1092 0.7657945962302025 55.92
1093 0.7657615269621417 55.93
1094 0.7657282783139121 55.94
1095 0.7656948562440293 55.95
1096 0.7656612289951256 55.96
1097 0.7656273644939969 55.97
1098 0.7655932658571647 55.98
1099 0.7655587990025926 55.99
1100 0.7655241965196937 56
1101 0.7654895605287206 56.01
1102 0.7654549427596566 56.02
1103 0.7654201506184087 56.03
1104 0.7653861858094336 56.04
1105 0.7653549547432195 56.05
1106 0.76532674564487 56.06
1107 0.7653021101695814 56.07
1108 0.7652816408249443 56.08
1109 0.7652661078783071 56.09
1110 0.7652559608674915 56.1
1111 0.7652521102954031 56.11
1112 0.7652547255456688 56.12
1113 0.7652642300114094 56.13
1114 0.7652809242372965 56.14
1115 0.7653051870074113 56.15
1116 0.7653359920932834 56.16
1117 0.7653736011248859 56.17
1118 0.7654182050869621 56.18
1119 0.7654684755937593 56.19
1120 0.7655235874131385 56.2
1121 0.7655834160007706 56.21
1122 0.765647114919583 56.22
1123 0.765713743427308 56.23
1124 0.7657808094809838 56.24
1125 0.7658476006466137 56.25
1126 0.7659136873205979 56.26
1127 0.7659783524141651 56.27
1128 0.7660410653748901 56.28
1129 0.7661016770743601 56.29
1130 0.7661598718144293 56.3
1131 0.7662154493671693 56.31
1132 0.7662681271930712 56.32
1133 0.7663181912684771 56.33
1134 0.7663654494340502 56.34
1135 0.7664100872453997 56.35
1136 0.7664517696705963 56.36
1137 0.7664909557096282 56.37
1138 0.7665277939140537 56.38
1139 0.766562225116712 56.39
1140 0.7665939875763796 56.4
1141 0.7666233567473104 56.41
1142 0.7666506480040356 56.42
1143 0.7666763754051588 56.43
1144 0.7667000599276282 56.44
1145 0.7667211627771825 56.45
1146 0.7667406146923426 56.46
1147 0.7667581134649583 56.47
1148 0.7667735744563446 56.48
1149 0.7667873059695571 56.49
1150 0.7667993002637113 56.5
1151 0.7668095893398288 56.51
1152 0.7668182214109533 56.52
1153 0.766825215120724 56.53
1154 0.7668305892135151 56.54
1155 0.7668343726825992 56.55
1156 0.7668365996564819 56.56
1157 0.7668373016955051 56.57
1158 0.7668365136394477 56.58
1159 0.7668342647280812 56.59
1160 0.7668305434791098 56.6
1161 0.7668255523693421 56.61
1162 0.7668191742011974 56.62
1163 0.7668114095250542 56.63
1164 0.7668022709241221 56.64
1165 0.7667916551181856 56.65
1166 0.7667797613893699 56.66
1167 0.7667665422253701 56.67
1168 0.7667520267643168 56.68
1169 0.7667362369375758 56.69
1170 0.766719218102728 56.7
1171 0.7667009866832408 56.71
1172 0.7666815923429079 56.72
1173 0.7666610713238539 56.73
1174 0.7666394040272052 56.74
1175 0.7666167302375385 56.75
1176 0.7665930816103633 56.76
1177 0.7665684921946871 56.77
1178 0.7665429992303652 56.78
1179 0.766516690119307 56.79
1180 0.7664896001994198 56.8
1181 0.7664617866238084 56.81
1182 0.7664333116595217 56.82
1183 0.766403803152803 56.83
1184 0.7663742618883673 56.84
1185 0.7663441754621081 56.85
1186 0.7663135737859106 56.86
1187 0.7662825032538545 56.87
1188 0.7662510584705998 56.88
1189 0.7662193233267149 56.89
1190 0.7661873545010193 56.9
1191 0.7661552144264621 56.91
1192 0.7661229241165408 56.92
1193 0.7660904961327968 56.93
1194 0.7660578902451163 56.94
1195 0.7660250770928834 56.95
1196 0.7659920860326239 56.96
1197 0.765958836744616 56.97
1198 0.7659252823316945 56.98
1199 0.7658915932508404 56.99
1200 0.7658579613530717 57
1201 0.7658244084262517 57.01
1202 0.7657914136047251 57.02
1203 0.7657590148371779 57.03
1204 0.7657290806588257 57.04
1205 0.7657016416918835 57.05
1206 0.7656777748216583 57.06
1207 0.7656572570028159 57.07
1208 0.7656417692917207 57.08
1209 0.7656310057119763 57.09
1210 0.765625993674825 57.1
1211 0.7656260816457763 57.11
1212 0.7656320376056756 57.12
1213 0.7656445956344928 57.13
1214 0.7656629519806858 57.14
1215 0.7656872154400066 57.15
1216 0.7657172617134742 57.16
1217 0.7657527682404379 57.17
1218 0.7657933608272811 57.18
1219 0.7658385316194699 57.19
1220 0.7658876770165661 57.2
1221 0.7659399945202338 57.21
1222 0.7659946123194594 57.22
1223 0.7660504024434114 57.23
1224 0.7661060845381751 57.24
1225 0.766160360424045 57.25
1226 0.7662122792604817 57.26
1227 0.7662613769325775 57.27
1228 0.766307376235781 57.28
1229 0.7663501079640783 57.29
1230 0.7663894296669727 57.3
1231 0.7664252306806115 57.31
1232 0.76645742007753 57.32
1233 0.7664866172156627 57.33
1234 0.7665133891053727 57.34
1235 0.7665376907917264 57.35
1236 0.7665594400137675 57.36
1237 0.7665775700071473 57.37
1238 0.7665921716771429 57.38
1239 0.7666042843185731 57.39
1240 0.766613900575867 57.4
1241 0.7666211777312849 57.41
1242 0.7666266383032767 57.42
1243 0.7666299684580375 57.43
1244 0.7666314881674806 57.44
1245 0.7666308733049216 57.45
1246 0.7666285912807702 57.46
1247 0.7666246730954167 57.47
1248 0.7666189559789394 57.48
1249 0.7666114953576203 57.49
1250 0.7666024852970899 57.5
1251 0.766591978800362 57.51
1252 0.7665799499118525 57.52
1253 0.7665666474237494 57.53
1254 0.7665521002263223 57.54
1255 0.7665363367960809 57.55
1256 0.7665193560679761 57.56
1257 0.7665011956252787 57.57
1258 0.7664819043580492 57.58
1259 0.7664615141210871 57.59
1260 0.7664400693946251 57.6
1261 0.7664176217201542 57.61
1262 0.7663942239137718 57.62
1263 0.7663699139126591 57.63
1264 0.7663447311232047 57.64
1265 0.7663187296788827 57.65
1266 0.7662919678383014 57.66
1267 0.7662645213418219 57.67
1268 0.7662364926534251 57.68
1269 0.7662080394411245 57.69
1270 0.766179237661174 57.7
1271 0.7661502228303869 57.71
1272 0.7661211796677628 57.72
1273 0.7660920065024887 57.73
1274 0.7660628965247538 57.74
1275 0.7660338465074495 57.75
1276 0.7660049390239577 57.76
1277 0.7659763310267018 57.77
1278 0.7659480844514803 57.78
1279 0.7659202476378707 57.79
1280 0.7658928302495479 57.8
1281 0.7658659763508587 57.81
1282 0.7658401438689696 57.82
1283 0.7658154001008521 57.83
1284 0.765793984130248 57.84
1285 0.7657761672992001 57.85
1286 0.7657621912984504 57.86
1287 0.7657522971993883 57.87
1288 0.7657467185500918 57.88
1289 0.7657452862119557 57.89
1290 0.7657480916519479 57.9
1291 0.7657551582336449 57.91
1292 0.7657664050680952 57.92
1293 0.7657816911644293 57.93
1294 0.7658008713754444 57.94
1295 0.7658237153301263 57.95
1296 0.7658499354056005 57.96
1297 0.7658791933764777 57.97
1298 0.7659110191426386 57.98
1299 0.7659447348688635 57.99
1300 0.7659794366156835 58
1301 0.7660141534798569 58.01
1302 0.7660481990790192 58.02
1303 0.7660810407655909 58.03
1304 0.7661122769471853 58.04
1305 0.7661416204837954 58.05
1306 0.7661688575830634 58.06
1307 0.7661938094694276 58.07
1308 0.7662163191348975 58.08
1309 0.7662362612167951 58.09
1310 0.7662535029272884 58.1
1311 0.7662679762314829 58.11
1312 0.766279564440729 58.12
1313 0.7662881691841587 58.13
1314 0.7662937740705887 58.14
1315 0.7662964050806661 58.15
1316 0.7662960301275452 58.16
1317 0.7662926683413207 58.17
1318 0.7662874093176066 58.18
1319 0.7662805052095472 58.19
1320 0.7662720455148284 58.2
1321 0.766262045219901 58.21
1322 0.7662507177814524 58.22
1323 0.7662380662710425 58.23
1324 0.7662241487341074 58.24
1325 0.7662089948278505 58.25
1326 0.7661927784726423 58.26
1327 0.7661753235498889 58.27
1328 0.7661566122838752 58.28
1329 0.7661372390009784 58.29
1330 0.7661171711555967 58.3
1331 0.7660965463259464 58.31
1332 0.7660754803776437 58.32
1333 0.7660540922809943 58.33
1334 0.7660324681060823 58.34
1335 0.7660107231073194 58.35
1336 0.7659888921058052 58.36
1337 0.7659670714953756 58.37
1338 0.7659454094354181 58.38
1339 0.7659240243365176 58.39
1340 0.7659031218251913 58.4
1341 0.7658827827828968 58.41
1342 0.7658631284567685 58.42
1343 0.7658443768328965 58.43
1344 0.7658271639778372 58.44
1345 0.7658128442086295 58.45
1346 0.7658008124468763 58.46
1347 0.7657919539448198 58.47
1348 0.7657863864078758 58.48
1349 0.765784150115474 58.49
1350 0.7657852681625562 58.5
1351 0.7657897429204999 58.51
1352 0.765797468767495 58.52
1353 0.7658082764695799 58.53
1354 0.7658220284484545 58.54
1355 0.7658384222990953 58.55
1356 0.7658573193494258 58.56
1357 0.7658784755898054 58.57
1358 0.7659014569242762 58.58
1359 0.7659255883934556 58.59
1360 0.7659500802378353 58.6
1361 0.7659743165462821 58.61
1362 0.7659978673475708 58.62
1363 0.766020424770716 58.63
1364 0.7660417690842743 58.64
1365 0.7660616775303171 58.65
1366 0.7660799697245899 58.66
1367 0.7660964750172869 58.67
1368 0.7661110536994434 58.68
1369 0.7661235846278929 58.69
1370 0.7661339348895738 58.7
1371 0.7661420540890747 58.71
1372 0.766147903749854 58.72
1373 0.7661513996585144 58.73
1374 0.7661525426125738 58.74
1375 0.7661513103718872 58.75
1376 0.76614773351245 58.76
1377 0.7661428264286484 58.77
1378 0.7661366592738866 58.78
1379 0.7661293651700573 58.79
1380 0.7661209292579472 58.8
1381 0.766111406355795 58.81
1382 0.7661008634693152 58.82
1383 0.7660894895013572 58.83
1384 0.7660773527341077 58.84
1385 0.7660645457810615 58.85
1386 0.7660511498430946 58.86
1387 0.7660371949073745 58.87
1388 0.7660229856966343 58.88
1389 0.7660085123808535 58.89
1390 0.7659940309943766 58.9
1391 0.7659794747224473 58.91
1392 0.7659650730637202 58.92
1393 0.7659508153094569 58.93
1394 0.7659366669106317 58.94
1395 0.7659228113668285 58.95
1396 0.7659094053986425 58.96
1397 0.7658964372805168 58.97
1398 0.7658839152244465 58.98
1399 0.7658721156887668 58.99
1400 0.7658609639734933 59
1401 0.7658509168984794 59.01
1402 0.7658434677669753 59.02
1403 0.7658386406013467 59.03
1404 0.7658364674062651 59.04
1405 0.7658369935528613 59.05
1406 0.7658401903121521 59.06
1407 0.7658460009599 59.07
1408 0.7658543933391238 59.08
1409 0.7658651987236416 59.09
1410 0.7658782476842571 59.1
1411 0.765893362763402 59.11
1412 0.7659102823052817 59.12
1413 0.7659286466896353 59.13
1414 0.7659479516301702 59.14
1415 0.7659676013788991 59.15
1416 0.7659870696712215 59.16
1417 0.7660059869690061 59.17
1418 0.7660241023238366 59.18
1419 0.766041207633576 59.19
1420 0.7660571218009201 59.2
1421 0.766071683391086 59.21
1422 0.7660847328732068 59.22
1423 0.7660961480822336 59.23
1424 0.7661058459479458 59.24
1425 0.7661137444865418 59.25
1426 0.7661197585578053 59.26
1427 0.7661238667908267 59.27
1428 0.7661260396031482 59.28
1429 0.7661262950319073 59.29
1430 0.7661246672100628 59.3
1431 0.7661211549919837 59.31
1432 0.7661158653774218 59.32
1433 0.766108889242398 59.33
1434 0.7661010379787658 59.34
1435 0.7660923533761923 59.35
1436 0.7660829119355024 59.36
1437 0.7660728214579277 59.37
1438 0.7660622286343647 59.38
1439 0.7660511601861486 59.39
1440 0.7660400170575785 59.4
1441 0.7660286224840939 59.41
1442 0.7660173228984768 59.42
1443 0.766005915205151 59.43
1444 0.765994692557261 59.44
1445 0.7659839500269596 59.45
1446 0.765973580458849 59.46
1447 0.7659639930186097 59.47
1448 0.7659560329223539 59.48
1449 0.7659498038945158 59.49
1450 0.7659454366095763 59.5
1451 0.7659430209907933 59.51
1452 0.7659426139243705 59.52
1453 0.7659443328847811 59.53
1454 0.7659481739069535 59.54
1455 0.765954080725759 59.55
1456 0.7659619890174775 59.56
1457 0.7659717206664631 59.57
1458 0.7659831649011015 59.58
1459 0.7659961082865834 59.59
1460 0.7660102549111953 59.6
1461 0.7660251606851827 59.61
1462 0.7660403073522939 59.62
1463 0.7660552710898675 59.63
1464 0.7660697363581181 59.64
1465 0.766083507367276 59.65
1466 0.7660963789083723 59.66
1467 0.7661082267262806 59.67
1468 0.7661189710108871 59.68
1469 0.7661285244290474 59.69
1470 0.7661367645111753 59.7
1471 0.7661436029397605 59.71
1472 0.766148979613663 59.72
1473 0.7661528554074978 59.73
1474 0.7661552093460515 59.74
1475 0.7661560432273257 59.75
1476 0.7661553647786511 59.76
1477 0.7661532070412386 59.77
1478 0.7661496395987256 59.78
1479 0.7661447707809524 59.79
1480 0.7661390829610113 59.8
1481 0.7661327287548453 59.81
1482 0.7661259793000227 59.82
1483 0.7661187429429377 59.83
1484 0.7661110081841507 59.84
1485 0.7661032467841504 59.85
1486 0.7660953592841756 59.86
1487 0.7660874924849912 59.87
1488 0.7660797532101769 59.88
1489 0.7660723094055487 59.89
1490 0.7660654661766223 59.9
1491 0.766059709297134 59.91
1492 0.7660551687016073 59.92
1493 0.7660519276762955 59.93
1494 0.7660500644161041 59.94
1495 0.7660496604873188 59.95
1496 0.7660507420297189 59.96
1497 0.7660533188490989 59.97
1498 0.7660573734068801 59.98
1499 0.7660627795902478 59.99
1500 0.7660694300271007 60
