"pressao-porta-rfile"
"Time Step" "pressao-porta etc.."
("Time Step" "pressao-porta" "flow-time")
0 -810.1551760584555 0
1 82925.38571787337 0.1
2 23156.92904680899 0.2
3 -23140.00875151248 0.3
4 -38571.09315454673 0.4
5 -44963.72555698525 0.5
6 -43541.16732259989 0.6000000000000001
7 -32398.96332135601 0.7000000000000001
8 -15507.72673683538 0.8
9 2052.169905963162 0.9
10 16416.81769097758 1
11 25621.75529865928 1.1
12 31521.67358437323 1.2
13 36204.23197487099 1.3
14 36409.14761578452 1.4
15 35682.71828659294 1.5
16 32700.33660273326 1.6
17 29636.71486550853 1.7
18 26849.78838823747 1.8
19 24977.80420028718 1.9
20 23052.53391875909 2
21 21737.42544722478 2.1
22 22644.50058249442 2.2
23 23664.72603380377 2.3
24 25208.59979500028 2.4
25 27263.90080843839 2.5
26 29769.91117710829 2.6
27 32623.87107971393 2.7
28 35689.07663030484 2.8
29 38809.3496934411 2.9
30 41826.69318978173 3
31 44607.57590717757 3.1
32 47055.20358287371 3.2
33 49122.31894178482 3.3
34 50793.94603377893 3.4
35 52082.42582959522 3.5
36 53027.36499483087 3.6
37 53685.28766431964 3.7
38 54114.60018660677 3.8
39 54378.03768643811 3.9
40 54542.12948638808 4
41 54661.71315856228 4.100000000000001
42 54794.18093698139 4.2
43 54983.31498395797 4.3
44 55268.31341503861 4.4
45 55678.11074265692 4.5
46 56228.77936615022 4.600000000000001
47 56924.55103961381 4.7
48 57761.85256100634 4.800000000000001
49 58725.73496037519 4.9
50 59794.23094183168 5
51 60938.70797317662 5.100000000000001
52 62128.49379417588 5.2
53 63330.12032837007 5.300000000000001
54 64513.31941880432 5.4
55 65649.53244142821 5.5
56 66716.24700697549 5.600000000000001
57 67698.41881708804 5.7
58 68584.19216616734 5.800000000000001
59 69370.90892035783 5.9
60 70060.45243273329 6
61 70660.8980655216 6.100000000000001
62 71184.85916395343 6.2
63 71647.75673464326 6.300000000000001
64 72068.44500327752 6.4
65 72464.5030188762 6.5
66 72854.5747506099 6.600000000000001
67 73255.75999368126 6.7
68 73681.4399552465 6.800000000000001
69 74143.43457481048 6.9
70 74649.31173465528 7
71 75203.54524651515 7.100000000000001
72 75806.28417117476 7.2
73 76455.87672096171 7.300000000000001
74 77148.62705655095 7.4
75 77877.64395645654 7.5
76 78634.97932654181 7.600000000000001
77 79411.09521310164 7.7
78 80198.48561173603 7.800000000000001
79 80986.45685906899 7.9
80 81770.0640563014 8
81 82542.74393347416 8.1
82 83299.08139466113 8.200000000000001
83 84035.55160049826 8.300000000000001
84 84749.7987166784 8.4
85 85441.46340007847 8.5
86 86109.86618470799 8.6
87 86756.76661545908 8.700000000000001
88 87383.60783528555 8.800000000000001
89 87993.26472033189 8.9
90 88588.33306689779 9
91 89170.92569873096 9.1
92 89734.1869308039 9.200000000000001
93 89752.78285928401 9.300000000000001
94 90283.93246817327 9.4
95 90795.16477539214 9.5
96 90810.37244743043 9.600000000000001
97 91314.87536595677 9.700000000000001
98 91808.18837030698 9.800000000000001
99 91829.82167884408 9.9
100 92314.90840312846 10
101 92354.23329247597 10.1
102 92822.05573461157 10.2
103 92862.41035123044 10.3
104 93312.16931932264 10.4
105 93352.93246800605 10.5
106 93784.82453437982 10.6
107 93814.9505532843 10.7
108 94225.65320183941 10.8
109 94241.49221579515 10.9
110 94635.57376468227 11
111 94642.02376504659 11.1
112 95022.89497208051 11.2
113 95023.34382882748 11.3
114 95395.77186535571 11.4
115 95394.10955365941 11.5
116 95763.88823058657 11.6
117 95764.56559345989 11.7
118 96135.6023665309 11.8
119 96142.97200793393 11.9
120 96517.94669230652 12
121 96532.08430739082 12.1
122 96911.21929061651 12.2
123 96935.67990343148 12.3
124 97318.82432974192 12.4
125 97350.90855826714 12.5
126 97738.34372396267 12.6
127 97779.15438368937 12.7
128 98171.09443634631 12.8
129 98218.65622253348 12.9
130 98613.03919146373 13
131 98666.42861205126 13.1
132 99062.0901429847 13.2
133 99120.65750274353 13.3
134 99518.0604026644 13.4
135 99580.67902206567 13.5
136 99976.16598841842 13.6
137 100040.5622036909 13.7
138 100434.8459178101 13.8
139 100500.6120925597 13.9
140 100893.6329863228 14
141 100960.433595591 14.1
142 101349.4287867626 14.2
143 101413.997195017 14.3
144 101801.6928893747 14.4
145 101866.6641648979 14.5
146 102251.9971162501 14.6
147 102315.4689130728 14.7
148 102696.9983051937 14.8
149 102759.476608815 14.9
150 103135.8689005065 15
151 103195.5421808593 15.1
152 103568.9706802151 15.2
153 103626.4850708818 15.3
154 103995.4810192016 15.4
155 104050.0722413713 15.5
156 104414.4217908774 15.6
157 104466.5509186763 15.7
158 104826.6328561755 15.8
159 104874.9651524195 15.9
160 105231.1390300468 16
161 105277.107447471 16.1
162 105628.919162008 16.2
163 105672.4090869781 16.3
164 106019.4944082031 16.4
165 106059.6961882241 16.5
166 106402.7817467253 16.6
167 106440.6911093214 16.7
168 106780.7131718133 16.8
169 106817.073624375 16.9
170 107153.7919020388 17
171 107189.1377640443 17.1
172 107523.8987023327 17.2
173 107558.5970338814 17.3
174 107891.3188068637 17.4
175 107925.6385123788 17.5
176 108256.8043305116 17.6
177 108291.0031833026 17.7
178 108621.5852244954 17.8
179 108656.8408229531 17.9
180 108986.6772411239 18
181 109024.4836756574 18.1
182 109353.3812036278 18.2
183 109391.9255740005 18.3
184 109720.7636274162 18.4
185 109761.5348802703 18.5
186 110091.3099649037 18.6
187 110133.3902523638 18.7
188 110463.8164111604 18.8
189 110509.3703032965 18.9
190 110840.0710537546 19
191 110887.0061518134 19.1
192 111218.9358623126 19.2
193 111269.3485155876 19.3
194 111600.7397554927 19.4
195 111653.0710374202 19.5
196 111984.3555919715 19.6
197 112038.2030054729 19.7
198 112369.8633461918 19.8
199 112424.5506922531 19.9
200 112756.019441591 20
201 112813.7470832251 20.1
202 113143.5671106564 20.2
203 113200.5322992221 20.3
204 113530.1075252837 20.4
205 113588.6905917382 20.5
206 113917.0040996151 20.6
207 113975.5718408923 20.7
208 114302.1251226884 20.8
209 114360.9232048017 20.9
210 114684.650325064 21
211 114742.5612967361 21.1
212 115064.412296 21.2
213 115122.0182154861 21.3
214 115443.370769842 21.4
215 115501.1575859059 21.5
216 115819.1182281626 21.6
217 115875.6229864608 21.7
218 116192.232685867 21.8
219 116247.7160982937 21.9
220 116560.5163145392 22
221 116615.0200318561 22.1
222 116924.2312788859 22.2
223 116976.5255138551 22.3
224 117283.7453858675 22.4
225 117335.654441973 22.5
226 117640.6084395882 22.6
227 117691.3067687627 22.7
228 117993.7795917197 22.8
229 118044.1965460506 22.9
230 118345.6686183319 23
231 118395.6439059345 23.1
232 118696.4407487308 23.2
233 118745.9694247611 23.3
234 119043.069971702 23.4
235 119091.8368764511 23.5
236 119388.5133254967 23.6
237 119436.7020106688 23.7
238 119733.6566027661 23.8
239 119783.2497715155 23.9
240 120071.2921745794 24
241 120125.0473702918 24.1
242 120188.3495632308 24.2
243 120455.7668374003 24.3
244 120507.6082726422 24.4
245 120778.2267258531 24.5
246 120833.4440484232 24.6
247 120898.0395499753 24.7
248 121135.6315110446 24.8
249 121186.8500438559 24.9
250 121247.6008863026 25
251 121478.5759815141 25.1
252 121531.0471006889 25.2
253 121593.8601240699 25.3
254 121825.6228768052 25.4
255 121880.7407942641 25.5
256 121946.0090556811 25.6
257 122174.7994090004 25.7
258 122231.1943895334 25.8
259 122297.6375986909 25.9
260 122525.1805798815 26
261 122582.8061292094 26.1
262 122648.4757748576 26.2
263 122870.3788301428 26.3
264 122927.4359552136 26.4
265 122993.8572808139 26.5
266 123197.5831085125 26.6
267 123248.9666390018 26.7
268 123308.9865318099 26.8
269 123522.4218622112 26.9
270 123578.2675043856 27
271 123643.253204947 27.1
272 123859.2921051569 27.2
273 123918.9841414634 27.3
274 123987.369265761 27.4
275 124205.489646293 27.5
276 124266.3839692222 27.6
277 124335.2311786155 27.7
278 124522.05651238 27.8
279 124571.899582251 27.9
280 124630.8400192928 28
281 124830.5967814857 28.1
282 124883.1834061149 28.2
283 124946.5684667217 28.3
284 125113.8684668411 28.4
285 125158.9555456086 28.5
286 125213.8969766358 28.6
287 125354.6032163312 28.7
288 125388.5784624906 28.8
289 125436.2232017747 28.9
290 125559.1589651027 29
291 125587.9428271381 29.1
292 125632.0418493097 29.2
293 125721.1206832617 29.3
294 125746.6210761527 29.4
295 125790.0490089539 29.5
296 125846.5530250129 29.6
297 125865.0109212452 29.7
298 125900.7915413655 29.8
299 125910.4392225871 29.9
300 125916.0060019186 30
301 125942.1062817041 30.1
302 125922.5417587889 30.2
303 125920.0469928623 30.3
304 125938.7230894255 30.4
305 125912.8446942494 30.5
306 125909.1603175949 30.6
307 125927.1757742324 30.7
308 125905.7874763693 30.8
309 125896.6691401599 30.9
310 125908.3525227716 31
311 125941.939219203 31.1
312 125932.6695117906 31.2
313 125943.2008319135 31.3
314 126069.7878650785 31.4
315 126059.394545487 31.5
316 126064.081294083 31.6
317 126157.7221060252 31.7
318 126124.6533075724 31.8
319 126117.7042003381 31.9
320 125904.9235861548 32
321 125318.546227552 32.1
322 124944.3762475293 32.2
323 124923.5243493444 32.3
324 124960.5148133217 32.4
325 124990.4117721096 32.5
326 124961.8678213158 32.6
327 124868.7734097824 32.7
328 124718.3044130025 32.8
329 124609.2210843024 32.9
330 124611.1070507079 33
331 124713.3098875163 33.1
332 124872.0855668536 33.2
333 125044.2644188324 33.3
334 125201.6459445911 33.4
335 125331.0208165642 33.5
336 125431.4381526018 33.6
337 125504.2980948506 33.7
338 125588.5461063928 33.8
339 125669.6786908347 33.9
340 125749.7348441356 34
341 125827.5450375433 34.1
342 125902.4622297623 34.2
343 125972.6195407451 34.3
344 126038.5761672474 34.4
345 126100.0254570874 34.5
346 126157.5109762934 34.6
347 126211.0792128609 34.7
348 126261.7841209202 34.8
349 126309.8549594769 34.9
350 126356.0098326721 35
351 126400.7124823709 35.1
352 126444.5581958147 35.2
353 126487.816861516 35.3
354 126531.3660283413 35.4
355 126575.5975457376 35.5
356 126620.6172348639 35.6
357 126666.8916397104 35.7
358 126714.521694463 35.8
359 126763.497970169 35.9
360 126813.7853125563 36
361 126865.6657081091 36.1
362 126918.7899570346 36.2
363 126973.6422022682 36.3
364 127029.9095076136 36.4
365 127087.0615359347 36.5
366 127145.6333856649 36.6
367 127205.2186073373 36.7
368 127265.9058353589 36.8
369 127327.3595559792 36.9
370 127389.2621913525 37
371 127452.0182453927 37.1
372 127515.1149485177 37.2
373 127578.2681943079 37.3
374 127641.6533749986 37.4
375 127705.5130050263 37.5
376 127769.3288599067 37.6
377 127833.3983193011 37.7
378 127897.38338874 37.8
379 127961.2087879806 37.9
380 128024.9989956089 38
381 128088.9951340133 38.1
382 128153.1072099469 38.2
383 128216.7849002611 38.3
384 128280.5082473078 38.40000000000001
385 128344.1290063929 38.5
386 128407.526503178 38.6
387 128470.9268310322 38.7
388 128534.222708654 38.8
389 128597.4343340922 38.90000000000001
390 128660.3245321952 39
391 128723.5135595498 39.1
392 128786.6624883596 39.2
393 128849.8032169747 39.3
394 128912.9784356041 39.40000000000001
395 128976.1586896316 39.5
396 129039.1624688417 39.6
397 129102.4553424612 39.7
398 129165.5777404002 39.8
399 129228.6376597907 39.90000000000001
400 129291.605553889 40
401 129354.5081777602 40.1
402 129417.4981560616 40.2
403 129480.5909605446 40.3
404 129543.3033173644 40.40000000000001
405 129606.1187729498 40.5
406 129669.25442408 40.6
407 129732.3372982619 40.7
408 129795.3842625224 40.8
409 129858.3518250166 40.90000000000001
410 129921.2636320884 41
411 129984.2635380865 41.1
412 130047.0688446523 41.2
413 130109.6645474737 41.3
414 130172.3271696554 41.40000000000001
415 130235.0253703453 41.5
416 130297.5714468887 41.6
417 130359.8046819464 41.7
418 130421.7288664443 41.8
419 130483.9863343222 41.90000000000001
420 130546.1718887694 42
421 130608.441893586 42.1
422 130670.590205967 42.2
423 130732.4107470911 42.3
424 130794.3189203244 42.40000000000001
425 130856.2925677528 42.5
426 130917.9673346156 42.6
427 130979.6808867636 42.7
428 131041.5098497257 42.8
429 131103.1764304937 42.90000000000001
430 131164.4517160917 43
431 131226.0578937869 43.1
432 131287.3837173716 43.2
433 131348.6185535458 43.3
434 131410.1504575732 43.40000000000001
435 131471.4249646075 43.5
436 131532.695350097 43.6
437 131594.1087183649 43.7
438 131655.10292435 43.8
439 131716.0939957663 43.90000000000001
440 131776.7891202206 44
441 131837.3471080392 44.1
442 131897.9035662981 44.2
443 131958.6558772064 44.3
444 132019.2224036983 44.40000000000001
445 132079.6742493554 44.5
446 132139.7789813617 44.6
447 132200.0078174321 44.7
448 132260.4261523675 44.8
449 132321.0221522134 44.90000000000001
450 132381.4387167201 45
451 132441.7761855093 45.1
452 132502.0893203446 45.2
453 132562.1004522823 45.3
454 132622.1335225426 45.40000000000001
455 132682.2639847013 45.5
456 132742.5342277371 45.6
457 132802.8145110817 45.7
458 132863.0533048978 45.8
459 132922.8583261006 45.90000000000001
460 132982.8048497271 46
461 133042.7986335167 46.1
462 133102.809785312 46.2
463 133162.9125261577 46.3
464 133222.9243327415 46.40000000000001
465 133282.8894169005 46.5
466 133342.9772808954 46.6
467 133403.1849201591 46.7
468 133463.2994994007 46.8
469 133523.3713370105 46.90000000000001
470 133583.1545795803 47
471 133643.1834521143 47.1
472 133703.0340916506 47.2
473 133762.9929204592 47.3
474 133822.9490085842 47.40000000000001
475 133882.8559511377 47.5
476 133942.9477304385 47.6
477 134003.1375017337 47.7
478 134063.4923008126 47.8
479 134123.5829136575 47.90000000000001
480 134184.0597449336 48
481 134244.3182651869 48.1
482 134304.5291255163 48.2
483 134364.8376965253 48.3
484 134425.1192621118 48.40000000000001
485 134485.3031310335 48.5
486 134545.4475047014 48.6
487 134605.7181630824 48.7
488 134666.2525676129 48.8
489 134726.5084932375 48.90000000000001
490 134786.7678029221 49
491 134847.1216827383 49.1
492 134907.7121200614 49.2
493 134968.1443170932 49.3
494 135028.7906407926 49.40000000000001
495 135089.2589284348 49.5
496 135149.9472286207 49.6
497 135210.4656410617 49.7
498 135270.9052156547 49.8
499 135331.8136844777 49.90000000000001
500 135392.6361143847 50
501 -147.1589437024122 50.01
502 -137.9682389542104 50.02
503 -128.8361892766146 50.03
504 -124.8766036658278 50.04
505 -118.6361979606215 50.05
506 -110.1971636372756 50.06
507 -103.172255453872 50.07
508 -96.66565988048112 50.08
509 -91.5570859541792 50.09
510 -86.73658133217111 50.1
511 -82.29206534590664 50.11
512 -79.38139766791954 50.12
513 -76.66791593440898 50.13
514 -73.82946401283399 50.14
515 -72.88572866208055 50.15
516 -72.81565824365039 50.16
517 -72.78150173072997 50.17
518 -73.15445652124984 50.18
519 -73.73501968737395 50.19
520 -73.68874509581545 50.2
521 -73.51853755942493 50.21
522 -73.80614488904185 50.22
523 -74.56605022749569 50.23
524 -74.51993451823748 50.24
525 -74.50443026015367 50.25
526 -74.64958057559831 50.26
527 -74.84958516642921 50.27
528 -75.59064460097403 50.28
529 -75.95425766478482 50.29
530 -76.34812531389358 50.3
531 -76.8138658003092 50.31
532 -77.34168760329068 50.32
533 -77.91871876005355 50.33
534 -78.8557273772806 50.34
535 -80.14966699356221 50.35
536 -81.28058279245438 50.36
537 -82.53168346822503 50.37
538 -83.30218057982356 50.38
539 -84.28645646792357 50.39
540 -85.0696891053426 50.4
541 -85.79908211711567 50.41
542 -86.87235644084289 50.42
543 -88.07511110274386 50.43
544 -88.90689835436586 50.44
545 -89.69148524956725 50.45
546 -90.53130045173071 50.46
547 -91.35827823645288 50.47
548 -93.21010052212084 50.48
549 -94.09230494017136 50.49
550 -96.1775538552758 50.5
551 -97.17355212405228 50.51
552 -98.76265971789176 50.52
553 -99.85054648897962 50.53
554 -100.9145647677967 50.54
555 -101.9498976298809 50.55
556 -106.2081192810522 50.56
557 -110.583562999536 50.57
558 -116.8678432146253 50.58
559 -123.888374334003 50.59
560 -129.9310766386941 50.6
561 -134.8352926847039 50.61
562 -139.8905197050946 50.62
563 -146.6128046460735 50.63
564 -153.8743254694076 50.64
565 -159.8490741801407 50.65
566 -167.1187430110403 50.66
567 -173.8305223959613 50.67
568 -181.2637706647809 50.68
569 -188.2427040253938 50.69
570 -195.1322425829679 50.7
571 -201.4846931987703 50.71
572 -209.2117637441017 50.72
573 -216.7431022442382 50.73
574 -225.0113192394797 50.74
575 -232.3844394030213 50.75
576 -239.9059968855858 50.76
577 -249.9846935752704 50.77
578 -258.749716689262 50.78
579 -266.6266836997975 50.79
580 -272.8640593311856 50.8
581 -271.0063794381367 50.81
582 -264.0413455794661 50.82
583 -255.9815257038938 50.83
584 -245.877899833647 50.84
585 -235.4365138010966 50.85
586 -224.3629681671531 50.86
587 -214.0799601128771 50.87
588 -204.3724310081725 50.88
589 -194.2379376384819 50.89
590 -184.4896427519142 50.9
591 -175.5121650113549 50.91
592 -167.5585268485335 50.92
593 -160.6183050161442 50.93
594 -155.5710799274072 50.94
595 -150.0541315285604 50.95
596 -144.2702777163639 50.96
597 -137.6525305956953 50.97
598 -131.4793803822992 50.98
599 -125.5188547923218 50.99
600 -122.0253584657271 51
601 -119.0276585864929 51.01
602 -116.0728921056837 51.02
603 -112.6923786082588 51.03
604 -110.5175854718459 51.04
605 -108.258268386221 51.05
606 -105.7457450565215 51.06
607 -103.9750567881279 51.07
608 -102.2851152058638 51.08
609 -100.6712344034372 51.09
610 -99.08101584886093 51.1
611 -97.61077042657155 51.11
612 -96.12546789751902 51.12
613 -94.45913517445365 51.13
614 -92.65050615632025 51.14
615 -91.61032186686046 51.15
616 -90.34716933745656 51.16
617 -89.18953825222438 51.17
618 -88.07659024627394 51.18
619 -86.98460692892169 51.19
620 -85.95867372501966 51.2
621 -84.64472560291419 51.21
622 -83.45628606969093 51.22
623 -82.12176322095917 51.23
624 -80.80393752724606 51.24
625 -79.75498649775874 51.25
626 -78.04106943947451 51.26
627 -77.03762470775119 51.27
628 -75.8586420811172 51.28
629 -75.03927127442634 51.29
630 -74.22774659712616 51.3
631 -72.86161265498167 51.31
632 -72.1407721517004 51.32
633 -71.55233473958552 51.33
634 -71.00811718130532 51.34
635 -69.68627891411099 51.35
636 -69.22147372228774 51.36
637 -68.76441408663378 51.37
638 -68.44302421343396 51.38
639 -68.20178464693173 51.39
640 -68.59813883907333 51.4
641 -68.67489568059919 51.41
642 -68.88798943304575 51.42
643 -69.33447799795596 51.43
644 -69.76466566033632 51.44
645 -70.03566503872656 51.45
646 -70.36907361384227 51.46
647 -70.88491601258357 51.47
648 -71.82123179373866 51.48
649 -72.34794148854762 51.49
650 -72.80813501175118 51.5
651 -73.75858508076732 51.51
652 -74.47313787951759 51.52
653 -75.05168337568796 51.53
654 -76.00142560776243 51.54
655 -76.91931858609969 51.55
656 -77.51056190669692 51.56
657 -78.31752970388744 51.57
658 -79.40328762845951 51.58
659 -81.15208127160912 51.59
660 -82.24814145631659 51.6
661 -85.22702273942899 51.61
662 -86.2618678709984 51.62
663 -87.99456469930257 51.63
664 -89.20132947415274 51.64
665 -91.41766531091849 51.65
666 -92.64891196298188 51.66
667 -93.95022323088305 51.67
668 -97.07462062750329 51.68
669 -98.5666208348328 51.69
670 -101.3696227715648 51.7
671 -103.2796893890709 51.71
672 -106.3126497148387 51.72
673 -108.1759968243953 51.73
674 -110.5504496394842 51.74
675 -112.6723347953488 51.75
676 -115.6443783328706 51.76
677 -118.7045031531217 51.77
678 -121.4212806084034 51.78
679 -123.5312234416185 51.79
680 -125.0337829764149 51.8
681 -126.5029615169657 51.81
682 -128.2490930198779 51.82
683 -131.3594754659506 51.83
684 -133.6291220908295 51.84
685 -135.1688807843767 51.85
686 -136.6920628628773 51.86
687 -138.2149170184154 51.87
688 -139.7300462646864 51.88
689 -141.1807010227827 51.89
690 -142.5826829291551 51.9
691 -144.0001016732377 51.91
692 -145.2615601889056 51.92
693 -146.3599360762808 51.93
694 -147.245228635062 51.94
695 -147.8841095400108 51.95
696 -147.9500702053266 51.96
697 -147.5872253426235 51.97
698 -146.9337539917306 51.98
699 -146.0979757912501 51.99
700 -145.1398902453596 52
701 -144.0897836114951 52.01
702 -142.9612977100645 52.02
703 -140.9880598424824 52.03
704 -139.7295077907214 52.04
705 -138.3100592929594 52.05
706 -136.8437447714741 52.06
707 -135.4194003574121 52.07
708 -133.7893926847498 52.08
709 -131.8908860167635 52.09
710 -129.9651620448606 52.1
711 -127.5922529661096 52.11
712 -125.8872424807702 52.12
713 -123.8746485148939 52.13
714 -121.671773511708 52.14
715 -119.6989773939325 52.15
716 -116.9686314451974 52.16
717 -114.9537578537287 52.17
718 -113.1111776939037 52.18
719 -111.0051283552995 52.19
720 -109.1163008676326 52.2
721 -107.2042452857011 52.21
722 -104.9532975747286 52.22
723 -102.6614148945157 52.23
724 -100.7806025207232 52.24
725 -98.49408433688187 52.25
726 -96.36663237888091 52.26
727 -94.21377490191135 52.27
728 -92.21630957431445 52.28
729 -90.20523464150007 52.29
730 -88.45766594551017 52.3
731 -86.68697660078773 52.31
732 -84.86741087630094 52.32
733 -83.10746990092525 52.33
734 -80.80662746098649 52.34
735 -79.14663082016244 52.35
736 -77.3154391549988 52.36
737 -75.8633172696838 52.37
738 -74.49719554460602 52.38
739 -72.9880613810742 52.39
740 -71.49230530127626 52.4
741 -69.99694975468904 52.41
742 -68.67161169796285 52.42
743 -67.5096320526583 52.43
744 -66.45725129843633 52.44
745 -65.08227763010608 52.45
746 -63.80658351833016 52.46
747 -62.80841375643362 52.47
748 -61.84939429218892 52.48
749 -61.07030831042984 52.49
750 -59.93074044479241 52.5
751 -59.20238499023041 52.51
752 -58.30126590848437 52.52
753 -57.65120477527213 52.53
754 -57.03825769285265 52.54
755 -56.49089437092577 52.55
756 -55.18367978565325 52.56
757 -54.74733585708195 52.57
758 -54.12925796246952 52.58
759 -53.78703753783982 52.59
760 -53.32224278869704 52.6
761 -53.09764655911548 52.61
762 -53.02412199614416 52.62
763 -53.08086555901389 52.63
764 -53.18404687138573 52.64
765 -53.82888360686873 52.65
766 -54.18203872151451 52.66
767 -54.63368503096915 52.67
768 -55.14905183274183 52.68
769 -55.60986871295269 52.69
770 -56.15167680813986 52.7
771 -56.68596743738863 52.71
772 -57.18691313184663 52.72
773 -57.71418063163232 52.73
774 -58.17794792839619 52.74
775 -58.95060092890773 52.75
776 -59.41476358215958 52.76
777 -60.15063836278532 52.77
778 -61.34314619577945 52.78
779 -62.36820524175042 52.79
780 -63.10908290724181 52.8
781 -64.61487657521944 52.81
782 -67.26039938222856 52.82
783 -70.37812422244738 52.83
784 -71.39493031843379 52.84
785 -73.07844744326057 52.85
786 -75.37828114503232 52.86
787 -77.09666903444892 52.87
788 -78.73704810650345 52.88
789 -81.42593161460684 52.89
790 -84.05678111972541 52.9
791 -87.02857486612078 52.91
792 -89.92806404757197 52.92
793 -92.78046857750132 52.93
794 -95.92037997477067 52.94
795 -98.92701301251267 52.95
796 -101.5221710063191 52.96
797 -104.6656470482132 52.97
798 -107.3363050601739 52.98
799 -109.354462570141 52.99
800 -111.5884330793198 53
801 -113.6024991905901 53.01
802 -115.8638564083649 53.02
803 -117.6937553486543 53.03
804 -119.8353819335532 53.04
805 -121.3573170974152 53.05
806 -122.5815829186871 53.06
807 -124.3762784966089 53.07
808 -125.5388294516222 53.08
809 -126.2790953659243 53.09
810 -125.9916842993632 53.1
811 -126.0554790416095 53.11
812 -125.7140141614399 53.12
813 -125.016739719659 53.13
814 -124.3740445962042 53.14
815 -123.4883561683458 53.15
816 -122.5181703411082 53.16
817 -121.2936961604989 53.17
818 -120.2322925194631 53.18
819 -118.8631686934979 53.19
820 -117.6315997748914 53.2
821 -116.3540643428092 53.21
822 -114.5977435296044 53.22
823 -113.2357281049825 53.23
824 -111.0114466019909 53.24
825 -109.5231780651992 53.25
826 -107.6488601708759 53.26
827 -106.1492923860506 53.27
828 -104.6230287485213 53.28
829 -102.5639556775229 53.29
830 -100.552654877975 53.3
831 -98.81414295012289 53.31
832 -95.0987690401959 53.32
833 -93.44884300136583 53.33
834 -91.6785030974917 53.34
835 -90.01409509127686 53.35
836 -88.31605920135661 53.36
837 -86.08124559564831 53.37
838 -84.41930270748172 53.38
839 -82.35745002071484 53.39
840 -80.99225045052772 53.4
841 -78.96301625084247 53.41
842 -77.29525640773636 53.42
843 -75.39670157078501 53.43
844 -73.67539842747375 53.44
845 -72.00362559972693 53.45
846 -70.52181077171367 53.46
847 -68.56985187492086 53.47
848 -66.78325243312953 53.48
849 -65.33964476842409 53.49
850 -63.25340818850186 53.5
851 -61.89352947271773 53.51
852 -60.5515400236395 53.52
853 -59.29125343897899 53.53
854 -58.13755663658775 53.54
855 -56.80060980720205 53.55
856 -55.67741153683497 53.56
857 -54.44161323312912 53.57
858 -53.43024520159737 53.58
859 -52.41021181468903 53.59
860 -51.2148028445447 53.6
861 -49.95511825561974 53.61
862 -49.20060667985054 53.62
863 -48.47551874900918 53.63
864 -47.47034309518986 53.64
865 -46.69756630350156 53.65
866 -46.09861512457443 53.66
867 -45.18668173047665 53.67
868 -44.27462834396842 53.68
869 -43.80415319124389 53.69
870 -43.37310126301293 53.7
871 -42.95008873953169 53.71
872 -42.54369318554286 53.72
873 -42.23545509502269 53.73
874 -41.72376043027472 53.74
875 -41.52387376176065 53.75
876 -41.41129712315325 53.76
877 -41.37035151351275 53.77
878 -41.4095837649067 53.78
879 -41.68132646195294 53.79
880 -41.96702107184989 53.8
881 -42.24843996399278 53.81
882 -42.81713996187769 53.82
883 -43.35994285841807 53.83
884 -43.78483911883431 53.84
885 -44.27844480765202 53.85
886 -44.85350870502356 53.86
887 -45.3131371643366 53.87
888 -45.81632007622525 53.88
889 -46.32332006160664 53.89
890 -46.78706871324563 53.9
891 -47.65675828426841 53.91
892 -48.45302742102101 53.92
893 -50.04041257502606 53.93
894 -51.02137598895837 53.94
895 -52.27710290626794 53.95
896 -53.93935693186377 53.96
897 -56.78542687196308 53.97
898 -58.40352600953766 53.98
899 -60.66915326225735 53.99
900 -64.52476032389363 54
901 -69.1959012510446 54.01
902 -74.45939748266754 54.02
903 -78.53786691686626 54.03
904 -82.25982137049476 54.04
905 -86.54051665049862 54.05
906 -89.91654444257415 54.06
907 -92.2157805558649 54.07
908 -94.48764699207874 54.08
909 -97.02165311255395 54.09
910 -100.9604071800011 54.1
911 -104.4730144177559 54.11
912 -107.6957128158367 54.12
913 -109.6591154029645 54.13
914 -111.6030819389124 54.14
915 -113.1639228782294 54.15
916 -115.1935206691548 54.16
917 -115.8701220011614 54.17
918 -116.1236230929524 54.18
919 -115.7351612082545 54.19
920 -113.7991339338421 54.2
921 -113.1015124810549 54.21
922 -112.1815824307227 54.22
923 -111.1974389190303 54.23
924 -110.224323875726 54.24
925 -109.1619002253202 54.25
926 -108.0575756657499 54.26
927 -105.9277447477548 54.27
928 -104.5087113747276 54.28
929 -103.235625654794 54.29
930 -101.9253523287341 54.3
931 -100.5726023551321 54.31
932 -98.69526660913139 54.32
933 -97.36493610900044 54.33
934 -94.93254675822901 54.34
935 -93.44673767694607 54.35
936 -91.71580767674524 54.36
937 -90.13644695903494 54.37
938 -88.0224447725156 54.38
939 -86.37201545680274 54.39
940 -84.75494708616347 54.4
941 -82.0012251846011 54.41
942 -79.98339731077606 54.42
943 -78.37371846439659 54.43
944 -75.7488433416038 54.44
945 -73.80849928215785 54.45
946 -72.20155788657627 54.46
947 -70.57275983094263 54.47
948 -68.56381150043407 54.48
949 -66.61929253878289 54.49
950 -65.0882152937469 54.5
951 -63.43546173650162 54.51
952 -61.48457111015841 54.52
953 -59.62808879656527 54.53
954 -58.04163355021979 54.54
955 -56.429046430479 54.55
956 -55.01244276983991 54.56
957 -53.58110428114141 54.57
958 -52.3417830071761 54.58
959 -50.56945294631333 54.59
960 -48.95520428855015 54.6
961 -47.85646325197986 54.61
962 -46.71954838787812 54.62
963 -45.44025321250384 54.63
964 -44.33983388330539 54.64
965 -42.93510961756159 54.65
966 -41.61578022207498 54.66
967 -40.65682467677497 54.67
968 -39.7553176186817 54.68
969 -38.95651514847876 54.69
970 -38.09854238233176 54.7
971 -36.94010897916782 54.71
972 -36.09644459311983 54.72
973 -35.34017896317449 54.73
974 -34.78756565807977 54.74
975 -34.00648533661672 54.75
976 -33.5309086471346 54.76
977 -33.08342652135677 54.77
978 -32.55957152081484 54.78
979 -32.13501545138224 54.79
980 -31.80795457564793 54.8
981 -31.48474474814623 54.81
982 -31.18450186000337 54.82
983 -30.96085142625562 54.83
984 -30.77056606246892 54.84
985 -30.70180457741006 54.85
986 -30.69060074958892 54.86
987 -30.74969913538088 54.87
988 -30.93507265681391 54.88
989 -31.12200445270419 54.89
990 -31.37270801081784 54.9
991 -31.67876185475895 54.91
992 -31.9498258154874 54.92
993 -32.30836677642179 54.93
994 -32.76832225104987 54.94
995 -33.37967061970929 54.95
996 -34.01413470138764 54.96
997 -34.74336721867806 54.97
998 -35.28335709676733 54.98
999 -36.02734163732847 54.99
1000 -36.7166893280638 55
1001 -38.05658211308636 55.01
1002 -39.50418025609256 55.02
1003 -42.26946200158638 55.03
1004 -45.29438954894133 55.04
1005 -48.16851300095828 55.05
1006 -52.29189014499426 55.06
1007 -55.56532498237568 55.07
1008 -61.03744704526154 55.08
1009 -64.49801123923747 55.09
1010 -68.24520977274585 55.1
1011 -72.66181773262817 55.11
1012 -77.56466463989676 55.12
1013 -81.96398136888314 55.13
1014 -87.82554217289548 55.14
1015 -92.02467015225194 55.15
1016 -95.99599283231912 55.16
1017 -99.24675334575083 55.17
1018 -101.3428116422942 55.18
1019 -103.2933328624745 55.19
1020 -105.0822322215283 55.2
1021 -106.4498330213253 55.21
1022 -107.2220735378878 55.22
1023 -107.0723661279323 55.23
1024 -106.5275684600687 55.24
1025 -103.7375399628859 55.25
1026 -101.9257658422358 55.26
1027 -100.9102231062437 55.27
1028 -99.25788587115555 55.28
1029 -98.06032094892804 55.29
1030 -96.97703156698346 55.3
1031 -95.85176659011469 55.31
1032 -93.77501045109645 55.32
1033 -92.09672164868621 55.33
1034 -90.78958669936519 55.34
1035 -89.12388219632423 55.35
1036 -87.78532517643103 55.36
1037 -86.43549297470079 55.37
1038 -83.81127410990307 55.38
1039 -82.18870174209158 55.39
1040 -80.76341045366895 55.4
1041 -78.85362635417009 55.41
1042 -77.24115543535811 55.42
1043 -75.76723219148666 55.43
1044 -74.28818664193747 55.44
1045 -72.24031322411328 55.45
1046 -70.25455309914238 55.46
1047 -68.13478448864264 55.47
1048 -66.63096873195865 55.48
1049 -64.04899014261444 55.49
1050 -62.30048614926359 55.5
1051 -60.67547009258102 55.51
1052 -59.06960625274964 55.52
1053 -57.23759242433537 55.53
1054 -55.69464585048298 55.54
1055 -53.87589443257655 55.55
1056 -52.41342701971848 55.56
1057 -51.06144601995016 55.57
1058 -49.31010596458969 55.58
1059 -47.71822742233585 55.59
1060 -46.45154503976973 55.6
1061 -45.20162971904022 55.61
1062 -43.87565171543543 55.62
1063 -42.15049448507624 55.63
1064 -40.6653268419139 55.64
1065 -39.50050579765851 55.65
1066 -38.31143201275932 55.66
1067 -37.20333549901189 55.67
1068 -36.07850447406513 55.68
1069 -34.85227643747002 55.69
1070 -34.03162400746265 55.7
1071 -32.91598116965662 55.71
1072 -32.16842156918431 55.72
1073 -30.98178562559334 55.73
1074 -30.2664764887814 55.74
1075 -29.37050833807607 55.75
1076 -28.78069198957402 55.76
1077 -28.08112138580866 55.77
1078 -27.48533793764508 55.78
1079 -26.82345523858827 55.79
1080 -26.35293962969844 55.8
1081 -25.94331273173483 55.81
1082 -25.47520512775177 55.82
1083 -25.05422200063142 55.83
1084 -24.63223536704472 55.84
1085 -24.34410463808435 55.85
1086 -24.10445215207592 55.86
1087 -23.86144171574584 55.87
1088 -23.69807570019295 55.88
1089 -23.62265382840334 55.89
1090 -23.57123802967874 55.9
1091 -23.58562257415686 55.91
1092 -23.67660246191229 55.92
1093 -23.86686871118303 55.93
1094 -24.0440894133924 55.94
1095 -24.34890635446656 55.95
1096 -24.61901156797958 55.96
1097 -24.92907747359464 55.97
1098 -25.177886537883 55.98
1099 -25.48693108011235 55.99
1100 -25.96594436383503 56
1101 -26.80740524262858 56.01
1102 -27.29799927830613 56.02
1103 -27.83674773453009 56.03
1104 -29.02358825849384 56.04
1105 -30.99491134902082 56.05
1106 -33.17726374743836 56.06
1107 -35.55508257239318 56.07
1108 -38.19194861198367 56.08
1109 -41.89785898141441 56.09
1110 -45.0774622374946 56.1
1111 -49.78034466550577 56.11
1112 -53.52769286409217 56.12
1113 -56.84643747312164 56.13
1114 -60.29367400637626 56.14
1115 -64.54699387152445 56.15
1116 -69.30513152983279 56.16
1117 -73.78862503883434 56.17
1118 -79.04364113853498 56.18
1119 -82.86418819454866 56.19
1120 -87.04470482558011 56.2
1121 -92.05457721752137 56.21
1122 -96.44365846007638 56.22
1123 -99.74490341927076 56.23
1124 -101.0973411635788 56.24
1125 -100.8609074116557 56.25
1126 -98.92903784919841 56.26
1127 -97.69417186834879 56.27
1128 -95.35157788377039 56.28
1129 -93.3204165881961 56.29
1130 -91.27513991609267 56.3
1131 -89.60045703421419 56.31
1132 -87.5595355114728 56.32
1133 -85.13473785320959 56.33
1134 -82.30061060139494 56.34
1135 -80.68298268578751 56.35
1136 -78.24258537175717 56.36
1137 -76.59976817204972 56.37
1138 -74.32909471814554 56.38
1139 -71.9611734184885 56.39
1140 -69.83433612140408 56.4
1141 -68.27864138018687 56.41
1142 -66.80267280432186 56.42
1143 -65.02596843381291 56.43
1144 -63.56560194471084 56.44
1145 -62.01655157470293 56.45
1146 -59.67546003395778 56.46
1147 -57.98465244111707 56.47
1148 -55.21756912444317 56.48
1149 -53.62952820911356 56.49
1150 -52.31091253694299 56.5
1151 -50.83797086903368 56.51
1152 -49.44981729283244 56.52
1153 -48.02271307716333 56.53
1154 -46.77793224861691 56.54
1155 -45.40513020425303 56.55
1156 -43.98214222248365 56.56
1157 -42.70747030782447 56.57
1158 -41.20011728189908 56.58
1159 -39.87180215926862 56.59
1160 -38.4636974629799 56.6
1161 -37.35260267279605 56.61
1162 -35.89179995523183 56.62
1163 -34.77184382548168 56.63
1164 -33.75983892941297 56.64
1165 -32.77325096991648 56.65
1166 -31.77043020651215 56.66
1167 -30.94061695485041 56.67
1168 -29.69773759170675 56.68
1169 -28.81907684403544 56.69
1170 -28.03084781321273 56.7
1171 -27.29708194936348 56.71
1172 -26.31461662316508 56.72
1173 -25.49494199196061 56.73
1174 -24.79253386651265 56.74
1175 -24.1525663746743 56.75
1176 -23.59201280531181 56.76
1177 -23.05829829688899 56.77
1178 -22.52911552150432 56.78
1179 -21.99152408721948 56.79
1180 -21.60132626405916 56.8
1181 -20.88931503241837 56.81
1182 -20.5058469184179 56.82
1183 -20.16952350270924 56.83
1184 -19.63505041096369 56.84
1185 -19.2933215279136 56.85
1186 -19.08391485274429 56.86
1187 -18.90820239059596 56.87
1188 -18.75603712395774 56.88
1189 -18.6771120144111 56.89
1190 -18.64272595918364 56.9
1191 -18.67135434915526 56.91
1192 -18.75063344502563 56.92
1193 -18.99685032822522 56.93
1194 -19.24119549307574 56.94
1195 -19.4370624037512 56.95
1196 -19.69716855059054 56.96
1197 -20.09137024805236 56.97
1198 -20.41874149009162 56.98
1199 -20.99843741048497 56.99
1200 -21.72134192219411 57
1201 -22.15864171630198 57.01
1202 -22.92590441213708 57.02
1203 -23.67897414868804 57.03
1204 -25.31615622137195 57.04
1205 -27.30066318311837 57.05
1206 -29.39710653794615 57.06
1207 -31.64024369461641 57.07
1208 -34.0490260062667 57.08
1209 -37.58994278608193 57.09
1210 -41.23429962100813 57.1
1211 -45.04707717209497 57.11
1212 -48.28607140736221 57.12
1213 -51.64344379371938 57.13
1214 -55.14757139974181 57.14
1215 -58.70036519594489 57.15
1216 -63.99494980346158 57.16
1217 -67.2331851978682 57.17
1218 -71.92628551441867 57.18
1219 -75.91183014056719 57.19
1220 -78.81621221846515 57.2
1221 -81.39358019027416 57.21
1222 -83.53634127909913 57.22
1223 -84.05265890010629 57.23
1224 -82.92917774760414 57.24
1225 -81.33554894715914 57.25
1226 -77.54466234355807 57.26
1227 -74.86597202252474 57.27
1228 -72.01201900746297 57.28
1229 -68.02873367444933 57.29
1230 -64.46084440034696 57.3
1231 -61.18040985929365 57.31
1232 -57.18956049820815 57.32
1233 -54.68399188651958 57.33
1234 -52.00276470271884 57.34
1235 -48.65678662929248 57.35
1236 -46.22163720743629 57.36
1237 -43.56416865408264 57.37
1238 -40.92047256497757 57.38
1239 -39.28627066628181 57.39
1240 -37.23550163800139 57.4
1241 -35.48891103237948 57.41
1242 -34.43170912959278 57.42
1243 -33.12432658156063 57.43
1244 -31.83113190264592 57.44
1245 -30.45763261457355 57.45
1246 -29.66723532805052 57.46
1247 -28.75458917226917 57.47
1248 -27.97412589412158 57.48
1249 -26.96443942441209 57.49
1250 -26.07204512488881 57.5
1251 -25.40586330519749 57.51
1252 -24.72497627886258 57.52
1253 -24.17513298142228 57.53
1254 -23.70151285204402 57.54
1255 -23.23356347057941 57.55
1256 -22.8430749789654 57.56
1257 -22.47387406954005 57.57
1258 -21.8238653063762 57.58
1259 -21.46781338148966 57.59
1260 -20.99318076409206 57.6
1261 -20.71010517070086 57.61
1262 -20.43523704928392 57.62
1263 -20.10537024076558 57.63
1264 -19.89648317513078 57.64
1265 -19.71436964009482 57.65
1266 -19.56282930226299 57.66
1267 -19.40375603227351 57.67
1268 -19.37147871652908 57.68
1269 -19.35165280093758 57.69
1270 -19.38333220700438 57.7
1271 -19.45987881670286 57.71
1272 -19.56975630241349 57.72
1273 -19.91714117045614 57.73
1274 -20.08938188767235 57.74
1275 -20.40277056848259 57.75
1276 -20.65348560661404 57.76
1277 -20.90081297569489 57.77
1278 -21.18760871173394 57.78
1279 -21.50340763237189 57.79
1280 -22.07950258638736 57.8
1281 -22.52040873582821 57.81
1282 -23.0324303356469 57.82
1283 -23.66195675101179 57.83
1284 -25.35802926807148 57.84
1285 -26.96202308815332 57.85
1286 -28.8526270452411 57.86
1287 -30.91210973024126 57.87
1288 -32.98616205497378 57.88
1289 -34.9739087456604 57.89
1290 -37.31793303722215 57.9
1291 -39.68247209138199 57.91
1292 -43.30186182378249 57.92
1293 -45.47824077910266 57.93
1294 -47.89414764503476 57.94
1295 -50.63952060853756 57.95
1296 -53.33270700409736 57.96
1297 -55.16325444996231 57.97
1298 -57.48154022593571 57.98
1299 -58.24541185922956 57.99
1300 -57.15267474383968 58
1301 -56.42876234972177 58.01
1302 -54.51411261394482 58.02
1303 -52.83954999620054 58.03
1304 -49.99080861692114 58.04
1305 -47.46015703243864 58.05
1306 -45.55805023470348 58.06
1307 -43.20157091496628 58.07
1308 -40.97217821721064 58.08
1309 -39.02261809524845 58.09
1310 -36.97317628850291 58.1
1311 -34.96376383362202 58.11
1312 -33.02394304477207 58.12
1313 -31.13090806132212 58.13
1314 -28.88941097055091 58.14
1315 -27.07738908296267 58.15
1316 -25.48943614784066 58.16
1317 -24.01149670598073 58.17
1318 -22.84586260858332 58.18
1319 -22.28179713108872 58.19
1320 -21.82438755003631 58.2
1321 -21.3197943783964 58.21
1322 -21.00792872869084 58.22
1323 -20.69073138422426 58.23
1324 -20.38966429062767 58.24
1325 -20.1471449104312 58.25
1326 -19.96213384383262 58.26
1327 -19.70678566536959 58.27
1328 -19.55770739605358 58.28
1329 -19.44862632659096 58.29
1330 -19.39293929273276 58.3
1331 -19.3801467328713 58.31
1332 -19.45158466022348 58.32
1333 -19.52380774195926 58.33
1334 -19.64285150024715 58.34
1335 -19.77017463158401 58.35
1336 -19.93310608602493 58.36
1337 -20.13317693077139 58.37
1338 -20.34520780363104 58.38
1339 -20.57106951950654 58.39
1340 -20.87090557733812 58.4
1341 -21.22798556534945 58.41
1342 -21.57568386320642 58.42
1343 -22.14478071134508 58.43
1344 -22.88342919897242 58.44
1345 -24.49633998197852 58.45
1346 -25.46122773349546 58.46
1347 -27.00754444036282 58.47
1348 -28.50742936891982 58.48
1349 -30.09120842010818 58.49
1350 -31.61046070716831 58.5
1351 -33.18565191803476 58.51
1352 -34.80093690398164 58.52
1353 -36.4810983033614 58.53
1354 -38.36292064132282 58.54
1355 -40.05550239737456 58.55
1356 -41.24861978344967 58.56
1357 -42.37170444533837 58.57
1358 -43.03498864134858 58.58
1359 -43.17671374202146 58.59
1360 -42.82652766107377 58.6
1361 -41.67326877014787 58.61
1362 -40.71897850297525 58.62
1363 -39.55424168435567 58.63
1364 -38.20476864463174 58.64
1365 -36.90992167948741 58.65
1366 -35.45879699801117 58.66
1367 -34.01941281562618 58.67
1368 -32.41548843804016 58.68
1369 -31.07968556580972 58.69
1370 -29.51702747624098 58.7
1371 -27.95557336785372 58.71
1372 -26.59568889178086 58.72
1373 -25.28193977571474 58.73
1374 -23.84956009411935 58.74
1375 -22.59877814722318 58.75
1376 -21.66623374921761 58.76
1377 -21.16889336424101 58.77
1378 -20.8194750048421 58.78
1379 -20.3956263400879 58.79
1380 -20.09608758648716 58.8
1381 -19.38300190732699 58.81
1382 -19.20140806031242 58.82
1383 -19.04736877059739 58.83
1384 -18.94373777095412 58.84
1385 -18.87233030227741 58.85
1386 -18.83883513781447 58.86
1387 -18.8488944748794 58.87
1388 -18.92795652487602 58.88
1389 -19.44767409578386 58.89
1390 -19.62752652115475 58.9
1391 -19.83445930680058 58.91
1392 -20.07167304690885 58.92
1393 -20.23969167485742 58.93
1394 -20.43892516754523 58.94
1395 -20.62440569912091 58.95
1396 -20.86906452603654 58.96
1397 -21.11164891643744 58.97
1398 -21.36435500303114 58.98
1399 -21.72094951344746 58.99
1400 -22.00393800307315 59
1401 -22.48251569497783 59.01
1402 -23.73347366744131 59.02
1403 -25.18747621225678 59.03
1404 -26.39738097210272 59.04
1405 -27.52810474069426 59.05
1406 -28.93739928594192 59.06
1407 -30.25346046161886 59.07
1408 -31.44409367756418 59.08
1409 -32.66215329050057 59.09
1410 -33.92199470709406 59.1
1411 -35.06132715499417 59.11
1412 -35.91745871876732 59.12
1413 -36.51028388808368 59.13
1414 -36.6089878364379 59.14
1415 -36.22200658983389 59.15
1416 -35.71322559151947 59.16
1417 -34.84747398955591 59.17
1418 -33.63687984411689 59.18
1419 -32.74482825941818 59.19
1420 -31.72673597979549 59.2
1421 -30.50100457781434 59.21
1422 -29.39595858584321 59.22
1423 -28.07077254558318 59.23
1424 -26.96727154764602 59.24
1425 -25.45936435117765 59.25
1426 -24.33608245190724 59.26
1427 -23.31517113694936 59.27
1428 -22.28977100450816 59.28
1429 -21.45208999049889 59.29
1430 -20.70212912929853 59.3
1431 -19.88718066546716 59.31
1432 -18.79095326541296 59.32
1433 -18.24322027939764 59.33
1434 -17.94548817786281 59.34
1435 -17.78906778612678 59.35
1436 -17.65094773599057 59.36
1437 -17.57452693021214 59.37
1438 -17.55295026895907 59.38
1439 -17.59225814166651 59.39
1440 -17.69083574224317 59.4
1441 -17.80862513704547 59.41
1442 -17.95878202484636 59.42
1443 -18.12841518730936 59.43
1444 -18.31867616882048 59.44
1445 -18.9645147429484 59.45
1446 -19.40733257307676 59.46
1447 -19.8515303911112 59.47
1448 -20.62677444311875 59.48
1449 -21.42221379078041 59.49
1450 -22.28583577200299 59.5
1451 -23.27867206241685 59.51
1452 -24.33366660946893 59.52
1453 -25.3585959994047 59.53
1454 -26.45330103382237 59.54
1455 -27.70840833185797 59.55
1456 -28.66957767271845 59.56
1457 -29.69868737735434 59.57
1458 -30.48445367269689 59.58
1459 -31.2073637807397 59.59
1460 -32.16275030073653 59.6
1461 -31.93416528594696 59.61
1462 -31.40186833728189 59.62
1463 -30.71987847418383 59.63
1464 -30.027821685616 59.64
1465 -29.3077565596894 59.65
1466 -28.41364549239485 59.66
1467 -27.50085225449736 59.67
1468 -26.57634439134961 59.68
1469 -25.40644565113388 59.69
1470 -24.44142975668644 59.7
1471 -23.19186864499071 59.71
1472 -22.34786855698288 59.72
1473 -21.55255263672686 59.73
1474 -20.82989725003615 59.74
1475 -20.16408635543091 59.75
1476 -19.36413212960477 59.76
1477 -18.78380228671681 59.77
1478 -17.88044947899504 59.78
1479 -17.39018556658956 59.79
1480 -17.10777144612844 59.8
1481 -16.93291314882843 59.81
1482 -16.8381900476944 59.82
1483 -16.8200095140624 59.83
1484 -16.82409810717842 59.84
1485 -16.91471918283454 59.85
1486 -17.0091196341257 59.86
1487 -17.485067287695 59.87
1488 -17.78267729984696 59.88
1489 -17.99885733703159 59.89
1490 -18.36972829575013 59.9
1491 -18.95023008126836 59.91
1492 -19.48307172570308 59.92
1493 -20.25792070083122 59.93
1494 -20.88624945986929 59.94
1495 -21.54391126326814 59.95
1496 -22.27293301958325 59.96
1497 -22.95334287353857 59.97
1498 -23.58639229450618 59.98
1499 -24.29950435652512 59.99
1500 -25.30559835823246 60
