"temperatura-rfile"
"Time Step" "temperatura etc.."
("Time Step" "temperatura" "flow-time")
0 334.6912670534412 0
1 332.9064898567934 0.1
2 341.9386492954638 0.2
3 355.3742690326206 0.3
4 367.9039168610004 0.4
5 379.792769283853 0.5
6 392.34115998485 0.6000000000000001
7 403.6417379660495 0.7000000000000001
8 413.7833790984094 0.8
9 422.6234218188936 0.9
10 431.6294566704325 1
11 440.715485869809 1.1
12 449.5269072802229 1.2
13 457.6729264651287 1.3
14 465.7209257906189 1.4
15 473.0879665104042 1.5
16 480.1387477173166 1.6
17 486.6722542440058 1.7
18 492.7351606846971 1.8
19 498.7624807951057 1.9
20 504.3780977119353 2
21 509.5674346196103 2.1
22 514.8598747924893 2.2
23 519.8090306114293 2.3
24 524.4733805952418 2.4
25 528.9283903645572 2.5
26 533.149551158432 2.6
27 537.2061147275758 2.7
28 541.0979834793767 2.8
29 544.8557473619929 2.9
30 548.4972253136027 3
31 552.0372838433442 3.1
32 555.4904244774922 3.2
33 558.8646739682413 3.3
34 562.1650955584063 3.4
35 565.385616805558 3.5
36 568.5412737365582 3.6
37 571.6387793469357 3.7
38 574.6638451554761 3.8
39 577.6189520853319 3.9
40 580.5030484689019 4
41 583.322103369506 4.100000000000001
42 586.0800289702042 4.2
43 588.778928346733 4.3
44 591.422534201414 4.4
45 594.0114427116511 4.5
46 596.5480357161185 4.600000000000001
47 599.0311326843222 4.7
48 601.4651165018128 4.800000000000001
49 603.8501718017536 4.9
50 606.1903638493014 5
51 608.4876568425358 5.100000000000001
52 610.7452783381716 5.2
53 612.9657706893807 5.300000000000001
54 615.1451020481152 5.4
55 617.2942964743447 5.5
56 619.4173158848002 5.600000000000001
57 621.5149401854064 5.7
58 623.589421643215 5.800000000000001
59 625.6435874876792 5.9
60 627.6773079124831 6
61 629.6938938850991 6.100000000000001
62 631.6933207224077 6.2
63 633.6763202114912 6.300000000000001
64 635.6461881155603 6.4
65 637.6028335831743 6.5
66 639.547013462429 6.600000000000001
67 641.4797639374485 6.7
68 643.4018805625209 6.800000000000001
69 645.3133169140273 6.9
70 647.2154704009783 7
71 649.1078264209251 7.100000000000001
72 650.9912494310197 7.2
73 652.8653478037779 7.300000000000001
74 654.7344231917984 7.4
75 656.5929250051155 7.5
76 658.4439465888058 7.600000000000001
77 660.2809953303725 7.7
78 662.1052975857604 7.800000000000001
79 663.9162770588151 7.9
80 665.7181910009706 8
81 667.5074647705299 8.1
82 669.28318480085 8.200000000000001
83 671.0435834476841 8.300000000000001
84 672.7917525751328 8.4
85 674.5254605346898 8.5
86 676.2421796270756 8.6
87 677.9459508618328 8.700000000000001
88 679.6343294153764 8.800000000000001
89 681.3041298414856 8.9
90 682.9612306676883 9
91 684.6000252852065 9.1
92 686.2346988534911 9.200000000000001
93 687.3348752815677 9.300000000000001
94 688.7352091000714 9.4
95 690.1811393245741 9.5
96 691.1692329335254 9.600000000000001
97 692.4357124770088 9.700000000000001
98 693.7763890500507 9.800000000000001
99 694.7031095179834 9.9
100 695.9065555285915 10
101 696.7491748436317 10.1
102 697.8604075914039 10.2
103 698.6479706766856 10.3
104 699.6995966554979 10.4
105 700.4463515835062 10.5
106 701.4621900003681 10.6
107 702.1878316758413 10.7
108 703.1733058126475 10.8
109 703.8803134374779 10.9
110 704.8443322048341 11
111 705.537974914008 11.1
112 706.4859172986066 11.2
113 707.1696006077449 11.3
114 708.1059423349101 11.4
115 708.7819297094995 11.5
116 709.707445809044 11.6
117 710.3776120269719 11.7
118 711.295640001278 11.8
119 711.9600166881759 11.9
120 712.8716494856814 12
121 713.5312916474401 12.1
122 714.4366229128292 12.2
123 715.0918288589779 12.3
124 715.9911067758134 12.4
125 716.64215040063 12.5
126 717.5358146647685 12.6
127 718.1829781376503 12.7
128 719.0708345471817 12.8
129 719.7146437629228 12.9
130 720.598801259578 13
131 721.2392665804 13.1
132 722.1187929877489 13.2
133 722.7565057749158 13.3
134 723.6299314384729 13.4
135 724.2644732654391 13.5
136 725.1327222576157 13.6
137 725.763453984032 13.7
138 726.6280794810863 13.8
139 727.2544301860972 13.9
140 728.1138983823295 14
141 728.7389330268203 14.1
142 729.5927116843399 14.2
143 730.2140248302868 14.3
144 731.0626014906526 14.4
145 731.6809857095348 14.5
146 732.5239997837416 14.6
147 733.1391457098115 14.7
148 733.9757048405706 14.8
149 734.5878364961516 14.9
150 735.4188741453952 15
151 736.0276843425808 15.1
152 736.8524956351112 15.2
153 737.4584064310901 15.3
154 738.2770341989323 15.4
155 738.8786358407774 15.5
156 739.6924574645061 15.6
157 740.2930578329505 15.7
158 741.1000520062773 15.8
159 741.6970494169475 15.9
160 742.4978692720832 16
161 743.0918592336643 16.1
162 743.8856225484578 16.2
163 744.4763705424135 16.3
164 745.2668118347586 16.4
165 745.8555258514815 16.5
166 746.6400570407833 16.6
167 747.2260165392161 16.7
168 748.0052157392219 16.8
169 748.5880334325395 16.9
170 749.3617591426561 17
171 749.9417073201869 17.1
172 750.7100865994322 17.2
173 751.2875626498407 17.3
174 752.0515525553509 17.4
175 752.626374421009 17.5
176 753.383226373423 17.6
177 753.9551131470737 17.7
178 754.7107766166134 17.8
179 755.2806185370956 17.9
180 756.0318659635483 18
181 756.5990196375761 18.1
182 757.3463073376043 18.2
183 757.9108040584071 18.3
184 758.6543510378481 18.4
185 759.2163901937159 18.5
186 759.956281430219 18.6
187 760.5160792726541 18.7
188 761.2518717952014 18.8
189 761.8093058286287 18.9
190 762.5418648740232 19
191 763.0970740139485 19.1
192 763.8256858836514 19.2
193 764.3780975034568 19.3
194 765.1030802067819 19.4
195 765.6534021054021 19.5
196 766.3754368195724 19.6
197 766.923788756283 19.7
198 767.6412130463564 19.8
199 768.186932463882 19.9
200 768.9010130727231 20
201 769.4444771490218 20.1
202 770.1552910193886 20.2
203 770.6969102571304 20.3
204 771.4028869966011 20.4
205 771.9418862178901 20.5
206 772.6445520771035 20.6
207 773.1820651033526 20.7
208 773.880409557961 20.8
209 774.4152793457123 20.9
210 775.1101644564972 21
211 775.6225569859164 21.1
212 776.3194794761531 21.2
213 776.853070456608 21.3
214 777.5432430259065 21.4
215 778.0523558885689 21.5
216 778.7427590088447 21.6
217 779.2732329552832 21.7
218 779.9566880902078 21.8
219 780.4606516458205 21.9
220 781.1434289419789 22
221 781.6699527667402 22.1
222 782.3425421986443 22.2
223 782.8394121433205 22.3
224 783.5138996945391 22.4
225 784.0365470559184 22.5
226 784.7044459020526 22.6
227 785.1969858258354 22.7
228 785.8633323048226 22.8
229 786.3560560409984 22.9
230 787.0188885254539 23
231 787.5359074737524 23.1
232 788.1934843029709 23.2
233 788.6798324291315 23.3
234 789.335565246085 23.4
235 789.8195123930531 23.5
236 790.4779050339882 23.6
237 790.9626190674876 23.7
238 791.6175153163058 23.8
239 792.0988682539236 23.9
240 792.7468276705002 24
241 793.2497533625658 24.1
242 793.5774854444261 24.2
243 794.1349696468944 24.3
244 794.5508599276519 24.4
245 795.1462784532551 24.5
246 795.616214086173 24.6
247 795.9053015593651 24.7
248 796.4057787945038 24.8
249 796.8340151061274 24.9
250 797.0924395617324 25
251 797.5824979098194 25.1
252 797.9977949337931 25.2
253 798.229636303861 25.3
254 798.7219875181069 25.4
255 799.1308438652784 25.5
256 799.3472177886582 25.6
257 799.8167202326035 25.7
258 800.2179842684668 25.8
259 800.4220958371289 25.9
260 800.9001068095425 26
261 801.3000848535673 26.1
262 801.486953302001 26.2
263 801.9506937195441 26.3
264 802.3498448600049 26.4
265 802.5197380516955 26.5
266 802.9244355221911 26.6
267 803.3179317150764 26.7
268 803.5052379015318 26.8
269 803.9748237225244 26.9
270 804.3825721753436 27
271 804.5375359153827 27.1
272 804.9960552669763 27.2
273 805.3979956001175 27.3
274 805.5526822203382 27.4
275 806.0105657520726 27.5
276 806.3888325587302 27.6
277 806.4946874648663 27.7
278 806.8676224499942 27.8
279 807.2557562990628 27.9
280 807.3662158778961 28
281 807.785823806227 28.1
282 808.1799206314236 28.2
283 808.2331097761105 28.3
284 808.5865380193507 28.4
285 808.9907460973072 28.5
286 808.982161617518 28.6
287 809.2502292117015 28.7
288 809.6645898322546 28.8
289 809.6474279021686 28.9
290 809.873677598742 29
291 809.9876729874753 29.1
292 809.8525912134537 29.2
293 810.0561807319656 29.3
294 810.1254091067049 29.4
295 809.9101794919993 29.5
296 809.9400537700558 29.6
297 809.8431614308226 29.7
298 809.507807141573 29.8
299 809.3582230773706 29.9
300 809.107272000345 30
301 808.6744171762309 30.1
302 808.2971818386048 30.2
303 807.9497859319442 30.3
304 807.4740598962211 30.4
305 807.1128507447909 30.5
306 806.7481763863934 30.6
307 806.2660599595074 30.7
308 805.8902886305908 30.8
309 805.5332216169264 30.9
310 805.1248136424247 31
311 804.5646058011902 31.1
312 804.4122349524679 31.2
313 804.207646023246 31.3
314 803.931369852547 31.4
315 803.9554099901602 31.5
316 803.8414965681467 31.6
317 803.5487532424028 31.7
318 803.5583521714536 31.8
319 803.2939630360082 31.9
320 802.4051298934545 32
321 801.1615052064403 32.1
322 799.987186892247 32.2
323 798.1764545998094 32.3
324 796.6983083561051 32.4
325 795.5985530467688 32.5
326 794.8018795573196 32.6
327 794.2055768422472 32.7
328 793.7767330013355 32.8
329 793.4621570556438 32.9
330 793.2271989613135 33
331 793.0451568209937 33.1
332 792.8984555861193 33.2
333 792.7767973677908 33.3
334 792.6732331569881 33.4
335 792.5786148647519 33.5
336 792.49578177755 33.6
337 792.5428157058087 33.7
338 792.5810951837426 33.8
339 792.6125981930095 33.9
340 792.638073502741 34
341 792.6586753418526 34.1
342 792.6734718654282 34.2
343 792.6852754017274 34.3
344 792.6948215841779 34.4
345 792.7025084429667 34.5
346 792.7087999485594 34.6
347 792.7138557556101 34.7
348 792.7167484730047 34.8
349 792.7190116512763 34.9
350 792.7209008833745 35
351 792.7224246180575 35.1
352 792.7236157183922 35.2
353 792.7245456301956 35.3
354 792.7241613143732 35.4
355 792.7237945012133 35.5
356 792.7234167786339 35.6
357 792.7231031667404 35.7
358 792.722844218166 35.8
359 792.7226070881846 35.9
360 792.7212879662146 36
361 792.7201084965666 36.1
362 792.7190799632726 36.2
363 792.7182184092675 36.3
364 792.71749325896 36.4
365 792.7168734547143 36.5
366 792.7152678847638 36.6
367 792.7138634986693 36.7
368 792.7126730866652 36.8
369 792.7116619460453 36.9
370 792.7108252528826 37
371 792.7101320457373 37.1
372 792.708467372697 37.2
373 792.7070539722803 37.3
374 792.7058273318174 37.4
375 792.704838529663 37.5
376 792.703987543768 37.6
377 792.7033195403498 37.7
378 792.701650254436 37.8
379 792.7002021572117 37.9
380 792.698996821951 38
381 792.6979836292915 38.1
382 792.6971662518614 38.2
383 792.6964971273418 38.3
384 792.6948486800176 38.40000000000001
385 792.693438059231 38.5
386 792.6922332446989 38.6
387 792.6912362315127 38.7
388 792.6904156151127 38.8
389 792.6897557454165 38.90000000000001
390 792.6881249899068 39
391 792.686721648068 39.1
392 792.6855272157346 39.2
393 792.6845422940428 39.3
394 792.6837125266198 39.40000000000001
395 792.6830385396121 39.5
396 792.6813713758702 39.6
397 792.6799102970118 39.7
398 792.6786732648884 39.8
399 792.6776719430853 39.90000000000001
400 792.6768260095404 40
401 792.6761381278513 40.1
402 792.6744657206854 40.2
403 792.6730063662865 40.3
404 792.6717542145426 40.40000000000001
405 792.6707280964064 40.5
406 792.6698753149666 40.6
407 792.6691728356892 40.7
408 792.6674929851386 40.8
409 792.6660286714796 40.90000000000001
410 792.6647879144732 41
411 792.6637648372697 41.1
412 792.6628977290511 41.2
413 792.6621691905439 41.3
414 792.6604525879005 41.40000000000001
415 792.658970100451 41.5
416 792.6576857185536 41.6
417 792.6566513878298 41.7
418 792.6557804185809 41.8
419 792.6550971670579 41.90000000000001
420 792.6533869726165 42
421 792.6518813962573 42.1
422 792.65059487166 42.2
423 792.6495637612511 42.3
424 792.6486776158833 42.40000000000001
425 792.6479433427735 42.5
426 792.6462445574602 42.6
427 792.6447458215341 42.7
428 792.6434710643638 42.8
429 792.6424297164687 42.90000000000001
430 792.6415318125565 43
431 792.640794222611 43.1
432 792.6390781506071 43.2
433 792.6375855227354 43.3
434 792.6363028104805 43.40000000000001
435 792.6352541001909 43.5
436 792.6343979934431 43.6
437 792.6336827460499 43.7
438 792.6319763655902 43.8
439 792.6304669915063 43.90000000000001
440 792.6291746738251 44
441 792.628122456429 44.1
442 792.6272341602133 44.2
443 792.6264982046694 44.3
444 792.6247827021617 44.40000000000001
445 792.6232614760787 44.5
446 792.6219664135305 44.6
447 792.6209001585153 44.7
448 792.6199914250057 44.8
449 792.6192434782761 44.90000000000001
450 792.6175222992799 45
451 792.616017059906 45.1
452 792.6147473221226 45.2
453 792.6136809549639 45.3
454 792.6127875411316 45.40000000000001
455 792.6120474868997 45.5
456 792.6103290907701 45.6
457 792.6088196388238 45.7
458 792.6075309855767 45.8
459 792.6064814986947 45.90000000000001
460 792.605594180608 46
461 792.6048653867674 46.1
462 792.6031518007894 46.2
463 792.6016288841572 46.3
464 792.6003428919696 46.40000000000001
465 792.5992746782371 46.5
466 792.5983861027503 46.6
467 792.5976256848592 46.7
468 792.5959069659152 46.8
469 792.594394296838 46.90000000000001
470 792.5931261025618 47
471 792.5920620552315 47.1
472 792.5911718031144 47.2
473 792.5904235495624 47.3
474 792.5887158227066 47.40000000000001
475 792.5871998625131 47.5
476 792.58591635433 47.6
477 792.5848660606667 47.7
478 792.5839798554233 47.8
479 792.5832425610549 47.90000000000001
480 792.5815059095811 48
481 792.5800032287377 48.1
482 792.5787287510481 48.2
483 792.5776768544804 48.3
484 792.5767786795086 48.40000000000001
485 792.5760408667558 48.5
486 792.5743212326423 48.6
487 792.5728034639736 48.7
488 792.5715309433249 48.8
489 792.5704717349587 48.90000000000001
490 792.5695709624537 49
491 792.5688240510384 49.1
492 792.5670965967475 49.2
493 792.5655889133333 49.3
494 792.5643091754372 49.40000000000001
495 792.5632331928593 49.5
496 792.5623627214593 49.6
497 792.5615970514581 49.7
498 792.5598876058918 49.8
499 792.5583939770082 49.90000000000001
500 792.5571067284307 50
501 791.310977037685 50.01
502 789.9348723515398 50.02
503 788.3001672185472 50.03
504 786.5828293986405 50.04
505 784.597978395277 50.05
506 782.2788776535089 50.06
507 779.6017803933348 50.07
508 776.5518094893712 50.08
509 773.1353919269885 50.09
510 769.3470014631986 50.1
511 765.1661406723147 50.11
512 760.5811576492709 50.12
513 755.6340997298487 50.13
514 750.4406904570609 50.14
515 745.1501235388945 50.15
516 739.9153819271568 50.16
517 734.6471162520453 50.17
518 729.4724519169272 50.18
519 724.2698701063505 50.19
520 719.0412716378623 50.2
521 713.8037876178207 50.21
522 708.570968648359 50.22
523 703.3560102797404 50.23
524 698.1727050990144 50.24
525 693.0318225884047 50.25
526 687.9325099282786 50.26
527 682.9173453311486 50.27
528 677.9773630340077 50.28
529 673.1294246337436 50.29
530 668.3846411448317 50.3
531 663.7487433917465 50.31
532 659.2246236303943 50.32
533 654.8131397728334 50.33
534 650.5147315648891 50.34
535 646.3316284804704 50.35
536 642.2630760184142 50.36
537 638.3092284296966 50.37
538 634.4695805525041 50.38
539 630.7453760593866 50.39
540 627.1356004455199 50.4
541 623.640441644122 50.41
542 620.2596916559057 50.42
543 616.9941916394116 50.43
544 613.8438141999582 50.44
545 610.8091017182272 50.45
546 607.8907492831158 50.46
547 605.0903082022546 50.47
548 602.4074955426802 50.48
549 599.846947569558 50.49
550 597.408327513454 50.5
551 595.0984748846022 50.51
552 592.9203199845517 50.52
553 590.8779698754583 50.53
554 588.9769262468723 50.54
555 587.222140373588 50.55
556 585.8907311432563 50.56
557 585.2000907744429 50.57
558 585.111044958284 50.58
559 586.1920483634327 50.59
560 589.5886810755851 50.6
561 596.5675677456953 50.61
562 608.4360078749268 50.62
563 626.7822383822805 50.63
564 652.5594159401954 50.64
565 683.7812901713828 50.65
566 717.3064073707446 50.66
567 752.6367228774162 50.67
568 789.0869072223563 50.68
569 824.5202339135261 50.69
570 856.2111290179538 50.7
571 881.7989551326439 50.71
572 899.7610680164333 50.72
573 911.9667119597705 50.73
574 921.3365563893275 50.74
575 929.3584286103976 50.75
576 935.8973856534648 50.76
577 941.6137702186639 50.77
578 947.5617153258735 50.78
579 954.0223327736129 50.79
580 960.5179634023673 50.8
581 966.3303977994121 50.81
582 971.2910227347724 50.82
583 975.4869929804635 50.83
584 979.047525731732 50.84
585 982.2746607571163 50.85
586 985.4977836294352 50.86
587 988.7931624609023 50.87
588 992.1322017907588 50.88
589 995.5237836458805 50.89
590 998.63230596913 50.9
591 1001.018987475184 50.91
592 1002.274701942721 50.92
593 1002.00314768613 50.93
594 1000.117146523346 50.94
595 996.9078834803144 50.95
596 992.7589136859266 50.96
597 987.5925676417087 50.97
598 981.3950650087321 50.98
599 974.515389008297 50.99
600 967.48062217809 51
601 960.6956314211878 51.01
602 954.4893075530485 51.02
603 949.020463517517 51.03
604 944.178879226002 51.04
605 939.9298160397682 51.05
606 936.2267883355049 51.06
607 933.0313726632501 51.07
608 930.2951821363699 51.08
609 927.9785747912647 51.09
610 926.0334152701189 51.1
611 924.3810468083076 51.11
612 922.9803644473956 51.12
613 921.8211156789029 51.13
614 920.8181074515566 51.14
615 919.9203045040547 51.15
616 919.1807426135449 51.16
617 918.4809426472511 51.17
618 917.8159286580866 51.18
619 917.1502558323976 51.19
620 916.4373554074782 51.2
621 915.6636629975017 51.21
622 914.7724852799238 51.22
623 913.7689874923391 51.23
624 912.6075977118276 51.24
625 911.3042134141916 51.25
626 909.8174409729617 51.26
627 908.1822875603955 51.27
628 906.3727542525149 51.28
629 904.4059698955059 51.29
630 902.3247631904344 51.3
631 900.1216674089336 51.31
632 897.7765509040532 51.32
633 895.3249436032409 51.33
634 892.7903446976575 51.34
635 890.2000428785592 51.35
636 887.5657724195692 51.36
637 884.9024683875772 51.37
638 882.232314018725 51.38
639 879.5725227530687 51.39
640 876.9441526143473 51.4
641 874.3635708840399 51.41
642 871.8634037550696 51.42
643 869.4615018130493 51.43
644 867.1501171652366 51.44
645 864.9942058284909 51.45
646 862.9754201373789 51.46
647 861.0984779041754 51.47
648 859.4185836759199 51.48
649 857.9318384949167 51.49
650 856.6252222045563 51.5
651 855.4857872320505 51.51
652 854.5616729684962 51.52
653 853.8386140857602 51.53
654 853.3172324729314 51.54
655 853.0138340985575 51.55
656 852.8864635329174 51.56
657 852.9636124343514 51.57
658 853.2152694013954 51.58
659 853.6788559102552 51.59
660 854.3681681358091 51.6
661 855.1884072525525 51.61
662 856.2482034108544 51.62
663 857.3987193760778 51.63
664 858.6674526164146 51.64
665 859.9155327022622 51.65
666 861.1996418977084 51.66
667 862.4385615853613 51.67
668 863.4750444685309 51.68
669 864.3789337287227 51.69
670 864.9715603669373 51.7
671 865.3380668367614 51.71
672 865.3493939474102 51.72
673 865.0743375235206 51.73
674 864.3969111281059 51.74
675 863.3948423198136 51.75
676 861.9626524965923 51.76
677 860.2114394221469 51.77
678 858.0374788907776 51.78
679 855.6120943846299 51.79
680 852.9871796628071 51.8
681 850.1768842414024 51.81
682 847.1496508186417 51.82
683 843.7901307610748 51.83
684 840.3117254121971 51.84
685 836.7264618868469 51.85
686 833.0601481116535 51.86
687 829.3282285052146 51.87
688 825.5481024583295 51.88
689 821.7368615622109 51.89
690 817.9085168576056 51.9
691 814.0759675838888 51.91
692 810.2570055659 51.92
693 806.4688983275446 51.93
694 802.7261748989314 51.94
695 799.0322050977086 51.95
696 795.4167868430034 51.96
697 791.9006382273157 51.97
698 788.5061544304433 51.98
699 785.2494835974516 51.99
700 782.1476018895344 52
701 779.2093086841261 52.01
702 776.4414142700761 52.02
703 773.8511013850695 52.03
704 771.438079882911 52.04
705 769.2013166015307 52.05
706 767.1381505573389 52.06
707 765.2433103896265 52.07
708 763.5144009298674 52.08
709 761.9492949423361 52.09
710 760.5430333331932 52.1
711 759.2900406335973 52.11
712 758.1829434487832 52.12
713 757.2148946526554 52.13
714 756.3826453447859 52.14
715 755.6770020800075 52.15
716 755.0960789701716 52.16
717 754.6327883084607 52.17
718 754.2821848131168 52.18
719 754.0383361878145 52.19
720 753.8978666988322 52.2
721 753.8544158495465 52.21
722 753.9050966383211 52.22
723 754.0457392170924 52.23
724 754.2710545926105 52.24
725 754.5721737279545 52.25
726 754.9473392589633 52.26
727 755.3841156153617 52.27
728 755.8792906131664 52.28
729 756.4283445860958 52.29
730 757.027273503444 52.3
731 757.6462086154381 52.31
732 758.3007314607473 52.32
733 758.9827995814493 52.33
734 759.6790116508398 52.34
735 760.3781891672151 52.35
736 761.0714201474941 52.36
737 761.7403614455536 52.37
738 762.3865039461708 52.38
739 762.990162744873 52.39
740 763.5239921785144 52.4
741 763.9829623191063 52.41
742 764.3597230988275 52.42
743 764.6405097014197 52.43
744 764.8297665607652 52.44
745 764.9069766022915 52.45
746 764.8609621575641 52.46
747 764.6719397654006 52.47
748 764.3619612419477 52.48
749 763.8979251890164 52.49
750 763.2935586618448 52.5
751 762.558461314343 52.51
752 761.6848087013337 52.52
753 760.6876274651323 52.53
754 759.5622043430154 52.54
755 758.3168774147071 52.55
756 756.9585904964558 52.56
757 755.4983385588264 52.57
758 753.9440595392186 52.58
759 752.3084905493529 52.59
760 750.606427803537 52.6
761 748.8546609164795 52.61
762 747.0720688043984 52.62
763 745.2828384193122 52.63
764 743.5099788155235 52.64
765 741.7769912856029 52.65
766 740.1085733669926 52.66
767 738.5095728483025 52.67
768 737.0114744944549 52.68
769 735.6247445449286 52.69
770 734.3735295194141 52.7
771 733.2602394546551 52.71
772 732.2973824587696 52.72
773 731.492346574189 52.73
774 730.8424922315484 52.74
775 730.3569101115932 52.75
776 730.0466261885515 52.76
777 729.8941507956503 52.77
778 729.9292268730185 52.78
779 730.1434628910904 52.79
780 730.5332428497836 52.8
781 731.0742367655938 52.81
782 731.8040549049599 52.82
783 732.7018735911358 52.83
784 733.7986231091135 52.84
785 734.977995436555 52.85
786 736.1739948359887 52.86
787 737.4009640550128 52.87
788 738.5589903104088 52.88
789 739.5607974325764 52.89
790 740.4121941406357 52.9
791 741.1324017344313 52.91
792 741.6056033325245 52.92
793 741.7913666267184 52.93
794 741.6494858571197 52.94
795 741.1870423433184 52.95
796 740.4238363690815 52.96
797 739.3573179190914 52.97
798 737.9670803830145 52.98
799 736.3724609121024 52.99
800 734.5194165685541 53
801 732.4850097258723 53.01
802 730.2243571135693 53.02
803 727.8186935104193 53.03
804 725.2307424408961 53.04
805 722.557567923889 53.05
806 719.8341227905554 53.06
807 717.0707675830748 53.07
808 714.2830275782761 53.08
809 711.4805259480137 53.09
810 708.6744740777799 53.1
811 705.8788986672999 53.11
812 703.115928984476 53.12
813 700.4060135034324 53.13
814 697.7733842135468 53.14
815 695.2193741538687 53.15
816 692.7645065173458 53.16
817 690.4267195540921 53.17
818 688.2005424504553 53.18
819 686.101574958213 53.19
820 684.124385528543 53.2
821 682.2688238828875 53.21
822 680.534847439917 53.22
823 678.9211207127461 53.23
824 677.4261786231643 53.24
825 676.0469957434958 53.25
826 674.7819721829047 53.26
827 673.6283702941963 53.27
828 672.5794818971824 53.28
829 671.6334896258986 53.29
830 670.7857850929465 53.3
831 670.0321292925694 53.31
832 669.3689848736524 53.32
833 668.7924337995062 53.33
834 668.298020226567 53.34
835 667.8863161230012 53.35
836 667.5532020468287 53.36
837 667.2923042637011 53.37
838 667.1016366734544 53.38
839 666.9779509337495 53.39
840 666.9068303153661 53.4
841 666.8961016021161 53.41
842 666.9430915345675 53.42
843 667.0408628921904 53.43
844 667.1866164315738 53.44
845 667.375646675284 53.45
846 667.6033154233262 53.46
847 667.8640973569971 53.47
848 668.1494055725403 53.48
849 668.4526148284483 53.49
850 668.7705205759264 53.5
851 669.0894068269287 53.51
852 669.4046153149272 53.52
853 669.7107668409581 53.53
854 669.9976320336168 53.54
855 670.2528442753535 53.55
856 670.4675354749386 53.56
857 670.632487533901 53.57
858 670.7429813361381 53.58
859 670.7873975029692 53.59
860 670.7580734680919 53.6
861 670.6484232660772 53.61
862 670.4611403616425 53.62
863 670.1847953030428 53.63
864 669.8108033068619 53.64
865 669.3353619165314 53.65
866 668.7591335595677 53.66
867 668.0892470272356 53.67
868 667.3182173592476 53.68
869 666.4499425438127 53.69
870 665.4883438502167 53.7
871 664.442577791679 53.71
872 663.3173458534648 53.72
873 662.1176276862852 53.73
874 660.851241320909 53.74
875 659.5298643511162 53.75
876 658.1711807171951 53.76
877 656.7929794388523 53.77
878 655.4132468853932 53.78
879 654.05509788647 53.79
880 652.7377095804608 53.8
881 651.4810523261342 53.81
882 650.3007188806092 53.82
883 649.1994058319756 53.83
884 648.2011497352062 53.84
885 647.3167908630389 53.85
886 646.5499059162455 53.86
887 645.9095969142254 53.87
888 645.4012212715978 53.88
889 645.0306594924906 53.89
890 644.7975079653713 53.9
891 644.7166761860631 53.91
892 644.7882991579195 53.92
893 645.017647347467 53.93
894 645.4128861678101 53.94
895 645.9561965086325 53.95
896 646.6411579066528 53.96
897 647.4668861581614 53.97
898 648.4339669981327 53.98
899 649.4754425063762 53.99
900 650.4993217841002 54
901 651.4578330145129 54.01
902 652.289946628749 54.02
903 652.9131791157135 54.03
904 653.3395598401105 54.04
905 653.510107016845 54.05
906 653.4635265971544 54.06
907 653.2082448596644 54.07
908 652.7348682139575 54.08
909 652.024155729554 54.09
910 651.0517444130064 54.1
911 649.7930482651242 54.11
912 648.3603735946097 54.12
913 646.8112786284887 54.13
914 645.1284596741259 54.14
915 643.35494774708 54.15
916 641.4774884121831 54.16
917 639.5458126192822 54.17
918 637.5708673409035 54.18
919 635.5392142426937 54.19
920 633.5072141162923 54.2
921 631.4981564926096 54.21
922 629.5257874612278 54.22
923 627.6040441580257 54.23
924 625.745384129786 54.24
925 623.956941110734 54.25
926 622.2432078422634 54.26
927 620.6091171462311 54.27
928 619.0582282828075 54.28
929 617.5903547713303 54.29
930 616.205771703101 54.3
931 614.9039681430371 54.31
932 613.6835242285268 54.32
933 612.5378486876157 54.33
934 611.4700004352625 54.34
935 610.4794503414878 54.35
936 609.5652403955482 54.36
937 608.7248258190875 54.37
938 607.9556901625421 54.38
939 607.256092927708 54.39
940 606.6237218089926 54.4
941 606.0573443446043 54.41
942 605.5541056461714 54.42
943 605.1112998603295 54.43
944 604.7267046047804 54.44
945 604.397726392346 54.45
946 604.1212021829762 54.46
947 603.8952228929012 54.47
948 603.7187609330376 54.48
949 603.5884855391207 54.49
950 603.5017854943397 54.5
951 603.4564204187501 54.51
952 603.4477643636026 54.52
953 603.4736590610622 54.53
954 603.5299770890128 54.54
955 603.6123407102954 54.55
956 603.7163110779069 54.56
957 603.8369817764152 54.57
958 603.9714484488273 54.58
959 604.1118588835988 54.59
960 604.2552265920498 54.6
961 604.393753045525 54.61
962 604.522524329555 54.62
963 604.6305061174014 54.63
964 604.714362973254 54.64
965 604.7686362251513 54.65
966 604.7877374059327 54.66
967 604.7632650801552 54.67
968 604.6882893501024 54.68
969 604.5574915614557 54.69
970 604.3645246464683 54.7
971 604.1090389153569 54.71
972 603.7777145461514 54.72
973 603.3724665295762 54.73
974 602.8873744747641 54.74
975 602.3224497899272 54.75
976 601.6780294181729 54.76
977 600.9560900198214 54.77
978 600.1521520630444 54.78
979 599.2719757599026 54.79
980 598.3171587609852 54.8
981 597.2931811498033 54.81
982 596.2082567072475 54.82
983 595.0665686340435 54.83
984 593.8787039407106 54.84
985 592.6591554633235 54.85
986 591.4231752800071 54.86
987 590.1916394834036 54.87
988 588.9807329944945 54.88
989 587.8122549838581 54.89
990 586.7005334703518 54.9
991 585.6560188111175 54.91
992 584.6995025603517 54.92
993 583.8354023903865 54.93
994 583.0836736260575 54.94
995 582.4433064786717 54.95
996 581.9237135260622 54.96
997 581.5311905359092 54.97
998 581.2749630331941 54.98
999 581.1739191523908 54.99
1000 581.2267171922824 55
1001 581.4415830791348 55.01
1002 581.8369775263521 55.02
1003 582.440763994502 55.03
1004 583.2389943081131 55.04
1005 584.2070012216363 55.05
1006 585.2848671512744 55.06
1007 586.4066403761906 55.07
1008 587.5209320712451 55.08
1009 588.5607630416894 55.09
1010 589.4634231101583 55.1
1011 590.1959517438602 55.11
1012 590.7250383319365 55.12
1013 591.0322031337375 55.13
1014 591.1065818530155 55.14
1015 590.9452920971493 55.15
1016 590.5931604844925 55.16
1017 590.0987529915386 55.17
1018 589.4643559139462 55.18
1019 588.6848568991659 55.19
1020 587.774735950412 55.2
1021 586.7571292887289 55.21
1022 585.6537503123218 55.22
1023 584.4713378663712 55.23
1024 583.2375151207681 55.24
1025 581.9646135834001 55.25
1026 580.6806964726348 55.26
1027 579.4044138456621 55.27
1028 578.1506997661897 55.28
1029 576.9319176333737 55.29
1030 575.7517149619988 55.3
1031 574.6171255336898 55.31
1032 573.5340234234533 55.32
1033 572.503242118494 55.33
1034 571.5267609304608 55.34
1035 570.6049754553591 55.35
1036 569.738639372131 55.36
1037 568.9280439648472 55.37
1038 568.1722098637715 55.38
1039 567.469789535933 55.39
1040 566.8178937274905 55.4
1041 566.2147730521305 55.41
1042 565.6593011071443 55.42
1043 565.1495117291056 55.43
1044 564.6850701660732 55.44
1045 564.2648962009345 55.45
1046 563.882827082893 55.46
1047 563.5403011355237 55.47
1048 563.2372999749909 55.48
1049 562.9717411131775 55.49
1050 562.7418258785651 55.5
1051 562.5465699570969 55.51
1052 562.3846251368909 55.52
1053 562.2532556153516 55.53
1054 562.1512464892927 55.54
1055 562.0767022710506 55.55
1056 562.0285382933376 55.56
1057 562.0029312643624 55.57
1058 561.9979104309667 55.58
1059 562.0110161197085 55.59
1060 562.0386363852965 55.6
1061 562.0788173204845 55.61
1062 562.1273392226373 55.62
1063 562.1816939307924 55.63
1064 562.236333684368 55.64
1065 562.2877250319237 55.65
1066 562.3328589211166 55.66
1067 562.3649367541867 55.67
1068 562.3814421220346 55.68
1069 562.3779673602367 55.69
1070 562.3510829168529 55.7
1071 562.2935423092923 55.71
1072 562.1990094084607 55.72
1073 562.0643416811168 55.73
1074 561.883993260221 55.74
1075 561.6539382001345 55.75
1076 561.3722450026329 55.76
1077 561.0339552424491 55.77
1078 560.6348029969199 55.78
1079 560.1740499383848 55.79
1080 559.648880035246 55.8
1081 559.0582122508166 55.81
1082 558.4042979618122 55.82
1083 557.6842689509223 55.83
1084 556.9004648527449 55.84
1085 556.0583183975948 55.85
1086 555.158059597154 55.86
1087 554.2062224968853 55.87
1088 553.2081556011807 55.88
1089 552.1752112897578 55.89
1090 551.1210101156273 55.9
1091 550.0601153858565 55.91
1092 549.0100922526955 55.92
1093 547.99049506277 55.93
1094 547.0171294132278 55.94
1095 546.0986892341774 55.95
1096 545.2516027004032 55.96
1097 544.4853291903034 55.97
1098 543.8099705897205 55.98
1099 543.2426017629521 55.99
1100 542.7895372614475 56
1101 542.4801658284647 56.01
1102 542.3079019149826 56.02
1103 542.2681959910403 56.03
1104 542.3900625129722 56.04
1105 542.7223728063375 56.05
1106 543.2842369856586 56.06
1107 544.057646384226 56.07
1108 545.003230147076 56.08
1109 546.0772486399356 56.09
1110 547.2406636273613 56.1
1111 548.4371343265192 56.11
1112 549.617490297131 56.12
1113 550.7342989585685 56.13
1114 551.7487808075784 56.14
1115 552.6325274953178 56.15
1116 553.36494191061 56.16
1117 553.9333069105525 56.17
1118 554.3309210866912 56.18
1119 554.5545209885527 56.19
1120 554.6038311979296 56.2
1121 554.4816789934215 56.21
1122 554.2017686902479 56.22
1123 553.78060941367 56.23
1124 553.2613703084602 56.24
1125 552.648428851924 56.25
1126 551.9501847656989 56.26
1127 551.1916824532784 56.27
1128 550.3987711261256 56.28
1129 549.5896243744223 56.29
1130 548.7781219808505 56.3
1131 547.9741945673898 56.31
1132 547.1896731782631 56.32
1133 546.4263624795138 56.33
1134 545.6928961648856 56.34
1135 544.9880810928153 56.35
1136 544.3210557576132 56.36
1137 543.6855780087171 56.37
1138 543.0811441676652 56.38
1139 542.512161961621 56.39
1140 541.9837476288211 56.4
1141 541.4907026444652 56.41
1142 541.0282571995002 56.42
1143 540.5951932262668 56.43
1144 540.1935638607135 56.44
1145 539.8262092686282 56.45
1146 539.4886163605145 56.46
1147 539.1793069705075 56.47
1148 538.8976300726237 56.48
1149 538.6421168306471 56.49
1150 538.4115115443691 56.5
1151 538.2040956694012 56.51
1152 538.0184469437717 56.52
1153 537.8540802253453 56.53
1154 537.7102015141303 56.54
1155 537.5859710168263 56.55
1156 537.4794934184914 56.56
1157 537.3888262641561 56.57
1158 537.3131909524203 56.58
1159 537.2501120142724 56.59
1160 537.1970668001709 56.6
1161 537.1523116831289 56.61
1162 537.1154951430228 56.62
1163 537.0846260414193 56.63
1164 537.0552814960599 56.64
1165 537.0264876009941 56.65
1166 536.995416555528 56.66
1167 536.9586363173971 56.67
1168 536.9124775276225 56.68
1169 536.8538526135809 56.69
1170 536.7800215559132 56.7
1171 536.6883102110484 56.71
1172 536.5740911810504 56.72
1173 536.4340920865347 56.73
1174 536.2634886955801 56.74
1175 536.0598604931392 56.75
1176 535.8196393588198 56.76
1177 535.5406664251236 56.77
1178 535.2210622332312 56.78
1179 534.8604525200045 56.79
1180 534.4531146335767 56.8
1181 533.9991844178244 56.81
1182 533.4987719977756 56.82
1183 532.952366344689 56.83
1184 532.3597600022495 56.84
1185 531.7228607989422 56.85
1186 531.0456081445225 56.86
1187 530.3317691044793 56.87
1188 529.588271844387 56.88
1189 528.8214535913821 56.89
1190 528.0454233805948 56.9
1191 527.273523110742 56.91
1192 526.5206123759995 56.92
1193 525.7991428020026 56.93
1194 525.1227470774036 56.94
1195 524.503951668173 56.95
1196 523.9502010886611 56.96
1197 523.4704482375477 56.97
1198 523.0854804217387 56.98
1199 522.7993493079381 56.99
1200 522.6350882195294 57
1201 522.5959117478742 57.01
1202 522.6915791168053 57.02
1203 522.9338579266862 57.03
1204 523.3646665107738 57.04
1205 523.9915592405162 57.05
1206 524.7982066784028 57.06
1207 525.7515170059794 57.07
1208 526.8102595656434 57.08
1209 527.9401829279556 57.09
1210 529.1052896615947 57.1
1211 530.2620172658148 57.11
1212 531.3721400766394 57.12
1213 532.4058244125771 57.13
1214 533.3404411651736 57.14
1215 534.1641585193311 57.15
1216 534.8668340982438 57.16
1217 535.4385040813679 57.17
1218 535.8714268566754 57.18
1219 536.163258147785 57.19
1220 536.3163148134671 57.2
1221 536.340227174643 57.21
1222 536.2447255677099 57.22
1223 536.0323670667955 57.23
1224 535.7199142698171 57.24
1225 535.3450369688829 57.25
1226 534.9331105028519 57.26
1227 534.4998863083657 57.27
1228 534.0550156978092 57.28
1229 533.6060302594149 57.29
1230 533.1575467820862 57.3
1231 532.7137550928877 57.31
1232 532.2813157631285 57.32
1233 531.857060363457 57.33
1234 531.4403918535302 57.34
1235 531.0375862693352 57.35
1236 530.6529256820837 57.36
1237 530.2967053814456 57.37
1238 529.9654797909509 57.38
1239 529.6490284555538 57.39
1240 529.349573468833 57.4
1241 529.0679859901892 57.41
1242 528.8055005790974 57.42
1243 528.564846853247 57.43
1244 528.3450992657921 57.44
1245 528.1456689136818 57.45
1246 527.9640680503576 57.46
1247 527.8005258199629 57.47
1248 527.6558528195125 57.48
1249 527.5263895904345 57.49
1250 527.4100131446623 57.5
1251 527.3054836565198 57.51
1252 527.2114790399513 57.52
1253 527.1260790027495 57.53
1254 527.0482625383199 57.54
1255 526.9773631897523 57.55
1256 526.9130258691619 57.56
1257 526.8534063959041 57.57
1258 526.7975310617807 57.58
1259 526.742950420531 57.59
1260 526.688874888948 57.6
1261 526.6344284942323 57.61
1262 526.5794508447925 57.62
1263 526.5234788569236 57.63
1264 526.4667194681314 57.64
1265 526.4113257785615 57.65
1266 526.3570807471967 57.66
1267 526.3071194818565 57.67
1268 526.2657010930924 57.68
1269 526.2369854557096 57.69
1270 526.2282565525239 57.7
1271 526.2450845304256 57.71
1272 526.2919900143979 57.72
1273 526.3759376396849 57.73
1274 526.4978899004761 57.74
1275 526.6650503014527 57.75
1276 526.8809731491837 57.76
1277 527.1469474151545 57.77
1278 527.4617323719059 57.78
1279 527.8270948193339 57.79
1280 528.2430076740739 57.8
1281 528.7103131438565 57.81
1282 529.2268573629407 57.82
1283 529.7937937861925 57.83
1284 530.4179416044516 57.84
1285 531.1000080723124 57.85
1286 531.826704880803 57.86
1287 532.5821894368415 57.87
1288 533.3508180650402 57.88
1289 534.1146257330337 57.89
1290 534.8546692983971 57.9
1291 535.5568786955181 57.91
1292 536.2088354091811 57.92
1293 536.8000042923259 57.93
1294 537.3231241876699 57.94
1295 537.7689736262955 57.95
1296 538.1329772683082 57.96
1297 538.4110894767834 57.97
1298 538.6025429888489 57.98
1299 538.7061739229783 57.99
1300 538.7170905478935 58
1301 538.6486927985136 58.01
1302 538.5179966983875 58.02
1303 538.338192099563 58.03
1304 538.1173210665164 58.04
1305 537.862298400712 58.05
1306 537.5793108678998 58.06
1307 537.2741011915992 58.07
1308 536.9513967570164 58.08
1309 536.618025585936 58.09
1310 536.2793175779381 58.1
1311 535.9400499242508 58.11
1312 535.603817429492 58.12
1313 535.2743139837042 58.13
1314 534.9513375978638 58.14
1315 534.6357833981288 58.15
1316 534.3262619211516 58.16
1317 534.0234533837966 58.17
1318 533.7302141810063 58.18
1319 533.4523682231624 58.19
1320 533.1948279884364 58.2
1321 532.9590022367333 58.21
1322 532.7459590081385 58.22
1323 532.5587124860608 58.23
1324 532.3961838428199 58.24
1325 532.2582006775066 58.25
1326 532.1435321537225 58.26
1327 532.0539076345226 58.27
1328 531.9872055463212 58.28
1329 531.9455723506359 58.29
1330 531.9294330356125 58.3
1331 531.9422924279904 58.31
1332 531.9867777659157 58.32
1333 532.06488738742 58.33
1334 532.179825022595 58.34
1335 532.3293839891252 58.35
1336 532.5139486083254 58.36
1337 532.732492579388 58.37
1338 532.9881926154576 58.38
1339 533.2791955558874 58.39
1340 533.6042052516113 58.4
1341 533.9640854649559 58.41
1342 534.3566599645125 58.42
1343 534.7794693109257 58.43
1344 535.2318052516662 58.44
1345 535.7115570114653 58.45
1346 536.2165777840113 58.46
1347 536.7389308913474 58.47
1348 537.2672918703106 58.48
1349 537.7926051904626 58.49
1350 538.3017916070607 58.5
1351 538.7836771271016 58.51
1352 539.231379264422 58.52
1353 539.6388962636901 58.53
1354 539.9994406097518 58.54
1355 540.3079678577673 58.55
1356 540.560602245086 58.56
1357 540.7529682859944 58.57
1358 540.8835362677679 58.58
1359 540.9489198525391 58.59
1360 540.9504192455223 58.6
1361 540.8967565650318 58.61
1362 540.794396857943 58.62
1363 540.6482736557928 58.63
1364 540.4634992617125 58.64
1365 540.2439209181672 58.65
1366 539.9949507347935 58.66
1367 539.7227498453965 58.67
1368 539.4331608854816 58.68
1369 539.1309057625693 58.69
1370 538.8215452432243 58.7
1371 538.5086616666287 58.71
1372 538.1957031813942 58.72
1373 537.8855811570091 58.73
1374 537.5797915457151 58.74
1375 537.2796991235799 58.75
1376 536.9867670981937 58.76
1377 536.7036458192977 58.77
1378 536.4380972627844 58.78
1379 536.192860287091 58.79
1380 535.9721356847065 58.8
1381 535.7765349632488 58.81
1382 535.6074365315361 58.82
1383 535.4657337415758 58.83
1384 535.3516299881436 58.84
1385 535.2661537100066 58.85
1386 535.2107535041345 58.86
1387 535.188506438556 58.87
1388 535.1988541482965 58.88
1389 535.2417613686957 58.89
1390 535.3151456442077 58.9
1391 535.4192537026577 58.91
1392 535.5533803306093 58.92
1393 535.714358749893 58.93
1394 535.9034979494521 58.94
1395 536.116687529145 58.95
1396 536.3528062293085 58.96
1397 536.6094167478531 58.97
1398 536.8852364648484 58.98
1399 537.1757715604538 58.99
1400 537.4805017571522 59
1401 537.7970126620592 59.01
1402 538.1222416271344 59.02
1403 538.4541620587912 59.03
1404 538.7896534724757 59.04
1405 539.1203095309019 59.05
1406 539.4397910427451 59.06
1407 539.7418775087529 59.07
1408 540.0198408502622 59.08
1409 540.2683516074443 59.09
1410 540.482211326771 59.1
1411 540.6567043357614 59.11
1412 540.7860314280636 59.12
1413 540.8679260158958 59.13
1414 540.8979259826533 59.14
1415 540.8749997568158 59.15
1416 540.8055366566801 59.16
1417 540.6943118344083 59.17
1418 540.5445429697595 59.18
1419 540.3598709129863 59.19
1420 540.1442528457081 59.2
1421 539.9015744183118 59.21
1422 539.6373105528987 59.22
1423 539.3561831570355 59.23
1424 539.0637990173341 59.24
1425 538.7631203912043 59.25
1426 538.4584305190183 59.26
1427 538.1525415881358 59.27
1428 537.8477547092543 59.28
1429 537.5467206385885 59.29
1430 537.2512890818989 59.3
1431 536.9637318989069 59.31
1432 536.6867996113425 59.32
1433 536.4210559695172 59.33
1434 536.1719570443656 59.34
1435 535.945670922206 59.35
1436 535.7463525328988 59.36
1437 535.5777998792244 59.37
1438 535.4411799887974 59.38
1439 535.3372755308502 59.39
1440 535.2655733273264 59.4
1441 535.227134137234 59.41
1442 535.2201076129882 59.42
1443 535.2441018285591 59.43
1444 535.2989315898093 59.44
1445 535.3846286151243 59.45
1446 535.5004238086567 59.46
1447 535.6457813606377 59.47
1448 535.8220886937495 59.48
1449 536.0260555578909 59.49
1450 536.252047853484 59.5
1451 536.4916805738442 59.51
1452 536.7389525758452 59.52
1453 536.9842988666508 59.53
1454 537.219333690374 59.54
1455 537.4387176914665 59.55
1456 537.6366924621623 59.56
1457 537.8082753858974 59.57
1458 537.9493345057729 59.58
1459 538.0568541366616 59.59
1460 538.1266675358427 59.6
1461 538.1557713764278 59.61
1462 538.1439128809194 59.62
1463 538.0951904356272 59.63
1464 538.012014127433 59.64
1465 537.8971830926336 59.65
1466 537.753265326125 59.66
1467 537.5827892516537 59.67
1468 537.3903920221372 59.68
1469 537.1770147995197 59.69
1470 536.9472983243979 59.7
1471 536.7051340452656 59.71
1472 536.4541665349656 59.72
1473 536.1976441172801 59.73
1474 535.9380208426803 59.74
1475 535.6785575435779 59.75
1476 535.422143335068 59.76
1477 535.170671116441 59.77
1478 534.927135161179 59.78
1479 534.6945827574453 59.79
1480 534.4773919132662 59.8
1481 534.2803068144468 59.81
1482 534.1066338702449 59.82
1483 533.9593355558499 59.83
1484 533.8397170221347 59.84
1485 533.7472826077958 59.85
1486 533.6822431623427 59.86
1487 533.646335292632 59.87
1488 533.6405055548194 59.88
1489 533.6611118055914 59.89
1490 533.7077736801812 59.9
1491 533.7811096100321 59.91
1492 533.8791414818694 59.92
1493 533.9981457507411 59.93
1494 534.1329410811892 59.94
1495 534.2779751146409 59.95
1496 534.4271565847658 59.96
1497 534.5754339555384 59.97
1498 534.7168457587693 59.98
1499 534.8478516176237 59.99
1500 534.9641205328193 60
