"vazao-mass-porta-rfile"
"Time Step" "vazao-mass-porta etc.."
("Time Step" "vazao-mass-porta" "flow-time")
0 0.0574949596416946 0
1 0 0.1
2 0 0.2
3 0 0.3
4 0 0.4
5 0 0.5
6 0 0.6000000000000001
7 0 0.7000000000000001
8 0 0.8
9 0 0.9
10 0 1
11 0 1.1
12 0 1.2
13 0 1.3
14 0 1.4
15 0 1.5
16 0 1.6
17 0 1.7
18 0 1.8
19 0 1.9
20 0 2
21 0 2.1
22 0 2.2
23 0 2.3
24 0 2.4
25 0 2.5
26 0 2.6
27 0 2.7
28 0 2.8
29 0 2.9
30 0 3
31 0 3.1
32 0 3.2
33 0 3.3
34 0 3.4
35 0 3.5
36 0 3.6
37 0 3.7
38 0 3.8
39 0 3.9
40 0 4
41 0 4.100000000000001
42 0 4.2
43 0 4.3
44 0 4.4
45 0 4.5
46 0 4.600000000000001
47 0 4.7
48 0 4.800000000000001
49 0 4.9
50 0 5
51 0 5.100000000000001
52 0 5.2
53 0 5.300000000000001
54 0 5.4
55 0 5.5
56 0 5.600000000000001
57 0 5.7
58 0 5.800000000000001
59 0 5.9
60 0 6
61 0 6.100000000000001
62 0 6.2
63 0 6.300000000000001
64 0 6.4
65 0 6.5
66 0 6.600000000000001
67 0 6.7
68 0 6.800000000000001
69 0 6.9
70 0 7
71 0 7.100000000000001
72 0 7.2
73 0 7.300000000000001
74 0 7.4
75 0 7.5
76 0 7.600000000000001
77 0 7.7
78 0 7.800000000000001
79 0 7.9
80 0 8
81 0 8.1
82 0 8.200000000000001
83 0 8.300000000000001
84 0 8.4
85 0 8.5
86 0 8.6
87 0 8.700000000000001
88 0 8.800000000000001
89 0 8.9
90 0 9
91 0 9.1
92 0 9.200000000000001
93 0 9.300000000000001
94 0 9.4
95 0 9.5
96 0 9.600000000000001
97 0 9.700000000000001
98 0 9.800000000000001
99 0 9.9
100 0 10
101 0 10.1
102 0 10.2
103 0 10.3
104 0 10.4
105 0 10.5
106 0 10.6
107 0 10.7
108 0 10.8
109 0 10.9
110 0 11
111 0 11.1
112 0 11.2
113 0 11.3
114 0 11.4
115 0 11.5
116 0 11.6
117 0 11.7
118 0 11.8
119 0 11.9
120 0 12
121 0 12.1
122 0 12.2
123 0 12.3
124 0 12.4
125 0 12.5
126 0 12.6
127 0 12.7
128 0 12.8
129 0 12.9
130 0 13
131 0 13.1
132 0 13.2
133 0 13.3
134 0 13.4
135 0 13.5
136 0 13.6
137 0 13.7
138 0 13.8
139 0 13.9
140 0 14
141 0 14.1
142 0 14.2
143 0 14.3
144 0 14.4
145 0 14.5
146 0 14.6
147 0 14.7
148 0 14.8
149 0 14.9
150 0 15
151 0 15.1
152 0 15.2
153 0 15.3
154 0 15.4
155 0 15.5
156 0 15.6
157 0 15.7
158 0 15.8
159 0 15.9
160 0 16
161 0 16.1
162 0 16.2
163 0 16.3
164 0 16.4
165 0 16.5
166 0 16.6
167 0 16.7
168 0 16.8
169 0 16.9
170 0 17
171 0 17.1
172 0 17.2
173 0 17.3
174 0 17.4
175 0 17.5
176 0 17.6
177 0 17.7
178 0 17.8
179 0 17.9
180 0 18
181 0 18.1
182 0 18.2
183 0 18.3
184 0 18.4
185 0 18.5
186 0 18.6
187 0 18.7
188 0 18.8
189 0 18.9
190 0 19
191 0 19.1
192 0 19.2
193 0 19.3
194 0 19.4
195 0 19.5
196 0 19.6
197 0 19.7
198 0 19.8
199 0 19.9
200 0 20
201 0 20.1
202 0 20.2
203 0 20.3
204 0 20.4
205 0 20.5
206 0 20.6
207 0 20.7
208 0 20.8
209 0 20.9
210 0 21
211 0 21.1
212 0 21.2
213 0 21.3
214 0 21.4
215 0 21.5
216 0 21.6
217 0 21.7
218 0 21.8
219 0 21.9
220 0 22
221 0 22.1
222 0 22.2
223 0 22.3
224 0 22.4
225 0 22.5
226 0 22.6
227 0 22.7
228 0 22.8
229 0 22.9
230 0 23
231 0 23.1
232 0 23.2
233 0 23.3
234 0 23.4
235 0 23.5
236 0 23.6
237 0 23.7
238 0 23.8
239 0 23.9
240 0 24
241 0 24.1
242 0 24.2
243 0 24.3
244 0 24.4
245 0 24.5
246 0 24.6
247 0 24.7
248 0 24.8
249 0 24.9
250 0 25
251 0 25.1
252 0 25.2
253 0 25.3
254 0 25.4
255 0 25.5
256 0 25.6
257 0 25.7
258 0 25.8
259 0 25.9
260 0 26
261 0 26.1
262 0 26.2
263 0 26.3
264 0 26.4
265 0 26.5
266 0 26.6
267 0 26.7
268 0 26.8
269 0 26.9
270 0 27
271 0 27.1
272 0 27.2
273 0 27.3
274 0 27.4
275 0 27.5
276 0 27.6
277 0 27.7
278 0 27.8
279 0 27.9
280 0 28
281 0 28.1
282 0 28.2
283 0 28.3
284 0 28.4
285 0 28.5
286 0 28.6
287 0 28.7
288 0 28.8
289 0 28.9
290 0 29
291 0 29.1
292 0 29.2
293 0 29.3
294 0 29.4
295 0 29.5
296 0 29.6
297 0 29.7
298 0 29.8
299 0 29.9
300 0 30
301 0 30.1
302 0 30.2
303 0 30.3
304 0 30.4
305 0 30.5
306 0 30.6
307 0 30.7
308 0 30.8
309 0 30.9
310 0 31
311 0 31.1
312 0 31.2
313 0 31.3
314 0 31.4
315 0 31.5
316 0 31.6
317 0 31.7
318 0 31.8
319 0 31.9
320 0 32
321 0 32.1
322 0 32.2
323 0 32.3
324 0 32.4
325 0 32.5
326 0 32.6
327 0 32.7
328 0 32.8
329 0 32.9
330 0 33
331 0 33.1
332 0 33.2
333 0 33.3
334 0 33.4
335 0 33.5
336 0 33.6
337 0 33.7
338 0 33.8
339 0 33.9
340 0 34
341 0 34.1
342 0 34.2
343 0 34.3
344 0 34.4
345 0 34.5
346 0 34.6
347 0 34.7
348 0 34.8
349 0 34.9
350 0 35
351 0 35.1
352 0 35.2
353 0 35.3
354 0 35.4
355 0 35.5
356 0 35.6
357 0 35.7
358 0 35.8
359 0 35.9
360 0 36
361 0 36.1
362 0 36.2
363 0 36.3
364 0 36.4
365 0 36.5
366 0 36.6
367 0 36.7
368 0 36.8
369 0 36.9
370 0 37
371 0 37.1
372 0 37.2
373 0 37.3
374 0 37.4
375 0 37.5
376 0 37.6
377 0 37.7
378 0 37.8
379 0 37.9
380 0 38
381 0 38.1
382 0 38.2
383 0 38.3
384 0 38.40000000000001
385 0 38.5
386 0 38.6
387 0 38.7
388 0 38.8
389 0 38.90000000000001
390 0 39
391 0 39.1
392 0 39.2
393 0 39.3
394 0 39.40000000000001
395 0 39.5
396 0 39.6
397 0 39.7
398 0 39.8
399 0 39.90000000000001
400 0 40
401 0 40.1
402 0 40.2
403 0 40.3
404 0 40.40000000000001
405 0 40.5
406 0 40.6
407 0 40.7
408 0 40.8
409 0 40.90000000000001
410 0 41
411 0 41.1
412 0 41.2
413 0 41.3
414 0 41.40000000000001
415 0 41.5
416 0 41.6
417 0 41.7
418 0 41.8
419 0 41.90000000000001
420 0 42
421 0 42.1
422 0 42.2
423 0 42.3
424 0 42.40000000000001
425 0 42.5
426 0 42.6
427 0 42.7
428 0 42.8
429 0 42.90000000000001
430 0 43
431 0 43.1
432 0 43.2
433 0 43.3
434 0 43.40000000000001
435 0 43.5
436 0 43.6
437 0 43.7
438 0 43.8
439 0 43.90000000000001
440 0 44
441 0 44.1
442 0 44.2
443 0 44.3
444 0 44.40000000000001
445 0 44.5
446 0 44.6
447 0 44.7
448 0 44.8
449 0 44.90000000000001
450 0 45
451 0 45.1
452 0 45.2
453 0 45.3
454 0 45.40000000000001
455 0 45.5
456 0 45.6
457 0 45.7
458 0 45.8
459 0 45.90000000000001
460 0 46
461 0 46.1
462 0 46.2
463 0 46.3
464 0 46.40000000000001
465 0 46.5
466 0 46.6
467 0 46.7
468 0 46.8
469 0 46.90000000000001
470 0 47
471 0 47.1
472 0 47.2
473 0 47.3
474 0 47.40000000000001
475 0 47.5
476 0 47.6
477 0 47.7
478 0 47.8
479 0 47.90000000000001
480 0 48
481 0 48.1
482 0 48.2
483 0 48.3
484 0 48.40000000000001
485 0 48.5
486 0 48.6
487 0 48.7
488 0 48.8
489 0 48.90000000000001
490 0 49
491 0 49.1
492 0 49.2
493 0 49.3
494 0 49.40000000000001
495 0 49.5
496 0 49.6
497 0 49.7
498 0 49.8
499 0 49.90000000000001
500 0 50
501 -0.02948563794653859 50.01
502 -0.03378784907355057 50.02
503 -0.04115346658648456 50.03
504 -0.04368546788055213 50.04
505 -0.05104361767125427 50.05
506 -0.0597589512924967 50.06
507 -0.06849653190750903 50.07
508 -0.07709581229509151 50.08
509 -0.08546674817589539 50.09
510 -0.09353729019211149 50.1
511 -0.1012528522863693 50.11
512 -0.1085406666541807 50.12
513 -0.1141103927591154 50.13
514 -0.1171842457796425 50.14
515 -0.1174968789447605 50.15
516 -0.1159901209131227 50.16
517 -0.1150658456017779 50.17
518 -0.1132766041734604 50.18
519 -0.1123244073145377 50.19
520 -0.1115600543680763 50.2
521 -0.1106314985352166 50.21
522 -0.1095084587449926 50.22
523 -0.1082011915339075 50.23
524 -0.106722776706477 50.24
525 -0.1050728010421197 50.25
526 -0.1033644817446107 50.26
527 -0.1013542386808813 50.27
528 -0.09916717983950274 50.28
529 -0.09692081478247856 50.29
530 -0.09450925182352245 50.3
531 -0.09199639345806868 50.31
532 -0.08942024364506576 50.32
533 -0.08681437907343686 50.33
534 -0.08419331557259976 50.34
535 -0.08157048946532973 50.35
536 -0.07896601751080301 50.36
537 -0.07636893094009606 50.37
538 -0.07379643818982218 50.38
539 -0.07125395459544821 50.39
540 -0.06874184938570167 50.4
541 -0.06626280628837131 50.41
542 -0.06381720823959006 50.42
543 -0.0614113830288365 50.43
544 -0.05904314688551661 50.44
545 -0.05671543082869915 50.45
546 -0.05442468878691282 50.46
547 -0.05217367367401111 50.47
548 -0.04995690383555493 50.48
549 -0.04778160386988554 50.49
550 -0.04563526589608635 50.5
551 -0.04352895163927217 50.51
552 -0.04145457668887427 50.52
553 -0.03940869356762915 50.53
554 -0.03739188961598194 50.54
555 -0.03539906303692387 50.55
556 -0.02873987293037537 50.56
557 -0.02261103912771937 50.57
558 -0.01641847028228202 50.58
559 -0.01040384592908393 50.59
560 -0.004380639245342169 50.6
561 0.0009815938767655794 50.61
562 0.00612401875656368 50.62
563 0.01229502787826497 50.63
564 0.01974490958764842 50.64
565 0.02828080514656219 50.65
566 0.03658071305066287 50.66
567 0.04475677673149919 50.67
568 0.05257643049903861 50.68
569 0.06010176531121884 50.69
570 0.0672411796283665 50.7
571 0.07427928803129831 50.71
572 0.08134326093189061 50.72
573 0.08838137025037876 50.73
574 0.09554610291371118 50.74
575 0.1026666972507715 50.75
576 0.1097958327277371 50.76
577 0.1170783652382228 50.77
578 0.1240575017610813 50.78
579 0.1304321791991535 50.79
580 0.1346699376103409 50.8
581 0.1344829806654218 50.81
582 0.1310516386969603 50.82
583 0.126212685947876 50.83
584 0.1203329814469737 50.84
585 0.1136718927315692 50.85
586 0.1064814150499021 50.86
587 0.09900021238066156 50.87
588 0.09134010581184973 50.88
589 0.08350213974127194 50.89
590 0.07539290019454382 50.9
591 0.06695729555676461 50.91
592 0.0589591516312318 50.92
593 0.05260442101361386 50.93
594 0.0464702742777571 50.94
595 0.03950166631343011 50.95
596 0.0321689458358161 50.96
597 0.0245992459077965 50.97
598 0.01684169141256183 50.98
599 0.008946552976604814 50.99
600 0.003743298727459245 51
601 -2.255943594951218e-05 51.01
602 -0.003583146073438265 51.02
603 -0.008264202529855524 51.03
604 -0.01079850449353147 51.04
605 -0.01322052926770537 51.05
606 -0.01552049379901747 51.06
607 -0.01773906684183892 51.07
608 -0.0198844009550732 51.08
609 -0.02190931746583103 51.09
610 -0.02391831756293467 51.1
611 -0.02574564345872966 51.11
612 -0.02750087075421844 51.12
613 -0.02930740869535668 51.13
614 -0.03099908479922949 51.14
615 -0.03225191780198895 51.15
616 -0.0339557229164005 51.16
617 -0.03561841180007376 51.17
618 -0.03720821640324221 51.18
619 -0.03880773381479993 51.19
620 -0.04040599611618586 51.2
621 -0.04229743434533439 51.21
622 -0.04412323486852304 51.22
623 -0.04596627458512816 51.23
624 -0.04769431518799168 51.24
625 -0.04937791833530956 51.25
626 -0.05085127080510891 51.26
627 -0.05227695110824104 51.27
628 -0.05353474557986047 51.28
629 -0.05463547725921931 51.29
630 -0.05564061319588263 51.3
631 -0.05677970594254343 51.31
632 -0.05738727358941473 51.32
633 -0.0578414279045294 51.33
634 -0.05814736771410142 51.34
635 -0.05829652622768555 51.35
636 -0.05830308961954792 51.36
637 -0.05812164581058329 51.37
638 -0.0577552150409452 51.38
639 -0.0571864529990426 51.39
640 -0.05640243685852472 51.4
641 -0.05540233157697196 51.41
642 -0.05429687051835216 51.42
643 -0.05305765481476069 51.43
644 -0.05166757185658209 51.44
645 -0.05026241537302399 51.45
646 -0.04870933250168066 51.46
647 -0.04709135506764247 51.47
648 -0.04541514289094924 51.48
649 -0.04374470561935047 51.49
650 -0.0419813998348179 51.5
651 -0.04008105530329068 51.51
652 -0.03826446162322727 51.52
653 -0.03644897821779584 51.53
654 -0.03457665524372484 51.54
655 -0.03240575446744141 51.55
656 -0.03080280285441587 51.56
657 -0.02889524473282664 51.57
658 -0.02620377162398566 51.58
659 -0.0229643288712331 51.59
660 -0.02074749457432236 51.6
661 -0.01482497492207669 51.61
662 -0.01270716695476998 51.62
663 -0.008952726562706787 51.63
664 -0.006783317510809462 51.64
665 -0.002976477064000145 51.65
666 -0.001116214767600108 51.66
667 0.001181250520300578 51.67
668 0.005154017336005915 51.68
669 0.007645371822565603 51.69
670 0.01171380843818953 51.7
671 0.01462726534721783 51.71
672 0.01831473422173893 51.72
673 0.02122041692342691 51.73
674 0.02490696342396925 51.74
675 0.02786336068849733 51.75
676 0.03160182480068396 51.76
677 0.03452932134920796 51.77
678 0.03824482947276855 51.78
679 0.04075776252605448 51.79
680 0.04286925035553769 51.8
681 0.04495666629856818 51.81
682 0.0474238969083712 51.82
683 0.05090058223652973 51.83
684 0.05295400051289296 51.84
685 0.05495832636107436 51.85
686 0.05689308718788985 51.86
687 0.05878793959908696 51.87
688 0.06061871819898068 51.88
689 0.06236253624087498 51.89
690 0.06400170123263327 51.9
691 0.06551814851192356 51.91
692 0.06684561380732061 51.92
693 0.06791666554455841 51.93
694 0.06866528359813842 51.94
695 0.06916753408856961 51.95
696 0.06917348770663781 51.96
697 0.06883148438628384 51.97
698 0.06826614267243586 51.98
699 0.06753454613237719 51.99
700 0.06665610330417629 52
701 0.06565486113301128 52.01
702 0.06452557445231559 52.02
703 0.06325930099119516 52.03
704 0.06190091032756351 52.04
705 0.06042344457020989 52.05
706 0.05882132287069471 52.06
707 0.05710470477740406 52.07
708 0.05526668491677198 52.08
709 0.05332286835712986 52.09
710 0.0512577991543534 52.1
711 0.04908295772952228 52.11
712 0.04680621456688143 52.12
713 0.04443930514747133 52.13
714 0.04195330242229547 52.14
715 0.0393835883399419 52.15
716 0.03670035519762467 52.16
717 0.03395380893116789 52.17
718 0.03111763876460566 52.18
719 0.0282112756872133 52.19
720 0.02523363206556944 52.2
721 0.02220485420975078 52.21
722 0.01912966926277845 52.22
723 0.01601943673052252 52.23
724 0.01285066946306098 52.24
725 0.009697361569304156 52.25
726 0.006514192698625832 52.26
727 0.003370119614642159 52.27
728 0.0002304646236970844 52.28
729 -0.002901345352612308 52.29
730 -0.006029696562538222 52.3
731 -0.008546357706111023 52.31
732 -0.01157143987948351 52.32
733 -0.01456449361533457 52.33
734 -0.01750759307503992 52.34
735 -0.0203640197400055 52.35
736 -0.02314598319300772 52.36
737 -0.02585135504753452 52.37
738 -0.02849534122209154 52.38
739 -0.03107577245669707 52.39
740 -0.03343009089263919 52.4
741 -0.03571952296233093 52.41
742 -0.03793387971669893 52.42
743 -0.04001840669976739 52.43
744 -0.04207674228054793 52.44
745 -0.04396022402085211 52.45
746 -0.04571865336593985 52.46
747 -0.04733295811821822 52.47
748 -0.04891871867989525 52.48
749 -0.05026158554144013 52.49
750 -0.05153256876707524 52.5
751 -0.05272376264136221 52.51
752 -0.05378343996201666 52.52
753 -0.05473807639170136 52.53
754 -0.05555870701553813 52.54
755 -0.05624867119191186 52.55
756 -0.05678260310012501 52.56
757 -0.0571925527925488 52.57
758 -0.05744148558577327 52.58
759 -0.05752563710389819 52.59
760 -0.05742367420251525 52.6
761 -0.05710759691215551 52.61
762 -0.05654376818472978 52.62
763 -0.05571776752858236 52.63
764 -0.05468075317940946 52.64
765 -0.0534924742377331 52.65
766 -0.05218116861963723 52.66
767 -0.05071926232330509 52.67
768 -0.04918785270152982 52.68
769 -0.04756216148844201 52.69
770 -0.04590021801195496 52.7
771 -0.04414485103693808 52.71
772 -0.04233514293287857 52.72
773 -0.04048098283571196 52.73
774 -0.03853713356679828 52.74
775 -0.03625023868554147 52.75
776 -0.03467742711062397 52.76
777 -0.03266444210634276 52.77
778 -0.03033200256882264 52.78
779 -0.02801868100074573 52.79
780 -0.02605087450320501 52.8
781 -0.02187362054465382 52.81
782 -0.0158842533771984 52.82
783 -0.009476239598160283 52.83
784 -0.007365534225133361 52.84
785 -0.004098211518434815 52.85
786 6.410911888605846e-05 52.86
787 0.002726704420912374 52.87
788 0.006185802907062769 52.88
789 0.01093043724020218 52.89
790 0.01487792123778282 52.9
791 0.01769240850183314 52.91
792 0.0216258819812148 52.92
793 0.02595956456479945 52.93
794 0.03067946417140369 52.94
795 0.03503656504647271 52.95
796 0.03893645672223955 52.96
797 0.04278230910246743 52.97
798 0.04694323037625804 52.98
799 0.04962991288780726 52.99
800 0.05293134982121467 53
801 0.0554877876306944 53.01
802 0.05859932040854948 53.02
803 0.06098073011026671 53.03
804 0.06386225478033516 53.04
805 0.06573957478581852 53.05
806 0.06723866217770735 53.06
807 0.0685751364819978 53.07
808 0.06967141680309209 53.08
809 0.07041252956697563 53.09
810 0.07073328372322292 53.1
811 0.07063079854226501 53.11
812 0.07017714444495407 53.12
813 0.06952303005616614 53.13
814 0.06881911247801456 53.14
815 0.06786181606650467 53.15
816 0.06676862372045769 53.16
817 0.06536023268482705 53.17
818 0.06422568880663573 53.18
819 0.06253084494897128 53.19
820 0.06095967941480818 53.2
821 0.05927703836516288 53.21
822 0.05748441209258284 53.22
823 0.05558152011899772 53.23
824 0.05358682545779965 53.24
825 0.05148437397045427 53.25
826 0.04927153012797468 53.26
827 0.04696015530843403 53.27
828 0.04455783594389973 53.28
829 0.04205152563534138 53.29
830 0.03946676872039429 53.3
831 0.03679723023269851 53.31
832 0.03404785701774383 53.32
833 0.03122179294685974 53.33
834 0.02833554221739281 53.34
835 0.02538079452371273 53.35
836 0.02237314058014618 53.36
837 0.0193398049961344 53.37
838 0.01627166168242506 53.38
839 0.01316613536279279 53.39
840 0.01057399677222045 53.4
841 0.007457529872837938 53.41
842 0.004331512860348339 53.42
843 0.001219630353793731 53.43
844 -0.001886506833405356 53.44
845 -0.00497942458371803 53.45
846 -0.008053278324865167 53.46
847 -0.01108166406728449 53.47
848 -0.01406375516392233 53.48
849 -0.01699000002116743 53.49
850 -0.01988760798658085 53.5
851 -0.02267183077201505 53.51
852 -0.025400687334093 53.52
853 -0.02804288345779225 53.53
854 -0.03063818140491817 53.54
855 -0.03308626265230563 53.55
856 -0.03543323721493144 53.56
857 -0.03767250111446946 53.57
858 -0.03982875243855749 53.58
859 -0.04186906638738062 53.59
860 -0.04378762426722942 53.6
861 -0.04560584020498686 53.61
862 -0.04733966542826485 53.62
863 -0.04894046318496573 53.63
864 -0.0503677524828462 53.64
865 -0.05167109489178066 53.65
866 -0.05286223639374594 53.66
867 -0.05398716469534195 53.67
868 -0.05493233765650404 53.68
869 -0.05575200178639138 53.69
870 -0.05643868431482616 53.7
871 -0.05698434435501956 53.71
872 -0.05739946087164201 53.72
873 -0.05761605860732424 53.73
874 -0.05764472552300539 53.74
875 -0.05745301250991979 53.75
876 -0.05699919530389595 53.76
877 -0.05625487456101639 53.77
878 -0.05522977612931546 53.78
879 -0.05404364037387407 53.79
880 -0.05271523745975706 53.8
881 -0.05128878288440284 53.81
882 -0.04975340501934004 53.82
883 -0.04807327969202209 53.83
884 -0.04638355166303416 53.84
885 -0.04461925443802804 53.85
886 -0.04275971933361576 53.86
887 -0.04086534913957827 53.87
888 -0.03893261852584343 53.88
889 -0.03696729560540676 53.89
890 -0.03496139629501337 53.9
891 -0.03262148068618766 53.91
892 -0.03027872462379502 53.92
893 -0.02654767033217879 53.93
894 -0.02422205415481036 53.94
895 -0.02045318456927985 53.95
896 -0.01621314024729129 53.96
897 -0.009038578957876745 53.97
898 -0.005289115777458043 53.98
899 -0.001105906118635267 53.99
900 0.006152361928226128 54
901 0.01353648358876242 54.01
902 0.02093018180670089 54.02
903 0.02832323352199186 54.03
904 0.03408449412833467 54.04
905 0.04007958049241221 54.05
906 0.04448896920644652 54.06
907 0.04807803063314827 54.07
908 0.05156070444521044 54.08
909 0.0552966949307404 54.09
910 0.05960389439384767 54.1
911 0.06474539434269112 54.11
912 0.06793393362288849 54.12
913 0.0701148731993359 54.13
914 0.07268077004888665 54.14
915 0.07450918451691158 54.15
916 0.07644044480053368 54.16
917 0.07728497293788782 54.17
918 0.07749553231679487 54.18
919 0.07709526675897629 54.19
920 0.07639406380448796 54.2
921 0.07560550183080385 54.21
922 0.07467149248185398 54.22
923 0.07359972802884195 54.23
924 0.07238828541331052 54.24
925 0.07105814349188733 54.25
926 0.06960177897704879 54.26
927 0.06802129465780528 54.27
928 0.06631516359189202 54.28
929 0.06449234466041703 54.29
930 0.06255646596050046 54.3
931 0.06050618948637844 54.31
932 0.05834607817779212 54.32
933 0.0564382422858128 54.33
934 0.05407521144169662 54.34
935 0.05161139892277691 54.35
936 0.04905268849602412 54.36
937 0.04639627682259036 54.37
938 0.04365540743328901 54.38
939 0.04083254412471515 54.39
940 0.03793127510805481 54.4
941 0.03495407236169094 54.41
942 0.03191724607806137 54.42
943 0.0288192899646744 54.43
944 0.02567590795432864 54.44
945 0.02248492693328404 54.45
946 0.01925940684507601 54.46
947 0.01600915263519623 54.47
948 0.01272953347847677 54.48
949 0.00944564796711253 54.49
950 0.006152069812860481 54.5
951 0.002847739573316042 54.51
952 -0.0004399875572228267 54.52
953 -0.003723203521398987 54.53
954 -0.006983962311122788 54.54
955 -0.01021217044398005 54.55
956 -0.01340214811426498 54.56
957 -0.01653674926809291 54.57
958 -0.01963770033387989 54.58
959 -0.02265403932767417 54.59
960 -0.02561827145469939 54.6
961 -0.02848903558719022 54.61
962 -0.03129921652641973 54.62
963 -0.03397120101001866 54.63
964 -0.03656252558767042 54.64
965 -0.03906194658921032 54.65
966 -0.04147511071134857 54.66
967 -0.04375456674206708 54.67
968 -0.04591547750402507 54.68
969 -0.04796519119938395 54.69
970 -0.04988547061858124 54.7
971 -0.05170540094866257 54.71
972 -0.05334948145628361 54.72
973 -0.05489463474938026 54.73
974 -0.05629875624384187 54.74
975 -0.05757817824120117 54.75
976 -0.05873548925414671 54.76
977 -0.05977992787853073 54.77
978 -0.06064270081472549 54.78
979 -0.06136189295444736 54.79
980 -0.06193418086430133 54.8
981 -0.06233223044590654 54.81
982 -0.06256023194845409 54.82
983 -0.06256309558941021 54.83
984 -0.06232054500198334 54.84
985 -0.06178746509357477 54.85
986 -0.06091221956989402 54.86
987 -0.0597889516936802 54.87
988 -0.05846715022421622 54.88
989 -0.0570215988375887 54.89
990 -0.05545120764753587 54.9
991 -0.05374694855026141 54.91
992 -0.0519947509494877 54.92
993 -0.05015214220270396 54.93
994 -0.04797167011956371 54.94
995 -0.04600352443740055 54.95
996 -0.04399599033194668 54.96
997 -0.04196285428037586 54.97
998 -0.03957724008510216 54.98
999 -0.03619817799788457 54.99
1000 -0.03378496731934952 55
1001 -0.02997577530356648 55.01
1002 -0.02545708237876572 55.02
1003 -0.018402329526533 55.03
1004 -0.01121521927570285 55.04
1005 -0.004072021484922713 55.05
1006 0.003142141260967748 55.06
1007 0.01038765914260984 55.07
1008 0.0175992948028937 55.08
1009 0.02481473803176857 55.09
1010 0.0319605027384151 55.1
1011 0.03901555231004923 55.11
1012 0.0459367171756344 55.12
1013 0.05270940727441779 55.13
1014 0.05932632838919812 55.14
1015 0.06573727241280272 55.15
1016 0.07032415119037613 55.16
1017 0.07288481994165301 55.17
1018 0.07525241721032699 55.18
1019 0.07766426267103656 55.19
1020 0.07976736016726271 55.2
1021 0.08123355211354985 55.21
1022 0.08188492719997997 55.22
1023 0.08178374915871113 55.23
1024 0.08113536416936568 55.24
1025 0.07996404589172013 55.25
1026 0.07872485717863241 55.26
1027 0.07744476648062264 55.27
1028 0.07542445227232275 55.28
1029 0.07379666614589375 55.29
1030 0.07226788593019881 55.3
1031 0.07062933461810629 55.31
1032 0.06887716954962031 55.32
1033 0.0670275535977418 55.33
1034 0.06506370007768592 55.34
1035 0.06298275740058967 55.35
1036 0.0607981851884344 55.36
1037 0.05850510591613471 55.37
1038 0.05610464176261973 55.38
1039 0.05359827522806613 55.39
1040 0.05099888190540288 55.4
1041 0.04830481467869436 55.41
1042 0.04552431771605339 55.42
1043 0.04266101966202009 55.43
1044 0.0397227839808215 55.44
1045 0.03671109441606864 55.45
1046 0.03413376416866423 55.46
1047 0.0310215886767981 55.47
1048 0.02785272812923081 55.48
1049 0.0246359905464594 55.49
1050 0.02138208410665805 55.5
1051 0.01809935726880526 55.51
1052 0.01478618197510989 55.52
1053 0.01145741646178189 55.53
1054 0.008114379253100565 55.54
1055 0.004762927603428972 55.55
1056 0.001401626314106206 55.56
1057 -0.001941644788562736 55.57
1058 -0.005278059866159246 55.58
1059 -0.00859093819070916 55.59
1060 -0.0118620842416435 55.6
1061 -0.0151066734696626 55.61
1062 -0.01829592864842928 55.62
1063 -0.02144478944435861 55.63
1064 -0.02451189510419807 55.64
1065 -0.02752032597080668 55.65
1066 -0.03045022490991786 55.66
1067 -0.0332840455622186 55.67
1068 -0.0360328214760941 55.68
1069 -0.03868219782165772 55.69
1070 -0.04126536324879652 55.7
1071 -0.04370767875950282 55.71
1072 -0.04604030499575467 55.72
1073 -0.04825747863387784 55.73
1074 -0.05034260629052745 55.74
1075 -0.05231085192919276 55.75
1076 -0.05416690441854835 55.76
1077 -0.05589303399024063 55.77
1078 -0.05747054739573441 55.78
1079 -0.05892596444809463 55.79
1080 -0.06023730768620814 55.8
1081 -0.06141252159113726 55.81
1082 -0.06246854268230191 55.82
1083 -0.0633460024555829 55.83
1084 -0.06406866404143555 55.84
1085 -0.06463843704885544 55.85
1086 -0.06502671122004211 55.86
1087 -0.06521180230292099 55.87
1088 -0.06517340266967159 55.88
1089 -0.06486200826122702 55.89
1090 -0.0642239038022438 55.9
1091 -0.06321164033157921 55.91
1092 -0.0619596759699811 55.92
1093 -0.06056086025308943 55.93
1094 -0.05901710859003291 55.94
1095 -0.05732366584456161 55.95
1096 -0.05556149840557317 55.96
1097 -0.05370604707375211 55.97
1098 -0.05177383592709597 55.98
1099 -0.04949941515367026 55.99
1100 -0.04717674510750555 56
1101 -0.0439486272341799 56.01
1102 -0.04159091740409855 56.02
1103 -0.03919194362674989 56.03
1104 -0.03510703375130962 56.04
1105 -0.02821140260376035 56.05
1106 -0.02130075721010282 56.06
1107 -0.01433772018866148 56.07
1108 -0.007318892129757437 56.08
1109 -0.0002586344183192271 56.09
1110 0.006786341892285289 56.1
1111 0.01383203072512238 56.11
1112 0.02084728177905239 56.12
1113 0.02782039528397474 56.13
1114 0.03469705508691795 56.14
1115 0.04144943424629505 56.15
1116 0.0480531983014946 56.16
1117 0.05448347111287564 56.17
1118 0.06070207540120131 56.18
1119 0.06666150709273189 56.19
1120 0.07229780609545931 56.2
1121 0.07753605188087766 56.21
1122 0.08225162419990009 56.22
1123 0.08622549019118125 56.23
1124 0.0876725589219018 56.24
1125 0.08776539421496735 56.25
1126 0.08688619917156934 56.26
1127 0.08542984568113704 56.27
1128 0.08369330139289394 56.28
1129 0.08198422969699222 56.29
1130 0.07983766853717761 56.3
1131 0.07742383990010607 56.31
1132 0.07449529319805337 56.32
1133 0.072139202935341 56.33
1134 0.06901606280745418 56.34
1135 0.06632306804440199 56.35
1136 0.06279338295946554 56.36
1137 0.06013996936784664 56.37
1138 0.05738452089391737 56.38
1139 0.05452727989388266 56.39
1140 0.05075339474923979 56.4
1141 0.0476755477870025 56.41
1142 0.04495004668117851 56.42
1143 0.04216362543298835 56.43
1144 0.03931879535376266 56.44
1145 0.03594750906440435 56.45
1146 0.03298097540959873 56.46
1147 0.02997157325055853 56.47
1148 0.02691796901466575 56.48
1149 0.0238206722662139 56.49
1150 0.02069230566361926 56.5
1151 0.01753239514734186 56.51
1152 0.01434954630124965 56.52
1153 0.01115001366713068 56.53
1154 0.007936823298093736 56.54
1155 0.004715392898988642 56.55
1156 0.001492322679094105 56.56
1157 -0.001717975011241901 56.57
1158 -0.004923686027646606 56.58
1159 -0.008102986814429811 56.59
1160 -0.0112433536554556 56.6
1161 -0.01381008941520728 56.61
1162 -0.01687630957910929 56.62
1163 -0.01989743589102817 56.63
1164 -0.0228575352996425 56.64
1165 -0.02576589014990357 56.65
1166 -0.02860455343260737 56.66
1167 -0.03136458942175989 56.67
1168 -0.03403746342276752 56.68
1169 -0.03662693189363258 56.69
1170 -0.0391363374122603 56.7
1171 -0.04154353986369282 56.71
1172 -0.04385338335527159 56.72
1173 -0.04604946256253012 56.73
1174 -0.0481202308995535 56.74
1175 -0.05007849968052838 56.75
1176 -0.05192442935565696 56.76
1177 -0.05364772609086848 56.77
1178 -0.05524675774792673 56.78
1179 -0.05673826639431994 56.79
1180 -0.05806305577582484 56.8
1181 -0.05925043965052183 56.81
1182 -0.06030071185102519 56.82
1183 -0.06120524549319252 56.83
1184 -0.06195655563287913 56.84
1185 -0.0625394728229228 56.85
1186 -0.06294236262909651 56.86
1187 -0.06314782815105748 56.87
1188 -0.06312018733758715 56.88
1189 -0.06277608829973635 56.89
1190 -0.06207603544679743 56.9
1191 -0.06102651494692646 56.91
1192 -0.05975455062491008 56.92
1193 -0.0583327043459954 56.93
1194 -0.05677985850785781 56.94
1195 -0.05511381955481012 56.95
1196 -0.05334935325120128 56.96
1197 -0.05148910570619485 56.97
1198 -0.04933167756883119 56.98
1199 -0.04710126005508947 56.99
1200 -0.04397827668784991 57
1201 -0.04139997375795903 57.01
1202 -0.0378463346231761 57.02
1203 -0.03393514027750792 57.03
1204 -0.02730262932348492 57.04
1205 -0.02062616052925646 57.05
1206 -0.01389068025952617 57.06
1207 -0.00715010451868936 57.07
1208 -0.0003276890372176959 57.08
1209 0.00644989717877249 57.09
1210 0.01316906703111682 57.1
1211 0.01987029589014986 57.11
1212 0.02650777958976086 57.12
1213 0.03302994952798805 57.13
1214 0.03941371129648621 57.14
1215 0.04562517154771287 57.15
1216 0.05163981780176032 57.16
1217 0.05740543031764866 57.17
1218 0.0628730004552738 57.18
1219 0.06797153468420913 57.19
1220 0.07259948478057249 57.2
1221 0.07661093446637732 57.21
1222 0.07967951933948357 57.22
1223 0.08078484882228995 57.23
1224 0.079783126217486 57.24
1225 0.07773884905950985 57.25
1226 0.07489282786627603 57.26
1227 0.07134393583380641 57.27
1228 0.06716764445000183 57.28
1229 0.06242094734451422 57.29
1230 0.05717513654467522 57.3
1231 0.05148180934106199 57.31
1232 0.04540803635648792 57.32
1233 0.04028085775395591 57.33
1234 0.03627947244256687 57.34
1235 0.03218007339376944 57.35
1236 0.02798120666524968 57.36
1237 0.02154418095428213 57.37
1238 0.0152945818666748 57.38
1239 0.0108115253392314 57.39
1240 0.006319919610095447 57.4
1241 0.002209093243364418 57.41
1242 -0.000748555261210402 57.42
1243 -0.004435349244087198 57.43
1244 -0.007330406739669058 57.44
1245 -0.0109385758289415 57.45
1246 -0.01338487017659151 57.46
1247 -0.01577595801925338 57.47
1248 -0.01811970724191232 57.48
1249 -0.02111906393732332 57.49
1250 -0.02335026558910363 57.5
1251 -0.02551758427869865 57.51
1252 -0.02758909411869395 57.52
1253 -0.0292562668890791 57.53
1254 -0.03084237509012239 57.54
1255 -0.03235396166727122 57.55
1256 -0.03379161382200569 57.56
1257 -0.03514270771402771 57.57
1258 -0.03640971245494137 57.58
1259 -0.03756808077398475 57.59
1260 -0.03862795204457363 57.6
1261 -0.03958327452122057 57.61
1262 -0.04042697426576233 57.62
1263 -0.04115071155152057 57.63
1264 -0.04174022092857922 57.64
1265 -0.0421940121843197 57.65
1266 -0.04245990179212412 57.66
1267 -0.04251303549444145 57.67
1268 -0.04230255600565704 57.68
1269 -0.04177398539324663 57.69
1270 -0.04097735765931219 57.7
1271 -0.04001170741445167 57.71
1272 -0.03892950175955415 57.72
1273 -0.03745514013491522 57.73
1274 -0.03620959994817557 57.74
1275 -0.03471156966310235 57.75
1276 -0.03313175897337166 57.76
1277 -0.03148651483733406 57.77
1278 -0.02977857947086494 57.78
1279 -0.02801080651796369 57.79
1280 -0.02620759239758609 57.8
1281 -0.0241139985180906 57.81
1282 -0.02170231081352789 57.82
1283 -0.01928395263058546 57.83
1284 -0.01381321897523323 57.84
1285 -0.008282995341992339 57.85
1286 -0.002724437986542252 57.86
1287 0.002783089263230359 57.87
1288 0.008198151063168305 57.88
1289 0.01356183282758345 57.89
1290 0.01883470570214754 57.9
1291 0.02398091687996508 57.91
1292 0.02895654611288662 57.92
1293 0.03373622064171321 57.93
1294 0.0382724791479478 57.94
1295 0.04250498928902137 57.95
1296 0.0463618251296029 57.96
1297 0.04974717582336603 57.97
1298 0.05248887296229943 57.98
1299 0.05416857329742254 57.99
1300 0.05406882322435873 58
1301 0.05273221345240334 58.01
1302 0.05064476404169617 58.02
1303 0.04794791154898166 58.03
1304 0.04473029874509631 58.04
1305 0.0410558174777421 58.05
1306 0.03698797511724988 58.06
1307 0.03258726073121937 58.07
1308 0.02791489562885391 58.08
1309 0.0230271784293003 58.09
1310 0.0179710464358065 58.1
1311 0.01280054715253514 58.11
1312 0.007556421995099673 58.12
1313 0.002291620159305775 58.13
1314 -0.002958210044186242 58.14
1315 -0.008139457880474467 58.15
1316 -0.01319994153763729 58.16
1317 -0.01808611492463208 58.17
1318 -0.02078242823997936 58.18
1319 -0.02284551755355716 58.19
1320 -0.02455996048424065 58.2
1321 -0.02617478779012411 58.21
1322 -0.02726211671296956 58.22
1323 -0.02825976182107777 58.23
1324 -0.02915276207198827 58.24
1325 -0.02993944286426749 58.25
1326 -0.03046481401386932 58.26
1327 -0.03109653979944437 58.27
1328 -0.03144859019905342 58.28
1329 -0.03157930000106204 58.29
1330 -0.0314164423748327 58.3
1331 -0.03098408196367159 58.31
1332 -0.03032577129432413 58.32
1333 -0.02952638809763817 58.33
1334 -0.02852430690536493 58.34
1335 -0.02755364422709865 58.35
1336 -0.026517320792395 58.36
1337 -0.02542255695954799 58.37
1338 -0.02410458550825827 58.38
1339 -0.0227322758607846 58.39
1340 -0.02110550648391857 58.4
1341 -0.0194422610976152 58.41
1342 -0.01773834368990877 58.42
1343 -0.01577349858518944 58.43
1344 -0.01290459501935273 58.44
1345 -0.008414816635420649 58.45
1346 -0.005045491707378388 58.46
1347 -0.0005675177385431364 58.47
1348 0.003880503161192398 58.48
1349 0.008248390726586927 58.49
1350 0.01253538545946486 58.5
1351 0.0166977903810865 58.51
1352 0.02071165772947475 58.52
1353 0.02452312886422721 58.53
1354 0.02809412568716677 58.54
1355 0.03136616904484692 58.55
1356 0.03426241614168177 58.56
1357 0.03665657472511315 58.57
1358 0.03831786453816 58.58
1359 0.03879265991939271 58.59
1360 0.03801742267276547 58.6
1361 0.03650578537935032 58.61
1362 0.03443591297185294 58.62
1363 0.031906586489351 58.63
1364 0.02898943122496006 58.64
1365 0.02575451831304161 58.65
1366 0.02225770033791442 58.66
1367 0.0185533905173951 58.67
1368 0.01468979144288012 58.68
1369 0.01072184349027325 58.69
1370 0.006682213803355966 58.7
1371 0.002627295829473994 58.71
1372 -0.001409727083497719 58.72
1373 -0.005385225100779378 58.73
1374 -0.009254863994357952 58.74
1375 -0.01299877047720012 58.75
1376 -0.01655596927926532 58.76
1377 -0.01826547567578907 58.77
1378 -0.01949119892841571 58.78
1379 -0.0206080526614182 58.79
1380 -0.02147168633596366 58.8
1381 -0.02222342968024684 58.81
1382 -0.0227383246303163 58.82
1383 -0.0231126506281162 58.83
1384 -0.02325469297684811 58.84
1385 -0.02321642268622559 58.85
1386 -0.02297368192079232 58.86
1387 -0.0225042103511456 58.87
1388 -0.02186692374830147 58.88
1389 -0.02111010522694961 58.89
1390 -0.02026086068576046 58.9
1391 -0.01933415243051834 58.91
1392 -0.01834224830493893 58.92
1393 -0.01742329152634484 58.93
1394 -0.01631556741166435 58.94
1395 -0.01530685794604776 58.95
1396 -0.01409404415551345 58.96
1397 -0.0130316011247273 58.97
1398 -0.0117655813796293 58.98
1399 -0.01045690478894447 58.99
1400 -0.009147287267681374 59
1401 -0.007256057573268891 59.01
1402 -0.003399128272878119 59.02
1403 0.0004689084142480548 59.03
1404 0.004257690359269439 59.04
1405 0.007971577617068683 59.05
1406 0.01157724628544519 59.06
1407 0.01504240941916275 59.07
1408 0.01834120910558552 59.08
1409 0.02142441374518304 59.09
1410 0.02424013418626923 59.1
1411 0.02671049074258592 59.11
1412 0.02872584112441673 59.12
1413 0.03008988174836055 59.13
1414 0.03048405644097551 59.14
1415 0.02983070152879378 59.15
1416 0.0285168558887491 59.16
1417 0.02671568327463864 59.17
1418 0.02451879065108439 59.18
1419 0.02199719336687924 59.19
1420 0.01921077986342186 59.2
1421 0.01621728718012742 59.21
1422 0.01306416633369417 59.22
1423 0.009805395286421405 59.23
1424 0.006473516057350638 59.24
1425 0.003122359992416747 59.25
1426 -0.0002135977750035503 59.26
1427 -0.003497480279605836 59.27
1428 -0.006701788081053975 59.28
1429 -0.00978025453016043 59.29
1430 -0.0126961008938685 59.3
1431 -0.01541181911463989 59.31
1432 -0.01787466092429043 59.32
1433 -0.02002837405877088 59.33
1434 -0.02089333137545151 59.34
1435 -0.02126012979164343 59.35
1436 -0.02142057367981322 59.36
1437 -0.02134204977804644 59.37
1438 -0.02099939093086985 59.38
1439 -0.02046219673403093 59.39
1440 -0.01978517548527488 59.4
1441 -0.01900902794873678 59.41
1442 -0.01814919635673853 59.42
1443 -0.01720387595136774 59.43
1444 -0.0160944537848665 59.44
1445 -0.01478355474960456 59.45
1446 -0.01310833020678468 59.46
1447 -0.01123553944522472 59.47
1448 -0.00803903273059535 59.48
1449 -0.004785843706982484 59.49
1450 -0.001538212757567724 59.5
1451 0.001680549309015976 59.51
1452 0.004838032180501358 59.52
1453 0.007905007053982551 59.53
1454 0.01086051653666131 59.54
1455 0.01366831098585039 59.55
1456 0.01627207123554482 59.56
1457 0.01863400243665209 59.57
1458 0.02068366432303042 59.58
1459 0.02232131252850973 59.59
1460 0.02339443879964214 59.6
1461 0.02368923524681126 59.61
1462 0.02315437473754757 59.62
1463 0.02205582939587127 59.63
1464 0.02053155031343165 59.64
1465 0.01866498906838548 59.65
1466 0.01652442597312383 59.66
1467 0.01416488476138409 59.67
1468 0.01162462045308718 59.68
1469 0.008983066478607912 59.69
1470 0.006264689849531861 59.7
1471 0.003505074649571013 59.71
1472 0.0007464165353293431 59.72
1473 -0.001975399238441939 59.73
1474 -0.004629809235516818 59.74
1475 -0.007172736252118272 59.75
1476 -0.009571711107973222 59.76
1477 -0.01178766160045441 59.77
1478 -0.01377319800487731 59.78
1479 -0.01548160447725947 59.79
1480 -0.0162137756021643 59.8
1481 -0.01657350062696708 59.81
1482 -0.01665138634087132 59.82
1483 -0.01647313872627428 59.83
1484 -0.01610072339147257 59.84
1485 -0.0155912445753567 59.85
1486 -0.01491101132184013 59.86
1487 -0.01398594822493119 59.87
1488 -0.01268488299242512 59.88
1489 -0.01158561747114982 59.89
1490 -0.009966674199994755 59.9
1491 -0.007565493045271285 59.91
1492 -0.005089112059820562 59.92
1493 -0.00258407189396225 59.93
1494 -8.832304651138281e-05 59.94
1495 0.002368651103135413 59.95
1496 0.004763729071571184 59.96
1497 0.007055272455089843 59.97
1498 0.009220027612737993 59.98
1499 0.0112107052182493 59.99
1500 0.01298571426695629 60
